[2016.03.22-04.27.06:118][  0]Log file open, 03/22/16 04:27:06
[2016.03.22-04.27.06:118][  0]LogInit:Display: Running engine for game: VRGameDatabase
[2016.03.22-04.27.06:118][  0]LogPlatformFile: Not using cached read wrapper
[2016.03.22-04.27.06:118][  0]LogInit:Display: RandInit(-1842710044) SRandInit(-1842710039).
[2016.03.22-04.27.06:118][  0]LogTaskGraph: Started task graph with 4 named threads and 5 total threads.
[2016.03.22-04.27.06:118][  0]LogStats: Stats thread started at 0.075830
[2016.03.22-04.27.06:118][  0]LogInit: Version: 4.10.4-2872498+++depot+UE4-Releases+4.10
[2016.03.22-04.27.06:118][  0]LogInit: API Version: 2758231
[2016.03.22-04.27.06:118][  0]LogInit: Compiled (64-bit): Feb 18 2016 15:47:04
[2016.03.22-04.27.06:118][  0]LogInit: Compiled with Visual C++: 19.00.23026.00
[2016.03.22-04.27.06:118][  0]LogInit: Build Configuration: Development
[2016.03.22-04.27.06:118][  0]LogInit: Branch Name: ++depot+UE4-Releases+4.10
[2016.03.22-04.27.06:118][  0]LogInit: Command line:  
[2016.03.22-04.27.06:118][  0]LogInit: Base directory: C:/Program Files (x86)/Epic Games/4.10/Engine/Binaries/Win64/
[2016.03.22-04.27.06:118][  0]LogInit: Rocket: 1
[2016.03.22-04.27.06:131][  0]LogInit: Using libcurl 7.41.0
[2016.03.22-04.27.06:132][  0]LogInit:  - built for x86_64-pc-win32
[2016.03.22-04.27.06:132][  0]LogInit:  - supports SSL with WinSSL
[2016.03.22-04.27.06:132][  0]LogInit:  - other features:
[2016.03.22-04.27.06:132][  0]LogInit:      CURL_VERSION_SSL
[2016.03.22-04.27.06:132][  0]LogInit:      CURL_VERSION_IPV6
[2016.03.22-04.27.06:132][  0]LogInit:      CURL_VERSION_ASYNCHDNS
[2016.03.22-04.27.06:132][  0]LogInit:      CURL_VERSION_LARGEFILE
[2016.03.22-04.27.06:132][  0]LogInit:      CURL_VERSION_IDN
[2016.03.22-04.27.06:132][  0]LogInit:  CurlRequestOptions (configurable via config and command line):
[2016.03.22-04.27.06:132][  0]LogInit:  - bVerifyPeer = true  - Libcurl will verify peer certificate
[2016.03.22-04.27.06:132][  0]LogInit:  - bUseHttpProxy = false  - Libcurl will NOT use HTTP proxy
[2016.03.22-04.27.06:132][  0]LogInit:  - bDontReuseConnections = false  - Libcurl will reuse connections
[2016.03.22-04.27.06:132][  0]LogInit:  - CertBundlePath = nullptr  - Libcurl will use whatever was configured at build time.
[2016.03.22-04.27.06:149][  0]LogInit: Presizing for 0 objects not considered by GC, pre-allocating 0 bytes.
[2016.03.22-04.27.06:157][  0]LogInit: Object subsystem initialized
[2016.03.22-04.27.06:158][  0]LogInit: Selected Device Profile: [Windows]
[2016.03.22-04.27.06:158][  0]LogInit: Applying CVar settings loaded from the selected device profile: [Windows]
[2016.03.22-04.27.06:167][  0]LogInit: Computer: ZAIN-PC
[2016.03.22-04.27.06:167][  0]LogInit: User: Zain
[2016.03.22-04.27.06:167][  0]LogInit: CPU Page size=4096, Cores=2
[2016.03.22-04.27.06:167][  0]LogInit: High frequency timer resolution =4.023994 MHz
[2016.03.22-04.27.06:167][  0]LogMemory: Memory total: Physical=7.9GB (8GB approx)
[2016.03.22-04.27.06:167][  0]LogMemory: Platform Memory Stats for Windows
[2016.03.22-04.27.06:167][  0]LogMemory: Process Physical Memory: 55.89 MB used, 55.89 MB peak
[2016.03.22-04.27.06:167][  0]LogMemory: Process Virtual Memory: 59.49 MB used, 59.49 MB peak
[2016.03.22-04.27.06:167][  0]LogMemory: Physical Memory: 3984.22 MB used, 8128.26 MB total
[2016.03.22-04.27.06:167][  0]LogMemory: Virtual Memory: 352.88 MB used, 8388608.00 MB total
[2016.03.22-04.27.06:236][  0]LogTextLocalizationManager: No specific translations for ('en-GB') exist, so ('en') translations will be used.
[2016.03.22-04.27.06:777][  0]LogD3D11RHI: Found D3D11 adapter 0: AMD Radeon (TM) R9 380 Series (Feature Level 11_0)
[2016.03.22-04.27.06:777][  0]LogD3D11RHI: Adapter has 4072MB of dedicated video memory, 0MB of dedicated system memory, and 3808MB of shared system memory, 1 output[s]
[2016.03.22-04.27.06:777][  0]LogD3D11RHI: Chosen D3D11 Adapter Id = 0
[2016.03.22-04.27.06:785][  0]LogD3D11RHI: !Direct3DDevice
[2016.03.22-04.27.06:785][  0]LogRHI: Texture pool is 1361 MB (70% of 1945 MB)
[2016.03.22-04.27.06:796][  0]LogD3D11RHI: Async texture creation disabled: no driver support
[2016.03.22-04.27.06:806][  0]LogShaderCompilers: Guid format shader working directory is -15 characters bigger than the processId version (../../../../../../Users/Zain/Documents/GitHub/VRGameDatabase/Intermediate/Shaders/WorkingDirectory/5824/).
[2016.03.22-04.27.06:807][  0]LogShaderCompilers: Cleaned the shader compiler working directory 'C:/Users/Zain/AppData/Local/Temp/UnrealShaderWorkingDir/2279D19441BFAE510BC33AA7E804A25A/'.
[2016.03.22-04.27.06:807][  0]LogShaderCompilers:Display: Using Local Shader Compiler.
[2016.03.22-04.27.07:950][  0]LogTemp:Display: Loaded TP AllDesktopTargetPlatform
[2016.03.22-04.27.07:958][  0]LogTemp:Display: Loaded TP WindowsClientTargetPlatform
[2016.03.22-04.27.07:966][  0]LogTemp:Display: Loaded TP WindowsNoEditorTargetPlatform
[2016.03.22-04.27.07:974][  0]LogTemp:Display: Loaded TP WindowsServerTargetPlatform
[2016.03.22-04.27.07:983][  0]LogTemp:Display: Loaded TP WindowsTargetPlatform
[2016.03.22-04.27.07:989][  0]LogTemp:Display: Loaded TP AndroidTargetPlatform
[2016.03.22-04.27.07:995][  0]LogTemp:Display: Loaded TP Android_ASTCTargetPlatform
[2016.03.22-04.27.08:002][  0]LogTemp:Display: Loaded TP Android_ATCTargetPlatform
[2016.03.22-04.27.08:008][  0]LogTemp:Display: Loaded TP Android_DXTTargetPlatform
[2016.03.22-04.27.08:015][  0]LogTemp:Display: Loaded TP Android_ETC1TargetPlatform
[2016.03.22-04.27.08:021][  0]LogTemp:Display: Loaded TP Android_ETC2TargetPlatform
[2016.03.22-04.27.08:035][  0]LogTemp:Display: Loaded TP Android_MultiTargetPlatform
[2016.03.22-04.27.08:035][  0]LogTemp:Display: Loaded TP Android_PVRTCTargetPlatform
[2016.03.22-04.27.08:037][  0]LogTemp:Display: Loaded TP HTML5TargetPlatform
[2016.03.22-04.27.08:061][  0]LogTemp:Display: Loaded TP IOSTargetPlatform
[2016.03.22-04.27.08:067][  0]LogTemp:Display: Loaded TP LinuxNoEditorTargetPlatform
[2016.03.22-04.27.08:072][  0]LogTemp:Display: Loaded TP LinuxServerTargetPlatform
[2016.03.22-04.27.08:079][  0]LogTemp:Display: Loaded TP LinuxTargetPlatform
[2016.03.22-04.27.08:079][  0]LogTargetPlatformManager:Display: Building Assets For Windows
[2016.03.22-04.27.08:217][  0]LogDerivedDataCache:Display: Max Cache Size: 512 MB
[2016.03.22-04.27.08:295][  0]LogDerivedDataCache: Loaded boot cache 0.08s 41MB C:/Users/Zain/AppData/Local/UnrealEngine/4.10/DerivedDataCache/Boot.ddc.
[2016.03.22-04.27.08:295][  0]LogDerivedDataCache:Display: Loaded Boot cache: C:/Users/Zain/AppData/Local/UnrealEngine/4.10/DerivedDataCache/Boot.ddc
[2016.03.22-04.27.08:295][  0]LogDerivedDataCache: FDerivedDataBackendGraph:  Pak pak cache file ../../../../../../Users/Zain/Documents/GitHub/VRGameDatabase/DerivedDataCache/DDC.ddp not found, will not use a pak cache.
[2016.03.22-04.27.08:295][  0]LogDerivedDataCache: Unable to find inner node Pak for hierarchical cache Hierarchy.
[2016.03.22-04.27.08:295][  0]LogDerivedDataCache: FDerivedDataBackendGraph:  CompressedPak pak cache file ../../../../../../Users/Zain/Documents/GitHub/VRGameDatabase/DerivedDataCache/Compressed.ddp not found, will not use a pak cache.
[2016.03.22-04.27.08:295][  0]LogDerivedDataCache: Unable to find inner node CompressedPak for hierarchical cache Hierarchy.
[2016.03.22-04.27.08:365][  0]LogDerivedDataCache:Display: Pak cache opened for reading ../../../Engine/DerivedDataCache/Compressed.ddp.
[2016.03.22-04.27.08:377][  0]LogDerivedDataCache: Using Local data cache path C:/Users/Zain/AppData/Local/UnrealEngine/Common/DerivedDataCache: Writable
[2016.03.22-04.27.08:595][  0]LogInit: Selected Device Profile: [Windows]
[2016.03.22-04.27.08:596][  0]LogContentStreaming: Texture pool size is 0.000000MB
[2016.03.22-04.27.08:644][  0]LogMeshUtilities: No automatic mesh reduction module available
[2016.03.22-04.27.08:644][  0]LogMeshUtilities: No automatic mesh merging module available
[2016.03.22-04.27.09:097][  0]LogInit: WinSock: version 1.1 (2.2), MaxSocks=32767, MaxUdp=65467
[2016.03.22-04.27.10:066][  0]UdpMessaging: Initializing bridge on interface 0.0.0.0:0 to multicast group 230.0.0.1:6666.
[2016.03.22-04.27.10:177][  0]LogAssetRegistry: FAssetRegistry took 0.0098 seconds to start up
[2016.03.22-04.27.10:415][  0]SourceControl: Info Source control is disabled
[2016.03.22-04.27.10:416][  0]SourceControl: Info Source control is disabled
[2016.03.22-04.27.10:432][  0]SourceControl: Info Source control is disabled
[2016.03.22-04.27.10:450][  0]SourceControl: Info Source control is disabled
[2016.03.22-04.27.10:778][  0]LogObj: 28633 objects as part of root set at end of initial load.
[2016.03.22-04.27.10:778][  0]LogUObjectAllocator: 6099752 out of 0 bytes used by permanent object pool.
[2016.03.22-04.27.10:846][  0]LogEngine: Initializing Engine...
[2016.03.22-04.27.10:849][  0]OCULUS: Info: 03/22/16 04:27:10: [CAPI] LibOVR module is located at C:\Windows\system32\LibOVRRT64_0_8.dll

[2016.03.22-04.27.10:850][  0]OCULUS: Info: 03/22/16 04:27:10: [IPC] Call Stats for SetInitialState : x1: C2S=43.2406, S2C=10.6859, Runtime=63.6184 (microseconds) C2Ssize=80, S2Csize=81 (bytes)

[2016.03.22-04.27.10:850][  0]OCULUS: Info: 03/22/16 04:27:10: [IPC] Call Stats for IsLatencyTesterAvailable : x1: C2S=22.8629, S2C=5.4672, Runtime=1.24255 (microseconds) C2Ssize=33, S2Csize=18 (bytes)

[2016.03.22-04.27.10:850][  0]OCULUS: Info: 03/22/16 04:27:10: [IPC] Call Stats for Hmd_Create : x1: C2S=14.9106, S2C=6.95826, Runtime=12.177 (microseconds) C2Ssize=19, S2Csize=171 (bytes)

[2016.03.22-04.27.10:850][  0]OCULUS: Info: 03/22/16 04:27:10: [IPC] Call Stats for Hmd_GetHmdInfo : x1: C2S=15.6561, S2C=11.1829, Runtime=12.4255 (microseconds) C2Ssize=23, S2Csize=803 (bytes)

[2016.03.22-04.27.10:851][  0]OCULUS: Info: 03/22/16 04:27:10: [IPC] Call Stats for SetNumberValue : x1: C2S=40.01, S2C=3.97615, Runtime=4.72168 (microseconds) C2Ssize=55, S2Csize=25 (bytes)

[2016.03.22-04.27.10:851][  0]OCULUS: Info: 03/22/16 04:27:10: [IPC] Call Stats for SetNumberValues : x1: C2S=12.674, S2C=3.72764, Runtime=3.23062 (microseconds) C2Ssize=81, S2Csize=25 (bytes)

[2016.03.22-04.27.10:851][  0]OCULUS: Info: 03/22/16 04:27:10: [IPC] Call Stats for Hmd_SetEnabledCaps : x1: C2S=11.9284, S2C=2.98211, Runtime=2.7336 (microseconds) C2Ssize=35, S2Csize=33 (bytes)

[2016.03.22-04.27.10:851][  0]OCULUS: Info: 03/22/16 04:27:10: [IPC] Call Stats for Hmd_ConfigureTracking : x1: C2S=16.1531, S2C=5.96422, Runtime=4.47317 (microseconds) C2Ssize=46, S2Csize=25 (bytes)

[2016.03.22-04.27.10:851][  0]OCULUS: Info: 03/22/16 04:27:10: [IPC] Call Stats for Hmd_Release : x1: C2S=17.8927, S2C=5.71571, Runtime=105.865 (microseconds) C2Ssize=20, S2Csize=25 (bytes)

[2016.03.22-04.27.10:862][  0]LogHMD: Oculus plugin initialized. Version: 4.10.4-2872498+++depot+UE4-Releases+4.10, LibOVR: 0.8.0.0, built Feb 18 2016, 15:47:50
[2016.03.22-04.27.11:016][  0]LogAIModule: Creating AISystem for world NewWorld
[2016.03.22-04.27.11:037][  0]LogInit: XAudio2 using 'Speakers (Realtek High Definition Audio)' : 2 channels at 48 kHz using 32 bits per sample (channel mask 0x3)
[2016.03.22-04.27.11:104][  0]LogInit: FAudioDevice initialized.
[2016.03.22-04.27.11:143][  0]LogDerivedDataCache: Saved boot cache 0.04s 41MB C:/Users/Zain/AppData/Local/UnrealEngine/4.10/DerivedDataCache/Boot.ddc.
[2016.03.22-04.27.11:154][  0]LogInit: Texture streaming: Enabled
[2016.03.22-04.27.11:180][  0]LogAnalytics: Creating configured Analytics provider AnalyticsET
[2016.03.22-04.27.11:180][  0]LogAnalytics: [UEEditor.Rocket.Release] APIServer = http://et2.epicgames.com/ET2/. AppVersion = 4.10.4-2872498+++depot+UE4-Releases+4.10
[2016.03.22-04.27.11:180][  0]LogAnalytics: [UEEditor.Rocket.Release] SetUserId 7c60df0a447c9ef6199d21b6819f259e|80baa8e3b74d44a3815fddd4e7187f5b|252caeb6-b0e8-405f-a22e-4edf38a6839b
[2016.03.22-04.27.11:180][  0]LogAnalytics: [UEEditor.Rocket.Release] AnalyticsET::StartSession
[2016.03.22-04.27.11:200][  0]LogInit: Transaction tracking system initialized
[2016.03.22-04.27.11:263][  0]BlueprintLog: New page: Editor Load
[2016.03.22-04.27.11:466][  0]LocalizationService: Info Localization service is disabled
[2016.03.22-04.27.11:588][  0]LogConsoleResponse:Display: 
[2016.03.22-04.27.11:723][  0]LogCook:Display: Done creating registry. It took  0.00s.
[2016.03.22-04.27.11:819][  0]LogFileCache: Scanning file cache for directory 'C:/Users/Zain/Documents/GitHub/VRGameDatabase/Content/' took 0.02s
[2016.03.22-04.27.11:819][  0]SourceControl: Info Source control is disabled
[2016.03.22-04.27.11:819][  0]Cmd: MAP LOAD FILE="../../../../../../Users/Zain/Documents/GitHub/VRGameDatabase/Content/FirstPersonBP/Maps/FirstPersonExampleMap.umap" TEMPLATE=0 SHOWPROGRESS=1 FEATURELEVEL=3
[2016.03.22-04.27.11:820][  0]LightingResults: New page: Lighting Build
[2016.03.22-04.27.11:826][  0]MapCheck: New page: Map Check
[2016.03.22-04.27.11:826][  0]LightingResults: New page: Lighting Build
[2016.03.22-04.27.11:848][  0]LogParticles: Destroying 0 GPU particle simulations for FXSystem 0x00000000227A2AC0
[2016.03.22-04.27.11:999][  0]LogLinker:Warning: Asset '../../../../../../Users/Zain/Documents/GitHub/VRGameDatabase/Content/FirstPerson/Meshes/FirstPersonProjectileMesh.uasset' has been saved with empty engine version. The asset will be loaded but may be incompatible.
[2016.03.22-04.27.12:511][  0]LogAIModule: Creating AISystem for world FirstPersonExampleMap
[2016.03.22-04.27.12:556][  0]LogEditorServer: Finished looking for orphan Actors (0.000 secs)
[2016.03.22-04.27.12:557][  0]Cmd: MAP CHECKDEP NOCLEARLOG
[2016.03.22-04.27.12:612][  0]MapCheck: Info Map check complete: 0 Error(s), 0 Warning(s), took 54.699ms to complete.
[2016.03.22-04.27.12:612][  0]LogFileHelpers: Loading map 'FirstPersonExampleMap' took 0.793
[2016.03.22-04.27.12:732][  0]LogCollectionManager: Loaded 0 collections in 0.003303 seconds
[2016.03.22-04.27.12:775][  0]LogFileCache: Scanning file cache for directory 'C:/Users/Zain/Documents/GitHub/VRGameDatabase/Saved/Collections/' took 0.01s
[2016.03.22-04.27.12:775][  0]LogFileCache: Scanning file cache for directory 'C:/Users/Zain/Documents/GitHub/VRGameDatabase/Content/Developers/Zain/Collections/' took 0.01s
[2016.03.22-04.27.12:775][  0]LogFileCache: Scanning file cache for directory 'C:/Users/Zain/Documents/GitHub/VRGameDatabase/Content/Collections/' took 0.01s
[2016.03.22-04.27.12:775][  0]LogCollectionManager: Rebuilt the GUID cache for 0 collections in 0.000002 seconds
[2016.03.22-04.27.12:787][  0]LogContentBrowser: Native class hierarchy populated in 0.0110 seconds. Added 1893 classes and 338 folders.
[2016.03.22-04.27.12:798][  0]LogContentBrowser: Native class hierarchy updated for 'WidgetCarousel' in 0.0005 seconds. Added 0 classes and 0 folders.
[2016.03.22-04.27.12:857][  0]LogContentBrowser: Native class hierarchy updated for 'AddContentDialog' in 0.0005 seconds. Added 0 classes and 0 folders.
[2016.03.22-04.27.12:865][  0]LogContentBrowser: Native class hierarchy updated for 'SceneOutliner' in 0.0005 seconds. Added 1 classes and 2 folders.
[2016.03.22-04.27.12:893][  0]LogCrashTracker: Crashtracker disabled due to settings.
[2016.03.22-04.27.12:897][  0]LogUObjectGlobals:Warning: Failed to find object 'Class None.'
[2016.03.22-04.27.12:918][  0]LogLoad: Full Startup: 7.41 seconds (BP compile: 0.16 seconds)
[2016.03.22-04.27.12:928][  0]LogOcInput: OculusInput is initialized. Init status 0. Runtime version: 0.8.0.0
[2016.03.22-04.27.12:974][  0]LogContentStreaming: Texture pool size now 1000 MB
[2016.03.22-04.27.13:114][  0]LogRenderer: Reallocating scene render targets to support 1616x572 (Frame:2).
[2016.03.22-04.27.13:787][  5]LogAssetRegistry: Asset discovery search completed in 3.6202 seconds
[2016.03.22-04.27.13:787][  5]LogCollectionManager: Rebuilt the object cache for 0 collections in 0.000001 seconds (found 0 objects)
[2016.03.22-04.27.13:787][  5]LogCollectionManager: Fixed up redirectors for 0 collections in 0.000075 seconds (updated 0 objects)
[2016.03.22-04.27.25:158][339]LogBlueprintUserMessages: Early PlayInEditor Detection: Level '/Game/FirstPersonBP/Maps/FirstPersonExampleMap.FirstPersonExampleMap:PersistentLevel' has LevelScriptBlueprint '/Game/FirstPersonBP/Maps/FirstPersonExampleMap.FirstPersonExampleMap:PersistentLevel.FirstPersonExampleMap' with GeneratedClass '/Game/FirstPersonBP/Maps/FirstPersonExampleMap.FirstPersonExampleMap_C' with ClassGeneratedBy '/Game/FirstPersonBP/Maps/FirstPersonExampleMap.FirstPersonExampleMap:PersistentLevel.FirstPersonExampleMap'
[2016.03.22-04.27.25:159][339]LogPlayLevel: PlayLevel: No blueprints needed recompiling
[2016.03.22-04.27.25:159][339]OCULUS: Info: 03/22/16 04:27:25: [IPC] Call Stats for Hmd_Create : x1: C2S=43.9861, S2C=5.2187, Runtime=18.1412 (microseconds) C2Ssize=19, S2Csize=171 (bytes)

[2016.03.22-04.27.25:159][339]OCULUS: Info: 03/22/16 04:27:25: [IPC] Call Stats for Hmd_GetHmdInfo : x1: C2S=24.3539, S2C=6.46124, Runtime=7.20677 (microseconds) C2Ssize=23, S2Csize=803 (bytes)

[2016.03.22-04.27.25:159][339]OCULUS: Info: 03/22/16 04:27:25: [IPC] Call Stats for SetNumberValue : x1: C2S=20.6263, S2C=2.48509, Runtime=5.2187 (microseconds) C2Ssize=55, S2Csize=25 (bytes)

[2016.03.22-04.27.25:159][339]OCULUS: Info: 03/22/16 04:27:25: [IPC] Call Stats for SetNumberValues : x1: C2S=17.8927, S2C=2.48509, Runtime=3.72764 (microseconds) C2Ssize=81, S2Csize=25 (bytes)

[2016.03.22-04.27.25:159][339]OCULUS: Info: 03/22/16 04:27:25: [IPC] Call Stats for Hmd_SetEnabledCaps : x1: C2S=26.342, S2C=6.21273, Runtime=7.9523 (microseconds) C2Ssize=35, S2Csize=33 (bytes)

[2016.03.22-04.27.25:159][339]OCULUS: Info: 03/22/16 04:27:25: [IPC] Call Stats for Hmd_ConfigureTracking : x1: C2S=20.8748, S2C=2.48509, Runtime=4.47317 (microseconds) C2Ssize=46, S2Csize=25 (bytes)

[2016.03.22-04.27.25:159][339]LogHMD:Warning: HMD Oculus Rift DK1, res = 1280 x 800
[2016.03.22-04.27.25:160][339]PIE: New page: PIE session: FirstPersonExampleMap (22 Mar 2016 04:27:25)
[2016.03.22-04.27.25:160][339]LogPlayLevel: Creating play world package: /Game/FirstPersonBP/Maps/UEDPIE_0_FirstPersonExampleMap
[2016.03.22-04.27.25:205][339]LogPlayLevel: PIE: StaticDuplicateObject took: (0.044954s)
[2016.03.22-04.27.25:207][339]LogAIModule: Creating AISystem for world FirstPersonExampleMap
[2016.03.22-04.27.25:207][339]LogPlayLevel: PIE: World Init took: (0.001788s)
[2016.03.22-04.27.25:207][339]LogPlayLevel: PIE: Created PIE world by copying editor world from /Game/FirstPersonBP/Maps/FirstPersonExampleMap.FirstPersonExampleMap to /Game/FirstPersonBP/Maps/UEDPIE_0_FirstPersonExampleMap.FirstPersonExampleMap (0.047203s)
[2016.03.22-04.27.25:270][339]LogInit: XAudio2 using 'Speakers (Realtek High Definition Audio)' : 2 channels at 48 kHz using 32 bits per sample (channel mask 0x3)
[2016.03.22-04.27.25:286][339]LogInit: FAudioDevice initialized.
[2016.03.22-04.27.25:408][339]LogWorld: Game class is 'FirstPersonGameMode_C'
[2016.03.22-04.27.25:413][339]LogWorld: Bringing World /Game/FirstPersonBP/Maps/UEDPIE_0_FirstPersonExampleMap.FirstPersonExampleMap up for play (max tick rate 0) at 2016.03.22-04.27.25
[2016.03.22-04.27.25:413][339]LogActor:Warning: GameSession /Game/FirstPersonBP/Maps/UEDPIE_0_FirstPersonExampleMap.FirstPersonExampleMap:PersistentLevel.GameSession_0 has natively added scene component(s), but none of them were set as the actor's RootComponent - picking one arbitrarily
[2016.03.22-04.27.25:413][339]LogActor:Warning: GameNetworkManager /Game/FirstPersonBP/Maps/UEDPIE_0_FirstPersonExampleMap.FirstPersonExampleMap:PersistentLevel.GameNetworkManager_0 has natively added scene component(s), but none of them were set as the actor's RootComponent - picking one arbitrarily
[2016.03.22-04.27.25:413][339]LogWorld: Bringing up level for play took: 0.004008
[2016.03.22-04.27.25:431][339]PIE: Info Play in editor start time for /Game/FirstPersonBP/Maps/UEDPIE_0_FirstPersonExampleMap -0.528
[2016.03.22-04.27.25:431][339]LogBlueprintUserMessages: Late PlayInEditor Detection: Level '/Game/FirstPersonBP/Maps/FirstPersonExampleMap.FirstPersonExampleMap:PersistentLevel' has LevelScriptBlueprint '/Game/FirstPersonBP/Maps/FirstPersonExampleMap.FirstPersonExampleMap:PersistentLevel.FirstPersonExampleMap' with GeneratedClass '/Game/FirstPersonBP/Maps/FirstPersonExampleMap.FirstPersonExampleMap_C' with ClassGeneratedBy '/Game/FirstPersonBP/Maps/FirstPersonExampleMap.FirstPersonExampleMap:PersistentLevel.FirstPersonExampleMap'
[2016.03.22-04.27.25:582][339]OCULUS: Info: 03/22/16 04:27:25: [From Service] 03/22/16 04:27:25: [SwapChain] Created swapchain of type 'DirectDisplaySwapChain' provided by 'AMD'

[2016.03.22-04.27.25:582][339]OCULUS: Info: 03/22/16 04:27:25: [From Service] 03/22/16 04:27:25: [DirectDisplaySwapChain] Initialize

[2016.03.22-04.27.25:582][339]OCULUS: Info: 03/22/16 04:27:25: [IPC] Call Stats for Compositor_Create : x1: C2S=48.9563, S2C=35.5368, Runtime=104673 (microseconds) C2Ssize=100, S2Csize=52 (bytes)

[2016.03.22-04.27.25:583][339]OCULUS: Info: 03/22/16 04:27:25: [IPC] Call Stats for Compositor_TextureSet_Create : x1: C2S=37.2764, S2C=2.7336, Runtime=425.199 (microseconds) C2Ssize=69, S2Csize=33 (bytes)

[2016.03.22-04.27.25:583][339]LogHMD: Allocated a new swap texture set (size 1892 x 1160)
[2016.03.22-04.27.25:595][339]OCULUS: Info: 03/22/16 04:27:25: [From Service] 03/22/16 04:27:25: [HMD] WARNING: Unable to change dynamic prediction mode setting

[2016.03.22-04.27.25:595][339]OCULUS: Info: 03/22/16 04:27:25: [From Service] 03/22/16 04:27:25: [HMD] WARNING: Unable to change low persistence mode setting

[2016.03.22-04.27.25:609][340]OCULUS: Info: 03/22/16 04:27:25: [IPC] Call Stats for Compositor_CreateMirror : x1: C2S=83.4991, S2C=16.1531, Runtime=105.119 (microseconds) C2Ssize=48, S2Csize=25 (bytes)

[2016.03.22-04.27.25:609][340]LogHMD: Allocated a new mirror texture (size 1280 x 720)
[2016.03.22-04.27.25:609][340]LogRenderer: Reallocating scene render targets to support 1892x1160 (Frame:1331).
[2016.03.22-04.27.26:359][341]OCULUS: Info: 03/22/16 04:27:26: [IPC] Call Stats for Compositor_EndFrame : x1: C2S=72.5647, S2C=36.0339, Runtime=707863 (microseconds) C2Ssize=995, S2Csize=89 (bytes)

[2016.03.22-04.27.27:785][422]OCULUS: Error: 03/22/16 04:27:27: WARNING: QueueAheadWaitTimer slept too long/short (i.e. 1.268932 ms)

[2016.03.22-04.27.36:374][934]OCULUS: Error: 03/22/16 04:27:36: [IPC] WARNING: Overhead alert threshold exceeded for Compositor_EndFrame : x593: C2S=275.249 (34.7913-9086.25), S2C=16.3341 (4.97019-637.178), RTT=814.306 (223.161-18139.9), Runtime=522.722 (173.708-16665.8), IPC=291.584 (42.7436-9109.11) (microseconds) C2Ssize=995 (995-995), S2Csize=89 (89-89) (bytes)
[2016.03.22-04.27.40:688][191]LogBlueprintUserMessages: Early EndPlayMap Detection: Level '/Game/FirstPersonBP/Maps/FirstPersonExampleMap.FirstPersonExampleMap:PersistentLevel' has LevelScriptBlueprint '/Game/FirstPersonBP/Maps/FirstPersonExampleMap.FirstPersonExampleMap:PersistentLevel.FirstPersonExampleMap' with GeneratedClass '/Game/FirstPersonBP/Maps/FirstPersonExampleMap.FirstPersonExampleMap_C' with ClassGeneratedBy '/Game/FirstPersonBP/Maps/FirstPersonExampleMap.FirstPersonExampleMap:PersistentLevel.FirstPersonExampleMap'
[2016.03.22-04.27.40:703][191]OCULUS: Info: 03/22/16 04:27:40: [IPC] Call Stats for Compositor_DestroyMirror : x1: C2S=40.01, S2C=5.2187, Runtime=12.9225 (microseconds) C2Ssize=33, S2Csize=25 (bytes)

[2016.03.22-04.27.40:703][191]LogHMD: Freeing textureSet 0x00000000061C82E0
[2016.03.22-04.27.40:703][191]OCULUS: Info: 03/22/16 04:27:40: [IPC] Call Stats for Compositor_TextureSet_Destroy : x1: C2S=24.1054, S2C=5.71571, Runtime=12.177 (microseconds) C2Ssize=46, S2Csize=25 (bytes)

[2016.03.22-04.27.40:706][191]OCULUS: Info: 03/22/16 04:27:40: [IPC] Call Stats for Compositor_Destroy : x1: C2S=11.6799, S2C=10.1889, Runtime=2984.1 (microseconds) C2Ssize=27, S2Csize=25 (bytes)

[2016.03.22-04.27.40:799][191]OCULUS: Info: 03/22/16 04:27:40: [IPC] Call Stats for Hmd_Release : x1: C2S=312.625, S2C=32.5547, Runtime=92426.6 (microseconds) C2Ssize=20, S2Csize=25 (bytes)

[2016.03.22-04.27.40:888][191]LogBlueprintUserMessages: Late EndPlayMap Detection: Level '/Game/FirstPersonBP/Maps/FirstPersonExampleMap.FirstPersonExampleMap:PersistentLevel' has LevelScriptBlueprint '/Game/FirstPersonBP/Maps/FirstPersonExampleMap.FirstPersonExampleMap:PersistentLevel.FirstPersonExampleMap' with GeneratedClass '/Game/FirstPersonBP/Maps/FirstPersonExampleMap.FirstPersonExampleMap_C' with ClassGeneratedBy '/Game/FirstPersonBP/Maps/FirstPersonExampleMap.FirstPersonExampleMap:PersistentLevel.FirstPersonExampleMap'
[2016.03.22-04.27.40:916][191]LogParticles: Destroying 0 GPU particle simulations for FXSystem 0x00000000296740E0
[2016.03.22-04.27.40:942][192]LogRenderTargetPool:Warning: r.RenderTargetPoolMin exceeded 438/400 MB (ok in editor, bad on fixed memory platform)
[2016.03.22-04.27.42:229][336]LogBlueprintUserMessages: Early PlayInEditor Detection: Level '/Game/FirstPersonBP/Maps/FirstPersonExampleMap.FirstPersonExampleMap:PersistentLevel' has LevelScriptBlueprint '/Game/FirstPersonBP/Maps/FirstPersonExampleMap.FirstPersonExampleMap:PersistentLevel.FirstPersonExampleMap' with GeneratedClass '/Game/FirstPersonBP/Maps/FirstPersonExampleMap.FirstPersonExampleMap_C' with ClassGeneratedBy '/Game/FirstPersonBP/Maps/FirstPersonExampleMap.FirstPersonExampleMap:PersistentLevel.FirstPersonExampleMap'
[2016.03.22-04.27.42:229][336]LogPlayLevel: PlayLevel: No blueprints needed recompiling
[2016.03.22-04.27.42:229][336]OCULUS: Info: 03/22/16 04:27:42: [IPC] Call Stats for Hmd_Create : x1: C2S=145.129, S2C=5.2187, Runtime=18.3897 (microseconds) C2Ssize=19, S2Csize=171 (bytes)

[2016.03.22-04.27.42:229][336]OCULUS: Info: 03/22/16 04:27:42: [IPC] Call Stats for Hmd_GetHmdInfo : x1: C2S=122.515, S2C=26.0935, Runtime=13.171 (microseconds) C2Ssize=23, S2Csize=803 (bytes)

[2016.03.22-04.27.42:229][336]OCULUS: Info: 03/22/16 04:27:42: [IPC] Call Stats for SetNumberValue : x1: C2S=27.5845, S2C=5.71571, Runtime=9.19484 (microseconds) C2Ssize=55, S2Csize=25 (bytes)

[2016.03.22-04.27.42:230][336]OCULUS: Info: 03/22/16 04:27:42: [IPC] Call Stats for SetNumberValues : x1: C2S=69.3341, S2C=3.72764, Runtime=38.2704 (microseconds) C2Ssize=81, S2Csize=25 (bytes)

[2016.03.22-04.27.42:230][336]OCULUS: Info: 03/22/16 04:27:42: [From Service] 03/22/16 04:27:42: [HMD] WARNING: Unable to change dynamic prediction mode setting

[2016.03.22-04.27.42:230][336]OCULUS: Info: 03/22/16 04:27:42: [From Service] 03/22/16 04:27:42: [HMD] WARNING: Unable to change low persistence mode setting

[2016.03.22-04.27.42:230][336]OCULUS: Info: 03/22/16 04:27:42: [IPC] Call Stats for Hmd_SetEnabledCaps : x1: C2S=25.348, S2C=2.98211, Runtime=471.174 (microseconds) C2Ssize=35, S2Csize=33 (bytes)

[2016.03.22-04.27.42:233][336]OCULUS: Info: 03/22/16 04:27:42: [From Service] 03/22/16 04:27:42: [HMD] WARNING: Unable to change dynamic prediction mode setting

[2016.03.22-04.27.42:233][336]OCULUS: Info: 03/22/16 04:27:42: [From Service] 03/22/16 04:27:42: [HMD] WARNING: Unable to change low persistence mode setting

[2016.03.22-04.27.42:233][336]OCULUS: Info: 03/22/16 04:27:42: [IPC] Call Stats for Hmd_ConfigureTracking : x2: C2S=69.5826, S2C=11.5557, Runtime=1438.5 (microseconds) C2Ssize=46, S2Csize=25 (bytes)

[2016.03.22-04.27.42:234][336]LogHMD:Warning: HMD Oculus Rift DK1, res = 1280 x 800
[2016.03.22-04.27.42:234][336]OCULUS: Info: 03/22/16 04:27:42: [From Service] 03/22/16 04:27:42: [HMD] WARNING: Unable to change dynamic prediction mode setting

[2016.03.22-04.27.42:234][336]OCULUS: Info: 03/22/16 04:27:42: [From Service] 03/22/16 04:27:42: [HMD] WARNING: Unable to change low persistence mode setting

[2016.03.22-04.27.42:234][336]PIE: New page: PIE session: FirstPersonExampleMap (22 Mar 2016 04:27:42)
[2016.03.22-04.27.42:235][336]LogPlayLevel: Creating play world package: /Game/FirstPersonBP/Maps/UEDPIE_0_FirstPersonExampleMap
[2016.03.22-04.27.42:270][336]LogPlayLevel: PIE: StaticDuplicateObject took: (0.035504s)
[2016.03.22-04.27.42:272][336]LogAIModule: Creating AISystem for world FirstPersonExampleMap
[2016.03.22-04.27.42:272][336]LogPlayLevel: PIE: World Init took: (0.002232s)
[2016.03.22-04.27.42:273][336]LogPlayLevel: PIE: Created PIE world by copying editor world from /Game/FirstPersonBP/Maps/FirstPersonExampleMap.FirstPersonExampleMap to /Game/FirstPersonBP/Maps/UEDPIE_0_FirstPersonExampleMap.FirstPersonExampleMap (0.038119s)
[2016.03.22-04.27.42:317][336]LogInit: XAudio2 using 'Speakers (Realtek High Definition Audio)' : 2 channels at 48 kHz using 32 bits per sample (channel mask 0x3)
[2016.03.22-04.27.42:332][336]LogInit: FAudioDevice initialized.
[2016.03.22-04.27.42:554][336]OCULUS: Info: 03/22/16 04:27:42: [From Service] 03/22/16 04:27:42: [SwapChain] Created swapchain of type 'DirectDisplaySwapChain' provided by 'AMD'

[2016.03.22-04.27.42:554][336]OCULUS: Info: 03/22/16 04:27:42: [From Service] 03/22/16 04:27:42: [DirectDisplaySwapChain] Initialize

[2016.03.22-04.27.42:554][336]OCULUS: Info: 03/22/16 04:27:42: [IPC] Call Stats for Compositor_Create : x1: C2S=48.9563, S2C=13.171, Runtime=144192 (microseconds) C2Ssize=100, S2Csize=52 (bytes)

[2016.03.22-04.27.42:555][336]OCULUS: Info: 03/22/16 04:27:42: [IPC] Call Stats for Compositor_TextureSet_Create : x1: C2S=15.4076, S2C=3.23062, Runtime=168.738 (microseconds) C2Ssize=69, S2Csize=33 (bytes)

[2016.03.22-04.27.42:555][336]LogHMD: Allocated a new swap texture set (size 1892 x 1160)
[2016.03.22-04.27.42:580][336]LogWorld: Game class is 'FirstPersonGameMode_C'
[2016.03.22-04.27.42:584][336]LogWorld: Bringing World /Game/FirstPersonBP/Maps/UEDPIE_0_FirstPersonExampleMap.FirstPersonExampleMap up for play (max tick rate 0) at 2016.03.22-04.27.42
[2016.03.22-04.27.42:584][336]LogActor:Warning: GameSession /Game/FirstPersonBP/Maps/UEDPIE_0_FirstPersonExampleMap.FirstPersonExampleMap:PersistentLevel.GameSession_1 has natively added scene component(s), but none of them were set as the actor's RootComponent - picking one arbitrarily
[2016.03.22-04.27.42:585][336]LogActor:Warning: GameNetworkManager /Game/FirstPersonBP/Maps/UEDPIE_0_FirstPersonExampleMap.FirstPersonExampleMap:PersistentLevel.GameNetworkManager_1 has natively added scene component(s), but none of them were set as the actor's RootComponent - picking one arbitrarily
[2016.03.22-04.27.42:585][336]LogWorld: Bringing up level for play took: 0.004676
[2016.03.22-04.27.42:602][336]PIE: Info Play in editor start time for /Game/FirstPersonBP/Maps/UEDPIE_0_FirstPersonExampleMap 0.643
[2016.03.22-04.27.42:602][336]LogBlueprintUserMessages: Late PlayInEditor Detection: Level '/Game/FirstPersonBP/Maps/FirstPersonExampleMap.FirstPersonExampleMap:PersistentLevel' has LevelScriptBlueprint '/Game/FirstPersonBP/Maps/FirstPersonExampleMap.FirstPersonExampleMap:PersistentLevel.FirstPersonExampleMap' with GeneratedClass '/Game/FirstPersonBP/Maps/FirstPersonExampleMap.FirstPersonExampleMap_C' with ClassGeneratedBy '/Game/FirstPersonBP/Maps/FirstPersonExampleMap.FirstPersonExampleMap:PersistentLevel.FirstPersonExampleMap'
[2016.03.22-04.27.42:628][338]OCULUS: Info: 03/22/16 04:27:42: [IPC] Call Stats for Compositor_CreateMirror : x1: C2S=47.2168, S2C=10.1889, Runtime=229.374 (microseconds) C2Ssize=48, S2Csize=25 (bytes)

[2016.03.22-04.27.42:628][338]LogHMD: Allocated a new mirror texture (size 1280 x 720)
[2016.03.22-04.27.43:404][339]LogRenderTargetPool:Warning: r.RenderTargetPoolMin exceeded 411/400 MB (ok in editor, bad on fixed memory platform)
[2016.03.22-04.27.46:389][517]OCULUS: Error: 03/22/16 04:27:46: [IPC] WARNING: Overhead alert threshold exceeded for Compositor_EndFrame : x438: C2S=297.98 (38.0219-4022.87), S2C=18.5871 (4.72168-353.132), RTT=2517.18 (221.67-729346), Runtime=2200.61 (171.968-729276), IPC=316.567 (44.2347-4044.49) (microseconds) C2Ssize=995 (995-995), S2Csize=89 (89-89) (bytes)
[2016.03.22-04.27.53:086][917]OCULUS: Error: 03/22/16 04:27:53: WARNING: QueueAheadWaitTimer slept too long/short (i.e. 1.520175 ms)

[2016.03.22-04.27.56:406][117]OCULUS: Error: 03/22/16 04:27:56: [IPC] WARNING: Overhead alert threshold exceeded for Compositor_EndFrame : x600: C2S=295.429 (35.2883-6458.26), S2C=16.7359 (4.72168-510.19), RTT=794.194 (224.652-15426.5), Runtime=482.029 (172.217-12385.2), IPC=312.165 (41.9981-6474.91) (microseconds) C2Ssize=995 (995-995), S2Csize=89 (89-89) (bytes)
[2016.03.22-04.28.03:535][544]LogBlueprintUserMessages: Early EndPlayMap Detection: Level '/Game/FirstPersonBP/Maps/FirstPersonExampleMap.FirstPersonExampleMap:PersistentLevel' has LevelScriptBlueprint '/Game/FirstPersonBP/Maps/FirstPersonExampleMap.FirstPersonExampleMap:PersistentLevel.FirstPersonExampleMap' with GeneratedClass '/Game/FirstPersonBP/Maps/FirstPersonExampleMap.FirstPersonExampleMap_C' with ClassGeneratedBy '/Game/FirstPersonBP/Maps/FirstPersonExampleMap.FirstPersonExampleMap:PersistentLevel.FirstPersonExampleMap'
[2016.03.22-04.28.03:552][544]OCULUS: Info: 03/22/16 04:28:03: [IPC] Call Stats for Compositor_DestroyMirror : x1: C2S=38.5189, S2C=3.23062, Runtime=12.9225 (microseconds) C2Ssize=33, S2Csize=25 (bytes)

[2016.03.22-04.28.03:552][544]LogHMD: Freeing textureSet 0x0000000018308C10
[2016.03.22-04.28.03:552][544]OCULUS: Info: 03/22/16 04:28:03: [IPC] Call Stats for Compositor_TextureSet_Destroy : x1: C2S=31.5607, S2C=3.23062, Runtime=4.97019 (microseconds) C2Ssize=46, S2Csize=25 (bytes)

[2016.03.22-04.28.03:645][544]OCULUS: Info: 03/22/16 04:28:03: [IPC] Call Stats for Compositor_Destroy : x1: C2S=15.9046, S2C=11.1829, Runtime=3547.97 (microseconds) C2Ssize=27, S2Csize=25 (bytes)

[2016.03.22-04.28.03:645][544]OCULUS: Info: 03/22/16 04:28:03: [IPC] Call Stats for Hmd_Release : x1: C2S=32.0577, S2C=10.4374, Runtime=89947.5 (microseconds) C2Ssize=20, S2Csize=25 (bytes)

[2016.03.22-04.28.03:738][544]LogBlueprintUserMessages: Late EndPlayMap Detection: Level '/Game/FirstPersonBP/Maps/FirstPersonExampleMap.FirstPersonExampleMap:PersistentLevel' has LevelScriptBlueprint '/Game/FirstPersonBP/Maps/FirstPersonExampleMap.FirstPersonExampleMap:PersistentLevel.FirstPersonExampleMap' with GeneratedClass '/Game/FirstPersonBP/Maps/FirstPersonExampleMap.FirstPersonExampleMap_C' with ClassGeneratedBy '/Game/FirstPersonBP/Maps/FirstPersonExampleMap.FirstPersonExampleMap:PersistentLevel.FirstPersonExampleMap'
[2016.03.22-04.28.03:785][545]LogParticles: Destroying 0 GPU particle simulations for FXSystem 0x000000001940D580
[2016.03.22-04.28.11:695][469]LogBlueprintUserMessages: Early PlayInEditor Detection: Level '/Game/FirstPersonBP/Maps/FirstPersonExampleMap.FirstPersonExampleMap:PersistentLevel' has LevelScriptBlueprint '/Game/FirstPersonBP/Maps/FirstPersonExampleMap.FirstPersonExampleMap:PersistentLevel.FirstPersonExampleMap' with GeneratedClass '/Game/FirstPersonBP/Maps/FirstPersonExampleMap.FirstPersonExampleMap_C' with ClassGeneratedBy '/Game/FirstPersonBP/Maps/FirstPersonExampleMap.FirstPersonExampleMap:PersistentLevel.FirstPersonExampleMap'
[2016.03.22-04.28.11:695][469]LogPlayLevel: PlayLevel: No blueprints needed recompiling
[2016.03.22-04.28.11:695][469]OCULUS: Info: 03/22/16 04:28:11: [IPC] Call Stats for Hmd_Create : x1: C2S=43.4891, S2C=6.21273, Runtime=18.8867 (microseconds) C2Ssize=19, S2Csize=171 (bytes)

[2016.03.22-04.28.11:695][469]OCULUS: Info: 03/22/16 04:28:11: [IPC] Call Stats for Hmd_GetHmdInfo : x1: C2S=11.4314, S2C=9.44335, Runtime=6.95826 (microseconds) C2Ssize=23, S2Csize=803 (bytes)

[2016.03.22-04.28.11:695][469]OCULUS: Info: 03/22/16 04:28:11: [IPC] Call Stats for SetNumberValue : x1: C2S=25.348, S2C=6.46124, Runtime=13.668 (microseconds) C2Ssize=55, S2Csize=25 (bytes)

[2016.03.22-04.28.11:695][469]OCULUS: Info: 03/22/16 04:28:11: [IPC] Call Stats for SetNumberValues : x1: C2S=20.6263, S2C=5.2187, Runtime=9.44335 (microseconds) C2Ssize=81, S2Csize=25 (bytes)

[2016.03.22-04.28.11:696][469]OCULUS: Info: 03/22/16 04:28:11: [From Service] 03/22/16 04:28:11: [HMD] WARNING: Unable to change dynamic prediction mode setting

[2016.03.22-04.28.11:696][469]OCULUS: Info: 03/22/16 04:28:11: [From Service] 03/22/16 04:28:11: [HMD] WARNING: Unable to change low persistence mode setting

[2016.03.22-04.28.11:696][469]OCULUS: Info: 03/22/16 04:28:11: [IPC] Call Stats for Hmd_SetEnabledCaps : x1: C2S=10.6859, S2C=5.71571, Runtime=313.619 (microseconds) C2Ssize=35, S2Csize=33 (bytes)

[2016.03.22-04.28.11:696][469]OCULUS: Info: 03/22/16 04:28:11: [From Service] 03/22/16 04:28:11: [HMD] WARNING: Unable to change dynamic prediction mode setting

[2016.03.22-04.28.11:696][469]OCULUS: Info: 03/22/16 04:28:11: [From Service] 03/22/16 04:28:11: [HMD] WARNING: Unable to change low persistence mode setting

[2016.03.22-04.28.11:696][469]OCULUS: Info: 03/22/16 04:28:11: [IPC] Call Stats for Hmd_ConfigureTracking : x2: C2S=26.0935, S2C=4.59742, Runtime=376.492 (microseconds) C2Ssize=46, S2Csize=25 (bytes)

[2016.03.22-04.28.11:696][469]LogHMD:Warning: HMD Oculus Rift DK1, res = 1280 x 800
[2016.03.22-04.28.11:697][469]OCULUS: Info: 03/22/16 04:28:11: [From Service] 03/22/16 04:28:11: [HMD] WARNING: Unable to change dynamic prediction mode setting

[2016.03.22-04.28.11:697][469]OCULUS: Info: 03/22/16 04:28:11: [From Service] 03/22/16 04:28:11: [HMD] WARNING: Unable to change low persistence mode setting

[2016.03.22-04.28.11:697][469]PIE: New page: PIE session: FirstPersonExampleMap (22 Mar 2016 04:28:11)
[2016.03.22-04.28.11:697][469]LogPlayLevel: Creating play world package: /Game/FirstPersonBP/Maps/UEDPIE_0_FirstPersonExampleMap
[2016.03.22-04.28.11:731][469]LogPlayLevel: PIE: StaticDuplicateObject took: (0.034481s)
[2016.03.22-04.28.11:734][469]LogAIModule: Creating AISystem for world FirstPersonExampleMap
[2016.03.22-04.28.11:734][469]LogPlayLevel: PIE: World Init took: (0.002769s)
[2016.03.22-04.28.11:735][469]LogPlayLevel: PIE: Created PIE world by copying editor world from /Game/FirstPersonBP/Maps/FirstPersonExampleMap.FirstPersonExampleMap to /Game/FirstPersonBP/Maps/UEDPIE_0_FirstPersonExampleMap.FirstPersonExampleMap (0.037856s)
[2016.03.22-04.28.11:775][469]LogInit: XAudio2 using 'Speakers (Realtek High Definition Audio)' : 2 channels at 48 kHz using 32 bits per sample (channel mask 0x3)
[2016.03.22-04.28.11:789][469]LogInit: FAudioDevice initialized.
[2016.03.22-04.28.11:831][469]LogWorld: Game class is 'FirstPersonGameMode_C'
[2016.03.22-04.28.11:835][469]LogWorld: Bringing World /Game/FirstPersonBP/Maps/UEDPIE_0_FirstPersonExampleMap.FirstPersonExampleMap up for play (max tick rate 0) at 2016.03.22-04.28.11
[2016.03.22-04.28.11:835][469]LogActor:Warning: GameSession /Game/FirstPersonBP/Maps/UEDPIE_0_FirstPersonExampleMap.FirstPersonExampleMap:PersistentLevel.GameSession_2 has natively added scene component(s), but none of them were set as the actor's RootComponent - picking one arbitrarily
[2016.03.22-04.28.11:836][469]LogActor:Warning: GameNetworkManager /Game/FirstPersonBP/Maps/UEDPIE_0_FirstPersonExampleMap.FirstPersonExampleMap:PersistentLevel.GameNetworkManager_2 has natively added scene component(s), but none of them were set as the actor's RootComponent - picking one arbitrarily
[2016.03.22-04.28.11:836][469]LogWorld: Bringing up level for play took: 0.004707
[2016.03.22-04.28.11:837][469]PIE: Info Play in editor start time for /Game/FirstPersonBP/Maps/UEDPIE_0_FirstPersonExampleMap -0.122
[2016.03.22-04.28.11:838][469]LogBlueprintUserMessages: Late PlayInEditor Detection: Level '/Game/FirstPersonBP/Maps/FirstPersonExampleMap.FirstPersonExampleMap:PersistentLevel' has LevelScriptBlueprint '/Game/FirstPersonBP/Maps/FirstPersonExampleMap.FirstPersonExampleMap:PersistentLevel.FirstPersonExampleMap' with GeneratedClass '/Game/FirstPersonBP/Maps/FirstPersonExampleMap.FirstPersonExampleMap_C' with ClassGeneratedBy '/Game/FirstPersonBP/Maps/FirstPersonExampleMap.FirstPersonExampleMap:PersistentLevel.FirstPersonExampleMap'
[2016.03.22-04.28.11:899][470]LogRenderTargetPool:Warning: r.RenderTargetPoolMin exceeded 433/400 MB (ok in editor, bad on fixed memory platform)
[2016.03.22-04.28.19:611][378]LogBlueprintUserMessages: Early EndPlayMap Detection: Level '/Game/FirstPersonBP/Maps/FirstPersonExampleMap.FirstPersonExampleMap:PersistentLevel' has LevelScriptBlueprint '/Game/FirstPersonBP/Maps/FirstPersonExampleMap.FirstPersonExampleMap:PersistentLevel.FirstPersonExampleMap' with GeneratedClass '/Game/FirstPersonBP/Maps/FirstPersonExampleMap.FirstPersonExampleMap_C' with ClassGeneratedBy '/Game/FirstPersonBP/Maps/FirstPersonExampleMap.FirstPersonExampleMap:PersistentLevel.FirstPersonExampleMap'
[2016.03.22-04.28.19:612][378]OCULUS: Info: 03/22/16 04:28:19: [IPC] Call Stats for Hmd_Release : x1: C2S=163.022, S2C=6.95826, Runtime=59.3937 (microseconds) C2Ssize=20, S2Csize=25 (bytes)

[2016.03.22-04.28.19:645][378]LogBlueprintUserMessages: Late EndPlayMap Detection: Level '/Game/FirstPersonBP/Maps/FirstPersonExampleMap.FirstPersonExampleMap:PersistentLevel' has LevelScriptBlueprint '/Game/FirstPersonBP/Maps/FirstPersonExampleMap.FirstPersonExampleMap:PersistentLevel.FirstPersonExampleMap' with GeneratedClass '/Game/FirstPersonBP/Maps/FirstPersonExampleMap.FirstPersonExampleMap_C' with ClassGeneratedBy '/Game/FirstPersonBP/Maps/FirstPersonExampleMap.FirstPersonExampleMap:PersistentLevel.FirstPersonExampleMap'
[2016.03.22-04.28.19:699][379]LogParticles: Destroying 0 GPU particle simulations for FXSystem 0x000000000F597240
[2016.03.22-04.28.19:699][379]LogRenderTargetPool:Warning: r.RenderTargetPoolMin exceeded 424/400 MB (ok in editor, bad on fixed memory platform)
[2016.03.22-04.28.26:639][187]LogEditorViewport: Clicking on Actor (LMB): StaticMeshActor (Wall1)
[2016.03.22-04.28.59:026][552]LogRenderTargetPool:Warning: r.RenderTargetPoolMin exceeded 424/400 MB (ok in editor, bad on fixed memory platform)
[2016.03.22-04.29.18:685][612]LogRenderTargetPool:Warning: r.RenderTargetPoolMin exceeded 424/400 MB (ok in editor, bad on fixed memory platform)
[2016.03.22-04.29.27:482][542]LogEditorViewport: Clicking on Actor (LMB): StaticMeshActor (Floor)
[2016.03.22-04.29.31:354][667]LogRenderTargetPool:Warning: r.RenderTargetPoolMin exceeded 424/400 MB (ok in editor, bad on fixed memory platform)
[2016.03.22-04.29.31:537][686]LogEditorViewport: Clicking on Actor (context menu): StaticMeshActor (Floor)
[2016.03.22-04.29.32:171][744]LogEditorViewport: Clicking on Actor (LMB): StaticMeshActor (Floor)
[2016.03.22-04.31.48:914][861]LogEditorViewport: Clicking on Actor (LMB): FirstPersonCharacter_C (FirstPersonCharacter)
[2016.03.22-04.31.51:137][ 59]LogEditorViewport: Clicking on Actor (LMB): StaticMeshActor (Wall1)
[2016.03.22-04.31.51:906][129]LogEditorViewport: Clicking on Actor (LMB): FirstPersonCharacter_C (FirstPersonCharacter)
[2016.03.22-04.31.55:077][406]LogEditorViewport: Clicking on Actor (LMB): StartButton_C (StartButton)
[2016.03.22-04.31.57:785][671]LogEditorViewport: Clicking on Actor (LMB): FirstPersonCharacter_C (FirstPersonCharacter)
[2016.03.22-04.32.03:733][911]LogSavePackage: Save=3274.878662ms
[2016.03.22-04.32.03:733][911]LogSavePackage: Moving '../../../../../../Users/Zain/Documents/GitHub/VRGameDatabase/Saved/FirstPersonExampleMap791674064086FA3B9F7C0AAE5282765A.tmp' to '../../../../../../Users/Zain/Documents/GitHub/VRGameDatabase/Content/FirstPersonBP/Maps/FirstPersonExampleMap.umap'
[2016.03.22-04.32.03:740][911]LogSavePackage: Total save time: 3327.608094ms
[2016.03.22-04.32.03:740][911]LogSavePackage:Display: Finished SavePackage ../../../../../../Users/Zain/Documents/GitHub/VRGameDatabase/Content/FirstPersonBP/Maps/FirstPersonExampleMap.umap
[2016.03.22-04.32.09:820][932]LogRenderTargetPool:Warning: r.RenderTargetPoolMin exceeded 458/400 MB (ok in editor, bad on fixed memory platform)
[2016.03.22-04.32.15:806][527]LogEditorViewport: Clicking on Actor (LMB): StartButton_C (StartButton)
[2016.03.22-04.32.23:029][320]LogEditorViewport: Clicking on Actor (context menu): StartButton_C (StartButton)
[2016.03.22-04.32.43:159][112]Cmd: TRANSACTION UNDO
[2016.03.22-04.32.43:159][112]LogEditorTransaction: Undo Clicking on Actors (context menu)
[2016.03.22-04.32.46:466][448]LogEditorViewport: Clicking on Actor (context menu): StartButton_C (StartButton)
[2016.03.22-04.32.52:552][  7]LogEditorViewport: Clicking on Actor (LMB): FirstPersonCharacter_C (FirstPersonCharacter)
[2016.03.22-04.32.53:098][ 43]LogEditorViewport: Clicking on Actor (context menu): FirstPersonCharacter_C (FirstPersonCharacter)
[2016.03.22-04.33.01:058][674]LogBlueprintUserMessages: Early PlayInEditor Detection: Level '/Game/FirstPersonBP/Maps/FirstPersonExampleMap.FirstPersonExampleMap:PersistentLevel' has LevelScriptBlueprint '/Game/FirstPersonBP/Maps/FirstPersonExampleMap.FirstPersonExampleMap:PersistentLevel.FirstPersonExampleMap' with GeneratedClass '/Game/FirstPersonBP/Maps/FirstPersonExampleMap.FirstPersonExampleMap_C' with ClassGeneratedBy '/Game/FirstPersonBP/Maps/FirstPersonExampleMap.FirstPersonExampleMap:PersistentLevel.FirstPersonExampleMap'
[2016.03.22-04.33.01:058][674]LogPlayLevel: PlayLevel: No blueprints needed recompiling
[2016.03.22-04.33.01:058][674]OCULUS: Info: 03/22/16 04:33:01: [IPC] Call Stats for Hmd_Create : x1: C2S=32.8032, S2C=6.95826, Runtime=17.8927 (microseconds) C2Ssize=19, S2Csize=171 (bytes)

[2016.03.22-04.33.01:058][674]OCULUS: Info: 03/22/16 04:33:01: [IPC] Call Stats for Hmd_GetHmdInfo : x1: C2S=12.177, S2C=9.19484, Runtime=6.95826 (microseconds) C2Ssize=23, S2Csize=803 (bytes)

[2016.03.22-04.33.01:058][674]OCULUS: Info: 03/22/16 04:33:01: [IPC] Call Stats for SetNumberValue : x1: C2S=12.674, S2C=4.97019, Runtime=7.45528 (microseconds) C2Ssize=55, S2Csize=25 (bytes)

[2016.03.22-04.33.01:058][674]OCULUS: Info: 03/22/16 04:33:01: [IPC] Call Stats for SetNumberValues : x1: C2S=12.4255, S2C=4.97019, Runtime=3.97615 (microseconds) C2Ssize=81, S2Csize=25 (bytes)

[2016.03.22-04.33.01:059][674]OCULUS: Info: 03/22/16 04:33:01: [IPC] Call Stats for Hmd_SetEnabledCaps : x1: C2S=12.674, S2C=5.4672, Runtime=317.595 (microseconds) C2Ssize=35, S2Csize=33 (bytes)

[2016.03.22-04.33.01:059][674]OCULUS: Info: 03/22/16 04:33:01: [IPC] Call Stats for Hmd_ConfigureTracking : x2: C2S=17.6442, S2C=7.20677, Runtime=218.44 (microseconds) C2Ssize=46, S2Csize=25 (bytes)

[2016.03.22-04.33.01:059][674]LogHMD:Warning: HMD Oculus Rift DK1, res = 1280 x 800
[2016.03.22-04.33.01:060][674]OCULUS: Info: 03/22/16 04:33:01: [From Service] 03/22/16 04:33:01: [HMD] WARNING: Unable to change dynamic prediction mode setting

[2016.03.22-04.33.01:060][674]OCULUS: Info: 03/22/16 04:33:01: [From Service] 03/22/16 04:33:01: [HMD] WARNING: Unable to change low persistence mode setting

[2016.03.22-04.33.01:060][674]OCULUS: Info: 03/22/16 04:33:01: [From Service] 03/22/16 04:33:01: [HMD] WARNING: Unable to change dynamic prediction mode setting

[2016.03.22-04.33.01:060][674]OCULUS: Info: 03/22/16 04:33:01: [From Service] 03/22/16 04:33:01: [HMD] WARNING: Unable to change low persistence mode setting

[2016.03.22-04.33.01:060][674]OCULUS: Info: 03/22/16 04:33:01: [From Service] 03/22/16 04:33:01: [HMD] WARNING: Unable to change dynamic prediction mode setting

[2016.03.22-04.33.01:060][674]OCULUS: Info: 03/22/16 04:33:01: [From Service] 03/22/16 04:33:01: [HMD] WARNING: Unable to change low persistence mode setting

[2016.03.22-04.33.01:060][674]PIE: New page: PIE session: FirstPersonExampleMap (22 Mar 2016 04:33:01)
[2016.03.22-04.33.01:060][674]LogPlayLevel: Creating play world package: /Game/FirstPersonBP/Maps/UEDPIE_0_FirstPersonExampleMap
[2016.03.22-04.33.01:094][674]LogPlayLevel: PIE: StaticDuplicateObject took: (0.034326s)
[2016.03.22-04.33.01:097][674]LogAIModule: Creating AISystem for world FirstPersonExampleMap
[2016.03.22-04.33.01:097][674]LogPlayLevel: PIE: World Init took: (0.002244s)
[2016.03.22-04.33.01:097][674]LogPlayLevel: PIE: Created PIE world by copying editor world from /Game/FirstPersonBP/Maps/FirstPersonExampleMap.FirstPersonExampleMap to /Game/FirstPersonBP/Maps/UEDPIE_0_FirstPersonExampleMap.FirstPersonExampleMap (0.036875s)
[2016.03.22-04.33.01:161][674]LogInit: XAudio2 using 'Speakers (Realtek High Definition Audio)' : 2 channels at 48 kHz using 32 bits per sample (channel mask 0x3)
[2016.03.22-04.33.01:174][674]LogInit: FAudioDevice initialized.
[2016.03.22-04.33.01:212][674]LogWorld: Game class is 'FirstPersonGameMode_C'
[2016.03.22-04.33.01:216][674]LogWorld: Bringing World /Game/FirstPersonBP/Maps/UEDPIE_0_FirstPersonExampleMap.FirstPersonExampleMap up for play (max tick rate 0) at 2016.03.22-04.33.01
[2016.03.22-04.33.01:216][674]LogActor:Warning: GameSession /Game/FirstPersonBP/Maps/UEDPIE_0_FirstPersonExampleMap.FirstPersonExampleMap:PersistentLevel.GameSession_3 has natively added scene component(s), but none of them were set as the actor's RootComponent - picking one arbitrarily
[2016.03.22-04.33.01:216][674]LogActor:Warning: GameNetworkManager /Game/FirstPersonBP/Maps/UEDPIE_0_FirstPersonExampleMap.FirstPersonExampleMap:PersistentLevel.GameNetworkManager_3 has natively added scene component(s), but none of them were set as the actor's RootComponent - picking one arbitrarily
[2016.03.22-04.33.01:217][674]LogWorld: Bringing up level for play took: 0.004244
[2016.03.22-04.33.01:218][674]PIE: Info Play in editor start time for /Game/FirstPersonBP/Maps/UEDPIE_0_FirstPersonExampleMap -0.746
[2016.03.22-04.33.01:218][674]LogBlueprintUserMessages: Late PlayInEditor Detection: Level '/Game/FirstPersonBP/Maps/FirstPersonExampleMap.FirstPersonExampleMap:PersistentLevel' has LevelScriptBlueprint '/Game/FirstPersonBP/Maps/FirstPersonExampleMap.FirstPersonExampleMap:PersistentLevel.FirstPersonExampleMap' with GeneratedClass '/Game/FirstPersonBP/Maps/FirstPersonExampleMap.FirstPersonExampleMap_C' with ClassGeneratedBy '/Game/FirstPersonBP/Maps/FirstPersonExampleMap.FirstPersonExampleMap:PersistentLevel.FirstPersonExampleMap'
[2016.03.22-04.33.03:203][906]LogBlueprintUserMessages: Early EndPlayMap Detection: Level '/Game/FirstPersonBP/Maps/FirstPersonExampleMap.FirstPersonExampleMap:PersistentLevel' has LevelScriptBlueprint '/Game/FirstPersonBP/Maps/FirstPersonExampleMap.FirstPersonExampleMap:PersistentLevel.FirstPersonExampleMap' with GeneratedClass '/Game/FirstPersonBP/Maps/FirstPersonExampleMap.FirstPersonExampleMap_C' with ClassGeneratedBy '/Game/FirstPersonBP/Maps/FirstPersonExampleMap.FirstPersonExampleMap:PersistentLevel.FirstPersonExampleMap'
[2016.03.22-04.33.03:205][906]OCULUS: Info: 03/22/16 04:33:03: [IPC] Call Stats for Hmd_Release : x1: C2S=43.2406, S2C=6.70975, Runtime=129.722 (microseconds) C2Ssize=20, S2Csize=25 (bytes)

[2016.03.22-04.33.03:272][906]LogBlueprintUserMessages: Late EndPlayMap Detection: Level '/Game/FirstPersonBP/Maps/FirstPersonExampleMap.FirstPersonExampleMap:PersistentLevel' has LevelScriptBlueprint '/Game/FirstPersonBP/Maps/FirstPersonExampleMap.FirstPersonExampleMap:PersistentLevel.FirstPersonExampleMap' with GeneratedClass '/Game/FirstPersonBP/Maps/FirstPersonExampleMap.FirstPersonExampleMap_C' with ClassGeneratedBy '/Game/FirstPersonBP/Maps/FirstPersonExampleMap.FirstPersonExampleMap:PersistentLevel.FirstPersonExampleMap'
[2016.03.22-04.33.03:300][906]LogParticles: Destroying 0 GPU particle simulations for FXSystem 0x00000000480CA160
[2016.03.22-04.33.03:388][909]LogRenderTargetPool:Warning: r.RenderTargetPoolMin exceeded 458/400 MB (ok in editor, bad on fixed memory platform)
[2016.03.22-04.33.06:245][207]LogBlueprintUserMessages: Early PlayInEditor Detection: Level '/Game/FirstPersonBP/Maps/FirstPersonExampleMap.FirstPersonExampleMap:PersistentLevel' has LevelScriptBlueprint '/Game/FirstPersonBP/Maps/FirstPersonExampleMap.FirstPersonExampleMap:PersistentLevel.FirstPersonExampleMap' with GeneratedClass '/Game/FirstPersonBP/Maps/FirstPersonExampleMap.FirstPersonExampleMap_C' with ClassGeneratedBy '/Game/FirstPersonBP/Maps/FirstPersonExampleMap.FirstPersonExampleMap:PersistentLevel.FirstPersonExampleMap'
[2016.03.22-04.33.06:245][207]LogPlayLevel: PlayLevel: No blueprints needed recompiling
[2016.03.22-04.33.06:246][207]OCULUS: Info: 03/22/16 04:33:06: [From Service] 03/22/16 04:33:06: [HMD] WARNING: Unable to change dynamic prediction mode setting

[2016.03.22-04.33.06:246][207]OCULUS: Info: 03/22/16 04:33:06: [From Service] 03/22/16 04:33:06: [HMD] WARNING: Unable to change low persistence mode setting

[2016.03.22-04.33.06:246][207]OCULUS: Info: 03/22/16 04:33:06: [From Service] 03/22/16 04:33:06: [HMD] WARNING: Unable to change dynamic prediction mode setting

[2016.03.22-04.33.06:246][207]OCULUS: Info: 03/22/16 04:33:06: [From Service] 03/22/16 04:33:06: [HMD] WARNING: Unable to change low persistence mode setting

[2016.03.22-04.33.06:246][207]LogHMD:Warning: HMD Oculus Rift DK1, res = 1280 x 800
[2016.03.22-04.33.06:247][207]OCULUS: Info: 03/22/16 04:33:06: [From Service] 03/22/16 04:33:06: [HMD] WARNING: Unable to change dynamic prediction mode setting

[2016.03.22-04.33.06:247][207]OCULUS: Info: 03/22/16 04:33:06: [From Service] 03/22/16 04:33:06: [HMD] WARNING: Unable to change low persistence mode setting

[2016.03.22-04.33.06:247][207]PIE: New page: PIE session: FirstPersonExampleMap (22 Mar 2016 04:33:06)
[2016.03.22-04.33.06:247][207]LogPlayLevel: Creating play world package: /Game/FirstPersonBP/Maps/UEDPIE_0_FirstPersonExampleMap
[2016.03.22-04.33.06:279][207]LogPlayLevel: PIE: StaticDuplicateObject took: (0.032457s)
[2016.03.22-04.33.06:281][207]LogAIModule: Creating AISystem for world FirstPersonExampleMap
[2016.03.22-04.33.06:282][207]LogPlayLevel: PIE: World Init took: (0.002427s)
[2016.03.22-04.33.06:282][207]LogPlayLevel: PIE: Created PIE world by copying editor world from /Game/FirstPersonBP/Maps/FirstPersonExampleMap.FirstPersonExampleMap to /Game/FirstPersonBP/Maps/UEDPIE_0_FirstPersonExampleMap.FirstPersonExampleMap (0.035149s)
[2016.03.22-04.33.06:343][207]LogInit: XAudio2 using 'Speakers (Realtek High Definition Audio)' : 2 channels at 48 kHz using 32 bits per sample (channel mask 0x3)
[2016.03.22-04.33.06:355][207]LogInit: FAudioDevice initialized.
[2016.03.22-04.33.06:438][207]LogWorld: Game class is 'FirstPersonGameMode_C'
[2016.03.22-04.33.06:443][207]LogWorld: Bringing World /Game/FirstPersonBP/Maps/UEDPIE_0_FirstPersonExampleMap.FirstPersonExampleMap up for play (max tick rate 0) at 2016.03.22-04.33.06
[2016.03.22-04.33.06:443][207]LogActor:Warning: GameSession /Game/FirstPersonBP/Maps/UEDPIE_0_FirstPersonExampleMap.FirstPersonExampleMap:PersistentLevel.GameSession_4 has natively added scene component(s), but none of them were set as the actor's RootComponent - picking one arbitrarily
[2016.03.22-04.33.06:443][207]LogActor:Warning: GameNetworkManager /Game/FirstPersonBP/Maps/UEDPIE_0_FirstPersonExampleMap.FirstPersonExampleMap:PersistentLevel.GameNetworkManager_4 has natively added scene component(s), but none of them were set as the actor's RootComponent - picking one arbitrarily
[2016.03.22-04.33.06:444][207]LogWorld: Bringing up level for play took: 0.004503
[2016.03.22-04.33.06:465][207]PIE: Info Play in editor start time for /Game/FirstPersonBP/Maps/UEDPIE_0_FirstPersonExampleMap 0.501
[2016.03.22-04.33.06:465][207]LogBlueprintUserMessages: Late PlayInEditor Detection: Level '/Game/FirstPersonBP/Maps/FirstPersonExampleMap.FirstPersonExampleMap:PersistentLevel' has LevelScriptBlueprint '/Game/FirstPersonBP/Maps/FirstPersonExampleMap.FirstPersonExampleMap:PersistentLevel.FirstPersonExampleMap' with GeneratedClass '/Game/FirstPersonBP/Maps/FirstPersonExampleMap.FirstPersonExampleMap_C' with ClassGeneratedBy '/Game/FirstPersonBP/Maps/FirstPersonExampleMap.FirstPersonExampleMap:PersistentLevel.FirstPersonExampleMap'
[2016.03.22-04.33.06:603][207]OCULUS: Info: 03/22/16 04:33:06: [From Service] 03/22/16 04:33:06: [SwapChain] Created swapchain of type 'DirectDisplaySwapChain' provided by 'AMD'

[2016.03.22-04.33.06:603][207]OCULUS: Info: 03/22/16 04:33:06: [From Service] 03/22/16 04:33:06: [DirectDisplaySwapChain] Initialize

[2016.03.22-04.33.06:603][207]OCULUS: Info: 03/22/16 04:33:06: [IPC] Call Stats for Compositor_Create : x1: C2S=40.507, S2C=58.3997, Runtime=98284.9 (microseconds) C2Ssize=100, S2Csize=52 (bytes)

[2016.03.22-04.33.06:606][207]OCULUS: Info: 03/22/16 04:33:06: [IPC] Call Stats for Compositor_TextureSet_Create : x1: C2S=64.8609, S2C=16.8986, Runtime=1824.31 (microseconds) C2Ssize=69, S2Csize=33 (bytes)

[2016.03.22-04.33.06:606][207]LogHMD: Allocated a new swap texture set (size 1892 x 1160)
[2016.03.22-04.33.06:632][208]OCULUS: Info: 03/22/16 04:33:06: [IPC] Call Stats for Compositor_CreateMirror : x1: C2S=40.7555, S2C=8.94634, Runtime=125.994 (microseconds) C2Ssize=48, S2Csize=25 (bytes)

[2016.03.22-04.33.06:632][208]LogHMD: Allocated a new mirror texture (size 1280 x 720)
[2016.03.22-04.33.07:324][209]OCULUS: Error: 03/22/16 04:33:07: [IPC] WARNING: Overhead alert threshold exceeded for Compositor_EndFrame : x429: C2S=368.458 (28.0816-4245.78), S2C=18.2941 (4.47317-914.017), RTT=2490.06 (226.143-675766), Runtime=2103.31 (182.654-675669), IPC=386.752 (41.2525-4263.18) (microseconds) C2Ssize=995 (995-995), S2Csize=89 (89-89) (bytes)
[2016.03.22-04.33.07:366][210]LogRenderTargetPool:Warning: r.RenderTargetPoolMin exceeded 419/400 MB (ok in editor, bad on fixed memory platform)
[2016.03.22-04.33.17:333][806]OCULUS: Error: 03/22/16 04:33:17: [IPC] WARNING: Overhead alert threshold exceeded for Compositor_EndFrame : x597: C2S=297.624 (33.3002-4366.81), S2C=14.9014 (4.72168-134.444), RTT=910.077 (215.706-13388.2), Runtime=597.552 (170.974-13295), IPC=312.525 (39.513-4395.88) (microseconds) C2Ssize=995 (995-995), S2Csize=89 (89-89) (bytes)
[2016.03.22-04.33.27:333][405]OCULUS: Error: 03/22/16 04:33:27: [IPC] WARNING: Overhead alert threshold exceeded for Compositor_EndFrame : x599: C2S=248.457 (27.336-3332.51), S2C=14.5463 (4.47317-139.165), RTT=789.988 (214.215-15622.5), Runtime=526.985 (170.974-15563.6), IPC=263.003 (42.2466-3351.15) (microseconds) C2Ssize=995 (995-995), S2Csize=89 (89-89) (bytes)
[2016.03.22-04.33.30:648][603]LogBlueprintUserMessages: Early EndPlayMap Detection: Level '/Game/FirstPersonBP/Maps/FirstPersonExampleMap.FirstPersonExampleMap:PersistentLevel' has LevelScriptBlueprint '/Game/FirstPersonBP/Maps/FirstPersonExampleMap.FirstPersonExampleMap:PersistentLevel.FirstPersonExampleMap' with GeneratedClass '/Game/FirstPersonBP/Maps/FirstPersonExampleMap.FirstPersonExampleMap_C' with ClassGeneratedBy '/Game/FirstPersonBP/Maps/FirstPersonExampleMap.FirstPersonExampleMap:PersistentLevel.FirstPersonExampleMap'
[2016.03.22-04.33.30:662][603]OCULUS: Info: 03/22/16 04:33:30: [IPC] Call Stats for Compositor_DestroyMirror : x1: C2S=39.513, S2C=2.98211, Runtime=14.165 (microseconds) C2Ssize=33, S2Csize=25 (bytes)

[2016.03.22-04.33.30:662][603]LogHMD: Freeing textureSet 0x0000000018308B20
[2016.03.22-04.33.30:662][603]OCULUS: Info: 03/22/16 04:33:30: [IPC] Call Stats for Compositor_TextureSet_Destroy : x1: C2S=23.6084, S2C=1.98807, Runtime=4.97019 (microseconds) C2Ssize=46, S2Csize=25 (bytes)

[2016.03.22-04.33.30:759][603]OCULUS: Info: 03/22/16 04:33:30: [IPC] Call Stats for Compositor_Destroy : x1: C2S=22.6143, S2C=10.6859, Runtime=3402.84 (microseconds) C2Ssize=27, S2Csize=25 (bytes)

[2016.03.22-04.33.30:760][603]OCULUS: Info: 03/22/16 04:33:30: [IPC] Call Stats for Hmd_Release : x1: C2S=26.839, S2C=31.5607, Runtime=94240 (microseconds) C2Ssize=20, S2Csize=25 (bytes)

[2016.03.22-04.33.30:890][603]LogBlueprintUserMessages: Late EndPlayMap Detection: Level '/Game/FirstPersonBP/Maps/FirstPersonExampleMap.FirstPersonExampleMap:PersistentLevel' has LevelScriptBlueprint '/Game/FirstPersonBP/Maps/FirstPersonExampleMap.FirstPersonExampleMap:PersistentLevel.FirstPersonExampleMap' with GeneratedClass '/Game/FirstPersonBP/Maps/FirstPersonExampleMap.FirstPersonExampleMap_C' with ClassGeneratedBy '/Game/FirstPersonBP/Maps/FirstPersonExampleMap.FirstPersonExampleMap:PersistentLevel.FirstPersonExampleMap'
[2016.03.22-04.33.30:940][603]LogParticles: Destroying 0 GPU particle simulations for FXSystem 0x0000000030B5FBA0
[2016.03.22-04.42.30:215][374]LogSavePackage: Save=2835.357910ms
[2016.03.22-04.42.30:215][374]LogSavePackage: Moving '../../../../../../Users/Zain/Documents/GitHub/VRGameDatabase/Saved/FirstPersonExampleMap_Auto16CBB7EA546A8C1B5732014BFECDA9345.tmp' to '../../../../../../Users/Zain/Documents/GitHub/VRGameDatabase/Saved/Autosaves/Game/FirstPersonBP/Maps/FirstPersonExampleMap_Auto1.umap'
[2016.03.22-04.42.30:221][374]LogSavePackage: Total save time: 2876.913335ms
[2016.03.22-04.42.30:221][374]LogSavePackage:Display: Finished SavePackage ../../../../../../Users/Zain/Documents/GitHub/VRGameDatabase/Saved/Autosaves/Game/FirstPersonBP/Maps/FirstPersonExampleMap_Auto1.umap
[2016.03.22-04.42.30:223][374]LogFileHelpers: Editor autosave (incl. sublevels) for '/Game/FirstPersonBP/Maps/FirstPersonExampleMap' took 2.914
[2016.03.22-04.42.30:223][374]LogFileHelpers: Editor autosave (incl. sublevels) for all levels took 2.914
[2016.03.22-04.42.30:259][376]LogRenderTargetPool:Warning: r.RenderTargetPoolMin exceeded 458/400 MB (ok in editor, bad on fixed memory platform)
[2016.03.22-04.44.32:717][745]LogRenderTargetPool:Warning: r.RenderTargetPoolMin exceeded 458/400 MB (ok in editor, bad on fixed memory platform)
[2016.03.22-04.44.36:483][ 99]LogLinker:Warning: Asset '../../../Engine/Content/ArtTools/RenderToTexture/Macros/RenderToTextureMacros.uasset' has been saved with empty engine version. The asset will be loaded but may be incompatible.
[2016.03.22-04.44.37:010][ 99]LogContentBrowser: Native class hierarchy updated for 'BlueprintGraph' in 0.0009 seconds. Added 107 classes and 0 folders.
[2016.03.22-04.44.37:423][101]LogRenderTargetPool:Warning: r.RenderTargetPoolMin exceeded 458/400 MB (ok in editor, bad on fixed memory platform)
[2016.03.22-04.44.49:900][969]LogRenderTargetPool:Warning: r.RenderTargetPoolMin exceeded 458/400 MB (ok in editor, bad on fixed memory platform)
[2016.03.22-04.44.52:535][179]LogRenderTargetPool:Warning: r.RenderTargetPoolMin exceeded 458/400 MB (ok in editor, bad on fixed memory platform)
[2016.03.22-04.44.56:649][477]LogRenderTargetPool:Warning: r.RenderTargetPoolMin exceeded 458/400 MB (ok in editor, bad on fixed memory platform)
[2016.03.22-04.44.59:006][650]LogRenderTargetPool:Warning: r.RenderTargetPoolMin exceeded 458/400 MB (ok in editor, bad on fixed memory platform)
[2016.03.22-04.44.59:527][691]LogRenderTargetPool:Warning: r.RenderTargetPoolMin exceeded 458/400 MB (ok in editor, bad on fixed memory platform)
[2016.03.22-04.44.59:842][716]LogRenderTargetPool:Warning: r.RenderTargetPoolMin exceeded 458/400 MB (ok in editor, bad on fixed memory platform)
[2016.03.22-04.45.02:346][903]LogRenderTargetPool:Warning: r.RenderTargetPoolMin exceeded 458/400 MB (ok in editor, bad on fixed memory platform)
[2016.03.22-04.45.04:248][ 36]LogRenderTargetPool:Warning: r.RenderTargetPoolMin exceeded 458/400 MB (ok in editor, bad on fixed memory platform)
[2016.03.22-04.45.05:705][148]LogRenderTargetPool:Warning: r.RenderTargetPoolMin exceeded 458/400 MB (ok in editor, bad on fixed memory platform)
[2016.03.22-04.45.10:277][499]LogRenderTargetPool:Warning: r.RenderTargetPoolMin exceeded 458/400 MB (ok in editor, bad on fixed memory platform)
[2016.03.22-04.45.10:550][520]LogRenderTargetPool:Warning: r.RenderTargetPoolMin exceeded 458/400 MB (ok in editor, bad on fixed memory platform)
[2016.03.22-04.45.11:661][601]LogBlueprintUserMessages: Early PlayInEditor Detection: Level '/Game/FirstPersonBP/Maps/FirstPersonExampleMap.FirstPersonExampleMap:PersistentLevel' has LevelScriptBlueprint '/Game/FirstPersonBP/Maps/FirstPersonExampleMap.FirstPersonExampleMap:PersistentLevel.FirstPersonExampleMap' with GeneratedClass '/Game/FirstPersonBP/Maps/FirstPersonExampleMap.FirstPersonExampleMap_C' with ClassGeneratedBy '/Game/FirstPersonBP/Maps/FirstPersonExampleMap.FirstPersonExampleMap:PersistentLevel.FirstPersonExampleMap'
[2016.03.22-04.45.11:662][601]BlueprintLog: New page: Pre-Play auto-recompile
[2016.03.22-04.45.11:665][601]LogPlayLevel: [PlayLevel] Compiling FirstPersonExampleMap before play...
[2016.03.22-04.45.11:670][601]LogBlueprint:Error: [compiler FirstPersonExampleMap] Error The current value of the ' Object Types ' pin is invalid: Array inputs (like 'Object Types') must have an input wired into them (try connecting a MakeArray node).
[2016.03.22-04.45.11:766][601]LogBlueprint:Warning: [compiler FirstPersonExampleMap] Warning [1086.24] Compile of FirstPersonExampleMap failed. 1 Fatal Issue(s) 0 Warning(s) [in 99 ms]
[2016.03.22-04.45.11:767][601]LogBlueprint:Warning: [compiler FirstPersonExampleMap] Warning [1086.24] Compile of FirstPersonExampleMap failed. 1 Fatal Issue(s) 1 Warning(s) [in 0 ms]
[2016.03.22-04.45.11:767][601]LogBlueprint:Warning: [compiler FirstPersonExampleMap] Warning [1086.24] Compile of FirstPersonExampleMap failed. 1 Fatal Issue(s) 2 Warning(s) [in 0 ms]
[2016.03.22-04.45.11:767][601]LogBlueprint:Warning: [compiler FirstPersonExampleMap] Warning [1086.24] Compile of FirstPersonExampleMap failed. 1 Fatal Issue(s) 3 Warning(s) [in 0 ms]
[2016.03.22-04.45.11:769][601]LogBlueprint:Warning: [compiler FirstPersonExampleMap] Warning [1086.24] Compile of FirstPersonExampleMap failed. 1 Fatal Issue(s) 4 Warning(s) [in 1 ms]
[2016.03.22-04.45.11:769][601]LogBlueprint:Warning: [compiler FirstPersonExampleMap] Warning [1086.24] Compile of FirstPersonExampleMap failed. 1 Fatal Issue(s) 5 Warning(s) [in 0 ms]
[2016.03.22-04.45.11:769][601]LogPlayLevel: PlayLevel: Blueprint regeneration took 107 ms (1 blueprints)
[2016.03.22-04.45.11:769][601]LogActorComponent: UnregisterComponent: (/Engine/Transient.ProjectileMovementComponent_40__A6522401) Not registered. Aborting.
[2016.03.22-04.45.11:820][601]BlueprintLog: Info Blueprint FirstPersonExampleMap failed to compile
[2016.03.22-04.45.15:914][602]LogRenderTargetPool:Warning: r.RenderTargetPoolMin exceeded 458/400 MB (ok in editor, bad on fixed memory platform)
[2016.03.22-04.45.17:338][707]BlueprintLog: New page: Compile FirstPersonExampleMap
[2016.03.22-04.45.17:345][707]LogBlueprint:Error: [compiler FirstPersonExampleMap] Error The current value of the ' Object Types ' pin is invalid: Array inputs (like 'Object Types') must have an input wired into them (try connecting a MakeArray node).
[2016.03.22-04.45.17:490][707]LogBlueprint:Warning: [compiler FirstPersonExampleMap] Warning [1091.96] Compile of FirstPersonExampleMap failed. 1 Fatal Issue(s) 0 Warning(s) [in 151 ms]
[2016.03.22-04.45.17:490][707]BlueprintEditorCompileResults:Error: Error The current value of the ' Object Types ' pin is invalid: Array inputs (like 'Object Types') must have an input wired into them (try connecting a MakeArray node).
[2016.03.22-04.45.17:491][707]BlueprintEditorCompileResults:Warning: Warning [1091.96] Compile of FirstPersonExampleMap failed. 1 Fatal Issue(s) 0 Warning(s) [in 151 ms]
[2016.03.22-04.45.17:508][708]LogRenderTargetPool:Warning: r.RenderTargetPoolMin exceeded 458/400 MB (ok in editor, bad on fixed memory platform)
[2016.03.22-04.45.21:466][998]LogRenderTargetPool:Warning: r.RenderTargetPoolMin exceeded 458/400 MB (ok in editor, bad on fixed memory platform)
[2016.03.22-04.45.22:806][ 95]LogRenderTargetPool:Warning: r.RenderTargetPoolMin exceeded 458/400 MB (ok in editor, bad on fixed memory platform)
[2016.03.22-04.45.27:868][475]LogRenderTargetPool:Warning: r.RenderTargetPoolMin exceeded 458/400 MB (ok in editor, bad on fixed memory platform)
[2016.03.22-04.45.29:561][600]LogRenderTargetPool:Warning: r.RenderTargetPoolMin exceeded 458/400 MB (ok in editor, bad on fixed memory platform)
[2016.03.22-04.45.34:809][ 16]LogRenderTargetPool:Warning: r.RenderTargetPoolMin exceeded 458/400 MB (ok in editor, bad on fixed memory platform)
[2016.03.22-04.45.36:742][157]LogRenderTargetPool:Warning: r.RenderTargetPoolMin exceeded 458/400 MB (ok in editor, bad on fixed memory platform)
[2016.03.22-04.45.37:965][243]BlueprintLog: New page: Compile FirstPersonExampleMap
[2016.03.22-04.45.38:064][243]BlueprintEditorCompileResults: Info [1112.53] Compile of FirstPersonExampleMap successful! [in 98 ms]
[2016.03.22-04.45.38:082][244]LogRenderTargetPool:Warning: r.RenderTargetPoolMin exceeded 458/400 MB (ok in editor, bad on fixed memory platform)
[2016.03.22-04.45.40:898][452]LogRenderTargetPool:Warning: r.RenderTargetPoolMin exceeded 458/400 MB (ok in editor, bad on fixed memory platform)
[2016.03.22-04.45.44:712][752]LogRenderTargetPool:Warning: r.RenderTargetPoolMin exceeded 458/400 MB (ok in editor, bad on fixed memory platform)
[2016.03.22-04.45.46:857][918]LogRenderTargetPool:Warning: r.RenderTargetPoolMin exceeded 458/400 MB (ok in editor, bad on fixed memory platform)
[2016.03.22-04.45.51:841][319]LogRenderTargetPool:Warning: r.RenderTargetPoolMin exceeded 458/400 MB (ok in editor, bad on fixed memory platform)
[2016.03.22-04.46.07:269][418]LogRenderTargetPool:Warning: r.RenderTargetPoolMin exceeded 458/400 MB (ok in editor, bad on fixed memory platform)
[2016.03.22-04.46.09:112][549]LogRenderTargetPool:Warning: r.RenderTargetPoolMin exceeded 458/400 MB (ok in editor, bad on fixed memory platform)
[2016.03.22-04.46.11:522][735]LogRenderTargetPool:Warning: r.RenderTargetPoolMin exceeded 458/400 MB (ok in editor, bad on fixed memory platform)
[2016.03.22-04.46.12:436][805]BlueprintLog: New page: Compile FirstPersonExampleMap
[2016.03.22-04.46.12:532][805]BlueprintEditorCompileResults: Info [1147.00] Compile of FirstPersonExampleMap successful! [in 96 ms]
[2016.03.22-04.46.12:550][806]LogRenderTargetPool:Warning: r.RenderTargetPoolMin exceeded 458/400 MB (ok in editor, bad on fixed memory platform)
[2016.03.22-04.46.14:459][951]LogRenderTargetPool:Warning: r.RenderTargetPoolMin exceeded 458/400 MB (ok in editor, bad on fixed memory platform)
[2016.03.22-04.46.15:741][ 72]LogParticles: Destroying 0 GPU particle simulations for FXSystem 0x000000004617D6C0
[2016.03.22-04.46.20:378][ 72]LogSavePackage: Save=2811.226074ms
[2016.03.22-04.46.20:378][ 72]LogSavePackage: Moving '../../../../../../Users/Zain/Documents/GitHub/VRGameDatabase/Saved/FirstPersonExampleMap9E5564CF4E8DE9A3A7F9D08463D59CA0.tmp' to '../../../../../../Users/Zain/Documents/GitHub/VRGameDatabase/Content/FirstPersonBP/Maps/FirstPersonExampleMap.umap'
[2016.03.22-04.46.20:386][ 72]LogSavePackage: Total save time: 2822.498243ms
[2016.03.22-04.46.20:386][ 72]LogSavePackage:Display: Finished SavePackage ../../../../../../Users/Zain/Documents/GitHub/VRGameDatabase/Content/FirstPersonBP/Maps/FirstPersonExampleMap.umap
[2016.03.22-04.46.20:420][ 72]LogFileHelpers: Saving map 'FirstPersonExampleMap' took 3.037
[2016.03.22-04.46.20:758][ 73]Cmd: QUIT_EDITOR
[2016.03.22-04.46.20:910][ 73]LogExit: Preparing to exit.
[2016.03.22-04.46.21:295][ 73]LogExit: Editor shut down
[2016.03.22-04.46.21:295][ 73]LogExit: Transaction tracking system shut down
[2016.03.22-04.46.21:303][ 73]LogParticles: Destroying 0 GPU particle simulations for FXSystem 0x00000000117A5080
[2016.03.22-04.46.21:305][ 73]LogParticles: Destroying 0 GPU particle simulations for FXSystem 0x0000000028BD0E00
[2016.03.22-04.46.21:305][ 73]LogParticles: Destroying 0 GPU particle simulations for FXSystem 0x00000000298763E0
[2016.03.22-04.46.21:305][ 73]LogParticles: Destroying 0 GPU particle simulations for FXSystem 0x000000000FBCDBC0
[2016.03.22-04.46.21:306][ 73]LogParticles: Destroying 0 GPU particle simulations for FXSystem 0x000000000FBCE5C0
[2016.03.22-04.46.21:590][ 73]LogExit: Object subsystem successfully closed.
[2016.03.22-04.46.21:607][ 73]LogD3D11RHI: Shutdown
[2016.03.22-04.46.21:607][ 73]LogD3D11RHI: CleanupD3DDevice
[2016.03.22-04.46.21:675][ 73]LogD3D11RHI: ~FD3D11DynamicRHI
[2016.03.22-04.46.21:690][ 73]LogModuleManager: Shutting down and abandoning module BlueprintGraph (201)
[2016.03.22-04.46.21:690][ 73]LogModuleManager: Shutting down and abandoning module CookingStats (200)
[2016.03.22-04.46.21:690][ 73]LogModuleManager: Shutting down and abandoning module ExternalImagePicker (199)
[2016.03.22-04.46.21:690][ 73]LogModuleManager: Shutting down and abandoning module CrashTracker (198)
[2016.03.22-04.46.21:690][ 73]LogModuleManager: Shutting down and abandoning module SceneOutliner (197)
[2016.03.22-04.46.21:690][ 73]LogModuleManager: Shutting down and abandoning module SuperSearch (196)
[2016.03.22-04.46.21:690][ 73]LogModuleManager: Shutting down and abandoning module WidgetCarousel (195)
[2016.03.22-04.46.21:690][ 73]LogModuleManager: Shutting down and abandoning module AddContentDialog (194)
[2016.03.22-04.46.21:692][ 73]LogModuleManager: Shutting down and abandoning module EditorWidgets (193)
[2016.03.22-04.46.21:692][ 73]LogModuleManager: Shutting down and abandoning module CollectionManager (192)
[2016.03.22-04.46.21:692][ 73]LogModuleManager: Shutting down and abandoning module StatsViewer (191)
[2016.03.22-04.46.21:692][ 73]LogModuleManager: Shutting down and abandoning module FoliageEdit (190)
[2016.03.22-04.46.21:692][ 73]LogModuleManager: Shutting down and abandoning module LandscapeEditor (189)
[2016.03.22-04.46.21:693][ 73]LogModuleManager: Shutting down and abandoning module ActorPickerMode (188)
[2016.03.22-04.46.21:693][ 73]LogModuleManager: Shutting down and abandoning module GeometryMode (187)
[2016.03.22-04.46.21:693][ 73]LogModuleManager: Shutting down and abandoning module TextureAlignMode (186)
[2016.03.22-04.46.21:693][ 73]LogModuleManager: Shutting down and abandoning module BspMode (185)
[2016.03.22-04.46.21:693][ 73]LogModuleManager: Shutting down and abandoning module PlacementMode (184)
[2016.03.22-04.46.21:693][ 73]LogModuleManager: Shutting down and abandoning module AutomationWorker (183)
[2016.03.22-04.46.21:693][ 73]LogModuleManager: Shutting down and abandoning module CharacterAI (182)
[2016.03.22-04.46.21:693][ 73]LogModuleManager: Shutting down and abandoning module SmartSnapping (181)
[2016.03.22-04.46.21:693][ 73]LogModuleManager: Shutting down and abandoning module ViewportSnapping (180)
[2016.03.22-04.46.21:693][ 73]LogModuleManager: Shutting down and abandoning module LogVisualizer (179)
[2016.03.22-04.46.21:693][ 73]LogModuleManager: Shutting down and abandoning module GameProjectGeneration (178)
[2016.03.22-04.46.21:693][ 73]LogModuleManager: Shutting down and abandoning module IntroTutorials (177)
[2016.03.22-04.46.21:693][ 73]LogModuleManager: Shutting down and abandoning module EditorLiveStreaming (176)
[2016.03.22-04.46.21:693][ 73]LogModuleManager: Shutting down and abandoning module IOSPlatformEditor (175)
[2016.03.22-04.46.21:693][ 73]LogModuleManager: Shutting down and abandoning module HTML5PlatformEditor (174)
[2016.03.22-04.46.21:693][ 73]LogModuleManager: Shutting down and abandoning module AndroidDeviceDetection (173)
[2016.03.22-04.46.22:625][ 73]LogModuleManager: Shutting down and abandoning module AndroidPlatformEditor (172)
[2016.03.22-04.46.22:625][ 73]LogModuleManager: Shutting down and abandoning module IOSRuntimeSettings (171)
[2016.03.22-04.46.22:625][ 73]LogModuleManager: Shutting down and abandoning module AndroidRuntimeSettings (170)
[2016.03.22-04.46.22:625][ 73]LogModuleManager: Shutting down and abandoning module MergeActors (169)
[2016.03.22-04.46.22:625][ 73]LogModuleManager: Shutting down and abandoning module SizeMap (168)
[2016.03.22-04.46.22:625][ 73]LogModuleManager: Shutting down and abandoning module TreeMap (167)
[2016.03.22-04.46.22:625][ 73]LogModuleManager: Shutting down and abandoning module ReferenceViewer (166)
[2016.03.22-04.46.22:625][ 73]LogModuleManager: Shutting down and abandoning module LocalizationService (165)
[2016.03.22-04.46.22:625][ 73]LogModuleManager: Shutting down and abandoning module LocalizationDashboard (164)
[2016.03.22-04.46.22:626][ 73]LogModuleManager: Shutting down and abandoning module HardwareTargeting (163)
[2016.03.22-04.46.22:626][ 73]LogModuleManager: Shutting down and abandoning module DeviceProfileEditor (162)
[2016.03.22-04.46.22:626][ 73]LogModuleManager: Shutting down and abandoning module UndoHistory (161)
[2016.03.22-04.46.22:626][ 73]LogModuleManager: Shutting down and abandoning module GameplayTagsEditor (160)
[2016.03.22-04.46.22:626][ 73]LogModuleManager: Shutting down and abandoning module UserFeedback (159)
[2016.03.22-04.46.22:626][ 73]LogModuleManager: Shutting down and abandoning module XmlParser (158)
[2016.03.22-04.46.22:626][ 73]LogModuleManager: Shutting down and abandoning module Blutility (157)
[2016.03.22-04.46.22:626][ 73]LogModuleManager: Shutting down and abandoning module ProjectTargetPlatformEditor (156)
[2016.03.22-04.46.22:626][ 73]LogModuleManager: Shutting down and abandoning module ProjectSettingsViewer (155)
[2016.03.22-04.46.22:626][ 73]LogModuleManager: Shutting down and abandoning module InputBindingEditor (154)
[2016.03.22-04.46.22:626][ 73]LogModuleManager: Shutting down and abandoning module EditorSettingsViewer (153)
[2016.03.22-04.46.22:626][ 73]LogModuleManager: Shutting down and abandoning module SettingsEditor (152)
[2016.03.22-04.46.22:626][ 73]LogModuleManager: Shutting down and abandoning module ProjectLauncher (151)
[2016.03.22-04.46.22:626][ 73]LogModuleManager: Shutting down and abandoning module SessionFrontend (150)
[2016.03.22-04.46.22:626][ 73]LogModuleManager: Shutting down and abandoning module ProfilerClient (149)
[2016.03.22-04.46.22:626][ 73]LogModuleManager: Shutting down and abandoning module TargetDeviceServices (148)
[2016.03.22-04.46.22:626][ 73]LogModuleManager: Shutting down and abandoning module DeviceManager (147)
[2016.03.22-04.46.22:626][ 73]LogModuleManager: Shutting down and abandoning module AutomationController (146)
[2016.03.22-04.46.22:626][ 73]LogModuleManager: Shutting down and abandoning module AutomationWindow (145)
[2016.03.22-04.46.22:626][ 73]LogModuleManager: Shutting down and abandoning module Layers (144)
[2016.03.22-04.46.22:626][ 73]LogModuleManager: Shutting down and abandoning module ComponentVisualizers (143)
[2016.03.22-04.46.22:626][ 73]LogModuleManager: Shutting down and abandoning module DetailCustomizations (142)
[2016.03.22-04.46.22:626][ 73]LogModuleManager: Shutting down and abandoning module PackagesDialog (141)
[2016.03.22-04.46.22:626][ 73]LogModuleManager: Shutting down and abandoning module Persona (140)
[2016.03.22-04.46.22:626][ 73]LogModuleManager: Shutting down and abandoning module Kismet (139)
[2016.03.22-04.46.22:626][ 73]LogModuleManager: Shutting down and abandoning module GraphEditor (138)
[2016.03.22-04.46.22:627][ 73]LogModuleManager: Shutting down and abandoning module ClassViewer (137)
[2016.03.22-04.46.22:627][ 73]LogModuleManager: Shutting down and abandoning module Toolbox (136)
[2016.03.22-04.46.22:627][ 73]LogModuleManager: Shutting down and abandoning module ModuleUI (135)
[2016.03.22-04.46.22:627][ 73]LogModuleManager: Shutting down and abandoning module MovieSceneTools (134)
[2016.03.22-04.46.22:627][ 73]LogModuleManager: Shutting down and abandoning module OutputLog (133)
[2016.03.22-04.46.22:627][ 73]LogModuleManager: Shutting down and abandoning module GammaUI (132)
[2016.03.22-04.46.22:627][ 73]LogModuleManager: Shutting down and abandoning module Documentation (131)
[2016.03.22-04.46.22:627][ 73]LogModuleManager: Shutting down and abandoning module GameLiveStreaming (130)
[2016.03.22-04.46.22:627][ 73]LogModuleManager: Shutting down and abandoning module StreamingPauseRendering (129)
[2016.03.22-04.46.22:627][ 73]LogModuleManager: Shutting down and abandoning module AnalyticsET (128)
[2016.03.22-04.46.22:627][ 73]LogModuleManager: Shutting down and abandoning module Analytics (127)
[2016.03.22-04.46.22:627][ 73]LogModuleManager: Shutting down and abandoning module AITestSuite (126)
[2016.03.22-04.46.22:627][ 73]LogModuleManager: Shutting down and abandoning module GameplayDebugger (125)
[2016.03.22-04.46.22:627][ 73]LogModuleManager: Shutting down and abandoning module AIModule (124)
[2016.03.22-04.46.22:627][ 73]LogModuleManager: Shutting down and abandoning module ProfilerService (123)
[2016.03.22-04.46.22:782][ 73]LogModuleManager: Shutting down and abandoning module TaskGraph (122)
[2016.03.22-04.46.22:782][ 73]LogModuleManager: Shutting down and abandoning module SlateRemote (121)
[2016.03.22-04.46.22:782][ 73]LogModuleManager: Shutting down and abandoning module SteamVRController (120)
[2016.03.22-04.46.22:782][ 73]LogModuleManager: Shutting down and abandoning module SteamVR (119)
[2016.03.22-04.46.22:782][ 73]LogModuleManager: Shutting down and abandoning module ProceduralMeshComponent (118)
[2016.03.22-04.46.22:782][ 73]LogModuleManager: Shutting down and abandoning module OculusLibrary (117)
[2016.03.22-04.46.22:782][ 73]LogModuleManager: Shutting down and abandoning module OculusInput (116)
[2016.03.22-04.46.22:782][ 73]LogModuleManager: Shutting down and abandoning module LeapMotionController (115)
[2016.03.22-04.46.22:800][ 73]LogModuleManager: Shutting down and abandoning module CustomMeshComponent (114)
[2016.03.22-04.46.22:800][ 73]LogModuleManager: Shutting down and abandoning module CableComponent (113)
[2016.03.22-04.46.22:800][ 73]LogModuleManager: Shutting down and abandoning module ArchVisCharacter (112)
[2016.03.22-04.46.22:800][ 73]LogModuleManager: Shutting down and abandoning module MessagingDebugger (111)
[2016.03.22-04.46.22:800][ 73]LogModuleManager: Shutting down and abandoning module MediaPlayerEditor (110)
[2016.03.22-04.46.22:800][ 73]LogModuleManager: Shutting down and abandoning module HTML5Networking (109)
[2016.03.22-04.46.22:800][ 73]LogModuleManager: Shutting down and abandoning module SpeedTreeImporter (108)
[2016.03.22-04.46.22:800][ 73]LogModuleManager: Shutting down and abandoning module PluginBrowser (107)
[2016.03.22-04.46.22:800][ 73]LogModuleManager: Shutting down and abandoning module EpicSurvey (106)
[2016.03.22-04.46.22:800][ 73]LogModuleManager: Shutting down and abandoning module DesktopPlatform (105)
[2016.03.22-04.46.22:800][ 73]LogModuleManager: Shutting down and abandoning module VisualStudioSourceCodeAccess (104)
[2016.03.22-04.46.22:801][ 73]LogModuleManager: Shutting down and abandoning module UObjectPlugin (103)
[2016.03.22-04.46.22:801][ 73]LogModuleManager: Shutting down and abandoning module SubversionSourceControl (102)
[2016.03.22-04.46.22:801][ 73]LogModuleManager: Shutting down and abandoning module PerforceSourceControl (101)
[2016.03.22-04.46.22:801][ 73]LogModuleManager: Shutting down and abandoning module SourceControl (100)
[2016.03.22-04.46.22:801][ 73]LogModuleManager: Shutting down and abandoning module GitSourceControl (99)
[2016.03.22-04.46.22:801][ 73]LogModuleManager: Shutting down and abandoning module LightPropagationVolumeEditor (98)
[2016.03.22-04.46.22:801][ 73]LogModuleManager: Shutting down and abandoning module PaperTiledImporter (97)
[2016.03.22-04.46.22:801][ 73]LogModuleManager: Shutting down and abandoning module PaperSpriteSheetImporter (96)
[2016.03.22-04.46.22:801][ 73]LogModuleManager: Shutting down and abandoning module MeshPaint (95)
[2016.03.22-04.46.22:801][ 73]LogModuleManager: Shutting down and abandoning module SlateReflector (94)
[2016.03.22-04.46.22:801][ 73]LogModuleManager: Shutting down and abandoning module HotReload (93)
[2016.03.22-04.46.22:801][ 73]LogModuleManager: Shutting down and abandoning module MainFrame (92)
[2016.03.22-04.46.22:801][ 73]LogModuleManager: Shutting down and abandoning module LevelEditor (91)
[2016.03.22-04.46.22:802][ 73]LogModuleManager: Shutting down and abandoning module DirectoryWatcher (90)
[2016.03.22-04.46.22:804][ 73]LogModuleManager: Shutting down and abandoning module AssetRegistry (89)
[2016.03.22-04.46.22:889][ 73]LogModuleManager: Shutting down and abandoning module ContentBrowser (88)
[2016.03.22-04.46.22:890][ 73]LogModuleManager: Shutting down and abandoning module Paper2DEditor (87)
[2016.03.22-04.46.22:890][ 73]LogModuleManager: Shutting down and abandoning module UdpMessaging (86)
[2016.03.22-04.46.22:990][ 73]LogModuleManager: Shutting down and abandoning module LightPropagationVolumeRuntime (85)
[2016.03.22-04.46.22:990][ 73]LogModuleManager: Shutting down and abandoning module Paper2D (84)
[2016.03.22-04.46.22:990][ 73]LogModuleManager: Shutting down and abandoning module WindowsMoviePlayer (83)
[2016.03.22-04.46.22:994][ 73]LogModuleManager: Shutting down and abandoning module Media (82)
[2016.03.22-04.46.22:994][ 73]LogModuleManager: Shutting down and abandoning module WmfMedia (81)
[2016.03.22-04.46.22:994][ 73]LogModuleManager: Shutting down and abandoning module OnlineBlueprintSupport (80)
[2016.03.22-04.46.22:994][ 73]LogModuleManager: Shutting down and abandoning module GameplayTasksEditor (79)
[2016.03.22-04.46.22:994][ 73]LogModuleManager: Shutting down and abandoning module PropertyEditor (78)
[2016.03.22-04.46.22:994][ 73]LogModuleManager: Shutting down and abandoning module BehaviorTreeEditor (77)
[2016.03.22-04.46.22:994][ 73]LogModuleManager: Shutting down and abandoning module FunctionalTesting (76)
[2016.03.22-04.46.22:994][ 73]LogModuleManager: Shutting down and abandoning module CollisionAnalyzer (75)
[2016.03.22-04.46.22:994][ 73]LogModuleManager: Shutting down and abandoning module WorkspaceMenuStructure (74)
[2016.03.22-04.46.22:994][ 73]LogModuleManager: Shutting down and abandoning module MessageLog (73)
[2016.03.22-04.46.22:994][ 73]LogModuleManager: Shutting down and abandoning module Sequencer (72)
[2016.03.22-04.46.22:995][ 73]LogModuleManager: Shutting down and abandoning module AssetTools (71)
[2016.03.22-04.46.22:995][ 73]LogModuleManager: Shutting down and abandoning module UMGEditor (70)
[2016.03.22-04.46.22:995][ 73]LogModuleManager: Shutting down and abandoning module UMG (69)
[2016.03.22-04.46.22:995][ 73]LogModuleManager: Shutting down and abandoning module Slate (68)
[2016.03.22-04.46.22:995][ 73]LogModuleManager: Shutting down and abandoning module EditorStyle (67)
[2016.03.22-04.46.22:997][ 73]LogModuleManager: Shutting down and abandoning module SessionServices (66)
[2016.03.22-04.46.22:997][ 73]LogModuleManager: Shutting down and abandoning module SourceCodeAccess (65)
[2016.03.22-04.46.22:997][ 73]LogModuleManager: Shutting down and abandoning module HeadMountedDisplay (64)
[2016.03.22-04.46.22:997][ 73]LogModuleManager: Shutting down and abandoning module XAudio2 (63)
[2016.03.22-04.46.22:997][ 73]LogModuleManager: Shutting down and abandoning module Networking (61)
[2016.03.22-04.46.22:997][ 73]LogModuleManager: Shutting down and abandoning module Core (60)
[2016.03.22-04.46.22:997][ 73]LogModuleManager: Shutting down and abandoning module KismetCompiler (59)
[2016.03.22-04.46.22:997][ 73]LogModuleManager: Shutting down and abandoning module PhysXFormats (58)
[2016.03.22-04.46.22:997][ 73]LogModuleManager: Shutting down and abandoning module MeshUtilities (57)
[2016.03.22-04.46.22:997][ 73]LogModuleManager: Shutting down and abandoning module DerivedDataCache (56)
[2016.03.22-04.46.23:031][ 73]LogDerivedDataCache: Shutdown
[2016.03.22-04.46.23:031][ 73]LogModuleManager: Shutting down and abandoning module ShaderFormatOpenGL (55)
[2016.03.22-04.46.23:031][ 73]LogModuleManager: Shutting down and abandoning module ShaderFormatD3D (54)
[2016.03.22-04.46.23:031][ 73]LogModuleManager: Shutting down and abandoning module MetalShaderFormat (53)
[2016.03.22-04.46.23:031][ 73]LogModuleManager: Shutting down and abandoning module TextureFormatUncompressed (52)
[2016.03.22-04.46.23:031][ 73]LogModuleManager: Shutting down and abandoning module TextureFormatPVR (51)
[2016.03.22-04.46.23:031][ 73]LogModuleManager: Shutting down and abandoning module TextureFormatIntelISPCTexComp (50)
[2016.03.22-04.46.23:031][ 73]LogModuleManager: Shutting down and abandoning module TextureFormatDXT (49)
[2016.03.22-04.46.23:031][ 73]LogModuleManager: Shutting down and abandoning module ImageWrapper (48)
[2016.03.22-04.46.23:031][ 73]LogModuleManager: Shutting down and abandoning module TextureFormatASTC (47)
[2016.03.22-04.46.23:031][ 73]LogModuleManager: Shutting down and abandoning module TextureFormatAndroid (46)
[2016.03.22-04.46.23:031][ 73]LogModuleManager: Shutting down and abandoning module AudioFormatOpus (45)
[2016.03.22-04.46.23:031][ 73]LogModuleManager: Shutting down and abandoning module AudioFormatOgg (44)
[2016.03.22-04.46.23:031][ 73]LogModuleManager: Shutting down and abandoning module AudioFormatADPCM (43)
[2016.03.22-04.46.23:031][ 73]LogModuleManager: Shutting down and abandoning module LinuxTargetPlatform (42)
[2016.03.22-04.46.23:032][ 73]LogModuleManager: Shutting down and abandoning module LinuxServerTargetPlatform (41)
[2016.03.22-04.46.23:032][ 73]LogModuleManager: Shutting down and abandoning module LinuxNoEditorTargetPlatform (40)
[2016.03.22-04.46.23:032][ 73]LogModuleManager: Shutting down and abandoning module Messaging (39)
[2016.03.22-04.46.23:032][ 73]LogModuleManager: Shutting down and abandoning module IOSTargetPlatform (38)
[2016.03.22-04.46.23:032][ 73]LogModuleManager: Shutting down and abandoning module HTML5TargetPlatform (37)
[2016.03.22-04.46.23:032][ 73]LogModuleManager: Shutting down and abandoning module Android_PVRTCTargetPlatform (36)
[2016.03.22-04.46.23:032][ 73]LogModuleManager: Shutting down and abandoning module Android_MultiTargetPlatform (35)
[2016.03.22-04.46.23:032][ 73]LogModuleManager: Shutting down and abandoning module Android_ETC2TargetPlatform (34)
[2016.03.22-04.46.23:032][ 73]LogModuleManager: Shutting down and abandoning module Android_ETC1TargetPlatform (33)
[2016.03.22-04.46.23:032][ 73]LogModuleManager: Shutting down and abandoning module Android_DXTTargetPlatform (32)
[2016.03.22-04.46.23:032][ 73]LogModuleManager: Shutting down and abandoning module Android_ATCTargetPlatform (31)
[2016.03.22-04.46.23:032][ 73]LogModuleManager: Shutting down and abandoning module Android_ASTCTargetPlatform (30)
[2016.03.22-04.46.23:032][ 73]LogModuleManager: Shutting down and abandoning module AndroidTargetPlatform (29)
[2016.03.22-04.46.23:032][ 73]LogModuleManager: Shutting down and abandoning module WindowsTargetPlatform (28)
[2016.03.22-04.46.23:032][ 73]LogModuleManager: Shutting down and abandoning module WindowsServerTargetPlatform (27)
[2016.03.22-04.46.23:032][ 73]LogModuleManager: Shutting down and abandoning module WindowsNoEditorTargetPlatform (26)
[2016.03.22-04.46.23:032][ 73]LogModuleManager: Shutting down and abandoning module WindowsClientTargetPlatform (25)
[2016.03.22-04.46.23:032][ 73]LogModuleManager: Shutting down and abandoning module AllDesktopTargetPlatform (24)
[2016.03.22-04.46.23:032][ 73]LogModuleManager: Shutting down and abandoning module TargetPlatform (23)
[2016.03.22-04.46.23:032][ 73]LogModuleManager: Shutting down and abandoning module InputCore (22)
[2016.03.22-04.46.23:032][ 73]LogModuleManager: Shutting down and abandoning module Settings (21)
[2016.03.22-04.46.23:032][ 73]LogModuleManager: Shutting down and abandoning module OnlineSubsystem (19)
[2016.03.22-04.46.23:032][ 73]LogModuleManager: Shutting down and abandoning module HTTP (18)
[2016.03.22-04.46.24:032][ 73]LogModuleManager: Shutting down and abandoning module XMPP (17)
[2016.03.22-04.46.24:032][ 73]LogModuleManager: Shutting down and abandoning module OculusRift (16)
[2016.03.22-04.46.24:032][ 73]LogHMD: Oculus shutdown.
[2016.03.22-04.46.24:032][ 73]LogModuleManager: Shutting down and abandoning module ExampleDeviceProfileSelector (15)
[2016.03.22-04.46.24:032][ 73]LogModuleManager: Shutting down and abandoning module TextureCompressor (14)
[2016.03.22-04.46.24:032][ 73]LogModuleManager: Shutting down and abandoning module ShaderCore (13)
[2016.03.22-04.46.24:032][ 73]LogModuleManager: Shutting down and abandoning module Landscape (12)
[2016.03.22-04.46.24:032][ 73]LogModuleManager: Shutting down and abandoning module SlateRHIRenderer (11)
[2016.03.22-04.46.24:034][ 73]LogModuleManager: Shutting down and abandoning module OpenGLDrv (10)
[2016.03.22-04.46.24:034][ 73]LogModuleManager: Shutting down and abandoning module D3D11RHI (9)
[2016.03.22-04.46.24:034][ 73]LogModuleManager: Shutting down and abandoning module AnimGraphRuntime (8)
[2016.03.22-04.46.24:034][ 73]LogModuleManager: Shutting down and abandoning module Renderer (7)
[2016.03.22-04.46.24:034][ 73]LogModuleManager: Shutting down and abandoning module Engine (6)
[2016.03.22-04.46.24:034][ 73]LogModuleManager: Shutting down and abandoning module CoreUObject (5)
[2016.03.22-04.46.24:034][ 73]LogModuleManager: Shutting down and abandoning module NetworkFile (4)
[2016.03.22-04.46.24:034][ 73]LogModuleManager: Shutting down and abandoning module StreamingFile (3)
[2016.03.22-04.46.24:034][ 73]LogModuleManager: Shutting down and abandoning module SandboxFile (2)
[2016.03.22-04.46.24:034][ 73]LogModuleManager: Shutting down and abandoning module PakFile (1)
[2016.03.22-04.46.24:116][ 73]LogExit: Exiting.
[2016.03.22-04.46.24:131][ 73]Log file closed, 03/22/16 04:46:24
