[2016.03.23-02.50.49:714][  0]Log file open, 03/23/16 02:50:49
[2016.03.23-02.50.49:714][  0]LogInit:Display: Running engine for game: VRGameDatabase
[2016.03.23-02.50.49:714][  0]LogPlatformFile: Not using cached read wrapper
[2016.03.23-02.50.49:714][  0]LogInit:Display: RandInit(52141839) SRandInit(52141843).
[2016.03.23-02.50.49:714][  0]LogTaskGraph: Started task graph with 4 named threads and 5 total threads.
[2016.03.23-02.50.49:714][  0]LogStats: Stats thread started at 0.329532
[2016.03.23-02.50.49:714][  0]LogInit: Version: 4.10.4-2872498+++depot+UE4-Releases+4.10
[2016.03.23-02.50.49:714][  0]LogInit: API Version: 2758231
[2016.03.23-02.50.49:714][  0]LogInit: Compiled (64-bit): Feb 18 2016 15:47:04
[2016.03.23-02.50.49:714][  0]LogInit: Compiled with Visual C++: 19.00.23026.00
[2016.03.23-02.50.49:714][  0]LogInit: Build Configuration: Development
[2016.03.23-02.50.49:714][  0]LogInit: Branch Name: ++depot+UE4-Releases+4.10
[2016.03.23-02.50.49:714][  0]LogInit: Command line:  
[2016.03.23-02.50.49:714][  0]LogInit: Base directory: C:/Program Files (x86)/Epic Games/4.10/Engine/Binaries/Win64/
[2016.03.23-02.50.49:714][  0]LogInit: Rocket: 1
[2016.03.23-02.50.49:755][  0]LogInit: Using libcurl 7.41.0
[2016.03.23-02.50.49:755][  0]LogInit:  - built for x86_64-pc-win32
[2016.03.23-02.50.49:755][  0]LogInit:  - supports SSL with WinSSL
[2016.03.23-02.50.49:755][  0]LogInit:  - other features:
[2016.03.23-02.50.49:755][  0]LogInit:      CURL_VERSION_SSL
[2016.03.23-02.50.49:755][  0]LogInit:      CURL_VERSION_IPV6
[2016.03.23-02.50.49:755][  0]LogInit:      CURL_VERSION_ASYNCHDNS
[2016.03.23-02.50.49:755][  0]LogInit:      CURL_VERSION_LARGEFILE
[2016.03.23-02.50.49:755][  0]LogInit:      CURL_VERSION_IDN
[2016.03.23-02.50.49:755][  0]LogInit:  CurlRequestOptions (configurable via config and command line):
[2016.03.23-02.50.49:755][  0]LogInit:  - bVerifyPeer = true  - Libcurl will verify peer certificate
[2016.03.23-02.50.49:755][  0]LogInit:  - bUseHttpProxy = false  - Libcurl will NOT use HTTP proxy
[2016.03.23-02.50.49:755][  0]LogInit:  - bDontReuseConnections = false  - Libcurl will reuse connections
[2016.03.23-02.50.49:755][  0]LogInit:  - CertBundlePath = nullptr  - Libcurl will use whatever was configured at build time.
[2016.03.23-02.50.49:771][  0]LogInit: Presizing for 0 objects not considered by GC, pre-allocating 0 bytes.
[2016.03.23-02.50.49:779][  0]LogInit: Object subsystem initialized
[2016.03.23-02.50.49:780][  0]LogInit: Selected Device Profile: [Windows]
[2016.03.23-02.50.49:780][  0]LogInit: Applying CVar settings loaded from the selected device profile: [Windows]
[2016.03.23-02.50.49:789][  0]LogInit: Computer: ZAIN-PC
[2016.03.23-02.50.49:789][  0]LogInit: User: Zain
[2016.03.23-02.50.49:789][  0]LogInit: CPU Page size=4096, Cores=2
[2016.03.23-02.50.49:790][  0]LogInit: High frequency timer resolution =4.023974 MHz
[2016.03.23-02.50.49:790][  0]LogMemory: Memory total: Physical=7.9GB (8GB approx)
[2016.03.23-02.50.49:790][  0]LogMemory: Platform Memory Stats for Windows
[2016.03.23-02.50.49:790][  0]LogMemory: Process Physical Memory: 56.43 MB used, 56.43 MB peak
[2016.03.23-02.50.49:790][  0]LogMemory: Process Virtual Memory: 59.54 MB used, 59.54 MB peak
[2016.03.23-02.50.49:790][  0]LogMemory: Physical Memory: 2454.75 MB used, 8128.26 MB total
[2016.03.23-02.50.49:790][  0]LogMemory: Virtual Memory: 352.88 MB used, 8388608.00 MB total
[2016.03.23-02.50.49:909][  0]LogTextLocalizationManager: No specific translations for ('en-GB') exist, so ('en') translations will be used.
[2016.03.23-02.50.50:380][  0]LogD3D11RHI: Found D3D11 adapter 0: AMD Radeon (TM) R9 380 Series (Feature Level 11_0)
[2016.03.23-02.50.50:380][  0]LogD3D11RHI: Adapter has 4072MB of dedicated video memory, 0MB of dedicated system memory, and 3808MB of shared system memory, 1 output[s]
[2016.03.23-02.50.50:380][  0]LogD3D11RHI: Chosen D3D11 Adapter Id = 0
[2016.03.23-02.50.50:387][  0]LogD3D11RHI: !Direct3DDevice
[2016.03.23-02.50.50:387][  0]LogRHI: Texture pool is 1361 MB (70% of 1945 MB)
[2016.03.23-02.50.50:402][  0]LogD3D11RHI: Async texture creation disabled: no driver support
[2016.03.23-02.50.50:545][  0]LogShaderCompilers: Guid format shader working directory is -15 characters bigger than the processId version (../../../../../../Users/Zain/Documents/GitHub/VRGameDatabase/Intermediate/Shaders/WorkingDirectory/3216/).
[2016.03.23-02.50.50:545][  0]LogShaderCompilers: Cleaned the shader compiler working directory 'C:/Users/Zain/AppData/Local/Temp/UnrealShaderWorkingDir/1C2F8B4445A6DA45FF45A483B4E0E563/'.
[2016.03.23-02.50.50:546][  0]LogShaderCompilers:Display: Using Local Shader Compiler.
[2016.03.23-02.50.53:504][  0]LogTemp:Display: Loaded TP AllDesktopTargetPlatform
[2016.03.23-02.50.53:514][  0]LogTemp:Display: Loaded TP WindowsClientTargetPlatform
[2016.03.23-02.50.53:522][  0]LogTemp:Display: Loaded TP WindowsNoEditorTargetPlatform
[2016.03.23-02.50.53:531][  0]LogTemp:Display: Loaded TP WindowsServerTargetPlatform
[2016.03.23-02.50.53:566][  0]LogTemp:Display: Loaded TP WindowsTargetPlatform
[2016.03.23-02.50.53:599][  0]LogTemp:Display: Loaded TP AndroidTargetPlatform
[2016.03.23-02.50.53:607][  0]LogTemp:Display: Loaded TP Android_ASTCTargetPlatform
[2016.03.23-02.50.53:616][  0]LogTemp:Display: Loaded TP Android_ATCTargetPlatform
[2016.03.23-02.50.53:652][  0]LogTemp:Display: Loaded TP Android_DXTTargetPlatform
[2016.03.23-02.50.53:661][  0]LogTemp:Display: Loaded TP Android_ETC1TargetPlatform
[2016.03.23-02.50.53:670][  0]LogTemp:Display: Loaded TP Android_ETC2TargetPlatform
[2016.03.23-02.50.53:703][  0]LogTemp:Display: Loaded TP Android_MultiTargetPlatform
[2016.03.23-02.50.53:703][  0]LogTemp:Display: Loaded TP Android_PVRTCTargetPlatform
[2016.03.23-02.50.53:708][  0]LogTemp:Display: Loaded TP HTML5TargetPlatform
[2016.03.23-02.50.53:815][  0]LogTemp:Display: Loaded TP IOSTargetPlatform
[2016.03.23-02.50.53:823][  0]LogTemp:Display: Loaded TP LinuxNoEditorTargetPlatform
[2016.03.23-02.50.53:830][  0]LogTemp:Display: Loaded TP LinuxServerTargetPlatform
[2016.03.23-02.50.53:856][  0]LogTemp:Display: Loaded TP LinuxTargetPlatform
[2016.03.23-02.50.53:857][  0]LogTargetPlatformManager:Display: Building Assets For Windows
[2016.03.23-02.50.54:439][  0]LogDerivedDataCache:Display: Max Cache Size: 512 MB
[2016.03.23-02.50.54:974][  0]LogDerivedDataCache: Loaded boot cache 0.54s 41MB C:/Users/Zain/AppData/Local/UnrealEngine/4.10/DerivedDataCache/Boot.ddc.
[2016.03.23-02.50.54:974][  0]LogDerivedDataCache:Display: Loaded Boot cache: C:/Users/Zain/AppData/Local/UnrealEngine/4.10/DerivedDataCache/Boot.ddc
[2016.03.23-02.50.54:974][  0]LogDerivedDataCache: FDerivedDataBackendGraph:  Pak pak cache file ../../../../../../Users/Zain/Documents/GitHub/VRGameDatabase/DerivedDataCache/DDC.ddp not found, will not use a pak cache.
[2016.03.23-02.50.54:975][  0]LogDerivedDataCache: Unable to find inner node Pak for hierarchical cache Hierarchy.
[2016.03.23-02.50.54:975][  0]LogDerivedDataCache: FDerivedDataBackendGraph:  CompressedPak pak cache file ../../../../../../Users/Zain/Documents/GitHub/VRGameDatabase/DerivedDataCache/Compressed.ddp not found, will not use a pak cache.
[2016.03.23-02.50.54:975][  0]LogDerivedDataCache: Unable to find inner node CompressedPak for hierarchical cache Hierarchy.
[2016.03.23-02.50.55:148][  0]LogDerivedDataCache:Display: Pak cache opened for reading ../../../Engine/DerivedDataCache/Compressed.ddp.
[2016.03.23-02.50.55:160][  0]LogDerivedDataCache: Using Local data cache path C:/Users/Zain/AppData/Local/UnrealEngine/Common/DerivedDataCache: Writable
[2016.03.23-02.51.01:915][  0]LogInit: Selected Device Profile: [Windows]
[2016.03.23-02.51.01:915][  0]LogContentStreaming: Texture pool size is 0.000000MB
[2016.03.23-02.51.02:037][  0]LogMeshUtilities: No automatic mesh reduction module available
[2016.03.23-02.51.02:037][  0]LogMeshUtilities: No automatic mesh merging module available
[2016.03.23-02.51.02:963][  0]LogInit: WinSock: version 1.1 (2.2), MaxSocks=32767, MaxUdp=65467
[2016.03.23-02.51.13:626][  0]UdpMessaging: Initializing bridge on interface 0.0.0.0:0 to multicast group 230.0.0.1:6666.
[2016.03.23-02.51.13:959][  0]LogAssetRegistry: FAssetRegistry took 0.0107 seconds to start up
[2016.03.23-02.51.14:672][  0]SourceControl: Info Source control is disabled
[2016.03.23-02.51.14:673][  0]SourceControl: Info Source control is disabled
[2016.03.23-02.51.14:754][  0]SourceControl: Info Source control is disabled
[2016.03.23-02.51.14:821][  0]SourceControl: Info Source control is disabled
[2016.03.23-02.51.16:245][  0]LogObj: 28633 objects as part of root set at end of initial load.
[2016.03.23-02.51.16:245][  0]LogUObjectAllocator: 6099744 out of 0 bytes used by permanent object pool.
[2016.03.23-02.51.16:462][  0]LogEngine: Initializing Engine...
[2016.03.23-02.51.16:641][  0]OCULUS: Info: 03/23/16 02:51:16: [CAPI] LibOVR module is located at C:\Windows\system32\LibOVRRT64_0_8.dll

[2016.03.23-02.51.16:642][  0]OCULUS: Info: 03/23/16 02:51:16: [IPC] Call Stats for SetInitialState : x1: C2S=31.3123, S2C=8.44936, Runtime=56.4119 (microseconds) C2Ssize=80, S2Csize=81 (bytes)

[2016.03.23-02.51.16:642][  0]OCULUS: Info: 03/23/16 02:51:16: [IPC] Call Stats for IsLatencyTesterAvailable : x1: C2S=26.0936, S2C=6.21276, Runtime=1.24255 (microseconds) C2Ssize=33, S2Csize=18 (bytes)

[2016.03.23-02.51.16:642][  0]OCULUS: Info: 03/23/16 02:51:16: [IPC] Call Stats for Hmd_Create : x1: C2S=14.6621, S2C=5.96425, Runtime=15.9047 (microseconds) C2Ssize=19, S2Csize=171 (bytes)

[2016.03.23-02.51.16:642][  0]OCULUS: Info: 03/23/16 02:51:16: [IPC] Call Stats for Hmd_GetHmdInfo : x1: C2S=14.6621, S2C=11.183, Runtime=14.9106 (microseconds) C2Ssize=23, S2Csize=803 (bytes)

[2016.03.23-02.51.16:643][  0]OCULUS: Info: 03/23/16 02:51:16: [IPC] Call Stats for SetNumberValue : x1: C2S=18.8868, S2C=6.70978, Runtime=6.70978 (microseconds) C2Ssize=55, S2Csize=25 (bytes)

[2016.03.23-02.51.16:643][  0]OCULUS: Info: 03/23/16 02:51:16: [IPC] Call Stats for SetNumberValues : x1: C2S=15.9047, S2C=7.70383, Runtime=7.95234 (microseconds) C2Ssize=81, S2Csize=25 (bytes)

[2016.03.23-02.51.16:643][  0]OCULUS: Info: 03/23/16 02:51:16: [IPC] Call Stats for Hmd_SetEnabledCaps : x1: C2S=14.9106, S2C=5.46723, Runtime=92.1974 (microseconds) C2Ssize=35, S2Csize=33 (bytes)

[2016.03.23-02.51.16:643][  0]OCULUS: Info: 03/23/16 02:51:16: [IPC] Call Stats for Hmd_ConfigureTracking : x1: C2S=15.4077, S2C=5.71574, Runtime=75.0502 (microseconds) C2Ssize=46, S2Csize=25 (bytes)

[2016.03.23-02.51.16:643][  0]OCULUS: Info: 03/23/16 02:51:16: [IPC] Call Stats for Hmd_Release : x1: C2S=15.1591, S2C=5.21872, Runtime=72.5651 (microseconds) C2Ssize=20, S2Csize=25 (bytes)

[2016.03.23-02.51.16:654][  0]LogHMD: Oculus plugin initialized. Version: 4.10.4-2872498+++depot+UE4-Releases+4.10, LibOVR: 0.8.0.0, built Feb 18 2016, 15:47:50
[2016.03.23-02.51.16:960][  0]LogAIModule: Creating AISystem for world NewWorld
[2016.03.23-02.51.16:980][  0]LogInit: XAudio2 using 'Speakers (Realtek High Definition Audio)' : 2 channels at 48 kHz using 32 bits per sample (channel mask 0x3)
[2016.03.23-02.51.17:062][  0]LogInit: FAudioDevice initialized.
[2016.03.23-02.51.17:173][  0]LogDerivedDataCache: Saved boot cache 0.11s 41MB C:/Users/Zain/AppData/Local/UnrealEngine/4.10/DerivedDataCache/Boot.ddc.
[2016.03.23-02.51.17:183][  0]LogInit: Texture streaming: Enabled
[2016.03.23-02.51.17:214][  0]LogAnalytics: Creating configured Analytics provider AnalyticsET
[2016.03.23-02.51.17:214][  0]LogAnalytics: [UEEditor.Rocket.Release] APIServer = http://et2.epicgames.com/ET2/. AppVersion = 4.10.4-2872498+++depot+UE4-Releases+4.10
[2016.03.23-02.51.17:214][  0]LogAnalytics: [UEEditor.Rocket.Release] SetUserId 7c60df0a447c9ef6199d21b6819f259e|80baa8e3b74d44a3815fddd4e7187f5b|252caeb6-b0e8-405f-a22e-4edf38a6839b
[2016.03.23-02.51.17:214][  0]LogAnalytics: [UEEditor.Rocket.Release] AnalyticsET::StartSession
[2016.03.23-02.51.17:228][  0]LogInit: Transaction tracking system initialized
[2016.03.23-02.51.17:359][  0]BlueprintLog: New page: Editor Load
[2016.03.23-02.51.18:414][  0]LocalizationService: Info Localization service is disabled
[2016.03.23-02.51.18:965][  0]LogConsoleResponse:Display: 
[2016.03.23-02.51.20:657][  0]LogCook:Display: Done creating registry. It took  0.00s.
[2016.03.23-02.51.21:274][  0]LogFileCache: Scanning file cache for directory 'C:/Users/Zain/Documents/GitHub/VRGameDatabase/Content/' took 0.01s
[2016.03.23-02.51.21:469][  0]SourceControl: Info Source control is disabled
[2016.03.23-02.51.21:470][  0]Cmd: MAP LOAD FILE="../../../../../../Users/Zain/Documents/GitHub/VRGameDatabase/Content/FirstPersonBP/Maps/FirstPersonExampleMap.umap" TEMPLATE=0 SHOWPROGRESS=1 FEATURELEVEL=3
[2016.03.23-02.51.21:470][  0]LightingResults: New page: Lighting Build
[2016.03.23-02.51.21:533][  0]MapCheck: New page: Map Check
[2016.03.23-02.51.21:533][  0]LightingResults: New page: Lighting Build
[2016.03.23-02.51.21:554][  0]LogParticles: Destroying 0 GPU particle simulations for FXSystem 0x0000000022A52AC0
[2016.03.23-02.51.21:922][  0]LogLinker:Warning: Asset '../../../../../../Users/Zain/Documents/GitHub/VRGameDatabase/Content/FirstPerson/Meshes/FirstPersonProjectileMesh.uasset' has been saved with empty engine version. The asset will be loaded but may be incompatible.
[2016.03.23-02.51.25:625][  0]LogAIModule: Creating AISystem for world FirstPersonExampleMap
[2016.03.23-02.51.25:693][  0]LogEditorServer: Finished looking for orphan Actors (0.000 secs)
[2016.03.23-02.51.25:693][  0]Cmd: MAP CHECKDEP NOCLEARLOG
[2016.03.23-02.51.25:747][  0]MapCheck: Info Map check complete: 0 Error(s), 0 Warning(s), took 53.467ms to complete.
[2016.03.23-02.51.25:747][  0]LogFileHelpers: Loading map 'FirstPersonExampleMap' took 4.277
[2016.03.23-02.51.26:159][  0]LogCollectionManager: Loaded 0 collections in 0.002805 seconds
[2016.03.23-02.51.26:185][  0]LogFileCache: Scanning file cache for directory 'C:/Users/Zain/Documents/GitHub/VRGameDatabase/Saved/Collections/' took 0.01s
[2016.03.23-02.51.26:185][  0]LogFileCache: Scanning file cache for directory 'C:/Users/Zain/Documents/GitHub/VRGameDatabase/Content/Developers/Zain/Collections/' took 0.00s
[2016.03.23-02.51.26:185][  0]LogFileCache: Scanning file cache for directory 'C:/Users/Zain/Documents/GitHub/VRGameDatabase/Content/Collections/' took 0.00s
[2016.03.23-02.51.26:185][  0]LogCollectionManager: Rebuilt the GUID cache for 0 collections in 0.000002 seconds
[2016.03.23-02.51.26:194][  0]LogContentBrowser: Native class hierarchy populated in 0.0093 seconds. Added 1893 classes and 338 folders.
[2016.03.23-02.51.26:218][  0]LogContentBrowser: Native class hierarchy updated for 'WidgetCarousel' in 0.0004 seconds. Added 0 classes and 0 folders.
[2016.03.23-02.51.29:738][  0]LogContentBrowser: Native class hierarchy updated for 'AddContentDialog' in 0.0004 seconds. Added 0 classes and 0 folders.
[2016.03.23-02.51.29:784][  0]LogContentBrowser: Native class hierarchy updated for 'SceneOutliner' in 0.0005 seconds. Added 1 classes and 2 folders.
[2016.03.23-02.51.29:874][  0]LogCrashTracker: Crashtracker disabled due to settings.
[2016.03.23-02.51.29:878][  0]LogUObjectGlobals:Warning: Failed to find object 'Class None.'
[2016.03.23-02.51.29:899][  0]LogLoad: Full Startup: 42.38 seconds (BP compile: 0.53 seconds)
[2016.03.23-02.51.29:909][  0]LogOcInput: OculusInput is initialized. Init status 0. Runtime version: 0.8.0.0
[2016.03.23-02.51.30:069][  0]LogContentStreaming: Texture pool size now 1000 MB
[2016.03.23-02.51.30:256][  1]LogRenderer: Reallocating scene render targets to support 836x392 (Frame:2).
[2016.03.23-02.51.30:975][  7]LogAssetRegistry: Asset discovery search completed in 17.0267 seconds
[2016.03.23-02.51.30:975][  7]LogCollectionManager: Rebuilt the object cache for 0 collections in 0.000001 seconds (found 0 objects)
[2016.03.23-02.51.30:975][  7]LogCollectionManager: Fixed up redirectors for 0 collections in 0.000024 seconds (updated 0 objects)
[2016.03.23-02.51.36:413][604]LogLinker:Warning: Can't resolve asset name
[2016.03.23-02.51.39:151][924]LogEditorViewport: Clicking on Actor (LMB): StaticMeshActor (Floor)
[2016.03.23-02.51.45:972][707]LogEditorViewport: Clicking on Actor (LMB): Game10_C (Game10)
[2016.03.23-02.51.48:991][ 55]LogEditorViewport: Clicking on Actor (CTRL LMB): Game9_C (Game9)
[2016.03.23-02.51.49:756][140]LogEditorViewport: Clicking on Actor (CTRL LMB): Game8_C (Game8)
[2016.03.23-02.51.50:325][203]LogEditorViewport: Clicking on Actor (CTRL LMB): Game7_C (Game7)
[2016.03.23-02.51.50:778][253]LogEditorViewport: Clicking on Actor (CTRL LMB): Game6_C (Game6)
[2016.03.23-02.51.51:218][301]LogEditorViewport: Clicking on Actor (CTRL LMB): Game5_C (Game5)
[2016.03.23-02.51.51:728][357]LogEditorViewport: Clicking on Actor (CTRL LMB): Game4_C (Game4)
[2016.03.23-02.51.52:189][406]LogEditorViewport: Clicking on Actor (CTRL LMB): Game3_C (Game3)
[2016.03.23-02.51.52:721][463]LogEditorViewport: Clicking on Actor (CTRL LMB): Game2_C (Game2)
[2016.03.23-02.51.53:529][548]LogEditorViewport: Clicking on Actor (CTRL LMB): Game1_C (Game1)
[2016.03.23-02.52.01:777][475]LogEditorViewport: Clicking on Actor (LMB): StartButton_C (StartButton)
[2016.03.23-02.52.04:564][782]LogEditorViewport: Clicking on Actor (LMB): StaticMeshActor (Floor)
[2016.03.23-02.52.09:229][313]Cmd: TRANSACTION UNDO
[2016.03.23-02.52.09:229][313]LogEditorTransaction: Undo Move Actors
[2016.03.23-02.52.10:467][433]LogEditorViewport: Clicking on Actor (LMB): FirstPersonCharacter_C (FirstPersonCharacter)
[2016.03.23-02.52.14:272][838]LogEditorViewport: Clicking on Actor (context menu): FirstPersonCharacter_C (FirstPersonCharacter)
[2016.03.23-02.52.20:115][504]LogEditorViewport: Clicking on Actor (LMB): StaticMeshActor (Floor)
[2016.03.23-02.52.22:177][726]LogRenderer: Reallocating scene render targets to support 1616x572 (Frame:5301).
[2016.03.23-02.52.29:290][489]LogBlueprintUserMessages: Early PlayInEditor Detection: Level '/Game/FirstPersonBP/Maps/FirstPersonExampleMap.FirstPersonExampleMap:PersistentLevel' has LevelScriptBlueprint '/Game/FirstPersonBP/Maps/FirstPersonExampleMap.FirstPersonExampleMap:PersistentLevel.FirstPersonExampleMap' with GeneratedClass '/Game/FirstPersonBP/Maps/FirstPersonExampleMap.FirstPersonExampleMap_C' with ClassGeneratedBy '/Game/FirstPersonBP/Maps/FirstPersonExampleMap.FirstPersonExampleMap:PersistentLevel.FirstPersonExampleMap'
[2016.03.23-02.52.29:290][489]LogPlayLevel: PlayLevel: No blueprints needed recompiling
[2016.03.23-02.52.29:290][489]OCULUS: Info: 03/23/16 02:52:29: [IPC] Call Stats for Hmd_Create : x1: C2S=92.6944, S2C=9.19489, Runtime=12.9225 (microseconds) C2Ssize=19, S2Csize=171 (bytes)

[2016.03.23-02.52.29:290][489]OCULUS: Info: 03/23/16 02:52:29: [IPC] Call Stats for Hmd_GetHmdInfo : x1: C2S=21.1234, S2C=6.21276, Runtime=6.9583 (microseconds) C2Ssize=23, S2Csize=803 (bytes)

[2016.03.23-02.52.29:290][489]OCULUS: Info: 03/23/16 02:52:29: [IPC] Call Stats for SetNumberValue : x1: C2S=15.1591, S2C=2.73362, Runtime=5.71574 (microseconds) C2Ssize=55, S2Csize=25 (bytes)

[2016.03.23-02.52.29:290][489]OCULUS: Info: 03/23/16 02:52:29: [IPC] Call Stats for SetNumberValues : x1: C2S=14.1651, S2C=2.48511, Runtime=3.97617 (microseconds) C2Ssize=81, S2Csize=25 (bytes)

[2016.03.23-02.52.29:290][489]OCULUS: Info: 03/23/16 02:52:29: [IPC] Call Stats for Hmd_SetEnabledCaps : x1: C2S=14.6621, S2C=2.48511, Runtime=129.225 (microseconds) C2Ssize=35, S2Csize=33 (bytes)

[2016.03.23-02.52.29:291][489]OCULUS: Info: 03/23/16 02:52:29: [IPC] Call Stats for Hmd_ConfigureTracking : x1: C2S=138.669, S2C=1.73957, Runtime=122.516 (microseconds) C2Ssize=46, S2Csize=25 (bytes)

[2016.03.23-02.52.29:291][489]LogHMD:Warning: HMD Oculus Rift DK1, res = 1280 x 800
[2016.03.23-02.52.29:292][489]PIE: New page: PIE session: FirstPersonExampleMap (23 Mar 2016 02:52:29)
[2016.03.23-02.52.29:292][489]LogPlayLevel: Creating play world package: /Game/FirstPersonBP/Maps/UEDPIE_0_FirstPersonExampleMap
[2016.03.23-02.52.29:378][489]LogPlayLevel: PIE: StaticDuplicateObject took: (0.086481s)
[2016.03.23-02.52.29:380][489]LogAIModule: Creating AISystem for world FirstPersonExampleMap
[2016.03.23-02.52.29:380][489]LogPlayLevel: PIE: World Init took: (0.001927s)
[2016.03.23-02.52.29:380][489]LogPlayLevel: PIE: Created PIE world by copying editor world from /Game/FirstPersonBP/Maps/FirstPersonExampleMap.FirstPersonExampleMap to /Game/FirstPersonBP/Maps/UEDPIE_0_FirstPersonExampleMap.FirstPersonExampleMap (0.088869s)
[2016.03.23-02.52.29:457][489]LogInit: XAudio2 using 'Speakers (Realtek High Definition Audio)' : 2 channels at 48 kHz using 32 bits per sample (channel mask 0x3)
[2016.03.23-02.52.29:492][489]LogInit: FAudioDevice initialized.
[2016.03.23-02.52.29:665][489]LogWorld: Game class is 'FirstPersonGameMode_C'
[2016.03.23-02.52.29:673][489]LogWorld: Bringing World /Game/FirstPersonBP/Maps/UEDPIE_0_FirstPersonExampleMap.FirstPersonExampleMap up for play (max tick rate 0) at 2016.03.23-02.52.29
[2016.03.23-02.52.29:673][489]LogActor:Warning: GameSession /Game/FirstPersonBP/Maps/UEDPIE_0_FirstPersonExampleMap.FirstPersonExampleMap:PersistentLevel.GameSession_0 has natively added scene component(s), but none of them were set as the actor's RootComponent - picking one arbitrarily
[2016.03.23-02.52.29:673][489]LogActor:Warning: GameNetworkManager /Game/FirstPersonBP/Maps/UEDPIE_0_FirstPersonExampleMap.FirstPersonExampleMap:PersistentLevel.GameNetworkManager_0 has natively added scene component(s), but none of them were set as the actor's RootComponent - picking one arbitrarily
[2016.03.23-02.52.29:674][489]LogWorld: Bringing up level for play took: 0.008033
[2016.03.23-02.52.29:705][489]PIE: Info Play in editor start time for /Game/FirstPersonBP/Maps/UEDPIE_0_FirstPersonExampleMap 1.109
[2016.03.23-02.52.29:706][489]LogBlueprintUserMessages: Late PlayInEditor Detection: Level '/Game/FirstPersonBP/Maps/FirstPersonExampleMap.FirstPersonExampleMap:PersistentLevel' has LevelScriptBlueprint '/Game/FirstPersonBP/Maps/FirstPersonExampleMap.FirstPersonExampleMap:PersistentLevel.FirstPersonExampleMap' with GeneratedClass '/Game/FirstPersonBP/Maps/FirstPersonExampleMap.FirstPersonExampleMap_C' with ClassGeneratedBy '/Game/FirstPersonBP/Maps/FirstPersonExampleMap.FirstPersonExampleMap:PersistentLevel.FirstPersonExampleMap'
[2016.03.23-02.52.29:743][490]LogRenderer: Reallocating scene render targets to support 1616x720 (Frame:5589).
[2016.03.23-02.52.38:001][351]LogD3D11RHI: Timed out while waiting for GPU to catch up. (0.5 s)
[2016.03.23-02.52.38:501][351]LogD3D11RHI: Timed out while waiting for GPU to catch up. (0.5 s)
[2016.03.23-02.52.39:002][352]LogD3D11RHI: Timed out while waiting for GPU to catch up. (0.5 s)
[2016.03.23-02.52.39:502][352]LogD3D11RHI: Timed out while waiting for GPU to catch up. (0.5 s)
[2016.03.23-02.52.40:002][352]LogD3D11RHI: Timed out while waiting for GPU to catch up. (0.5 s)
[2016.03.23-02.52.40:502][352]LogD3D11RHI: Timed out while waiting for GPU to catch up. (0.5 s)
[2016.03.23-02.52.41:002][352]LogD3D11RHI: Timed out while waiting for GPU to catch up. (0.5 s)
[2016.03.23-02.52.41:764][352]LogD3D11RHI: Timed out while waiting for GPU to catch up. (0.5 s)
[2016.03.23-02.52.42:002][352]LogD3D11RHI: Timed out while waiting for GPU to catch up. (0.5 s)
[2016.03.23-02.52.42:502][352]LogD3D11RHI: Timed out while waiting for GPU to catch up. (0.5 s)
[2016.03.23-02.52.43:002][352]LogD3D11RHI: Timed out while waiting for GPU to catch up. (0.5 s)
[2016.03.23-02.52.43:502][352]LogD3D11RHI: Timed out while waiting for GPU to catch up. (0.5 s)
[2016.03.23-02.52.44:002][352]LogD3D11RHI: Timed out while waiting for GPU to catch up. (0.5 s)
[2016.03.23-02.52.44:502][352]LogD3D11RHI: Timed out while waiting for GPU to catch up. (0.5 s)
[2016.03.23-02.52.45:002][352]LogD3D11RHI: Timed out while waiting for GPU to catch up. (0.5 s)
[2016.03.23-02.52.45:502][352]LogD3D11RHI: Timed out while waiting for GPU to catch up. (0.5 s)
[2016.03.23-02.52.46:003][352]LogD3D11RHI: Timed out while waiting for GPU to catch up. (0.5 s)
[2016.03.23-02.52.46:503][352]LogD3D11RHI: Timed out while waiting for GPU to catch up. (0.5 s)
[2016.03.23-02.52.47:003][352]LogD3D11RHI: Timed out while waiting for GPU to catch up. (0.5 s