[2016.03.23-03.32.17:158][  0]Log file open, 03/23/16 03:32:17
[2016.03.23-03.32.17:158][  0]LogInit:Display: Running engine for game: VRGameDatabase
[2016.03.23-03.32.17:158][  0]LogPlatformFile: Not using cached read wrapper
[2016.03.23-03.32.17:158][  0]LogInit:Display: RandInit(1477285479) SRandInit(1477285484).
[2016.03.23-03.32.17:158][  0]LogTaskGraph: Started task graph with 4 named threads and 5 total threads.
[2016.03.23-03.32.17:158][  0]LogStats: Stats thread started at 0.071202
[2016.03.23-03.32.17:158][  0]LogInit: Version: 4.10.4-2872498+++depot+UE4-Releases+4.10
[2016.03.23-03.32.17:158][  0]LogInit: API Version: 2758231
[2016.03.23-03.32.17:158][  0]LogInit: Compiled (64-bit): Feb 18 2016 15:47:04
[2016.03.23-03.32.17:158][  0]LogInit: Compiled with Visual C++: 19.00.23026.00
[2016.03.23-03.32.17:158][  0]LogInit: Build Configuration: Development
[2016.03.23-03.32.17:158][  0]LogInit: Branch Name: ++depot+UE4-Releases+4.10
[2016.03.23-03.32.17:158][  0]LogInit: Command line:  
[2016.03.23-03.32.17:158][  0]LogInit: Base directory: C:/Program Files (x86)/Epic Games/4.10/Engine/Binaries/Win64/
[2016.03.23-03.32.17:158][  0]LogInit: Rocket: 1
[2016.03.23-03.32.17:173][  0]LogInit: Using libcurl 7.41.0
[2016.03.23-03.32.17:173][  0]LogInit:  - built for x86_64-pc-win32
[2016.03.23-03.32.17:173][  0]LogInit:  - supports SSL with WinSSL
[2016.03.23-03.32.17:173][  0]LogInit:  - other features:
[2016.03.23-03.32.17:173][  0]LogInit:      CURL_VERSION_SSL
[2016.03.23-03.32.17:173][  0]LogInit:      CURL_VERSION_IPV6
[2016.03.23-03.32.17:173][  0]LogInit:      CURL_VERSION_ASYNCHDNS
[2016.03.23-03.32.17:174][  0]LogInit:      CURL_VERSION_LARGEFILE
[2016.03.23-03.32.17:174][  0]LogInit:      CURL_VERSION_IDN
[2016.03.23-03.32.17:174][  0]LogInit:  CurlRequestOptions (configurable via config and command line):
[2016.03.23-03.32.17:174][  0]LogInit:  - bVerifyPeer = true  - Libcurl will verify peer certificate
[2016.03.23-03.32.17:174][  0]LogInit:  - bUseHttpProxy = false  - Libcurl will NOT use HTTP proxy
[2016.03.23-03.32.17:174][  0]LogInit:  - bDontReuseConnections = false  - Libcurl will reuse connections
[2016.03.23-03.32.17:174][  0]LogInit:  - CertBundlePath = nullptr  - Libcurl will use whatever was configured at build time.
[2016.03.23-03.32.17:189][  0]LogInit: Presizing for 0 objects not considered by GC, pre-allocating 0 bytes.
[2016.03.23-03.32.17:196][  0]LogInit: Object subsystem initialized
[2016.03.23-03.32.17:197][  0]LogInit: Selected Device Profile: [Windows]
[2016.03.23-03.32.17:197][  0]LogInit: Applying CVar settings loaded from the selected device profile: [Windows]
[2016.03.23-03.32.17:208][  0]LogInit: Computer: ZAIN-PC
[2016.03.23-03.32.17:208][  0]LogInit: User: Zain
[2016.03.23-03.32.17:208][  0]LogInit: CPU Page size=4096, Cores=2
[2016.03.23-03.32.17:208][  0]LogInit: High frequency timer resolution =4.023974 MHz
[2016.03.23-03.32.17:208][  0]LogMemory: Memory total: Physical=7.9GB (8GB approx)
[2016.03.23-03.32.17:208][  0]LogMemory: Platform Memory Stats for Windows
[2016.03.23-03.32.17:208][  0]LogMemory: Process Physical Memory: 56.04 MB used, 56.04 MB peak
[2016.03.23-03.32.17:208][  0]LogMemory: Process Virtual Memory: 59.52 MB used, 59.52 MB peak
[2016.03.23-03.32.17:208][  0]LogMemory: Physical Memory: 2827.83 MB used, 8128.26 MB total
[2016.03.23-03.32.17:208][  0]LogMemory: Virtual Memory: 352.88 MB used, 8388608.00 MB total
[2016.03.23-03.32.17:280][  0]LogTextLocalizationManager: No specific translations for ('en-GB') exist, so ('en') translations will be used.
[2016.03.23-03.32.17:742][  0]LogD3D11RHI: Found D3D11 adapter 0: AMD Radeon (TM) R9 380 Series (Feature Level 11_0)
[2016.03.23-03.32.17:742][  0]LogD3D11RHI: Adapter has 4072MB of dedicated video memory, 0MB of dedicated system memory, and 3808MB of shared system memory, 1 output[s]
[2016.03.23-03.32.17:742][  0]LogD3D11RHI: Chosen D3D11 Adapter Id = 0
[2016.03.23-03.32.17:750][  0]LogD3D11RHI: !Direct3DDevice
[2016.03.23-03.32.17:750][  0]LogRHI: Texture pool is 1361 MB (70% of 1945 MB)
[2016.03.23-03.32.17:760][  0]LogD3D11RHI: Async texture creation disabled: no driver support
[2016.03.23-03.32.17:771][  0]LogShaderCompilers: Guid format shader working directory is -15 characters bigger than the processId version (../../../../../../Users/Zain/Documents/GitHub/VRGameDatabase/Intermediate/Shaders/WorkingDirectory/5708/).
[2016.03.23-03.32.17:771][  0]LogShaderCompilers: Cleaned the shader compiler working directory 'C:/Users/Zain/AppData/Local/Temp/UnrealShaderWorkingDir/F26BF5954E3AE970351145B3AD31EAA7/'.
[2016.03.23-03.32.17:771][  0]LogShaderCompilers:Display: Using Local Shader Compiler.
[2016.03.23-03.32.18:915][  0]LogTemp:Display: Loaded TP AllDesktopTargetPlatform
[2016.03.23-03.32.18:923][  0]LogTemp:Display: Loaded TP WindowsClientTargetPlatform
[2016.03.23-03.32.18:931][  0]LogTemp:Display: Loaded TP WindowsNoEditorTargetPlatform
[2016.03.23-03.32.18:940][  0]LogTemp:Display: Loaded TP WindowsServerTargetPlatform
[2016.03.23-03.32.18:949][  0]LogTemp:Display: Loaded TP WindowsTargetPlatform
[2016.03.23-03.32.18:955][  0]LogTemp:Display: Loaded TP AndroidTargetPlatform
[2016.03.23-03.32.18:961][  0]LogTemp:Display: Loaded TP Android_ASTCTargetPlatform
[2016.03.23-03.32.18:967][  0]LogTemp:Display: Loaded TP Android_ATCTargetPlatform
[2016.03.23-03.32.18:974][  0]LogTemp:Display: Loaded TP Android_DXTTargetPlatform
[2016.03.23-03.32.18:980][  0]LogTemp:Display: Loaded TP Android_ETC1TargetPlatform
[2016.03.23-03.32.18:987][  0]LogTemp:Display: Loaded TP Android_ETC2TargetPlatform
[2016.03.23-03.32.19:001][  0]LogTemp:Display: Loaded TP Android_MultiTargetPlatform
[2016.03.23-03.32.19:001][  0]LogTemp:Display: Loaded TP Android_PVRTCTargetPlatform
[2016.03.23-03.32.19:004][  0]LogTemp:Display: Loaded TP HTML5TargetPlatform
[2016.03.23-03.32.19:028][  0]LogTemp:Display: Loaded TP IOSTargetPlatform
[2016.03.23-03.32.19:034][  0]LogTemp:Display: Loaded TP LinuxNoEditorTargetPlatform
[2016.03.23-03.32.19:040][  0]LogTemp:Display: Loaded TP LinuxServerTargetPlatform
[2016.03.23-03.32.19:046][  0]LogTemp:Display: Loaded TP LinuxTargetPlatform
[2016.03.23-03.32.19:046][  0]LogTargetPlatformManager:Display: Building Assets For Windows
[2016.03.23-03.32.19:186][  0]LogDerivedDataCache:Display: Max Cache Size: 512 MB
[2016.03.23-03.32.19:266][  0]LogDerivedDataCache: Loaded boot cache 0.08s 41MB C:/Users/Zain/AppData/Local/UnrealEngine/4.10/DerivedDataCache/Boot.ddc.
[2016.03.23-03.32.19:266][  0]LogDerivedDataCache:Display: Loaded Boot cache: C:/Users/Zain/AppData/Local/UnrealEngine/4.10/DerivedDataCache/Boot.ddc
[2016.03.23-03.32.19:266][  0]LogDerivedDataCache: FDerivedDataBackendGraph:  Pak pak cache file ../../../../../../Users/Zain/Documents/GitHub/VRGameDatabase/DerivedDataCache/DDC.ddp not found, will not use a pak cache.
[2016.03.23-03.32.19:266][  0]LogDerivedDataCache: Unable to find inner node Pak for hierarchical cache Hierarchy.
[2016.03.23-03.32.19:266][  0]LogDerivedDataCache: FDerivedDataBackendGraph:  CompressedPak pak cache file ../../../../../../Users/Zain/Documents/GitHub/VRGameDatabase/DerivedDataCache/Compressed.ddp not found, will not use a pak cache.
[2016.03.23-03.32.19:266][  0]LogDerivedDataCache: Unable to find inner node CompressedPak for hierarchical cache Hierarchy.
[2016.03.23-03.32.19:330][  0]LogDerivedDataCache:Display: Pak cache opened for reading ../../../Engine/DerivedDataCache/Compressed.ddp.
[2016.03.23-03.32.19:343][  0]LogDerivedDataCache: Using Local data cache path C:/Users/Zain/AppData/Local/UnrealEngine/Common/DerivedDataCache: Writable
[2016.03.23-03.32.19:558][  0]LogInit: Selected Device Profile: [Windows]
[2016.03.23-03.32.19:558][  0]LogContentStreaming: Texture pool size is 0.000000MB
[2016.03.23-03.32.19:606][  0]LogMeshUtilities: No automatic mesh reduction module available
[2016.03.23-03.32.19:606][  0]LogMeshUtilities: No automatic mesh merging module available
[2016.03.23-03.32.20:031][  0]LogInit: WinSock: version 1.1 (2.2), MaxSocks=32767, MaxUdp=65467
[2016.03.23-03.32.20:943][  0]UdpMessaging: Initializing bridge on interface 0.0.0.0:0 to multicast group 230.0.0.1:6666.
[2016.03.23-03.32.21:052][  0]LogAssetRegistry: FAssetRegistry took 0.0101 seconds to start up
[2016.03.23-03.32.21:307][  0]SourceControl: Info Source control is disabled
[2016.03.23-03.32.21:308][  0]SourceControl: Info Source control is disabled
[2016.03.23-03.32.21:323][  0]SourceControl: Info Source control is disabled
[2016.03.23-03.32.21:341][  0]SourceControl: Info Source control is disabled
[2016.03.23-03.32.21:665][  0]LogObj: 28633 objects as part of root set at end of initial load.
[2016.03.23-03.32.21:665][  0]LogUObjectAllocator: 6099744 out of 0 bytes used by permanent object pool.
[2016.03.23-03.32.21:758][  0]LogEngine: Initializing Engine...
[2016.03.23-03.32.21:760][  0]OCULUS: Info: 03/23/16 03:32:21: [CAPI] LibOVR module is located at C:\Windows\system32\LibOVRRT64_0_8.dll

[2016.03.23-03.32.21:761][  0]OCULUS: Info: 03/23/16 03:32:21: [IPC] Call Stats for SetInitialState : x1: C2S=36.034, S2C=8.69787, Runtime=55.6664 (microseconds) C2Ssize=80, S2Csize=81 (bytes)

[2016.03.23-03.32.21:761][  0]OCULUS: Info: 03/23/16 03:32:21: [IPC] Call Stats for IsLatencyTesterAvailable : x1: C2S=26.8391, S2C=6.21276, Runtime=1.49106 (microseconds) C2Ssize=33, S2Csize=18 (bytes)

[2016.03.23-03.32.21:761][  0]OCULUS: Info: 03/23/16 03:32:21: [IPC] Call Stats for Hmd_Create : x1: C2S=14.6621, S2C=5.96425, Runtime=11.4315 (microseconds) C2Ssize=19, S2Csize=171 (bytes)

[2016.03.23-03.32.21:761][  0]OCULUS: Info: 03/23/16 03:32:21: [IPC] Call Stats for Hmd_GetHmdInfo : x1: C2S=15.6562, S2C=10.686, Runtime=12.4255 (microseconds) C2Ssize=23, S2Csize=803 (bytes)

[2016.03.23-03.32.21:761][  0]OCULUS: Info: 03/23/16 03:32:21: [IPC] Call Stats for SetNumberValue : x1: C2S=16.4017, S2C=6.9583, Runtime=6.70978 (microseconds) C2Ssize=55, S2Csize=25 (bytes)

[2016.03.23-03.32.21:762][  0]OCULUS: Info: 03/23/16 03:32:21: [IPC] Call Stats for SetNumberValues : x1: C2S=25.8451, S2C=4.7217, Runtime=8.20085 (microseconds) C2Ssize=81, S2Csize=25 (bytes)

[2016.03.23-03.32.21:762][  0]OCULUS: Info: 03/23/16 03:32:21: [IPC] Call Stats for Hmd_SetEnabledCaps : x1: C2S=10.686, S2C=2.98213, Runtime=81.263 (microseconds) C2Ssize=35, S2Csize=33 (bytes)

[2016.03.23-03.32.21:762][  0]OCULUS: Info: 03/23/16 03:32:21: [IPC] Call Stats for Hmd_ConfigureTracking : x1: C2S=48.4596, S2C=4.22468, Runtime=49.2051 (microseconds) C2Ssize=46, S2Csize=25 (bytes)

[2016.03.23-03.32.21:762][  0]OCULUS: Info: 03/23/16 03:32:21: [IPC] Call Stats for Hmd_Release : x1: C2S=15.1591, S2C=6.21276, Runtime=62.3761 (microseconds) C2Ssize=20, S2Csize=25 (bytes)

[2016.03.23-03.32.21:772][  0]LogHMD: Oculus plugin initialized. Version: 4.10.4-2872498+++depot+UE4-Releases+4.10, LibOVR: 0.8.0.0, built Feb 18 2016, 15:47:50
[2016.03.23-03.32.21:938][  0]LogAIModule: Creating AISystem for world NewWorld
[2016.03.23-03.32.21:957][  0]LogInit: XAudio2 using 'Speakers (Realtek High Definition Audio)' : 2 channels at 48 kHz using 32 bits per sample (channel mask 0x3)
[2016.03.23-03.32.22:013][  0]LogInit: FAudioDevice initialized.
[2016.03.23-03.32.22:050][  0]LogDerivedDataCache: Saved boot cache 0.04s 41MB C:/Users/Zain/AppData/Local/UnrealEngine/4.10/DerivedDataCache/Boot.ddc.
[2016.03.23-03.32.22:060][  0]LogInit: Texture streaming: Enabled
[2016.03.23-03.32.22:071][  0]LogAnalytics: Creating configured Analytics provider AnalyticsET
[2016.03.23-03.32.22:072][  0]LogAnalytics: [UEEditor.Rocket.Release] APIServer = http://et2.epicgames.com/ET2/. AppVersion = 4.10.4-2872498+++depot+UE4-Releases+4.10
[2016.03.23-03.32.22:072][  0]LogAnalytics: [UEEditor.Rocket.Release] SetUserId 7c60df0a447c9ef6199d21b6819f259e|80baa8e3b74d44a3815fddd4e7187f5b|252caeb6-b0e8-405f-a22e-4edf38a6839b
[2016.03.23-03.32.22:072][  0]LogAnalytics: [UEEditor.Rocket.Release] AnalyticsET::StartSession
[2016.03.23-03.32.22:085][  0]LogInit: Transaction tracking system initialized
[2016.03.23-03.32.22:139][  0]BlueprintLog: New page: Editor Load
[2016.03.23-03.32.22:296][  0]LocalizationService: Info Localization service is disabled
[2016.03.23-03.32.22:534][  0]LogConsoleResponse:Display: 
[2016.03.23-03.32.22:660][  0]LogCook:Display: Done creating registry. It took  0.00s.
[2016.03.23-03.32.22:763][  0]LogFileCache: Scanning file cache for directory 'C:/Users/Zain/Documents/GitHub/VRGameDatabase/Content/' took 0.02s
[2016.03.23-03.32.22:763][  0]SourceControl: Info Source control is disabled
[2016.03.23-03.32.22:763][  0]Cmd: MAP LOAD FILE="../../../../../../Users/Zain/Documents/GitHub/VRGameDatabase/Content/FirstPersonBP/Maps/FirstPersonExampleMap.umap" TEMPLATE=0 SHOWPROGRESS=1 FEATURELEVEL=3
[2016.03.23-03.32.22:763][  0]LightingResults: New page: Lighting Build
[2016.03.23-03.32.22:771][  0]MapCheck: New page: Map Check
[2016.03.23-03.32.22:771][  0]LightingResults: New page: Lighting Build
[2016.03.23-03.32.22:796][  0]LogParticles: Destroying 0 GPU particle simulations for FXSystem 0x00000000227FAAC0
[2016.03.23-03.32.23:007][  0]LogLinker:Warning: Asset '../../../../../../Users/Zain/Documents/GitHub/VRGameDatabase/Content/FirstPerson/Meshes/FirstPersonProjectileMesh.uasset' has been saved with empty engine version. The asset will be loaded but may be incompatible.
[2016.03.23-03.32.23:851][  0]LogAIModule: Creating AISystem for world FirstPersonExampleMap
[2016.03.23-03.32.23:919][  0]LogEditorServer: Finished looking for orphan Actors (0.000 secs)
[2016.03.23-03.32.23:920][  0]Cmd: MAP CHECKDEP NOCLEARLOG
[2016.03.23-03.32.23:976][  0]MapCheck: Info Map check complete: 0 Error(s), 0 Warning(s), took 55.372ms to complete.
[2016.03.23-03.32.23:976][  0]LogFileHelpers: Loading map 'FirstPersonExampleMap' took 1.213
[2016.03.23-03.32.24:098][  0]LogCollectionManager: Loaded 0 collections in 0.003451 seconds
[2016.03.23-03.32.24:123][  0]LogFileCache: Scanning file cache for directory 'C:/Users/Zain/Documents/GitHub/VRGameDatabase/Saved/Collections/' took 0.01s
[2016.03.23-03.32.24:123][  0]LogFileCache: Scanning file cache for directory 'C:/Users/Zain/Documents/GitHub/VRGameDatabase/Content/Developers/Zain/Collections/' took 0.00s
[2016.03.23-03.32.24:123][  0]LogFileCache: Scanning file cache for directory 'C:/Users/Zain/Documents/GitHub/VRGameDatabase/Content/Collections/' took 0.00s
[2016.03.23-03.32.24:123][  0]LogCollectionManager: Rebuilt the GUID cache for 0 collections in 0.000002 seconds
[2016.03.23-03.32.24:132][  0]LogContentBrowser: Native class hierarchy populated in 0.0095 seconds. Added 1893 classes and 338 folders.
[2016.03.23-03.32.24:144][  0]LogContentBrowser: Native class hierarchy updated for 'WidgetCarousel' in 0.0004 seconds. Added 0 classes and 0 folders.
[2016.03.23-03.32.24:196][  0]LogContentBrowser: Native class hierarchy updated for 'AddContentDialog' in 0.0004 seconds. Added 0 classes and 0 folders.
[2016.03.23-03.32.24:203][  0]LogContentBrowser: Native class hierarchy updated for 'SceneOutliner' in 0.0004 seconds. Added 1 classes and 2 folders.
[2016.03.23-03.32.24:231][  0]LogCrashTracker: Crashtracker disabled due to settings.
[2016.03.23-03.32.24:236][  0]LogUObjectGlobals:Warning: Failed to find object 'Class None.'
[2016.03.23-03.32.24:259][  0]LogLoad: Full Startup: 7.60 seconds (BP compile: 0.31 seconds)
[2016.03.23-03.32.24:268][  0]LogOcInput: OculusInput is initialized. Init status 0. Runtime version: 0.8.0.0
[2016.03.23-03.32.24:353][  0]LogContentStreaming: Texture pool size now 400 MB
[2016.03.23-03.32.24:507][  2]LogRenderer: Reallocating scene render targets to support 836x392 (Frame:2).
[2016.03.23-03.32.25:042][  6]LogAssetRegistry: Asset discovery search completed in 4.0007 seconds
[2016.03.23-03.32.25:042][  6]LogCollectionManager: Rebuilt the object cache for 0 collections in 0.000001 seconds (found 0 objects)
[2016.03.23-03.32.25:042][  6]LogCollectionManager: Fixed up redirectors for 0 collections in 0.000025 seconds (updated 0 objects)
[2016.03.23-03.32.30:582][623]LogLinker:Warning: Asset '../../../Engine/Content/ArtTools/RenderToTexture/Macros/RenderToTextureMacros.uasset' has been saved with empty engine version. The asset will be loaded but may be incompatible.
[2016.03.23-03.32.31:068][623]LogContentBrowser: Native class hierarchy updated for 'BlueprintGraph' in 0.0010 seconds. Added 107 classes and 0 folders.
[2016.03.23-03.32.31:490][623]LogLinker:Warning: Can't resolve asset name
[2016.03.23-03.32.38:811][ 82]LogRenderer: Reallocating scene render targets to support 1460x692 (Frame:936).
[2016.03.23-03.32.58:716][591]LogEditorViewport: Clicking on Actor (LMB): StartButton_C (StartButton)
[2016.03.23-03.33.19:912][986]BlueprintLog: New page: Compile FirstPersonExampleMap
[2016.03.23-03.33.20:071][986]LogActorComponent: UnregisterComponent: (/Engine/Transient.ProjectileMovementComponent_40__A6522401) Not registered. Aborting.
[2016.03.23-03.33.20:137][986]LogParticles: Destroying 0 GPU particle simulations for FXSystem 0x0000000035109D00
[2016.03.23-03.33.20:162][986]BlueprintEditorCompileResults: Info [0063.50] Compile of FirstPersonExampleMap successful! [in 250 ms]
[2016.03.23-03.33.20:901][ 32]BlueprintLog: New page: Compile FirstPersonExampleMap
[2016.03.23-03.33.21:102][ 32]BlueprintEditorCompileResults: Info [0064.44] Compile of FirstPersonExampleMap successful! [in 200 ms]
[2016.03.23-03.33.28:078][251]LogSavePackage: Save=3248.374512ms
[2016.03.23-03.33.28:078][251]LogSavePackage: Moving '../../../../../../Users/Zain/Documents/GitHub/VRGameDatabase/Saved/FirstPersonExampleMap12413BEE4A8A7B2766782A9B8B5C5CF4.tmp' to '../../../../../../Users/Zain/Documents/GitHub/VRGameDatabase/Content/FirstPersonBP/Maps/FirstPersonExampleMap.umap'
[2016.03.23-03.33.28:086][251]LogSavePackage: Total save time: 3333.726063ms
[2016.03.23-03.33.28:086][251]LogSavePackage:Display: Finished SavePackage ../../../../../../Users/Zain/Documents/GitHub/VRGameDatabase/Content/FirstPersonBP/Maps/FirstPersonExampleMap.umap
[2016.03.23-03.33.28:122][251]LogFileHelpers: Saving map 'FirstPersonExampleMap' took 3.511
[2016.03.23-03.33.29:257][323]LogBlueprintUserMessages: Early PlayInEditor Detection: Level '/Game/FirstPersonBP/Maps/FirstPersonExampleMap.FirstPersonExampleMap:PersistentLevel' has LevelScriptBlueprint '/Game/FirstPersonBP/Maps/FirstPersonExampleMap.FirstPersonExampleMap:PersistentLevel.FirstPersonExampleMap' with GeneratedClass '/Game/FirstPersonBP/Maps/FirstPersonExampleMap.FirstPersonExampleMap_C' with ClassGeneratedBy '/Game/FirstPersonBP/Maps/FirstPersonExampleMap.FirstPersonExampleMap:PersistentLevel.FirstPersonExampleMap'
[2016.03.23-03.33.29:257][323]LogPlayLevel: PlayLevel: No blueprints needed recompiling
[2016.03.23-03.33.29:257][323]OCULUS: Info: 03/23/16 03:33:29: [IPC] Call Stats for Hmd_Create : x1: C2S=37.0281, S2C=13.9166, Runtime=15.9047 (microseconds) C2Ssize=19, S2Csize=171 (bytes)

[2016.03.23-03.33.29:257][323]OCULUS: Info: 03/23/16 03:33:29: [IPC] Call Stats for Hmd_GetHmdInfo : x1: C2S=16.1532, S2C=10.1889, Runtime=7.20681 (microseconds) C2Ssize=23, S2Csize=803 (bytes)

[2016.03.23-03.33.29:257][323]OCULUS: Info: 03/23/16 03:33:29: [IPC] Call Stats for SetNumberValue : x1: C2S=14.4136, S2C=5.96425, Runtime=7.70383 (microseconds) C2Ssize=55, S2Csize=25 (bytes)

[2016.03.23-03.33.29:257][323]OCULUS: Info: 03/23/16 03:33:29: [IPC] Call Stats for SetNumberValues : x1: C2S=24.8511, S2C=13.4196, Runtime=14.6621 (microseconds) C2Ssize=81, S2Csize=25 (bytes)

[2016.03.23-03.33.29:258][323]OCULUS: Info: 03/23/16 03:33:29: [IPC] Call Stats for Hmd_SetEnabledCaps : x1: C2S=15.6562, S2C=6.46127, Runtime=72.0681 (microseconds) C2Ssize=35, S2Csize=33 (bytes)

[2016.03.23-03.33.29:258][323]OCULUS: Info: 03/23/16 03:33:29: [IPC] Call Stats for Hmd_ConfigureTracking : x1: C2S=32.3064, S2C=5.46723, Runtime=43.7379 (microseconds) C2Ssize=46, S2Csize=25 (bytes)

[2016.03.23-03.33.29:258][323]LogHMD:Warning: HMD Oculus Rift DK1, res = 1280 x 800
[2016.03.23-03.33.29:259][323]PIE: New page: PIE session: FirstPersonExampleMap (23 Mar 2016 03:33:29)
[2016.03.23-03.33.29:259][323]LogPlayLevel: Creating play world package: /Game/FirstPersonBP/Maps/UEDPIE_0_FirstPersonExampleMap
[2016.03.23-03.33.29:344][323]LogPlayLevel: PIE: StaticDuplicateObject took: (0.085770s)
[2016.03.23-03.33.29:347][323]LogAIModule: Creating AISystem for world FirstPersonExampleMap
[2016.03.23-03.33.29:347][323]LogPlayLevel: PIE: World Init took: (0.001295s)
[2016.03.23-03.33.29:347][323]LogPlayLevel: PIE: Created PIE world by copying editor world from /Game/FirstPersonBP/Maps/FirstPersonExampleMap.FirstPersonExampleMap to /Game/FirstPersonBP/Maps/UEDPIE_0_FirstPersonExampleMap.FirstPersonExampleMap (0.088535s)
[2016.03.23-03.33.29:419][323]LogInit: XAudio2 using 'Speakers (Realtek High Definition Audio)' : 2 channels at 48 kHz using 32 bits per sample (channel mask 0x3)
[2016.03.23-03.33.29:434][323]LogInit: FAudioDevice initialized.
[2016.03.23-03.33.29:483][323]LogWorld: Game class is 'FirstPersonGameMode_C'
[2016.03.23-03.33.29:489][323]LogWorld: Bringing World /Game/FirstPersonBP/Maps/UEDPIE_0_FirstPersonExampleMap.FirstPersonExampleMap up for play (max tick rate 0) at 2016.03.23-03.33.29
[2016.03.23-03.33.29:489][323]LogActor:Warning: GameSession /Game/FirstPersonBP/Maps/UEDPIE_0_FirstPersonExampleMap.FirstPersonExampleMap:PersistentLevel.GameSession_0 has natively added scene component(s), but none of them were set as the actor's RootComponent - picking one arbitrarily
[2016.03.23-03.33.29:490][323]LogActor:Warning: GameNetworkManager /Game/FirstPersonBP/Maps/UEDPIE_0_FirstPersonExampleMap.FirstPersonExampleMap:PersistentLevel.GameNetworkManager_0 has natively added scene component(s), but none of them were set as the actor's RootComponent - picking one arbitrarily
[2016.03.23-03.33.29:491][323]LogWorld: Bringing up level for play took: 0.006767
[2016.03.23-03.33.29:493][323]PIE: Info Play in editor start time for /Game/FirstPersonBP/Maps/UEDPIE_0_FirstPersonExampleMap 0.866
[2016.03.23-03.33.29:493][323]LogBlueprintUserMessages: Late PlayInEditor Detection: Level '/Game/FirstPersonBP/Maps/FirstPersonExampleMap.FirstPersonExampleMap:PersistentLevel' has LevelScriptBlueprint '/Game/FirstPersonBP/Maps/FirstPersonExampleMap.FirstPersonExampleMap:PersistentLevel.FirstPersonExampleMap' with GeneratedClass '/Game/FirstPersonBP/Maps/FirstPersonExampleMap.FirstPersonExampleMap_C' with ClassGeneratedBy '/Game/FirstPersonBP/Maps/FirstPersonExampleMap.FirstPersonExampleMap:PersistentLevel.FirstPersonExampleMap'
[2016.03.23-03.33.50:287][824]LogD3D11RHI: Timed out while waiting for GPU to catch up. (0.5 s)
[2016.03.23-03.33.54:350][824]LogD3D11RHI:Error: Direct3DDevice->CreateBuffer(&Desc,pInitData,VertexBufferResource.GetInitReference()) failed 
 at D:\BuildFarm\buildmachine_++depot+UE4-Releases+4.10\Engine\Source\Runtime\Windows\D3D11RHI\Private\D3D11VertexBuffer.cpp:75 
 with error DXGI_ERROR_DEVICE_REMOVED
[2016.03.23-03.33.56:400][824]LogWindows: FPlatformMisc::RequestExit(1)
[2016.03.23-03.33.56:400][824]Log file closed, 03/23/16 03:33:56
