[2016.03.28-23.22.30:332][  0]Log file open, 03/29/16 00:22:30
[2016.03.28-23.22.30:332][  0]LogInit:Display: Running engine for game: VRGameDatabase
[2016.03.28-23.22.30:332][  0]LogPlatformFile: Not using cached read wrapper
[2016.03.28-23.22.30:332][  0]LogInit:Display: RandInit(468461249) SRandInit(468461254).
[2016.03.28-23.22.30:332][  0]LogTaskGraph: Started task graph with 4 named threads and 5 total threads.
[2016.03.28-23.22.30:332][  0]LogStats: Stats thread started at 4.085958
[2016.03.28-23.22.30:332][  0]LogInit: Version: 4.10.4-2872498+++depot+UE4-Releases+4.10
[2016.03.28-23.22.30:332][  0]LogInit: API Version: 2758231
[2016.03.28-23.22.30:332][  0]LogInit: Compiled (64-bit): Feb 18 2016 15:47:04
[2016.03.28-23.22.30:332][  0]LogInit: Compiled with Visual C++: 19.00.23026.00
[2016.03.28-23.22.30:332][  0]LogInit: Build Configuration: Development
[2016.03.28-23.22.30:332][  0]LogInit: Branch Name: ++depot+UE4-Releases+4.10
[2016.03.28-23.22.30:332][  0]LogInit: Command line:  
[2016.03.28-23.22.30:332][  0]LogInit: Base directory: C:/Program Files (x86)/Epic Games/4.10/Engine/Binaries/Win64/
[2016.03.28-23.22.30:332][  0]LogInit: Rocket: 1
[2016.03.28-23.22.30:452][  0]LogInit: Using libcurl 7.41.0
[2016.03.28-23.22.30:452][  0]LogInit:  - built for x86_64-pc-win32
[2016.03.28-23.22.30:452][  0]LogInit:  - supports SSL with WinSSL
[2016.03.28-23.22.30:452][  0]LogInit:  - other features:
[2016.03.28-23.22.30:452][  0]LogInit:      CURL_VERSION_SSL
[2016.03.28-23.22.30:452][  0]LogInit:      CURL_VERSION_IPV6
[2016.03.28-23.22.30:453][  0]LogInit:      CURL_VERSION_ASYNCHDNS
[2016.03.28-23.22.30:453][  0]LogInit:      CURL_VERSION_LARGEFILE
[2016.03.28-23.22.30:453][  0]LogInit:      CURL_VERSION_IDN
[2016.03.28-23.22.30:454][  0]LogInit:  CurlRequestOptions (configurable via config and command line):
[2016.03.28-23.22.30:454][  0]LogInit:  - bVerifyPeer = true  - Libcurl will verify peer certificate
[2016.03.28-23.22.30:454][  0]LogInit:  - bUseHttpProxy = false  - Libcurl will NOT use HTTP proxy
[2016.03.28-23.22.30:454][  0]LogInit:  - bDontReuseConnections = false  - Libcurl will reuse connections
[2016.03.28-23.22.30:454][  0]LogInit:  - CertBundlePath = nullptr  - Libcurl will use whatever was configured at build time.
[2016.03.28-23.22.30:606][  0]LogInit: Presizing for 0 objects not considered by GC, pre-allocating 0 bytes.
[2016.03.28-23.22.30:753][  0]LogInit: Object subsystem initialized
[2016.03.28-23.22.30:837][  0]LogInit: Selected Device Profile: [Windows]
[2016.03.28-23.22.30:837][  0]LogInit: Applying CVar settings loaded from the selected device profile: [Windows]
[2016.03.28-23.22.30:926][  0]LogInit: Computer: ZAIN-PC
[2016.03.28-23.22.30:926][  0]LogInit: User: Zain
[2016.03.28-23.22.30:926][  0]LogInit: CPU Page size=4096, Cores=2
[2016.03.28-23.22.30:926][  0]LogInit: High frequency timer resolution =4.023984 MHz
[2016.03.28-23.22.30:926][  0]LogMemory: Memory total: Physical=7.9GB (8GB approx)
[2016.03.28-23.22.30:926][  0]LogMemory: Platform Memory Stats for Windows
[2016.03.28-23.22.30:926][  0]LogMemory: Process Physical Memory: 56.03 MB used, 56.03 MB peak
[2016.03.28-23.22.30:926][  0]LogMemory: Process Virtual Memory: 56.50 MB used, 56.50 MB peak
[2016.03.28-23.22.30:926][  0]LogMemory: Physical Memory: 5502.44 MB used, 8128.26 MB total
[2016.03.28-23.22.30:926][  0]LogMemory: Virtual Memory: 349.88 MB used, 8388608.00 MB total
[2016.03.28-23.22.32:058][  0]LogTextLocalizationManager: No specific translations for ('en-GB') exist, so ('en') translations will be used.
[2016.03.28-23.22.33:071][  0]LogD3D11RHI: Found D3D11 adapter 0: AMD Radeon (TM) R9 380 Series (Feature Level 11_0)
[2016.03.28-23.22.33:072][  0]LogD3D11RHI: Adapter has 4072MB of dedicated video memory, 0MB of dedicated system memory, and 3808MB of shared system memory, 1 output[s]
[2016.03.28-23.22.33:072][  0]LogD3D11RHI: Chosen D3D11 Adapter Id = 0
[2016.03.28-23.22.33:111][  0]LogD3D11RHI: !Direct3DDevice
[2016.03.28-23.22.33:111][  0]LogRHI: Texture pool is 1361 MB (70% of 1945 MB)
[2016.03.28-23.22.33:136][  0]LogD3D11RHI: Async texture creation disabled: no driver support
[2016.03.28-23.22.33:253][  0]LogShaderCompilers: Guid format shader working directory is -15 characters bigger than the processId version (../../../../../../Users/Zain/Documents/GitHub/VRGameDatabase/Intermediate/Shaders/WorkingDirectory/7276/).
[2016.03.28-23.22.33:253][  0]LogShaderCompilers: Cleaned the shader compiler working directory 'C:/Users/Zain/AppData/Local/Temp/UnrealShaderWorkingDir/AC2C5E42420616BC94A25985F9E9E938/'.
[2016.03.28-23.22.33:253][  0]LogShaderCompilers:Display: Using Local Shader Compiler.
[2016.03.28-23.22.36:826][  0]LogTemp:Display: Loaded TP AllDesktopTargetPlatform
[2016.03.28-23.22.36:835][  0]LogTemp:Display: Loaded TP WindowsClientTargetPlatform
[2016.03.28-23.22.36:846][  0]LogTemp:Display: Loaded TP WindowsNoEditorTargetPlatform
[2016.03.28-23.22.36:854][  0]LogTemp:Display: Loaded TP WindowsServerTargetPlatform
[2016.03.28-23.22.36:865][  0]LogTemp:Display: Loaded TP WindowsTargetPlatform
[2016.03.28-23.22.36:900][  0]LogTemp:Display: Loaded TP AndroidTargetPlatform
[2016.03.28-23.22.36:926][  0]LogTemp:Display: Loaded TP Android_ASTCTargetPlatform
[2016.03.28-23.22.36:936][  0]LogTemp:Display: Loaded TP Android_ATCTargetPlatform
[2016.03.28-23.22.36:979][  0]LogTemp:Display: Loaded TP Android_DXTTargetPlatform
[2016.03.28-23.22.37:011][  0]LogTemp:Display: Loaded TP Android_ETC1TargetPlatform
[2016.03.28-23.22.37:025][  0]LogTemp:Display: Loaded TP Android_ETC2TargetPlatform
[2016.03.28-23.22.37:057][  0]LogTemp:Display: Loaded TP Android_MultiTargetPlatform
[2016.03.28-23.22.37:057][  0]LogTemp:Display: Loaded TP Android_PVRTCTargetPlatform
[2016.03.28-23.22.37:061][  0]LogTemp:Display: Loaded TP HTML5TargetPlatform
[2016.03.28-23.22.37:174][  0]LogTemp:Display: Loaded TP IOSTargetPlatform
[2016.03.28-23.22.37:182][  0]LogTemp:Display: Loaded TP LinuxNoEditorTargetPlatform
[2016.03.28-23.22.37:216][  0]LogTemp:Display: Loaded TP LinuxServerTargetPlatform
[2016.03.28-23.22.37:237][  0]LogTemp:Display: Loaded TP LinuxTargetPlatform
[2016.03.28-23.22.37:252][  0]LogTargetPlatformManager:Display: Building Assets For Windows
[2016.03.28-23.22.37:828][  0]LogDerivedDataCache:Display: Max Cache Size: 512 MB
[2016.03.28-23.22.38:502][  0]LogDerivedDataCache: Loaded boot cache 0.67s 41MB C:/Users/Zain/AppData/Local/UnrealEngine/4.10/DerivedDataCache/Boot.ddc.
[2016.03.28-23.22.38:502][  0]LogDerivedDataCache:Display: Loaded Boot cache: C:/Users/Zain/AppData/Local/UnrealEngine/4.10/DerivedDataCache/Boot.ddc
[2016.03.28-23.22.38:503][  0]LogDerivedDataCache: FDerivedDataBackendGraph:  Pak pak cache file ../../../../../../Users/Zain/Documents/GitHub/VRGameDatabase/DerivedDataCache/DDC.ddp not found, will not use a pak cache.
[2016.03.28-23.22.38:503][  0]LogDerivedDataCache: Unable to find inner node Pak for hierarchical cache Hierarchy.
[2016.03.28-23.22.38:503][  0]LogDerivedDataCache: FDerivedDataBackendGraph:  CompressedPak pak cache file ../../../../../../Users/Zain/Documents/GitHub/VRGameDatabase/DerivedDataCache/Compressed.ddp not found, will not use a pak cache.
[2016.03.28-23.22.38:503][  0]LogDerivedDataCache: Unable to find inner node CompressedPak for hierarchical cache Hierarchy.
[2016.03.28-23.22.38:632][  0]LogDerivedDataCache:Display: Pak cache opened for reading ../../../Engine/DerivedDataCache/Compressed.ddp.
[2016.03.28-23.22.38:646][  0]LogDerivedDataCache: Using Local data cache path C:/Users/Zain/AppData/Local/UnrealEngine/Common/DerivedDataCache: Writable
[2016.03.28-23.22.46:342][  0]LogInit: Selected Device Profile: [Windows]
[2016.03.28-23.22.46:349][  0]LogContentStreaming: Texture pool size is 0.000000MB
[2016.03.28-23.22.47:369][  0]LogMeshUtilities: No automatic mesh reduction module available
[2016.03.28-23.22.47:369][  0]LogMeshUtilities: No automatic mesh merging module available
[2016.03.28-23.22.49:513][  0]LogInit: WinSock: version 1.1 (2.2), MaxSocks=32767, MaxUdp=65467
[2016.03.28-23.22.55:366][  0]UdpMessaging: Initializing bridge on interface 0.0.0.0:0 to multicast group 230.0.0.1:6666.
[2016.03.28-23.22.55:747][  0]LogAssetRegistry: FAssetRegistry took 0.0133 seconds to start up
[2016.03.28-23.22.56:768][  0]SourceControl: Info Source control is disabled
[2016.03.28-23.22.56:769][  0]SourceControl: Info Source control is disabled
[2016.03.28-23.22.56:832][  0]SourceControl: Info Source control is disabled
[2016.03.28-23.22.56:930][  0]SourceControl: Info Source control is disabled
[2016.03.28-23.22.57:889][  0]LogObj: 28633 objects as part of root set at end of initial load.
[2016.03.28-23.22.57:889][  0]LogUObjectAllocator: 6099744 out of 0 bytes used by permanent object pool.
[2016.03.28-23.22.58:298][  0]LogEngine: Initializing Engine...
[2016.03.28-23.22.58:331][  0]OCULUS: Info: 03/28/16 23:22:58: [CAPI] LibOVR module is located at C:\Windows\system32\LibOVRRT64_0_8.dll

[2016.03.28-23.22.58:332][  0]OCULUS: Info: 03/28/16 23:22:58: [IPC] Call Stats for SetInitialState : x1: C2S=33.5488, S2C=8.20083, Runtime=59.6424 (microseconds) C2Ssize=80, S2Csize=81 (bytes)

[2016.03.28-23.22.58:332][  0]OCULUS: Info: 03/28/16 23:22:58: [IPC] Call Stats for IsLatencyTesterAvailable : x1: C2S=25.0995, S2C=5.46722, Runtime=1.49106 (microseconds) C2Ssize=33, S2Csize=18 (bytes)

[2016.03.28-23.22.58:333][  0]OCULUS: Info: 03/28/16 23:22:58: [IPC] Call Stats for Hmd_Create : x1: C2S=15.9046, S2C=6.95828, Runtime=13.9166 (microseconds) C2Ssize=19, S2Csize=171 (bytes)

[2016.03.28-23.22.58:334][  0]OCULUS: Info: 03/28/16 23:22:58: [IPC] Call Stats for Hmd_GetHmdInfo : x1: C2S=41.2526, S2C=18.6382, Runtime=11.9285 (microseconds) C2Ssize=23, S2Csize=803 (bytes)

[2016.03.28-23.22.58:348][  0]OCULUS: Info: 03/28/16 23:22:58: [IPC] Call Stats for SetNumberValue : x1: C2S=101.392, S2C=16.6502, Runtime=12.674 (microseconds) C2Ssize=55, S2Csize=25 (bytes)

[2016.03.28-23.22.58:348][  0]OCULUS: Info: 03/28/16 23:22:58: [IPC] Call Stats for SetNumberValues : x1: C2S=27.0876, S2C=7.95232, Runtime=13.668 (microseconds) C2Ssize=81, S2Csize=25 (bytes)

[2016.03.28-23.22.58:348][  0]OCULUS: Info: 03/28/16 23:22:58: [IPC] Call Stats for Hmd_SetEnabledCaps : x1: C2S=17.3957, S2C=3.72765, Runtime=55.9147 (microseconds) C2Ssize=35, S2Csize=33 (bytes)

[2016.03.28-23.22.58:348][  0]OCULUS: Info: 03/28/16 23:22:58: [IPC] Call Stats for Hmd_ConfigureTracking : x1: C2S=10.1889, S2C=2.98212, Runtime=19.6323 (microseconds) C2Ssize=46, S2Csize=25 (bytes)

[2016.03.28-23.22.58:349][  0]OCULUS: Info: 03/28/16 23:22:58: [IPC] Call Stats for Hmd_Release : x1: C2S=18.6382, S2C=5.96424, Runtime=43.2407 (microseconds) C2Ssize=20, S2Csize=25 (bytes)

[2016.03.28-23.22.58:359][  0]LogHMD: Oculus plugin initialized. Version: 4.10.4-2872498+++depot+UE4-Releases+4.10, LibOVR: 0.8.0.0, built Feb 18 2016, 15:47:50
[2016.03.28-23.22.58:870][  0]LogAIModule: Creating AISystem for world NewWorld
[2016.03.28-23.22.59:022][  0]LogInit: XAudio2 using 'Speakers (Realtek High Definition Audio)' : 2 channels at 48 kHz using 32 bits per sample (channel mask 0x3)
[2016.03.28-23.22.59:103][  0]LogInit: FAudioDevice initialized.
[2016.03.28-23.22.59:142][  0]LogDerivedDataCache: Saved boot cache 0.04s 41MB C:/Users/Zain/AppData/Local/UnrealEngine/4.10/DerivedDataCache/Boot.ddc.
[2016.03.28-23.22.59:154][  0]LogInit: Texture streaming: Enabled
[2016.03.28-23.22.59:203][  0]LogAnalytics: Creating configured Analytics provider AnalyticsET
[2016.03.28-23.22.59:204][  0]LogAnalytics: [UEEditor.Rocket.Release] APIServer = http://et2.epicgames.com/ET2/. AppVersion = 4.10.4-2872498+++depot+UE4-Releases+4.10
[2016.03.28-23.22.59:204][  0]LogAnalytics: [UEEditor.Rocket.Release] SetUserId 7c60df0a447c9ef6199d21b6819f259e|80baa8e3b74d44a3815fddd4e7187f5b|252caeb6-b0e8-405f-a22e-4edf38a6839b
[2016.03.28-23.22.59:204][  0]LogAnalytics: [UEEditor.Rocket.Release] AnalyticsET::StartSession
[2016.03.28-23.22.59:241][  0]LogInit: Transaction tracking system initialized
[2016.03.28-23.22.59:433][  0]BlueprintLog: New page: Editor Load
[2016.03.28-23.23.01:185][  0]LocalizationService: Info Localization service is disabled
[2016.03.28-23.23.01:855][  0]LogConsoleResponse:Display: 
[2016.03.28-23.23.02:507][  0]LogCook:Display: Done creating registry. It took  0.00s.
[2016.03.28-23.23.03:196][  0]LogFileCache: Scanning file cache for directory 'C:/Users/Zain/Documents/GitHub/VRGameDatabase/Content/' took 0.02s
[2016.03.28-23.23.03:196][  0]SourceControl: Info Source control is disabled
[2016.03.28-23.23.03:219][  0]Cmd: MAP LOAD FILE="../../../../../../Users/Zain/Documents/GitHub/VRGameDatabase/Content/FirstPersonBP/Maps/FirstPersonExampleMap.umap" TEMPLATE=0 SHOWPROGRESS=1 FEATURELEVEL=3
[2016.03.28-23.23.03:224][  0]LightingResults: New page: Lighting Build
[2016.03.28-23.23.03:295][  0]MapCheck: New page: Map Check
[2016.03.28-23.23.03:295][  0]LightingResults: New page: Lighting Build
[2016.03.28-23.23.03:422][  0]LogParticles: Destroying 0 GPU particle simulations for FXSystem 0x00000000227E6AC0
[2016.03.28-23.23.06:939][  0]LogAIModule: Creating AISystem for world FirstPersonExampleMap
[2016.03.28-23.23.07:176][  0]LogEditorServer: Finished looking for orphan Actors (0.000 secs)
[2016.03.28-23.23.07:192][  0]Cmd: MAP CHECKDEP NOCLEARLOG
[2016.03.28-23.23.07:264][  0]MapCheck: Info Map check complete: 0 Error(s), 0 Warning(s), took 71.816ms to complete.
[2016.03.28-23.23.07:264][  0]LogFileHelpers: Loading map 'FirstPersonExampleMap' took 4.065
[2016.03.28-23.23.07:856][  0]LogCollectionManager: Loaded 0 collections in 0.003202 seconds
[2016.03.28-23.23.07:945][  0]LogFileCache: Scanning file cache for directory 'C:/Users/Zain/Documents/GitHub/VRGameDatabase/Saved/Collections/' took 0.01s
[2016.03.28-23.23.07:945][  0]LogFileCache: Scanning file cache for directory 'C:/Users/Zain/Documents/GitHub/VRGameDatabase/Content/Developers/Zain/Collections/' took 0.01s
[2016.03.28-23.23.07:945][  0]LogFileCache: Scanning file cache for directory 'C:/Users/Zain/Documents/GitHub/VRGameDatabase/Content/Collections/' took 0.01s
[2016.03.28-23.23.07:945][  0]LogCollectionManager: Rebuilt the GUID cache for 0 collections in 0.000002 seconds
[2016.03.28-23.23.07:962][  0]LogContentBrowser: Native class hierarchy populated in 0.0150 seconds. Added 1893 classes and 338 folders.
[2016.03.28-23.23.08:017][  0]LogContentBrowser: Native class hierarchy updated for 'WidgetCarousel' in 0.0004 seconds. Added 0 classes and 0 folders.
[2016.03.28-23.23.08:368][  0]LogContentBrowser: Native class hierarchy updated for 'AddContentDialog' in 0.0004 seconds. Added 0 classes and 0 folders.
[2016.03.28-23.23.08:452][  0]LogContentBrowser: Native class hierarchy updated for 'SceneOutliner' in 0.0005 seconds. Added 1 classes and 2 folders.
[2016.03.28-23.23.08:833][  0]LogCrashTracker: Crashtracker disabled due to settings.
[2016.03.28-23.23.08:929][  0]LogUObjectGlobals:Warning: Failed to find object 'Class None.'
[2016.03.28-23.23.08:961][  0]LogLoad: Full Startup: 44.69 seconds (BP compile: 0.51 seconds)
[2016.03.28-23.23.09:310][  0]LogOcInput: OculusInput is initialized. Init status 0. Runtime version: 0.8.0.0
[2016.03.28-23.23.09:554][  0]LogContentStreaming: Texture pool size now 400 MB
[2016.03.28-23.23.09:914][  0]LogRenderer: Reallocating scene render targets to support 1616x572 (Frame:2).
[2016.03.28-23.23.11:411][  8]LogAssetRegistry: Asset discovery search completed in 15.6756 seconds
[2016.03.28-23.23.11:411][  8]LogCollectionManager: Rebuilt the object cache for 0 collections in 0.000001 seconds (found 0 objects)
[2016.03.28-23.23.11:411][  8]LogCollectionManager: Fixed up redirectors for 0 collections in 0.000025 seconds (updated 0 objects)
[2016.03.28-23.24.06:086][ 93]LogActorComponent: UnregisterComponent: (/Engine/Transient.ProjectileMovementComponent_40__A6522401) Not registered. Aborting.
[2016.03.28-23.24.06:575][ 94]Cmd: QUIT_EDITOR
[2016.03.28-23.24.06:768][ 94]LogExit: Preparing to exit.
[2016.03.28-23.24.07:579][ 94]LogExit: Editor shut down
[2016.03.28-23.24.07:579][ 94]LogExit: Transaction tracking system shut down
[2016.03.28-23.24.07:586][ 94]LogParticles: Destroying 0 GPU particle simulations for FXSystem 0x000000002531ACA0
[2016.03.28-23.24.07:587][ 94]LogParticles: Destroying 0 GPU particle simulations for FXSystem 0x00000000267BB880
[2016.03.28-23.24.07:587][ 94]LogParticles: Destroying 0 GPU particle simulations for FXSystem 0x00000000268FA980
[2016.03.28-23.24.07:829][ 94]LogExit: Object subsystem successfully closed.
[2016.03.28-23.24.07:862][ 94]LogD3D11RHI: Shutdown
[2016.03.28-23.24.07:862][ 94]LogD3D11RHI: CleanupD3DDevice
[2016.03.28-23.24.07:959][ 94]LogD3D11RHI: ~FD3D11DynamicRHI
[2016.03.28-23.24.08:052][ 94]LogModuleManager: Shutting down and abandoning module CrashTracker (198)
[2016.03.28-23.24.08:052][ 94]LogModuleManager: Shutting down and abandoning module SceneOutliner (197)
[2016.03.28-23.24.08:052][ 94]LogModuleManager: Shutting down and abandoning module SuperSearch (196)
[2016.03.28-23.24.08:052][ 94]LogModuleManager: Shutting down and abandoning module WidgetCarousel (195)
[2016.03.28-23.24.08:052][ 94]LogModuleManager: Shutting down and abandoning module AddContentDialog (194)
[2016.03.28-23.24.08:054][ 94]LogModuleManager: Shutting down and abandoning module EditorWidgets (193)
[2016.03.28-23.24.08:054][ 94]LogModuleManager: Shutting down and abandoning module CollectionManager (192)
[2016.03.28-23.24.08:054][ 94]LogModuleManager: Shutting down and abandoning module StatsViewer (191)
[2016.03.28-23.24.08:054][ 94]LogModuleManager: Shutting down and abandoning module FoliageEdit (190)
[2016.03.28-23.24.08:054][ 94]LogModuleManager: Shutting down and abandoning module LandscapeEditor (189)
[2016.03.28-23.24.08:072][ 94]LogModuleManager: Shutting down and abandoning module ActorPickerMode (188)
[2016.03.28-23.24.08:072][ 94]LogModuleManager: Shutting down and abandoning module GeometryMode (187)
[2016.03.28-23.24.08:072][ 94]LogModuleManager: Shutting down and abandoning module TextureAlignMode (186)
[2016.03.28-23.24.08:072][ 94]LogModuleManager: Shutting down and abandoning module BspMode (185)
[2016.03.28-23.24.08:072][ 94]LogModuleManager: Shutting down and abandoning module PlacementMode (184)
[2016.03.28-23.24.08:072][ 94]LogModuleManager: Shutting down and abandoning module AutomationWorker (183)
[2016.03.28-23.24.08:072][ 94]LogModuleManager: Shutting down and abandoning module CharacterAI (182)
[2016.03.28-23.24.08:072][ 94]LogModuleManager: Shutting down and abandoning module SmartSnapping (181)
[2016.03.28-23.24.08:072][ 94]LogModuleManager: Shutting down and abandoning module ViewportSnapping (180)
[2016.03.28-23.24.08:072][ 94]LogModuleManager: Shutting down and abandoning module LogVisualizer (179)
[2016.03.28-23.24.08:072][ 94]LogModuleManager: Shutting down and abandoning module GameProjectGeneration (178)
[2016.03.28-23.24.08:095][ 94]LogModuleManager: Shutting down and abandoning module IntroTutorials (177)
[2016.03.28-23.24.08:096][ 94]LogModuleManager: Shutting down and abandoning module EditorLiveStreaming (176)
[2016.03.28-23.24.08:096][ 94]LogModuleManager: Shutting down and abandoning module IOSPlatformEditor (175)
[2016.03.28-23.24.08:096][ 94]LogModuleManager: Shutting down and abandoning module HTML5PlatformEditor (174)
[2016.03.28-23.24.08:096][ 94]LogModuleManager: Shutting down and abandoning module AndroidDeviceDetection (173)
[2016.03.28-23.24.08:437][ 94]LogModuleManager: Shutting down and abandoning module AndroidPlatformEditor (172)
[2016.03.28-23.24.08:437][ 94]LogModuleManager: Shutting down and abandoning module IOSRuntimeSettings (171)
[2016.03.28-23.24.08:437][ 94]LogModuleManager: Shutting down and abandoning module AndroidRuntimeSettings (170)
[2016.03.28-23.24.08:437][ 94]LogModuleManager: Shutting down and abandoning module MergeActors (169)
[2016.03.28-23.24.08:437][ 94]LogModuleManager: Shutting down and abandoning module SizeMap (168)
[2016.03.28-23.24.08:437][ 94]LogModuleManager: Shutting down and abandoning module TreeMap (167)
[2016.03.28-23.24.08:437][ 94]LogModuleManager: Shutting down and abandoning module ReferenceViewer (166)
[2016.03.28-23.24.08:437][ 94]LogModuleManager: Shutting down and abandoning module LocalizationService (165)
[2016.03.28-23.24.08:437][ 94]LogModuleManager: Shutting down and abandoning module LocalizationDashboard (164)
[2016.03.28-23.24.08:440][ 94]LogModuleManager: Shutting down and abandoning module HardwareTargeting (163)
[2016.03.28-23.24.08:440][ 94]LogModuleManager: Shutting down and abandoning module DeviceProfileEditor (162)
[2016.03.28-23.24.08:441][ 94]LogModuleManager: Shutting down and abandoning module UndoHistory (161)
[2016.03.28-23.24.08:441][ 94]LogModuleManager: Shutting down and abandoning module GameplayTagsEditor (160)
[2016.03.28-23.24.08:441][ 94]LogModuleManager: Shutting down and abandoning module UserFeedback (159)
[2016.03.28-23.24.08:441][ 94]LogModuleManager: Shutting down and abandoning module XmlParser (158)
[2016.03.28-23.24.08:441][ 94]LogModuleManager: Shutting down and abandoning module Blutility (157)
[2016.03.28-23.24.08:441][ 94]LogModuleManager: Shutting down and abandoning module ProjectTargetPlatformEditor (156)
[2016.03.28-23.24.08:441][ 94]LogModuleManager: Shutting down and abandoning module ProjectSettingsViewer (155)
[2016.03.28-23.24.08:441][ 94]LogModuleManager: Shutting down and abandoning module InputBindingEditor (154)
[2016.03.28-23.24.08:441][ 94]LogModuleManager: Shutting down and abandoning module EditorSettingsViewer (153)
[2016.03.28-23.24.08:441][ 94]LogModuleManager: Shutting down and abandoning module SettingsEditor (152)
[2016.03.28-23.24.08:441][ 94]LogModuleManager: Shutting down and abandoning module ProjectLauncher (151)
[2016.03.28-23.24.08:474][ 94]LogModuleManager: Shutting down and abandoning module SessionFrontend (150)
[2016.03.28-23.24.08:474][ 94]LogModuleManager: Shutting down and abandoning module ProfilerClient (149)
[2016.03.28-23.24.08:475][ 94]LogModuleManager: Shutting down and abandoning module TargetDeviceServices (148)
[2016.03.28-23.24.08:475][ 94]LogModuleManager: Shutting down and abandoning module DeviceManager (147)
[2016.03.28-23.24.08:475][ 94]LogModuleManager: Shutting down and abandoning module AutomationController (146)
[2016.03.28-23.24.08:475][ 94]LogModuleManager: Shutting down and abandoning module AutomationWindow (145)
[2016.03.28-23.24.08:501][ 94]LogModuleManager: Shutting down and abandoning module Layers (144)
[2016.03.28-23.24.08:538][ 94]LogModuleManager: Shutting down and abandoning module ComponentVisualizers (143)
[2016.03.28-23.24.08:538][ 94]LogModuleManager: Shutting down and abandoning module DetailCustomizations (142)
[2016.03.28-23.24.08:540][ 94]LogModuleManager: Shutting down and abandoning module PackagesDialog (141)
[2016.03.28-23.24.08:540][ 94]LogModuleManager: Shutting down and abandoning module Persona (140)
[2016.03.28-23.24.08:559][ 94]LogModuleManager: Shutting down and abandoning module Kismet (139)
[2016.03.28-23.24.08:559][ 94]LogModuleManager: Shutting down and abandoning module GraphEditor (138)
[2016.03.28-23.24.08:562][ 94]LogModuleManager: Shutting down and abandoning module ClassViewer (137)
[2016.03.28-23.24.08:562][ 94]LogModuleManager: Shutting down and abandoning module Toolbox (136)
[2016.03.28-23.24.08:562][ 94]LogModuleManager: Shutting down and abandoning module ModuleUI (135)
[2016.03.28-23.24.08:563][ 94]LogModuleManager: Shutting down and abandoning module MovieSceneTools (134)
[2016.03.28-23.24.08:563][ 94]LogModuleManager: Shutting down and abandoning module OutputLog (133)
[2016.03.28-23.24.08:563][ 94]LogModuleManager: Shutting down and abandoning module GammaUI (132)
[2016.03.28-23.24.08:564][ 94]LogModuleManager: Shutting down and abandoning module Documentation (131)
[2016.03.28-23.24.08:564][ 94]LogModuleManager: Shutting down and abandoning module GameLiveStreaming (130)
[2016.03.28-23.24.08:564][ 94]LogModuleManager: Shutting down and abandoning module StreamingPauseRendering (129)
[2016.03.28-23.24.08:564][ 94]LogModuleManager: Shutting down and abandoning module AnalyticsET (128)
[2016.03.28-23.24.08:564][ 94]LogModuleManager: Shutting down and abandoning module Analytics (127)
[2016.03.28-23.24.08:564][ 94]LogModuleManager: Shutting down and abandoning module AITestSuite (126)
[2016.03.28-23.24.08:564][ 94]LogModuleManager: Shutting down and abandoning module GameplayDebugger (125)
[2016.03.28-23.24.08:564][ 94]LogModuleManager: Shutting down and abandoning module AIModule (124)
[2016.03.28-23.24.08:564][ 94]LogModuleManager: Shutting down and abandoning module ProfilerService (123)
[2016.03.28-23.24.08:749][ 94]LogModuleManager: Shutting down and abandoning module TaskGraph (122)
[2016.03.28-23.24.08:754][ 94]LogModuleManager: Shutting down and abandoning module SlateRemote (121)
[2016.03.28-23.24.08:754][ 94]LogModuleManager: Shutting down and abandoning module SteamVRController (120)
[2016.03.28-23.24.08:754][ 94]LogModuleManager: Shutting down and abandoning module SteamVR (119)
[2016.03.28-23.24.08:754][ 94]LogModuleManager: Shutting down and abandoning module ProceduralMeshComponent (118)
[2016.03.28-23.24.08:754][ 94]LogModuleManager: Shutting down and abandoning module OculusLibrary (117)
[2016.03.28-23.24.08:754][ 94]LogModuleManager: Shutting down and abandoning module OculusInput (116)
[2016.03.28-23.24.08:754][ 94]LogModuleManager: Shutting down and abandoning module LeapMotionController (115)
[2016.03.28-23.24.08:794][ 94]LogModuleManager: Shutting down and abandoning module CustomMeshComponent (114)
[2016.03.28-23.24.08:794][ 94]LogModuleManager: Shutting down and abandoning module CableComponent (113)
[2016.03.28-23.24.08:794][ 94]LogModuleManager: Shutting down and abandoning module ArchVisCharacter (112)
[2016.03.28-23.24.08:794][ 94]LogModuleManager: Shutting down and abandoning module MessagingDebugger (111)
[2016.03.28-23.24.08:795][ 94]LogModuleManager: Shutting down and abandoning module MediaPlayerEditor (110)
[2016.03.28-23.24.08:796][ 94]LogModuleManager: Shutting down and abandoning module HTML5Networking (109)
[2016.03.28-23.24.08:796][ 94]LogModuleManager: Shutting down and abandoning module SpeedTreeImporter (108)
[2016.03.28-23.24.08:796][ 94]LogModuleManager: Shutting down and abandoning module PluginBrowser (107)
[2016.03.28-23.24.08:796][ 94]LogModuleManager: Shutting down and abandoning module EpicSurvey (106)
[2016.03.28-23.24.08:796][ 94]LogModuleManager: Shutting down and abandoning module DesktopPlatform (105)
[2016.03.28-23.24.08:796][ 94]LogModuleManager: Shutting down and abandoning module VisualStudioSourceCodeAccess (104)
[2016.03.28-23.24.08:796][ 94]LogModuleManager: Shutting down and abandoning module UObjectPlugin (103)
[2016.03.28-23.24.08:796][ 94]LogModuleManager: Shutting down and abandoning module SubversionSourceControl (102)
[2016.03.28-23.24.08:796][ 94]LogModuleManager: Shutting down and abandoning module PerforceSourceControl (101)
[2016.03.28-23.24.08:796][ 94]LogModuleManager: Shutting down and abandoning module SourceControl (100)
[2016.03.28-23.24.08:796][ 94]LogModuleManager: Shutting down and abandoning module GitSourceControl (99)
[2016.03.28-23.24.08:796][ 94]LogModuleManager: Shutting down and abandoning module LightPropagationVolumeEditor (98)
[2016.03.28-23.24.08:796][ 94]LogModuleManager: Shutting down and abandoning module PaperTiledImporter (97)
[2016.03.28-23.24.08:796][ 94]LogModuleManager: Shutting down and abandoning module PaperSpriteSheetImporter (96)
[2016.03.28-23.24.08:796][ 94]LogModuleManager: Shutting down and abandoning module MeshPaint (95)
[2016.03.28-23.24.08:796][ 94]LogModuleManager: Shutting down and abandoning module SlateReflector (94)
[2016.03.28-23.24.08:797][ 94]LogModuleManager: Shutting down and abandoning module HotReload (93)
[2016.03.28-23.24.08:797][ 94]LogModuleManager: Shutting down and abandoning module MainFrame (92)
[2016.03.28-23.24.08:797][ 94]LogModuleManager: Shutting down and abandoning module LevelEditor (91)
[2016.03.28-23.24.08:799][ 94]LogModuleManager: Shutting down and abandoning module DirectoryWatcher (90)
[2016.03.28-23.24.08:801][ 94]LogModuleManager: Shutting down and abandoning module AssetRegistry (89)
[2016.03.28-23.24.08:932][ 94]LogModuleManager: Shutting down and abandoning module ContentBrowser (88)
[2016.03.28-23.24.08:933][ 94]LogModuleManager: Shutting down and abandoning module Paper2DEditor (87)
[2016.03.28-23.24.08:933][ 94]LogModuleManager: Shutting down and abandoning module UdpMessaging (86)
[2016.03.28-23.24.09:033][ 94]LogModuleManager: Shutting down and abandoning module LightPropagationVolumeRuntime (85)
[2016.03.28-23.24.09:033][ 94]LogModuleManager: Shutting down and abandoning module Paper2D (84)
[2016.03.28-23.24.09:033][ 94]LogModuleManager: Shutting down and abandoning module WindowsMoviePlayer (83)
[2016.03.28-23.24.09:037][ 94]LogModuleManager: Shutting down and abandoning module Media (82)
[2016.03.28-23.24.09:037][ 94]LogModuleManager: Shutting down and abandoning module WmfMedia (81)
[2016.03.28-23.24.09:038][ 94]LogModuleManager: Shutting down and abandoning module OnlineBlueprintSupport (80)
[2016.03.28-23.24.09:039][ 94]LogModuleManager: Shutting down and abandoning module GameplayTasksEditor (79)
[2016.03.28-23.24.09:039][ 94]LogModuleManager: Shutting down and abandoning module PropertyEditor (78)
[2016.03.28-23.24.09:039][ 94]LogModuleManager: Shutting down and abandoning module BehaviorTreeEditor (77)
[2016.03.28-23.24.09:040][ 94]LogModuleManager: Shutting down and abandoning module FunctionalTesting (76)
[2016.03.28-23.24.09:040][ 94]LogModuleManager: Shutting down and abandoning module CollisionAnalyzer (75)
[2016.03.28-23.24.09:040][ 94]LogModuleManager: Shutting down and abandoning module WorkspaceMenuStructure (74)
[2016.03.28-23.24.09:040][ 94]LogModuleManager: Shutting down and abandoning module MessageLog (73)
[2016.03.28-23.24.09:040][ 94]LogModuleManager: Shutting down and abandoning module Sequencer (72)
[2016.03.28-23.24.09:041][ 94]LogModuleManager: Shutting down and abandoning module AssetTools (71)
[2016.03.28-23.24.09:045][ 94]LogModuleManager: Shutting down and abandoning module UMGEditor (70)
[2016.03.28-23.24.09:046][ 94]LogModuleManager: Shutting down and abandoning module UMG (69)
[2016.03.28-23.24.09:046][ 94]LogModuleManager: Shutting down and abandoning module Slate (68)
[2016.03.28-23.24.09:046][ 94]LogModuleManager: Shutting down and abandoning module EditorStyle (67)
[2016.03.28-23.24.09:048][ 94]LogModuleManager: Shutting down and abandoning module SessionServices (66)
[2016.03.28-23.24.09:048][ 94]LogModuleManager: Shutting down and abandoning module SourceCodeAccess (65)
[2016.03.28-23.24.09:048][ 94]LogModuleManager: Shutting down and abandoning module HeadMountedDisplay (64)
[2016.03.28-23.24.09:048][ 94]LogModuleManager: Shutting down and abandoning module XAudio2 (63)
[2016.03.28-23.24.09:048][ 94]LogModuleManager: Shutting down and abandoning module Networking (61)
[2016.03.28-23.24.09:048][ 94]LogModuleManager: Shutting down and abandoning module Core (60)
[2016.03.28-23.24.09:048][ 94]LogModuleManager: Shutting down and abandoning module KismetCompiler (59)
[2016.03.28-23.24.09:048][ 94]LogModuleManager: Shutting down and abandoning module PhysXFormats (58)
[2016.03.28-23.24.09:049][ 94]LogModuleManager: Shutting down and abandoning module MeshUtilities (57)
[2016.03.28-23.24.09:050][ 94]LogModuleManager: Shutting down and abandoning module DerivedDataCache (56)
[2016.03.28-23.24.09:285][ 94]LogDerivedDataCache: Shutdown
[2016.03.28-23.24.09:285][ 94]LogModuleManager: Shutting down and abandoning module ShaderFormatOpenGL (55)
[2016.03.28-23.24.09:286][ 94]LogModuleManager: Shutting down and abandoning module ShaderFormatD3D (54)
[2016.03.28-23.24.09:286][ 94]LogModuleManager: Shutting down and abandoning module MetalShaderFormat (53)
[2016.03.28-23.24.09:287][ 94]LogModuleManager: Shutting down and abandoning module TextureFormatUncompressed (52)
[2016.03.28-23.24.09:287][ 94]LogModuleManager: Shutting down and abandoning module TextureFormatPVR (51)
[2016.03.28-23.24.09:287][ 94]LogModuleManager: Shutting down and abandoning module TextureFormatIntelISPCTexComp (50)
[2016.03.28-23.24.09:287][ 94]LogModuleManager: Shutting down and abandoning module TextureFormatDXT (49)
[2016.03.28-23.24.09:287][ 94]LogModuleManager: Shutting down and abandoning module ImageWrapper (48)
[2016.03.28-23.24.09:287][ 94]LogModuleManager: Shutting down and abandoning module TextureFormatASTC (47)
[2016.03.28-23.24.09:287][ 94]LogModuleManager: Shutting down and abandoning module TextureFormatAndroid (46)
[2016.03.28-23.24.09:287][ 94]LogModuleManager: Shutting down and abandoning module AudioFormatOpus (45)
[2016.03.28-23.24.09:287][ 94]LogModuleManager: Shutting down and abandoning module AudioFormatOgg (44)
[2016.03.28-23.24.09:287][ 94]LogModuleManager: Shutting down and abandoning module AudioFormatADPCM (43)
[2016.03.28-23.24.09:287][ 94]LogModuleManager: Shutting down and abandoning module LinuxTargetPlatform (42)
[2016.03.28-23.24.09:287][ 94]LogModuleManager: Shutting down and abandoning module LinuxServerTargetPlatform (41)
[2016.03.28-23.24.09:287][ 94]LogModuleManager: Shutting down and abandoning module LinuxNoEditorTargetPlatform (40)
[2016.03.28-23.24.09:287][ 94]LogModuleManager: Shutting down and abandoning module Messaging (39)
[2016.03.28-23.24.09:287][ 94]LogModuleManager: Shutting down and abandoning module IOSTargetPlatform (38)
[2016.03.28-23.24.09:287][ 94]LogModuleManager: Shutting down and abandoning module HTML5TargetPlatform (37)
[2016.03.28-23.24.09:287][ 94]LogModuleManager: Shutting down and abandoning module Android_PVRTCTargetPlatform (36)
[2016.03.28-23.24.09:287][ 94]LogModuleManager: Shutting down and abandoning module Android_MultiTargetPlatform (35)
[2016.03.28-23.24.09:287][ 94]LogModuleManager: Shutting down and abandoning module Android_ETC2TargetPlatform (34)
[2016.03.28-23.24.09:287][ 94]LogModuleManager: Shutting down and abandoning module Android_ETC1TargetPlatform (33)
[2016.03.28-23.24.09:287][ 94]LogModuleManager: Shutting down and abandoning module Android_DXTTargetPlatform (32)
[2016.03.28-23.24.09:287][ 94]LogModuleManager: Shutting down and abandoning module Android_ATCTargetPlatform (31)
[2016.03.28-23.24.09:287][ 94]LogModuleManager: Shutting down and abandoning module Android_ASTCTargetPlatform (30)
[2016.03.28-23.24.09:287][ 94]LogModuleManager: Shutting down and abandoning module AndroidTargetPlatform (29)
[2016.03.28-23.24.09:287][ 94]LogModuleManager: Shutting down and abandoning module WindowsTargetPlatform (28)
[2016.03.28-23.24.09:287][ 94]LogModuleManager: Shutting down and abandoning module WindowsServerTargetPlatform (27)
[2016.03.28-23.24.09:287][ 94]LogModuleManager: Shutting down and abandoning module WindowsNoEditorTargetPlatform (26)
[2016.03.28-23.24.09:287][ 94]LogModuleManager: Shutting down and abandoning module WindowsClientTargetPlatform (25)
[2016.03.28-23.24.09:287][ 94]LogModuleManager: Shutting down and abandoning module AllDesktopTargetPlatform (24)
[2016.03.28-23.24.09:287][ 94]LogModuleManager: Shutting down and abandoning module TargetPlatform (23)
[2016.03.28-23.24.09:287][ 94]LogModuleManager: Shutting down and abandoning module InputCore (22)
[2016.03.28-23.24.09:287][ 94]LogModuleManager: Shutting down and abandoning module Settings (21)
[2016.03.28-23.24.09:287][ 94]LogModuleManager: Shutting down and abandoning module OnlineSubsystem (19)
[2016.03.28-23.24.09:287][ 94]LogModuleManager: Shutting down and abandoning module HTTP (18)
[2016.03.28-23.24.12:788][ 94]LogModuleManager: Shutting down and abandoning module XMPP (17)
[2016.03.28-23.24.12:843][ 94]LogModuleManager: Shutting down and abandoning module OculusRift (16)
[2016.03.28-23.24.12:843][ 94]LogHMD: Oculus shutdown.
[2016.03.28-23.24.12:843][ 94]LogModuleManager: Shutting down and abandoning module ExampleDeviceProfileSelector (15)
[2016.03.28-23.24.12:843][ 94]LogModuleManager: Shutting down and abandoning module TextureCompressor (14)
[2016.03.28-23.24.12:843][ 94]LogModuleManager: Shutting down and abandoning module ShaderCore (13)
[2016.03.28-23.24.12:843][ 94]LogModuleManager: Shutting down and abandoning module Landscape (12)
[2016.03.28-23.24.12:843][ 94]LogModuleManager: Shutting down and abandoning module SlateRHIRenderer (11)
[2016.03.28-23.24.12:846][ 94]LogModuleManager: Shutting down and abandoning module OpenGLDrv (10)
[2016.03.28-23.24.12:847][ 94]LogModuleManager: Shutting down and abandoning module D3D11RHI (9)
[2016.03.28-23.24.12:847][ 94]LogModuleManager: Shutting down and abandoning module AnimGraphRuntime (8)
[2016.03.28-23.24.12:862][ 94]LogModuleManager: Shutting down and abandoning module Renderer (7)
[2016.03.28-23.24.12:862][ 94]LogModuleManager: Shutting down and abandoning module Engine (6)
[2016.03.28-23.24.12:862][ 94]LogModuleManager: Shutting down and abandoning module CoreUObject (5)
[2016.03.28-23.24.12:862][ 94]LogModuleManager: Shutting down and abandoning module NetworkFile (4)
[2016.03.28-23.24.12:862][ 94]LogModuleManager: Shutting down and abandoning module StreamingFile (3)
[2016.03.28-23.24.12:862][ 94]LogModuleManager: Shutting down and abandoning module SandboxFile (2)
[2016.03.28-23.24.12:862][ 94]LogModuleManager: Shutting down and abandoning module PakFile (1)
[2016.03.28-23.24.12:864][ 94]LogExit: Exiting.
[2016.03.28-23.24.12:865][ 94]Log file closed, 03/29/16 00:24:12
