[2016.03.22-03.13.38:574][  0]Log file open, 03/22/16 03:13:38
[2016.03.22-03.13.38:574][  0]LogInit:Display: Running engine for game: VRGameDatabase
[2016.03.22-03.13.38:574][  0]LogPlatformFile: Not using cached read wrapper
[2016.03.22-03.13.38:574][  0]LogInit:Display: RandInit(1897034746) SRandInit(1897034750).
[2016.03.22-03.13.38:574][  0]LogTaskGraph: Started task graph with 4 named threads and 5 total threads.
[2016.03.22-03.13.38:574][  0]LogStats: Stats thread started at 0.083379
[2016.03.22-03.13.38:574][  0]LogInit: Version: 4.10.4-2872498+++depot+UE4-Releases+4.10
[2016.03.22-03.13.38:574][  0]LogInit: API Version: 2758231
[2016.03.22-03.13.38:574][  0]LogInit: Compiled (64-bit): Feb 18 2016 15:47:04
[2016.03.22-03.13.38:574][  0]LogInit: Compiled with Visual C++: 19.00.23026.00
[2016.03.22-03.13.38:574][  0]LogInit: Build Configuration: Development
[2016.03.22-03.13.38:574][  0]LogInit: Branch Name: ++depot+UE4-Releases+4.10
[2016.03.22-03.13.38:574][  0]LogInit: Command line:  
[2016.03.22-03.13.38:574][  0]LogInit: Base directory: C:/Program Files (x86)/Epic Games/4.10/Engine/Binaries/Win64/
[2016.03.22-03.13.38:574][  0]LogInit: Rocket: 1
[2016.03.22-03.13.38:589][  0]LogInit: Using libcurl 7.41.0
[2016.03.22-03.13.38:589][  0]LogInit:  - built for x86_64-pc-win32
[2016.03.22-03.13.38:589][  0]LogInit:  - supports SSL with WinSSL
[2016.03.22-03.13.38:589][  0]LogInit:  - other features:
[2016.03.22-03.13.38:589][  0]LogInit:      CURL_VERSION_SSL
[2016.03.22-03.13.38:589][  0]LogInit:      CURL_VERSION_IPV6
[2016.03.22-03.13.38:590][  0]LogInit:      CURL_VERSION_ASYNCHDNS
[2016.03.22-03.13.38:590][  0]LogInit:      CURL_VERSION_LARGEFILE
[2016.03.22-03.13.38:590][  0]LogInit:      CURL_VERSION_IDN
[2016.03.22-03.13.38:590][  0]LogInit:  CurlRequestOptions (configurable via config and command line):
[2016.03.22-03.13.38:590][  0]LogInit:  - bVerifyPeer = true  - Libcurl will verify peer certificate
[2016.03.22-03.13.38:590][  0]LogInit:  - bUseHttpProxy = false  - Libcurl will NOT use HTTP proxy
[2016.03.22-03.13.38:590][  0]LogInit:  - bDontReuseConnections = false  - Libcurl will reuse connections
[2016.03.22-03.13.38:590][  0]LogInit:  - CertBundlePath = nullptr  - Libcurl will use whatever was configured at build time.
[2016.03.22-03.13.38:606][  0]LogInit: Presizing for 0 objects not considered by GC, pre-allocating 0 bytes.
[2016.03.22-03.13.38:614][  0]LogInit: Object subsystem initialized
[2016.03.22-03.13.38:615][  0]LogInit: Selected Device Profile: [Windows]
[2016.03.22-03.13.38:615][  0]LogInit: Applying CVar settings loaded from the selected device profile: [Windows]
[2016.03.22-03.13.38:624][  0]LogInit: Computer: ZAIN-PC
[2016.03.22-03.13.38:624][  0]LogInit: User: Zain
[2016.03.22-03.13.38:624][  0]LogInit: CPU Page size=4096, Cores=2
[2016.03.22-03.13.38:624][  0]LogInit: High frequency timer resolution =4.023994 MHz
[2016.03.22-03.13.38:624][  0]LogMemory: Memory total: Physical=7.9GB (8GB approx)
[2016.03.22-03.13.38:624][  0]LogMemory: Platform Memory Stats for Windows
[2016.03.22-03.13.38:624][  0]LogMemory: Process Physical Memory: 55.77 MB used, 55.77 MB peak
[2016.03.22-03.13.38:624][  0]LogMemory: Process Virtual Memory: 59.49 MB used, 59.49 MB peak
[2016.03.22-03.13.38:624][  0]LogMemory: Physical Memory: 3674.00 MB used, 8128.26 MB total
[2016.03.22-03.13.38:624][  0]LogMemory: Virtual Memory: 352.88 MB used, 8388608.00 MB total
[2016.03.22-03.13.38:702][  0]LogTextLocalizationManager: No specific translations for ('en-GB') exist, so ('en') translations will be used.
[2016.03.22-03.13.39:143][  0]LogD3D11RHI: Found D3D11 adapter 0: AMD Radeon (TM) R9 380 Series (Feature Level 11_0)
[2016.03.22-03.13.39:143][  0]LogD3D11RHI: Adapter has 4072MB of dedicated video memory, 0MB of dedicated system memory, and 3808MB of shared system memory, 1 output[s]
[2016.03.22-03.13.39:143][  0]LogD3D11RHI: Chosen D3D11 Adapter Id = 0
[2016.03.22-03.13.39:166][  0]LogD3D11RHI: !Direct3DDevice
[2016.03.22-03.13.39:166][  0]LogRHI: Texture pool is 1361 MB (70% of 1945 MB)
[2016.03.22-03.13.39:175][  0]LogD3D11RHI: Async texture creation disabled: no driver support
[2016.03.22-03.13.39:187][  0]LogShaderCompilers: Guid format shader working directory is -15 characters bigger than the processId version (../../../../../../Users/Zain/Documents/GitHub/VRGameDatabase/Intermediate/Shaders/WorkingDirectory/5556/).
[2016.03.22-03.13.39:187][  0]LogShaderCompilers: Cleaned the shader compiler working directory 'C:/Users/Zain/AppData/Local/Temp/UnrealShaderWorkingDir/16281B5049E32F11654381890451B51D/'.
[2016.03.22-03.13.39:188][  0]LogShaderCompilers:Display: Using Local Shader Compiler.
[2016.03.22-03.13.40:865][  0]LogTemp:Display: Loaded TP AllDesktopTargetPlatform
[2016.03.22-03.13.40:922][  0]LogTemp:Display: Loaded TP WindowsClientTargetPlatform
[2016.03.22-03.13.40:976][  0]LogTemp:Display: Loaded TP WindowsNoEditorTargetPlatform
[2016.03.22-03.13.41:018][  0]LogTemp:Display: Loaded TP WindowsServerTargetPlatform
[2016.03.22-03.13.41:068][  0]LogTemp:Display: Loaded TP WindowsTargetPlatform
[2016.03.22-03.13.41:099][  0]LogTemp:Display: Loaded TP AndroidTargetPlatform
[2016.03.22-03.13.41:130][  0]LogTemp:Display: Loaded TP Android_ASTCTargetPlatform
[2016.03.22-03.13.41:160][  0]LogTemp:Display: Loaded TP Android_ATCTargetPlatform
[2016.03.22-03.13.41:189][  0]LogTemp:Display: Loaded TP Android_DXTTargetPlatform
[2016.03.22-03.13.41:220][  0]LogTemp:Display: Loaded TP Android_ETC1TargetPlatform
[2016.03.22-03.13.41:250][  0]LogTemp:Display: Loaded TP Android_ETC2TargetPlatform
[2016.03.22-03.13.41:310][  0]LogTemp:Display: Loaded TP Android_MultiTargetPlatform
[2016.03.22-03.13.41:310][  0]LogTemp:Display: Loaded TP Android_PVRTCTargetPlatform
[2016.03.22-03.13.41:336][  0]LogTemp:Display: Loaded TP HTML5TargetPlatform
[2016.03.22-03.13.41:479][  0]LogTemp:Display: Loaded TP IOSTargetPlatform
[2016.03.22-03.13.41:507][  0]LogTemp:Display: Loaded TP LinuxNoEditorTargetPlatform
[2016.03.22-03.13.41:536][  0]LogTemp:Display: Loaded TP LinuxServerTargetPlatform
[2016.03.22-03.13.41:570][  0]LogTemp:Display: Loaded TP LinuxTargetPlatform
[2016.03.22-03.13.41:570][  0]LogTargetPlatformManager:Display: Building Assets For Windows
[2016.03.22-03.13.42:813][  0]LogDerivedDataCache:Display: Max Cache Size: 512 MB
[2016.03.22-03.13.42:900][  0]LogDerivedDataCache: Loaded boot cache 0.09s 41MB C:/Users/Zain/AppData/Local/UnrealEngine/4.10/DerivedDataCache/Boot.ddc.
[2016.03.22-03.13.42:900][  0]LogDerivedDataCache:Display: Loaded Boot cache: C:/Users/Zain/AppData/Local/UnrealEngine/4.10/DerivedDataCache/Boot.ddc
[2016.03.22-03.13.42:900][  0]LogDerivedDataCache: FDerivedDataBackendGraph:  Pak pak cache file ../../../../../../Users/Zain/Documents/GitHub/VRGameDatabase/DerivedDataCache/DDC.ddp not found, will not use a pak cache.
[2016.03.22-03.13.42:900][  0]LogDerivedDataCache: Unable to find inner node Pak for hierarchical cache Hierarchy.
[2016.03.22-03.13.42:900][  0]LogDerivedDataCache: FDerivedDataBackendGraph:  CompressedPak pak cache file ../../../../../../Users/Zain/Documents/GitHub/VRGameDatabase/DerivedDataCache/Compressed.ddp not found, will not use a pak cache.
[2016.03.22-03.13.42:900][  0]LogDerivedDataCache: Unable to find inner node CompressedPak for hierarchical cache Hierarchy.
[2016.03.22-03.13.42:966][  0]LogDerivedDataCache:Display: Pak cache opened for reading ../../../Engine/DerivedDataCache/Compressed.ddp.
[2016.03.22-03.13.42:978][  0]LogDerivedDataCache: Using Local data cache path C:/Users/Zain/AppData/Local/UnrealEngine/Common/DerivedDataCache: Writable
[2016.03.22-03.13.43:240][  0]LogInit: Selected Device Profile: [Windows]
[2016.03.22-03.13.43:241][  0]LogContentStreaming: Texture pool size is 0.000000MB
[2016.03.22-03.13.43:410][  0]LogMeshUtilities: No automatic mesh reduction module available
[2016.03.22-03.13.43:410][  0]LogMeshUtilities: No automatic mesh merging module available
[2016.03.22-03.13.43:967][  0]LogInit: WinSock: version 1.1 (2.2), MaxSocks=32767, MaxUdp=65467
[2016.03.22-03.13.47:186][  0]UdpMessaging: Initializing bridge on interface 0.0.0.0:0 to multicast group 230.0.0.1:6666.
[2016.03.22-03.13.47:699][  0]LogAssetRegistry: FAssetRegistry took 0.0109 seconds to start up
[2016.03.22-03.13.48:805][  0]SourceControl: Info Source control is disabled
[2016.03.22-03.13.48:806][  0]SourceControl: Info Source control is disabled
[2016.03.22-03.13.48:942][  0]SourceControl: Info Source control is disabled
[2016.03.22-03.13.49:059][  0]SourceControl: Info Source control is disabled
[2016.03.22-03.13.50:299][  0]LogObj: 28633 objects as part of root set at end of initial load.
[2016.03.22-03.13.50:299][  0]LogUObjectAllocator: 6099744 out of 0 bytes used by permanent object pool.
[2016.03.22-03.13.50:498][  0]LogEngine: Initializing Engine...
[2016.03.22-03.13.50:500][  0]OCULUS: Info: 03/22/16 03:13:50: [CAPI] LibOVR module is located at C:\Windows\system32\LibOVRRT64_0_8.dll

[2016.03.22-03.13.50:502][  0]OCULUS: Info: 03/22/16 03:13:50: [IPC] Call Stats for SetInitialState : x1: C2S=471.671, S2C=4.72168, Runtime=59.8907 (microseconds) C2Ssize=80, S2Csize=81 (bytes)

[2016.03.22-03.13.50:502][  0]OCULUS: Info: 03/22/16 03:13:50: [IPC] Call Stats for IsLatencyTesterAvailable : x1: C2S=33.3002, S2C=4.22466, Runtime=1.49106 (microseconds) C2Ssize=33, S2Csize=18 (bytes)

[2016.03.22-03.13.50:502][  0]OCULUS: Info: 03/22/16 03:13:50: [IPC] Call Stats for Hmd_Create : x1: C2S=10.9344, S2C=3.23062, Runtime=12.4255 (microseconds) C2Ssize=19, S2Csize=171 (bytes)

[2016.03.22-03.13.50:503][  0]OCULUS: Error: 03/22/16 03:13:50: [IPC] WARNING: Overhead alert threshold exceeded for Hmd_GetHmdInfo : x1: C2S=1559.89 (1559.89-1559.89), S2C=15.9046 (15.9046-15.9046), RTT=1588.47 (1588.47-1588.47), Runtime=12.674 (12.674-12.674), IPC=1575.8 (1575.8-1575.8) (microseconds) C2Ssize=23 (23-23), S2Csize=803 (803-803) (bytes)
[2016.03.22-03.13.50:504][  0]OCULUS: Info: 03/22/16 03:13:50: [IPC] Call Stats for SetNumberValue : x1: C2S=20.3778, S2C=3.47913, Runtime=8.69783 (microseconds) C2Ssize=55, S2Csize=25 (bytes)

[2016.03.22-03.13.50:504][  0]OCULUS: Info: 03/22/16 03:13:50: [IPC] Call Stats for SetNumberValues : x1: C2S=111.829, S2C=2.7336, Runtime=4.47317 (microseconds) C2Ssize=81, S2Csize=25 (bytes)

[2016.03.22-03.13.50:504][  0]OCULUS: Info: 03/22/16 03:13:50: [IPC] Call Stats for Hmd_SetEnabledCaps : x1: C2S=230.12, S2C=13.668, Runtime=3.47913 (microseconds) C2Ssize=35, S2Csize=33 (bytes)

[2016.03.22-03.13.50:504][  0]OCULUS: Info: 03/22/16 03:13:50: [IPC] Call Stats for Hmd_ConfigureTracking : x1: C2S=11.9284, S2C=2.23658, Runtime=4.97019 (microseconds) C2Ssize=46, S2Csize=25 (bytes)

[2016.03.22-03.13.50:505][  0]OCULUS: Info: 03/22/16 03:13:50: [IPC] Call Stats for Hmd_Release : x1: C2S=127.485, S2C=4.72168, Runtime=47.7138 (microseconds) C2Ssize=20, S2Csize=25 (bytes)

[2016.03.22-03.13.50:518][  0]LogHMD: Oculus plugin initialized. Version: 4.10.4-2872498+++depot+UE4-Releases+4.10, LibOVR: 0.8.0.0, built Feb 18 2016, 15:47:50
[2016.03.22-03.13.50:750][  0]LogAIModule: Creating AISystem for world NewWorld
[2016.03.22-03.13.50:811][  0]LogInit: XAudio2 using 'Speakers (Realtek High Definition Audio)' : 2 channels at 48 kHz using 32 bits per sample (channel mask 0x3)
[2016.03.22-03.13.50:870][  0]LogInit: FAudioDevice initialized.
[2016.03.22-03.13.50:911][  0]LogDerivedDataCache: Saved boot cache 0.04s 41MB C:/Users/Zain/AppData/Local/UnrealEngine/4.10/DerivedDataCache/Boot.ddc.
[2016.03.22-03.13.50:924][  0]LogInit: Texture streaming: Enabled
[2016.03.22-03.13.51:007][  0]LogAnalytics: Creating configured Analytics provider AnalyticsET
[2016.03.22-03.13.51:007][  0]LogAnalytics: [UEEditor.Rocket.Release] APIServer = http://et2.epicgames.com/ET2/. AppVersion = 4.10.4-2872498+++depot+UE4-Releases+4.10
[2016.03.22-03.13.51:007][  0]LogAnalytics: [UEEditor.Rocket.Release] SetUserId 7c60df0a447c9ef6199d21b6819f259e|80baa8e3b74d44a3815fddd4e7187f5b|252caeb6-b0e8-405f-a22e-4edf38a6839b
[2016.03.22-03.13.51:007][  0]LogAnalytics: [UEEditor.Rocket.Release] AnalyticsET::StartSession
[2016.03.22-03.13.51:068][  0]LogInit: Transaction tracking system initialized
[2016.03.22-03.13.51:351][  0]BlueprintLog: New page: Editor Load
[2016.03.22-03.13.52:827][  0]LocalizationService: Info Localization service is disabled
[2016.03.22-03.13.53:583][  0]LogConsoleResponse:Display: 
[2016.03.22-03.13.53:744][  0]LogCook:Display: Done creating registry. It took  0.00s.
[2016.03.22-03.13.53:849][  0]LogFileCache: Scanning file cache for directory 'C:/Users/Zain/Documents/GitHub/VRGameDatabase/Content/' took 0.01s
[2016.03.22-03.13.54:317][  0]SourceControl: Info Source control is disabled
[2016.03.22-03.17.53:496][  0]OCULUS: Info: 03/22/16 03:17:53: [From Service] 03/22/16 03:17:53: [SwapChain] Created swapchain of type 'DirectDisplaySwapChain' provided by 'AMD'

[2016.03.22-03.17.53:496][  0]OCULUS: Info: 03/22/16 03:17:53: [From Service] 03/22/16 03:17:53: [DirectDisplaySwapChain] Initialize

[2016.03.22-03.17.53:609][  0]OCULUS: Info: 03/22/16 03:17:53: [From Service] 03/22/16 03:17:53: [HMD] WARNING: Unable to change dynamic prediction mode setting

[2016.03.22-03.17.53:609][  0]OCULUS: Info: 03/22/16 03:17:53: [From Service] 03/22/16 03:17:53: [HMD] WARNING: Unable to change low persistence mode setting

[2016.03.22-03.18.22:243][  0]OCULUS: Info: 03/22/16 03:18:22: [From Service] 03/22/16 03:18:22: [HMD] WARNING: Unable to change dynamic prediction mode setting

[2016.03.22-03.18.22:243][  0]OCULUS: Info: 03/22/16 03:18:22: [From Service] 03/22/16 03:18:22: [HMD] WARNING: Unable to change low persistence mode setting

[2016.03.22-03.18.22:243][  0]OCULUS: Info: 03/22/16 03:18:22: [From Service] 03/22/16 03:18:22: [HMD] WARNING: Unable to change dynamic prediction mode setting

[2016.03.22-03.18.22:244][  0]OCULUS: Info: 03/22/16 03:18:22: [From Service] 03/22/16 03:18:22: [HMD] WARNING: Unable to change low persistence mode setting

[2016.03.22-03.18.22:244][  0]OCULUS: Info: 03/22/16 03:18:22: [From Service] 03/22/16 03:18:22: [HMD] WARNING: Unable to change dynamic prediction mode setting

[2016.03.22-03.18.22:244][  0]OCULUS: Info: 03/22/16 03:18:22: [From Service] 03/22/16 03:18:22: [HMD] WARNING: Unable to change low persistence mode setting

[2016.03.22-03.18.22:520][  0]OCULUS: Info: 03/22/16 03:18:22: [From Service] 03/22/16 03:18:22: [SwapChain] Created swapchain of type 'DirectDisplaySwapChain' provided by 'AMD'

[2016.03.22-03.18.22:520][  0]OCULUS: Info: 03/22/16 03:18:22: [From Service] 03/22/16 03:18:22: [DirectDisplaySwapChain] Initialize

[2016.03.22-03.18.35:790][  0]LogWindowsTextInputMethodSystem:Display: IME system now deactivated.
[2016.03.22-03.18.35:791][  0]Cmd: MAP LOAD FILE="../../../../../../Users/Zain/Documents/GitHub/VRGameDatabase/Content/FirstPersonBP/Maps/FirstPersonExampleMap.umap" TEMPLATE=0 SHOWPROGRESS=1 FEATURELEVEL=3
[2016.03.22-03.18.35:792][  0]LightingResults: New page: Lighting Build
[2016.03.22-03.18.35:800][  0]MapCheck: New page: Map Check
[2016.03.22-03.18.35:800][  0]LightingResults: New page: Lighting Build
[2016.03.22-03.18.35:827][  0]LogParticles: Destroying 0 GPU particle simulations for FXSystem 0x0000000022A9AAC0
[2016.03.22-03.18.35:994][  0]LogLinker:Warning: Asset '../../../../../../Users/Zain/Documents/GitHub/VRGameDatabase/Content/FirstPerson/Meshes/FirstPersonProjectileMesh.uasset' has been saved with empty engine version. The asset will be loaded but may be incompatible.
[2016.03.22-03.18.36:527][  0]LogAIModule: Creating AISystem for world FirstPersonExampleMap
[2016.03.22-03.18.36:548][  0]LogEditorServer: Finished looking for orphan Actors (0.000 secs)
[2016.03.22-03.18.36:549][  0]Cmd: MAP CHECKDEP NOCLEARLOG
[2016.03.22-03.18.36:606][  0]MapCheck: Info Map check complete: 0 Error(s), 0 Warning(s), took 56.821ms to complete.
[2016.03.22-03.18.36:606][  0]LogFileHelpers: Loading map 'FirstPersonExampleMap' took 0.815
[2016.03.22-03.18.36:669][  0]LogCollectionManager: Loaded 0 collections in 0.002491 seconds
[2016.03.22-03.18.36:714][  0]LogFileCache: Scanning file cache for directory 'C:/Users/Zain/Documents/GitHub/VRGameDatabase/Saved/Collections/' took 0.01s
[2016.03.22-03.18.36:714][  0]LogFileCache: Scanning file cache for directory 'C:/Users/Zain/Documents/GitHub/VRGameDatabase/Content/Developers/Zain/Collections/' took 0.01s
[2016.03.22-03.18.36:714][  0]LogFileCache: Scanning file cache for directory 'C:/Users/Zain/Documents/GitHub/VRGameDatabase/Content/Collections/' took 0.01s
[2016.03.22-03.18.36:714][  0]LogCollectionManager: Rebuilt the GUID cache for 0 collections in 0.000001 seconds
[2016.03.22-03.18.36:725][  0]LogContentBrowser: Native class hierarchy populated in 0.0106 seconds. Added 1893 classes and 338 folders.
[2016.03.22-03.18.36:737][  0]LogContentBrowser: Native class hierarchy updated for 'WidgetCarousel' in 0.0004 seconds. Added 0 classes and 0 folders.
[2016.03.22-03.18.36:798][  0]LogContentBrowser: Native class hierarchy updated for 'AddContentDialog' in 0.0008 seconds. Added 0 classes and 0 folders.
[2016.03.22-03.18.36:805][  0]LogContentBrowser: Native class hierarchy updated for 'SceneOutliner' in 0.0005 seconds. Added 1 classes and 2 folders.
[2016.03.22-03.18.36:834][  0]LogCrashTracker: Crashtracker disabled due to settings.
[2016.03.22-03.18.36:839][  0]LogUObjectGlobals:Warning: Failed to find object 'Class None.'
[2016.03.22-03.18.36:860][  0]LogStats:Warning: MetaData mismatch. Did you assign a stat to two groups? New //STATGROUP_Threads//SplashScreenThread///Thread_1ec8_0///####STATCAT_Advanced#### old //STATGROUP_Threads//SplashScreenThread///Thread_f04_0///####STATCAT_Advanced####
[2016.03.22-03.18.36:860][  0]LogLoad: Full Startup: 298.76 seconds (BP compile: 0.16 seconds)
[2016.03.22-03.18.36:869][  0]LogOcInput: OculusInput is initialized. Init status 0. Runtime version: 0.8.0.0
[2016.03.22-03.18.36:917][  0]LogContentStreaming: Texture pool size now 1000 MB
[2016.03.22-03.18.37:068][  0]LogRenderer: Reallocating scene render targets to support 1616x572 (Frame:2).
[2016.03.22-03.18.37:687][  5]LogAssetRegistry: Asset discovery search completed in 289.9933 seconds
[2016.03.22-03.18.37:687][  5]LogCollectionManager: Rebuilt the object cache for 0 collections in 0.000001 seconds (found 0 objects)
[2016.03.22-03.18.37:687][  5]LogCollectionManager: Fixed up redirectors for 0 collections in 0.000028 seconds (updated 0 objects)
[2016.03.22-03.18.50:104][358]Cmd: QUIT_EDITOR
[2016.03.22-03.18.50:280][358]LogExit: Preparing to exit.
[2016.03.22-03.18.51:372][358]LogExit: Editor shut down
[2016.03.22-03.18.51:372][358]LogExit: Transaction tracking system shut down
[2016.03.22-03.18.51:376][358]LogParticles: Destroying 0 GPU particle simulations for FXSystem 0x000000001C2D7060
[2016.03.22-03.18.51:628][358]LogParticles: Destroying 0 GPU particle simulations for FXSystem 0x00000000294FD8A0
[2016.03.22-03.18.51:628][358]LogParticles: Destroying 0 GPU particle simulations for FXSystem 0x000000002968BC40
[2016.03.22-03.18.51:628][358]LogExit: Object subsystem successfully closed.
[2016.03.22-03.18.51:651][358]LogD3D11RHI: Shutdown
[2016.03.22-03.18.51:651][358]LogD3D11RHI: CleanupD3DDevice
[2016.03.22-03.18.51:719][358]LogD3D11RHI: ~FD3D11DynamicRHI
[2016.03.22-03.18.51:740][358]LogModuleManager: Shutting down and abandoning module CrashTracker (198)
[2016.03.22-03.18.51:740][358]LogModuleManager: Shutting down and abandoning module SceneOutliner (197)
[2016.03.22-03.18.51:740][358]LogModuleManager: Shutting down and abandoning module SuperSearch (196)
[2016.03.22-03.18.51:740][358]LogModuleManager: Shutting down and abandoning module WidgetCarousel (195)
[2016.03.22-03.18.51:740][358]LogModuleManager: Shutting down and abandoning module AddContentDialog (194)
[2016.03.22-03.18.51:742][358]LogModuleManager: Shutting down and abandoning module EditorWidgets (193)
[2016.03.22-03.18.51:742][358]LogModuleManager: Shutting down and abandoning module CollectionManager (192)
[2016.03.22-03.18.51:742][358]LogModuleManager: Shutting down and abandoning module StatsViewer (191)
[2016.03.22-03.18.51:743][358]LogModuleManager: Shutting down and abandoning module FoliageEdit (190)
[2016.03.22-03.18.51:743][358]LogModuleManager: Shutting down and abandoning module LandscapeEditor (189)
[2016.03.22-03.18.51:743][358]LogModuleManager: Shutting down and abandoning module ActorPickerMode (188)
[2016.03.22-03.18.51:743][358]LogModuleManager: Shutting down and abandoning module GeometryMode (187)
[2016.03.22-03.18.51:743][358]LogModuleManager: Shutting down and abandoning module TextureAlignMode (186)
[2016.03.22-03.18.51:743][358]LogModuleManager: Shutting down and abandoning module BspMode (185)
[2016.03.22-03.18.51:743][358]LogModuleManager: Shutting down and abandoning module PlacementMode (184)
[2016.03.22-03.18.51:743][358]LogModuleManager: Shutting down and abandoning module AutomationWorker (183)
[2016.03.22-03.18.51:743][358]LogModuleManager: Shutting down and abandoning module CharacterAI (182)
[2016.03.22-03.18.51:743][358]LogModuleManager: Shutting down and abandoning module SmartSnapping (181)
[2016.03.22-03.18.51:743][358]LogModuleManager: Shutting down and abandoning module ViewportSnapping (180)
[2016.03.22-03.18.51:743][358]LogModuleManager: Shutting down and abandoning module LogVisualizer (179)
[2016.03.22-03.18.51:744][358]LogModuleManager: Shutting down and abandoning module GameProjectGeneration (178)
[2016.03.22-03.18.51:745][358]LogModuleManager: Shutting down and abandoning module IntroTutorials (177)
[2016.03.22-03.18.51:745][358]LogModuleManager: Shutting down and abandoning module EditorLiveStreaming (176)
[2016.03.22-03.18.51:745][358]LogModuleManager: Shutting down and abandoning module IOSPlatformEditor (175)
[2016.03.22-03.18.51:745][358]LogModuleManager: Shutting down and abandoning module HTML5PlatformEditor (174)
[2016.03.22-03.18.51:745][358]LogModuleManager: Shutting down and abandoning module AndroidDeviceDetection (173)
[2016.03.22-03.18.52:230][358]LogModuleManager: Shutting down and abandoning module AndroidPlatformEditor (172)
[2016.03.22-03.18.52:230][358]LogModuleManager: Shutting down and abandoning module IOSRuntimeSettings (171)
[2016.03.22-03.18.52:230][358]LogModuleManager: Shutting down and abandoning module AndroidRuntimeSettings (170)
[2016.03.22-03.18.52:230][358]LogModuleManager: Shutting down and abandoning module MergeActors (169)
[2016.03.22-03.18.52:230][358]LogModuleManager: Shutting down and abandoning module SizeMap (168)
[2016.03.22-03.18.52:230][358]LogModuleManager: Shutting down and abandoning module TreeMap (167)
[2016.03.22-03.18.52:230][358]LogModuleManager: Shutting down and abandoning module ReferenceViewer (166)
[2016.03.22-03.18.52:230][358]LogModuleManager: Shutting down and abandoning module LocalizationService (165)
[2016.03.22-03.18.52:230][358]LogModuleManager: Shutting down and abandoning module LocalizationDashboard (164)
[2016.03.22-03.18.52:230][358]LogModuleManager: Shutting down and abandoning module HardwareTargeting (163)
[2016.03.22-03.18.52:230][358]LogModuleManager: Shutting down and abandoning module DeviceProfileEditor (162)
[2016.03.22-03.18.52:230][358]LogModuleManager: Shutting down and abandoning module UndoHistory (161)
[2016.03.22-03.18.52:230][358]LogModuleManager: Shutting down and abandoning module GameplayTagsEditor (160)
[2016.03.22-03.18.52:230][358]LogModuleManager: Shutting down and abandoning module UserFeedback (159)
[2016.03.22-03.18.52:230][358]LogModuleManager: Shutting down and abandoning module XmlParser (158)
[2016.03.22-03.18.52:230][358]LogModuleManager: Shutting down and abandoning module Blutility (157)
[2016.03.22-03.18.52:230][358]LogModuleManager: Shutting down and abandoning module ProjectTargetPlatformEditor (156)
[2016.03.22-03.18.52:231][358]LogModuleManager: Shutting down and abandoning module ProjectSettingsViewer (155)
[2016.03.22-03.18.52:231][358]LogModuleManager: Shutting down and abandoning module InputBindingEditor (154)
[2016.03.22-03.18.52:231][358]LogModuleManager: Shutting down and abandoning module EditorSettingsViewer (153)
[2016.03.22-03.18.52:231][358]LogModuleManager: Shutting down and abandoning module SettingsEditor (152)
[2016.03.22-03.18.52:231][358]LogModuleManager: Shutting down and abandoning module ProjectLauncher (151)
[2016.03.22-03.18.52:231][358]LogModuleManager: Shutting down and abandoning module SessionFrontend (150)
[2016.03.22-03.18.52:231][358]LogModuleManager: Shutting down and abandoning module ProfilerClient (149)
[2016.03.22-03.18.52:231][358]LogModuleManager: Shutting down and abandoning module TargetDeviceServices (148)
[2016.03.22-03.18.52:231][358]LogModuleManager: Shutting down and abandoning module DeviceManager (147)
[2016.03.22-03.18.52:231][358]LogModuleManager: Shutting down and abandoning module AutomationController (146)
[2016.03.22-03.18.52:231][358]LogModuleManager: Shutting down and abandoning module AutomationWindow (145)
[2016.03.22-03.18.52:231][358]LogModuleManager: Shutting down and abandoning module Layers (144)
[2016.03.22-03.18.52:231][358]LogModuleManager: Shutting down and abandoning module ComponentVisualizers (143)
[2016.03.22-03.18.52:231][358]LogModuleManager: Shutting down and abandoning module DetailCustomizations (142)
[2016.03.22-03.18.52:231][358]LogModuleManager: Shutting down and abandoning module PackagesDialog (141)
[2016.03.22-03.18.52:231][358]LogModuleManager: Shutting down and abandoning module Persona (140)
[2016.03.22-03.18.52:231][358]LogModuleManager: Shutting down and abandoning module Kismet (139)
[2016.03.22-03.18.52:231][358]LogModuleManager: Shutting down and abandoning module GraphEditor (138)
[2016.03.22-03.18.52:231][358]LogModuleManager: Shutting down and abandoning module ClassViewer (137)
[2016.03.22-03.18.52:231][358]LogModuleManager: Shutting down and abandoning module Toolbox (136)
[2016.03.22-03.18.52:231][358]LogModuleManager: Shutting down and abandoning module ModuleUI (135)
[2016.03.22-03.18.52:231][358]LogModuleManager: Shutting down and abandoning module MovieSceneTools (134)
[2016.03.22-03.18.52:232][358]LogModuleManager: Shutting down and abandoning module OutputLog (133)
[2016.03.22-03.18.52:232][358]LogModuleManager: Shutting down and abandoning module GammaUI (132)
[2016.03.22-03.18.52:232][358]LogModuleManager: Shutting down and abandoning module Documentation (131)
[2016.03.22-03.18.52:232][358]LogModuleManager: Shutting down and abandoning module GameLiveStreaming (130)
[2016.03.22-03.18.52:232][358]LogModuleManager: Shutting down and abandoning module StreamingPauseRendering (129)
[2016.03.22-03.18.52:232][358]LogModuleManager: Shutting down and abandoning module AnalyticsET (128)
[2016.03.22-03.18.52:232][358]LogModuleManager: Shutting down and abandoning module Analytics (127)
[2016.03.22-03.18.52:232][358]LogModuleManager: Shutting down and abandoning module AITestSuite (126)
[2016.03.22-03.18.52:232][358]LogModuleManager: Shutting down and abandoning module GameplayDebugger (125)
[2016.03.22-03.18.52:232][358]LogModuleManager: Shutting down and abandoning module AIModule (124)
[2016.03.22-03.18.52:232][358]LogModuleManager: Shutting down and abandoning module ProfilerService (123)
[2016.03.22-03.18.52:257][358]LogModuleManager: Shutting down and abandoning module TaskGraph (122)
[2016.03.22-03.18.52:257][358]LogModuleManager: Shutting down and abandoning module SlateRemote (121)
[2016.03.22-03.18.52:257][358]LogModuleManager: Shutting down and abandoning module SteamVRController (120)
[2016.03.22-03.18.52:257][358]LogModuleManager: Shutting down and abandoning module SteamVR (119)
[2016.03.22-03.18.52:257][358]LogModuleManager: Shutting down and abandoning module ProceduralMeshComponent (118)
[2016.03.22-03.18.52:257][358]LogModuleManager: Shutting down and abandoning module OculusLibrary (117)
[2016.03.22-03.18.52:257][358]LogModuleManager: Shutting down and abandoning module OculusInput (116)
[2016.03.22-03.18.52:257][358]LogModuleManager: Shutting down and abandoning module LeapMotionController (115)
[2016.03.22-03.18.52:276][358]LogModuleManager: Shutting down and abandoning module CustomMeshComponent (114)
[2016.03.22-03.18.52:276][358]LogModuleManager: Shutting down and abandoning module CableComponent (113)
[2016.03.22-03.18.52:276][358]LogModuleManager: Shutting down and abandoning module ArchVisCharacter (112)
[2016.03.22-03.18.52:276][358]LogModuleManager: Shutting down and abandoning module MessagingDebugger (111)
[2016.03.22-03.18.52:276][358]LogModuleManager: Shutting down and abandoning module MediaPlayerEditor (110)
[2016.03.22-03.18.52:276][358]LogModuleManager: Shutting down and abandoning module HTML5Networking (109)
[2016.03.22-03.18.52:276][358]LogModuleManager: Shutting down and abandoning module SpeedTreeImporter (108)
[2016.03.22-03.18.52:276][358]LogModuleManager: Shutting down and abandoning module PluginBrowser (107)
[2016.03.22-03.18.52:276][358]LogModuleManager: Shutting down and abandoning module EpicSurvey (106)
[2016.03.22-03.18.52:276][358]LogModuleManager: Shutting down and abandoning module DesktopPlatform (105)
[2016.03.22-03.18.52:277][358]LogModuleManager: Shutting down and abandoning module VisualStudioSourceCodeAccess (104)
[2016.03.22-03.18.52:277][358]LogModuleManager: Shutting down and abandoning module UObjectPlugin (103)
[2016.03.22-03.18.52:277][358]LogModuleManager: Shutting down and abandoning module SubversionSourceControl (102)
[2016.03.22-03.18.52:277][358]LogModuleManager: Shutting down and abandoning module PerforceSourceControl (101)
[2016.03.22-03.18.52:277][358]LogModuleManager: Shutting down and abandoning module SourceControl (100)
[2016.03.22-03.18.52:277][358]LogModuleManager: Shutting down and abandoning module GitSourceControl (99)
[2016.03.22-03.18.52:277][358]LogModuleManager: Shutting down and abandoning module LightPropagationVolumeEditor (98)
[2016.03.22-03.18.52:277][358]LogModuleManager: Shutting down and abandoning module PaperTiledImporter (97)
[2016.03.22-03.18.52:278][358]LogModuleManager: Shutting down and abandoning module PaperSpriteSheetImporter (96)
[2016.03.22-03.18.52:278][358]LogModuleManager: Shutting down and abandoning module MeshPaint (95)
[2016.03.22-03.18.52:278][358]LogModuleManager: Shutting down and abandoning module SlateReflector (94)
[2016.03.22-03.18.52:278][358]LogModuleManager: Shutting down and abandoning module HotReload (93)
[2016.03.22-03.18.52:278][358]LogModuleManager: Shutting down and abandoning module MainFrame (92)
[2016.03.22-03.18.52:278][358]LogModuleManager: Shutting down and abandoning module LevelEditor (91)
[2016.03.22-03.18.52:280][358]LogModuleManager: Shutting down and abandoning module DirectoryWatcher (90)
[2016.03.22-03.18.52:281][358]LogModuleManager: Shutting down and abandoning module AssetRegistry (89)
[2016.03.22-03.18.52:384][358]LogModuleManager: Shutting down and abandoning module ContentBrowser (88)
[2016.03.22-03.18.52:385][358]LogModuleManager: Shutting down and abandoning module Paper2DEditor (87)
[2016.03.22-03.18.52:385][358]LogModuleManager: Shutting down and abandoning module UdpMessaging (86)
[2016.03.22-03.18.52:485][358]LogModuleManager: Shutting down and abandoning module LightPropagationVolumeRuntime (85)
[2016.03.22-03.18.52:485][358]LogModuleManager: Shutting down and abandoning module Paper2D (84)
[2016.03.22-03.18.52:485][358]LogModuleManager: Shutting down and abandoning module WindowsMoviePlayer (83)
[2016.03.22-03.18.52:490][358]LogModuleManager: Shutting down and abandoning module Media (82)
[2016.03.22-03.18.52:490][358]LogModuleManager: Shutting down and abandoning module WmfMedia (81)
[2016.03.22-03.18.52:491][358]LogModuleManager: Shutting down and abandoning module OnlineBlueprintSupport (80)
[2016.03.22-03.18.52:491][358]LogModuleManager: Shutting down and abandoning module GameplayTasksEditor (79)
[2016.03.22-03.18.52:491][358]LogModuleManager: Shutting down and abandoning module PropertyEditor (78)
[2016.03.22-03.18.52:491][358]LogModuleManager: Shutting down and abandoning module BehaviorTreeEditor (77)
[2016.03.22-03.18.52:491][358]LogModuleManager: Shutting down and abandoning module FunctionalTesting (76)
[2016.03.22-03.18.52:491][358]LogModuleManager: Shutting down and abandoning module CollisionAnalyzer (75)
[2016.03.22-03.18.52:491][358]LogModuleManager: Shutting down and abandoning module WorkspaceMenuStructure (74)
[2016.03.22-03.18.52:491][358]LogModuleManager: Shutting down and abandoning module MessageLog (73)
[2016.03.22-03.18.52:491][358]LogModuleManager: Shutting down and abandoning module Sequencer (72)
[2016.03.22-03.18.52:491][358]LogModuleManager: Shutting down and abandoning module AssetTools (71)
[2016.03.22-03.18.52:491][358]LogModuleManager: Shutting down and abandoning module UMGEditor (70)
[2016.03.22-03.18.52:491][358]LogModuleManager: Shutting down and abandoning module UMG (69)
[2016.03.22-03.18.52:491][358]LogModuleManager: Shutting down and abandoning module Slate (68)
[2016.03.22-03.18.52:491][358]LogModuleManager: Shutting down and abandoning module EditorStyle (67)
[2016.03.22-03.18.52:494][358]LogModuleManager: Shutting down and abandoning module SessionServices (66)
[2016.03.22-03.18.52:494][358]LogModuleManager: Shutting down and abandoning module SourceCodeAccess (65)
[2016.03.22-03.18.52:495][358]LogModuleManager: Shutting down and abandoning module HeadMountedDisplay (64)
[2016.03.22-03.18.52:495][358]LogModuleManager: Shutting down and abandoning module XAudio2 (63)
[2016.03.22-03.18.52:495][358]LogModuleManager: Shutting down and abandoning module Networking (61)
[2016.03.22-03.18.52:495][358]LogModuleManager: Shutting down and abandoning module Core (60)
[2016.03.22-03.18.52:495][358]LogModuleManager: Shutting down and abandoning module KismetCompiler (59)
[2016.03.22-03.18.52:495][358]LogModuleManager: Shutting down and abandoning module PhysXFormats (58)
[2016.03.22-03.18.52:495][358]LogModuleManager: Shutting down and abandoning module MeshUtilities (57)
[2016.03.22-03.18.52:495][358]LogModuleManager: Shutting down and abandoning module DerivedDataCache (56)
[2016.03.22-03.18.52:527][358]LogDerivedDataCache: Shutdown
[2016.03.22-03.18.52:527][358]LogModuleManager: Shutting down and abandoning module ShaderFormatOpenGL (55)
[2016.03.22-03.18.52:527][358]LogModuleManager: Shutting down and abandoning module ShaderFormatD3D (54)
[2016.03.22-03.18.52:527][358]LogModuleManager: Shutting down and abandoning module MetalShaderFormat (53)
[2016.03.22-03.18.52:527][358]LogModuleManager: Shutting down and abandoning module TextureFormatUncompressed (52)
[2016.03.22-03.18.52:527][358]LogModuleManager: Shutting down and abandoning module TextureFormatPVR (51)
[2016.03.22-03.18.52:527][358]LogModuleManager: Shutting down and abandoning module TextureFormatIntelISPCTexComp (50)
[2016.03.22-03.18.52:527][358]LogModuleManager: Shutting down and abandoning module TextureFormatDXT (49)
[2016.03.22-03.18.52:527][358]LogModuleManager: Shutting down and abandoning module ImageWrapper (48)
[2016.03.22-03.18.52:527][358]LogModuleManager: Shutting down and abandoning module TextureFormatASTC (47)
[2016.03.22-03.18.52:527][358]LogModuleManager: Shutting down and abandoning module TextureFormatAndroid (46)
[2016.03.22-03.18.52:527][358]LogModuleManager: Shutting down and abandoning module AudioFormatOpus (45)
[2016.03.22-03.18.52:527][358]LogModuleManager: Shutting down and abandoning module AudioFormatOgg (44)
[2016.03.22-03.18.52:527][358]LogModuleManager: Shutting down and abandoning module AudioFormatADPCM (43)
[2016.03.22-03.18.52:527][358]LogModuleManager: Shutting down and abandoning module LinuxTargetPlatform (42)
[2016.03.22-03.18.52:527][358]LogModuleManager: Shutting down and abandoning module LinuxServerTargetPlatform (41)
[2016.03.22-03.18.52:527][358]LogModuleManager: Shutting down and abandoning module LinuxNoEditorTargetPlatform (40)
[2016.03.22-03.18.52:528][358]LogModuleManager: Shutting down and abandoning module Messaging (39)
[2016.03.22-03.18.52:528][358]LogModuleManager: Shutting down and abandoning module IOSTargetPlatform (38)
[2016.03.22-03.18.52:528][358]LogModuleManager: Shutting down and abandoning module HTML5TargetPlatform (37)
[2016.03.22-03.18.52:528][358]LogModuleManager: Shutting down and abandoning module Android_PVRTCTargetPlatform (36)
[2016.03.22-03.18.52:528][358]LogModuleManager: Shutting down and abandoning module Android_MultiTargetPlatform (35)
[2016.03.22-03.18.52:528][358]LogModuleManager: Shutting down and abandoning module Android_ETC2TargetPlatform (34)
[2016.03.22-03.18.52:528][358]LogModuleManager: Shutting down and abandoning module Android_ETC1TargetPlatform (33)
[2016.03.22-03.18.52:528][358]LogModuleManager: Shutting down and abandoning module Android_DXTTargetPlatform (32)
[2016.03.22-03.18.52:528][358]LogModuleManager: Shutting down and abandoning module Android_ATCTargetPlatform (31)
[2016.03.22-03.18.52:528][358]LogModuleManager: Shutting down and abandoning module Android_ASTCTargetPlatform (30)
[2016.03.22-03.18.52:528][358]LogModuleManager: Shutting down and abandoning module AndroidTargetPlatform (29)
[2016.03.22-03.18.52:528][358]LogModuleManager: Shutting down and abandoning module WindowsTargetPlatform (28)
[2016.03.22-03.18.52:528][358]LogModuleManager: Shutting down and abandoning module WindowsServerTargetPlatform (27)
[2016.03.22-03.18.52:528][358]LogModuleManager: Shutting down and abandoning module WindowsNoEditorTargetPlatform (26)
[2016.03.22-03.18.52:528][358]LogModuleManager: Shutting down and abandoning module WindowsClientTargetPlatform (25)
[2016.03.22-03.18.52:528][358]LogModuleManager: Shutting down and abandoning module AllDesktopTargetPlatform (24)
[2016.03.22-03.18.52:528][358]LogModuleManager: Shutting down and abandoning module TargetPlatform (23)
[2016.03.22-03.18.52:528][358]LogModuleManager: Shutting down and abandoning module InputCore (22)
[2016.03.22-03.18.52:528][358]LogModuleManager: Shutting down and abandoning module Settings (21)
[2016.03.22-03.18.52:528][358]LogModuleManager: Shutting down and abandoning module OnlineSubsystem (19)
[2016.03.22-03.18.52:528][358]LogModuleManager: Shutting down and abandoning module HTTP (18)
[2016.03.22-03.18.54:528][358]LogModuleManager: Shutting down and abandoning module XMPP (17)
[2016.03.22-03.18.54:528][358]LogModuleManager: Shutting down and abandoning module OculusRift (16)
[2016.03.22-03.18.54:528][358]LogHMD: Oculus shutdown.
[2016.03.22-03.18.54:528][358]LogModuleManager: Shutting down and abandoning module ExampleDeviceProfileSelector (15)
[2016.03.22-03.18.54:528][358]LogModuleManager: Shutting down and abandoning module TextureCompressor (14)
[2016.03.22-03.18.54:528][358]LogModuleManager: Shutting down and abandoning module ShaderCore (13)
[2016.03.22-03.18.54:528][358]LogModuleManager: Shutting down and abandoning module Landscape (12)
[2016.03.22-03.18.54:528][358]LogModuleManager: Shutting down and abandoning module SlateRHIRenderer (11)
[2016.03.22-03.18.54:531][358]LogModuleManager: Shutting down and abandoning module OpenGLDrv (10)
[2016.03.22-03.18.54:531][358]LogModuleManager: Shutting down and abandoning module D3D11RHI (9)
[2016.03.22-03.18.54:531][358]LogModuleManager: Shutting down and abandoning module AnimGraphRuntime (8)
[2016.03.22-03.18.54:531][358]LogModuleManager: Shutting down and abandoning module Renderer (7)
[2016.03.22-03.18.54:531][358]LogModuleManager: Shutting down and abandoning module Engine (6)
[2016.03.22-03.18.54:531][358]LogModuleManager: Shutting down and abandoning module CoreUObject (5)
[2016.03.22-03.18.54:531][358]LogModuleManager: Shutting down and abandoning module NetworkFile (4)
[2016.03.22-03.18.54:531][358]LogModuleManager: Shutting down and abandoning module StreamingFile (3)
[2016.03.22-03.18.54:531][358]LogModuleManager: Shutting down and abandoning module SandboxFile (2)
[2016.03.22-03.18.54:531][358]LogModuleManager: Shutting down and abandoning module PakFile (1)
[2016.03.22-03.18.54:532][358]LogExit: Exiting.
[2016.03.22-03.18.54:550][358]Log file closed, 03/22/16 03:18:54
