[2016.03.28-19.33.48:952][  0]Log file open, 03/28/16 20:33:48
[2016.03.28-19.33.48:952][  0]LogInit:Display: Running engine for game: VRGameDatabase
[2016.03.28-19.33.48:952][  0]LogPlatformFile: Not using cached read wrapper
[2016.03.28-19.33.48:952][  0]LogInit:Display: RandInit(1080395895) SRandInit(1080395900).
[2016.03.28-19.33.48:952][  0]LogTaskGraph: Started task graph with 4 named threads and 5 total threads.
[2016.03.28-19.33.48:952][  0]LogStats: Stats thread started at 0.096211
[2016.03.28-19.33.48:952][  0]LogInit: Version: 4.10.4-2872498+++depot+UE4-Releases+4.10
[2016.03.28-19.33.48:952][  0]LogInit: API Version: 2758231
[2016.03.28-19.33.48:952][  0]LogInit: Compiled (64-bit): Feb 18 2016 15:47:04
[2016.03.28-19.33.48:952][  0]LogInit: Compiled with Visual C++: 19.00.23026.00
[2016.03.28-19.33.48:952][  0]LogInit: Build Configuration: Development
[2016.03.28-19.33.48:952][  0]LogInit: Branch Name: ++depot+UE4-Releases+4.10
[2016.03.28-19.33.48:952][  0]LogInit: Command line:  
[2016.03.28-19.33.48:952][  0]LogInit: Base directory: C:/Program Files (x86)/Epic Games/4.10/Engine/Binaries/Win64/
[2016.03.28-19.33.48:952][  0]LogInit: Rocket: 1
[2016.03.28-19.33.48:966][  0]LogInit: Using libcurl 7.41.0
[2016.03.28-19.33.48:966][  0]LogInit:  - built for x86_64-pc-win32
[2016.03.28-19.33.48:966][  0]LogInit:  - supports SSL with WinSSL
[2016.03.28-19.33.48:966][  0]LogInit:  - other features:
[2016.03.28-19.33.48:966][  0]LogInit:      CURL_VERSION_SSL
[2016.03.28-19.33.48:966][  0]LogInit:      CURL_VERSION_IPV6
[2016.03.28-19.33.48:966][  0]LogInit:      CURL_VERSION_ASYNCHDNS
[2016.03.28-19.33.48:966][  0]LogInit:      CURL_VERSION_LARGEFILE
[2016.03.28-19.33.48:966][  0]LogInit:      CURL_VERSION_IDN
[2016.03.28-19.33.48:966][  0]LogInit:  CurlRequestOptions (configurable via config and command line):
[2016.03.28-19.33.48:966][  0]LogInit:  - bVerifyPeer = true  - Libcurl will verify peer certificate
[2016.03.28-19.33.48:966][  0]LogInit:  - bUseHttpProxy = false  - Libcurl will NOT use HTTP proxy
[2016.03.28-19.33.48:966][  0]LogInit:  - bDontReuseConnections = false  - Libcurl will reuse connections
[2016.03.28-19.33.48:966][  0]LogInit:  - CertBundlePath = nullptr  - Libcurl will use whatever was configured at build time.
[2016.03.28-19.33.48:983][  0]LogInit: Presizing for 0 objects not considered by GC, pre-allocating 0 bytes.
[2016.03.28-19.33.48:990][  0]LogInit: Object subsystem initialized
[2016.03.28-19.33.48:991][  0]LogInit: Selected Device Profile: [Windows]
[2016.03.28-19.33.48:991][  0]LogInit: Applying CVar settings loaded from the selected device profile: [Windows]
[2016.03.28-19.33.49:004][  0]LogInit: Computer: ZAIN-PC
[2016.03.28-19.33.49:004][  0]LogInit: User: Zain
[2016.03.28-19.33.49:004][  0]LogInit: CPU Page size=4096, Cores=2
[2016.03.28-19.33.49:004][  0]LogInit: High frequency timer resolution =4.023984 MHz
[2016.03.28-19.33.49:004][  0]LogMemory: Memory total: Physical=7.9GB (8GB approx)
[2016.03.28-19.33.49:004][  0]LogMemory: Platform Memory Stats for Windows
[2016.03.28-19.33.49:004][  0]LogMemory: Process Physical Memory: 56.02 MB used, 56.02 MB peak
[2016.03.28-19.33.49:004][  0]LogMemory: Process Virtual Memory: 57.51 MB used, 57.51 MB peak
[2016.03.28-19.33.49:004][  0]LogMemory: Physical Memory: 2929.14 MB used, 8128.26 MB total
[2016.03.28-19.33.49:004][  0]LogMemory: Virtual Memory: 350.94 MB used, 8388608.00 MB total
[2016.03.28-19.33.49:075][  0]LogTextLocalizationManager: No specific translations for ('en-GB') exist, so ('en') translations will be used.
[2016.03.28-19.33.49:551][  0]LogD3D11RHI: Found D3D11 adapter 0: AMD Radeon (TM) R9 380 Series (Feature Level 11_0)
[2016.03.28-19.33.49:551][  0]LogD3D11RHI: Adapter has 4072MB of dedicated video memory, 0MB of dedicated system memory, and 3808MB of shared system memory, 1 output[s]
[2016.03.28-19.33.49:551][  0]LogD3D11RHI: Chosen D3D11 Adapter Id = 0
[2016.03.28-19.33.49:558][  0]LogD3D11RHI: !Direct3DDevice
[2016.03.28-19.33.49:558][  0]LogRHI: Texture pool is 1361 MB (70% of 1945 MB)
[2016.03.28-19.33.49:567][  0]LogD3D11RHI: Async texture creation disabled: no driver support
[2016.03.28-19.33.49:578][  0]LogShaderCompilers: Guid format shader working directory is -15 characters bigger than the processId version (../../../../../../Users/Zain/Documents/GitHub/VRGameDatabase/Intermediate/Shaders/WorkingDirectory/2832/).
[2016.03.28-19.33.49:578][  0]LogShaderCompilers: Cleaned the shader compiler working directory 'C:/Users/Zain/AppData/Local/Temp/UnrealShaderWorkingDir/A248F7AC4A0E409AE96A0CBB72E5A1D1/'.
[2016.03.28-19.33.49:578][  0]LogShaderCompilers:Display: Using Local Shader Compiler.
[2016.03.28-19.33.50:621][  0]LogTemp:Display: Loaded TP AllDesktopTargetPlatform
[2016.03.28-19.33.50:630][  0]LogTemp:Display: Loaded TP WindowsClientTargetPlatform
[2016.03.28-19.33.50:638][  0]LogTemp:Display: Loaded TP WindowsNoEditorTargetPlatform
[2016.03.28-19.33.50:646][  0]LogTemp:Display: Loaded TP WindowsServerTargetPlatform
[2016.03.28-19.33.50:654][  0]LogTemp:Display: Loaded TP WindowsTargetPlatform
[2016.03.28-19.33.50:660][  0]LogTemp:Display: Loaded TP AndroidTargetPlatform
[2016.03.28-19.33.50:667][  0]LogTemp:Display: Loaded TP Android_ASTCTargetPlatform
[2016.03.28-19.33.50:688][  0]LogTemp:Display: Loaded TP Android_ATCTargetPlatform
[2016.03.28-19.33.50:696][  0]LogTemp:Display: Loaded TP Android_DXTTargetPlatform
[2016.03.28-19.33.50:702][  0]LogTemp:Display: Loaded TP Android_ETC1TargetPlatform
[2016.03.28-19.33.50:709][  0]LogTemp:Display: Loaded TP Android_ETC2TargetPlatform
[2016.03.28-19.33.50:723][  0]LogTemp:Display: Loaded TP Android_MultiTargetPlatform
[2016.03.28-19.33.50:723][  0]LogTemp:Display: Loaded TP Android_PVRTCTargetPlatform
[2016.03.28-19.33.50:726][  0]LogTemp:Display: Loaded TP HTML5TargetPlatform
[2016.03.28-19.33.50:750][  0]LogTemp:Display: Loaded TP IOSTargetPlatform
[2016.03.28-19.33.50:765][  0]LogTemp:Display: Loaded TP LinuxNoEditorTargetPlatform
[2016.03.28-19.33.50:772][  0]LogTemp:Display: Loaded TP LinuxServerTargetPlatform
[2016.03.28-19.33.50:780][  0]LogTemp:Display: Loaded TP LinuxTargetPlatform
[2016.03.28-19.33.50:780][  0]LogTargetPlatformManager:Display: Building Assets For Windows
[2016.03.28-19.33.50:953][  0]LogDerivedDataCache:Display: Max Cache Size: 512 MB
[2016.03.28-19.33.51:031][  0]LogDerivedDataCache: Loaded boot cache 0.08s 41MB C:/Users/Zain/AppData/Local/UnrealEngine/4.10/DerivedDataCache/Boot.ddc.
[2016.03.28-19.33.51:031][  0]LogDerivedDataCache:Display: Loaded Boot cache: C:/Users/Zain/AppData/Local/UnrealEngine/4.10/DerivedDataCache/Boot.ddc
[2016.03.28-19.33.51:031][  0]LogDerivedDataCache: FDerivedDataBackendGraph:  Pak pak cache file ../../../../../../Users/Zain/Documents/GitHub/VRGameDatabase/DerivedDataCache/DDC.ddp not found, will not use a pak cache.
[2016.03.28-19.33.51:031][  0]LogDerivedDataCache: Unable to find inner node Pak for hierarchical cache Hierarchy.
[2016.03.28-19.33.51:031][  0]LogDerivedDataCache: FDerivedDataBackendGraph:  CompressedPak pak cache file ../../../../../../Users/Zain/Documents/GitHub/VRGameDatabase/DerivedDataCache/Compressed.ddp not found, will not use a pak cache.
[2016.03.28-19.33.51:031][  0]LogDerivedDataCache: Unable to find inner node CompressedPak for hierarchical cache Hierarchy.
[2016.03.28-19.33.51:096][  0]LogDerivedDataCache:Display: Pak cache opened for reading ../../../Engine/DerivedDataCache/Compressed.ddp.
[2016.03.28-19.33.51:108][  0]LogDerivedDataCache: Using Local data cache path C:/Users/Zain/AppData/Local/UnrealEngine/Common/DerivedDataCache: Writable
[2016.03.28-19.33.51:323][  0]LogInit: Selected Device Profile: [Windows]
[2016.03.28-19.33.51:324][  0]LogContentStreaming: Texture pool size is 0.000000MB
[2016.03.28-19.33.51:372][  0]LogMeshUtilities: No automatic mesh reduction module available
[2016.03.28-19.33.51:372][  0]LogMeshUtilities: No automatic mesh merging module available
[2016.03.28-19.33.51:786][  0]LogInit: WinSock: version 1.1 (2.2), MaxSocks=32767, MaxUdp=65467
[2016.03.28-19.33.52:665][  0]UdpMessaging: Initializing bridge on interface 0.0.0.0:0 to multicast group 230.0.0.1:6666.
[2016.03.28-19.33.52:773][  0]LogAssetRegistry: FAssetRegistry took 0.0099 seconds to start up
[2016.03.28-19.33.53:036][  0]SourceControl: Info Source control is disabled
[2016.03.28-19.33.53:038][  0]SourceControl: Info Source control is disabled
[2016.03.28-19.33.53:060][  0]SourceControl: Info Source control is disabled
[2016.03.28-19.33.53:086][  0]SourceControl: Info Source control is disabled
[2016.03.28-19.33.53:439][  0]LogObj: 28633 objects as part of root set at end of initial load.
[2016.03.28-19.33.53:439][  0]LogUObjectAllocator: 6099744 out of 0 bytes used by permanent object pool.
[2016.03.28-19.33.53:512][  0]LogEngine: Initializing Engine...
[2016.03.28-19.33.53:515][  0]OCULUS: Info: 03/28/16 19:33:53: [CAPI] LibOVR module is located at C:\Windows\system32\LibOVRRT64_0_8.dll

[2016.03.28-19.33.53:516][  0]OCULUS: Info: 03/28/16 19:33:53: [IPC] Call Stats for SetInitialState : x1: C2S=32.0578, S2C=8.69785, Runtime=67.3462 (microseconds) C2Ssize=80, S2Csize=81 (bytes)

[2016.03.28-19.33.53:516][  0]OCULUS: Info: 03/28/16 19:33:53: [IPC] Call Stats for IsLatencyTesterAvailable : x1: C2S=27.3361, S2C=5.96424, Runtime=1.49106 (microseconds) C2Ssize=33, S2Csize=18 (bytes)

[2016.03.28-19.33.53:516][  0]OCULUS: Info: 03/28/16 19:33:53: [IPC] Call Stats for Hmd_Create : x1: C2S=15.1591, S2C=6.46126, Runtime=11.1829 (microseconds) C2Ssize=19, S2Csize=171 (bytes)

[2016.03.28-19.33.53:516][  0]OCULUS: Info: 03/28/16 19:33:53: [IPC] Call Stats for Hmd_GetHmdInfo : x1: C2S=15.4076, S2C=10.4374, Runtime=11.1829 (microseconds) C2Ssize=23, S2Csize=803 (bytes)

[2016.03.28-19.33.53:516][  0]OCULUS: Info: 03/28/16 19:33:53: [IPC] Call Stats for SetNumberValue : x1: C2S=20.1293, S2C=4.47318, Runtime=6.95828 (microseconds) C2Ssize=55, S2Csize=25 (bytes)

[2016.03.28-19.33.53:516][  0]OCULUS: Info: 03/28/16 19:33:53: [IPC] Call Stats for SetNumberValues : x1: C2S=18.1412, S2C=8.44934, Runtime=3.72765 (microseconds) C2Ssize=81, S2Csize=25 (bytes)

[2016.03.28-19.33.53:517][  0]OCULUS: Info: 03/28/16 19:33:53: [IPC] Call Stats for Hmd_SetEnabledCaps : x1: C2S=20.8748, S2C=10.1889, Runtime=88.4695 (microseconds) C2Ssize=35, S2Csize=33 (bytes)

[2016.03.28-19.33.53:517][  0]OCULUS: Info: 03/28/16 19:33:53: [IPC] Call Stats for Hmd_ConfigureTracking : x1: C2S=17.3957, S2C=6.21275, Runtime=85.9844 (microseconds) C2Ssize=46, S2Csize=25 (bytes)

[2016.03.28-19.33.53:517][  0]OCULUS: Info: 03/28/16 19:33:53: [IPC] Call Stats for Hmd_Release : x1: C2S=16.4017, S2C=5.71573, Runtime=89.4636 (microseconds) C2Ssize=20, S2Csize=25 (bytes)

[2016.03.28-19.33.53:527][  0]LogHMD: Oculus plugin initialized. Version: 4.10.4-2872498+++depot+UE4-Releases+4.10, LibOVR: 0.8.0.0, built Feb 18 2016, 15:47:50
[2016.03.28-19.33.53:697][  0]LogAIModule: Creating AISystem for world NewWorld
[2016.03.28-19.33.53:714][  0]LogInit: XAudio2 using 'Speakers (Realtek High Definition Audio)' : 2 channels at 48 kHz using 32 bits per sample (channel mask 0x3)
[2016.03.28-19.33.53:727][  0]LogInit: FAudioDevice initialized.
[2016.03.28-19.33.53:761][  0]LogDerivedDataCache: Saved boot cache 0.03s 41MB C:/Users/Zain/AppData/Local/UnrealEngine/4.10/DerivedDataCache/Boot.ddc.
[2016.03.28-19.33.53:770][  0]LogInit: Texture streaming: Enabled
[2016.03.28-19.33.53:780][  0]LogAnalytics: Creating configured Analytics provider AnalyticsET
[2016.03.28-19.33.53:780][  0]LogAnalytics: [UEEditor.Rocket.Release] APIServer = http://et2.epicgames.com/ET2/. AppVersion = 4.10.4-2872498+++depot+UE4-Releases+4.10
[2016.03.28-19.33.53:780][  0]LogAnalytics: [UEEditor.Rocket.Release] SetUserId 7c60df0a447c9ef6199d21b6819f259e|80baa8e3b74d44a3815fddd4e7187f5b|252caeb6-b0e8-405f-a22e-4edf38a6839b
[2016.03.28-19.33.53:780][  0]LogAnalytics: [UEEditor.Rocket.Release] AnalyticsET::StartSession
[2016.03.28-19.33.53:794][  0]LogInit: Transaction tracking system initialized
[2016.03.28-19.33.53:929][  0]BlueprintLog: New page: Editor Load
[2016.03.28-19.33.55:790][  0]LocalizationService: Info Localization service is disabled
[2016.03.28-19.33.56:856][  0]LogConsoleResponse:Display: 
[2016.03.28-19.33.58:653][  0]LogCook:Display: Done creating registry. It took  0.00s.
[2016.03.28-19.33.58:886][  0]LogFileCache: Scanning file cache for directory 'C:/Users/Zain/Documents/GitHub/VRGameDatabase/Content/' took 0.02s
[2016.03.28-19.34.00:015][  0]SourceControl: Info Source control is disabled
[2016.03.28-19.34.00:015][  0]Cmd: MAP LOAD FILE="../../../../../../Users/Zain/Documents/GitHub/VRGameDatabase/Content/FirstPersonBP/Maps/FirstPersonExampleMap.umap" TEMPLATE=0 SHOWPROGRESS=1 FEATURELEVEL=3
[2016.03.28-19.34.00:016][  0]LightingResults: New page: Lighting Build
[2016.03.28-19.34.00:141][  0]MapCheck: New page: Map Check
[2016.03.28-19.34.00:141][  0]LightingResults: New page: Lighting Build
[2016.03.28-19.34.00:463][  0]LogParticles: Destroying 0 GPU particle simulations for FXSystem 0x00000000201E6160
[2016.03.28-19.34.13:146][  0]LogAIModule: Creating AISystem for world FirstPersonExampleMap
[2016.03.28-19.34.13:623][  0]LogEditorServer: Finished looking for orphan Actors (0.000 secs)
[2016.03.28-19.34.13:634][  0]Cmd: MAP CHECKDEP NOCLEARLOG
[2016.03.28-19.34.13:708][  0]MapCheck: Info Map check complete: 0 Error(s), 0 Warning(s), took 73.492ms to complete.
[2016.03.28-19.34.13:708][  0]LogFileHelpers: Loading map 'FirstPersonExampleMap' took 13.693
[2016.03.28-19.34.14:180][  0]LogCollectionManager: Loaded 0 collections in 0.002494 seconds
[2016.03.28-19.34.14:227][  0]LogFileCache: Scanning file cache for directory 'C:/Users/Zain/Documents/GitHub/VRGameDatabase/Saved/Collections/' took 0.01s
[2016.03.28-19.34.14:227][  0]LogFileCache: Scanning file cache for directory 'C:/Users/Zain/Documents/GitHub/VRGameDatabase/Content/Developers/Zain/Collections/' took 0.01s
[2016.03.28-19.34.14:227][  0]LogFileCache: Scanning file cache for directory 'C:/Users/Zain/Documents/GitHub/VRGameDatabase/Content/Collections/' took 0.01s
[2016.03.28-19.34.14:227][  0]LogCollectionManager: Rebuilt the GUID cache for 0 collections in 0.000002 seconds
[2016.03.28-19.34.14:239][  0]LogContentBrowser: Native class hierarchy populated in 0.0116 seconds. Added 1893 classes and 338 folders.
[2016.03.28-19.34.14:252][  0]LogContentBrowser: Native class hierarchy updated for 'WidgetCarousel' in 0.0005 seconds. Added 0 classes and 0 folders.
[2016.03.28-19.34.15:826][  0]LogContentBrowser: Native class hierarchy updated for 'AddContentDialog' in 0.0005 seconds. Added 0 classes and 0 folders.
[2016.03.28-19.34.15:944][  0]LogContentBrowser: Native class hierarchy updated for 'SceneOutliner' in 0.0004 seconds. Added 1 classes and 2 folders.
[2016.03.28-19.34.16:169][  0]LogCrashTracker: Crashtracker disabled due to settings.
[2016.03.28-19.34.16:176][  0]LogUObjectGlobals:Warning: Failed to find object 'Class None.'
[2016.03.28-19.34.16:199][  0]LogLoad: Full Startup: 27.87 seconds (BP compile: 0.39 seconds)
[2016.03.28-19.34.16:560][  0]LogOcInput: OculusInput is initialized. Init status 0. Runtime version: 0.8.0.0
[2016.03.28-19.34.16:947][  0]LogContentStreaming: Texture pool size now 400 MB
[2016.03.28-19.34.17:555][  0]LogRenderer: Reallocating scene render targets to support 1616x572 (Frame:2).
[2016.03.28-19.34.19:708][  7]LogAssetRegistry: Asset discovery search completed in 26.9443 seconds
[2016.03.28-19.34.19:708][  7]LogCollectionManager: Rebuilt the object cache for 0 collections in 0.000001 seconds (found 0 objects)
[2016.03.28-19.34.19:708][  7]LogCollectionManager: Fixed up redirectors for 0 collections in 0.000022 seconds (updated 0 objects)
[2016.03.28-19.34.21:935][ 35]LogEditorViewport: Clicking on Actor (LMB): StaticMeshActor (Floor)
[2016.03.28-19.34.23:973][ 35]LogEditorViewport: Clicking on Actor (context menu): FirstPersonCharacter_C (FirstPersonCharacter)
[2016.03.28-19.34.24:717][ 38]LogEditorViewport: Clicking on Actor (LMB): StaticMeshActor (Floor)
[2016.03.28-19.34.29:571][452]LogEditorViewport: Clicking on Actor (LMB): FirstPersonCharacter_C (FirstPersonCharacter)
[2016.03.28-19.34.30:420][493]LogEditorViewport: Clicking on Actor (LMB): StartButton_C (StartButton)
[2016.03.28-19.34.34:587][858]LogEditorViewport: Clicking on Actor (LMB): Game1_C (Game1)
[2016.03.28-19.34.35:021][898]LogEditorViewport: Clicking on Actor (LMB): Game2_C (Game2)
[2016.03.28-19.34.42:158][634]LogEditorViewport: Clicking on Actor (LMB): Game1_C (Game1)
[2016.03.28-19.34.42:719][688]LogEditorViewport: Clicking on Actor (LMB): Game2_C (Game2)
[2016.03.28-19.34.43:676][781]LogEditorViewport: Clicking on Actor (LMB): Game4_C (Game4)
[2016.03.28-19.34.44:405][854]LogEditorViewport: Clicking on Actor (LMB): Game5_C (Game5)
[2016.03.28-19.34.45:506][966]LogEditorViewport: Clicking on Actor (LMB): Game1_C (Game1)
[2016.03.28-19.34.45:864][999]LogEditorViewport: Clicking on Actor (LMB): Game2_C (Game2)
[2016.03.28-19.34.46:284][ 39]LogEditorViewport: Clicking on Actor (LMB): Game3_C (Game3)
[2016.03.28-19.34.46:690][ 78]LogEditorViewport: Clicking on Actor (LMB): Game4_C (Game4)
[2016.03.28-19.34.54:136][808]LogEditorViewport: Clicking on Actor (LMB): Game1_C (Game1)
[2016.03.28-19.34.54:652][850]LogEditorViewport: Clicking on Actor (LMB): Game2_C (Game2)
[2016.03.28-19.34.55:094][886]LogEditorViewport: Clicking on Actor (LMB): Game3_C (Game3)
[2016.03.28-19.34.55:446][915]LogEditorViewport: Clicking on Actor (LMB): Game4_C (Game4)
[2016.03.28-19.34.55:918][954]LogEditorViewport: Clicking on Actor (LMB): Game5_C (Game5)
[2016.03.28-19.34.56:539][  8]LogEditorViewport: Clicking on Actor (LMB): Game6_C (Game6)
[2016.03.28-19.34.56:984][ 45]LogEditorViewport: Clicking on Actor (LMB): Game7_C (Game7)
[2016.03.28-19.34.57:402][ 80]LogEditorViewport: Clicking on Actor (LMB): Game8_C (Game8)
[2016.03.28-19.34.57:915][126]LogEditorViewport: Clicking on Actor (LMB): Game9_C (Game9)
[2016.03.28-19.34.58:351][163]LogEditorViewport: Clicking on Actor (LMB): Game10_C (Game10)
[2016.03.28-19.35.01:262][405]LogEditorViewport: Clicking on Actor (LMB): Game10_C (Game10)
[2016.03.28-19.35.11:895][442]LogEditorViewport: Clicking on Actor (LMB): StaticMeshActor (Floor)
[2016.03.28-19.35.13:600][599]LogEditorViewport: Clicking on Actor (LMB): Game1_C (Game1)
[2016.03.28-19.35.42:646][301]LogEditorViewport: Clicking on Actor (LMB): Game2_C (Game2)
[2016.03.28-19.35.43:097][344]LogEditorViewport: Clicking on Actor (LMB): Game3_C (Game3)
[2016.03.28-19.35.43:581][393]LogEditorViewport: Clicking on Actor (LMB): StaticMeshActor (Wall1)
[2016.03.28-19.35.43:918][421]LogEditorViewport: Clicking on Actor (LMB): Game5_C (Game5)
[2016.03.28-19.35.44:371][463]LogEditorViewport: Clicking on Actor (LMB): Game8_C (Game8)
[2016.03.28-19.35.44:790][504]LogEditorViewport: Clicking on Actor (LMB): Game10_C (Game10)
[2016.03.28-19.35.45:843][607]LogEditorViewport: Clicking on Actor (LMB): Game1_C (Game1)
[2016.03.28-19.35.46:315][649]LogEditorViewport: Clicking on Actor (LMB): Game2_C (Game2)
[2016.03.28-19.35.46:788][692]LogEditorViewport: Clicking on Actor (LMB): Game3_C (Game3)
[2016.03.28-19.35.47:203][730]LogEditorViewport: Clicking on Actor (LMB): Game4_C (Game4)
[2016.03.28-19.35.47:668][774]LogEditorViewport: Clicking on Actor (LMB): Game5_C (Game5)
[2016.03.28-19.35.48:169][822]LogEditorViewport: Clicking on Actor (LMB): StaticMeshActor (Wall1)
[2016.03.28-19.35.48:419][840]LogEditorViewport: Clicking on Actor (LMB): Game1_C (Game1)
[2016.03.28-19.35.56:460][593]LogSlate:Warning: Prevented a slow task dialog from being summoned while a context menu was open
[2016.03.28-19.35.59:440][834]LogLinker:Warning: Asset '../../../Engine/Content/ArtTools/RenderToTexture/Macros/RenderToTextureMacros.uasset' has been saved with empty engine version. The asset will be loaded but may be incompatible.
[2016.03.28-19.36.00:495][834]LogContentBrowser: Native class hierarchy updated for 'BlueprintGraph' in 0.0010 seconds. Added 107 classes and 0 folders.
[2016.03.28-19.36.42:338][558]MapCheck: New page: Map Check
[2016.03.28-19.36.42:355][558]Cmd: MAP REBUILD ALLVISIBLE
[2016.03.28-19.36.42:355][558]LogEditorServer: Rebuildmap Clear paths rebuilt
[2016.03.28-19.36.42:460][558]LogActorComponent: UnregisterComponent: (/Engine/Transient.ProjectileMovementComponent_40__A6522401) Not registered. Aborting.
[2016.03.28-19.36.42:531][558]LogParticles: Destroying 0 GPU particle simulations for FXSystem 0x00000000402B2AC0
[2016.03.28-19.36.42:564][558]MapCheck:Warning: Warning WorldInfo_0 Hierarchical LOD System is disabled or no HLOD level settings available, unable to build LOD actors. 
[2016.03.28-19.36.42:564][558]LogStats:          STAT_HLOD_BuildClusters - 117.191 ms
[2016.03.28-19.36.42:565][558]LightingResults: New page: Lighting Build - 28 Mar 2016 21:36:42
[2016.03.28-19.37.05:118][558]LogStaticLightingSystem: Running Lightmass w/ ImmediateImport mode ENABLED
[2016.03.28-19.37.05:118][558]LogStaticLightingSystem: Running Lightmass w/ ImmediateProcess mode ENABLED
[2016.03.28-19.37.05:118][558]LogStaticLightingSystem: Running Lightmass w/ Sorting mode ENABLED
[2016.03.28-19.37.05:118][558]LogStaticLightingSystem: Running Lightmass w/ Mapping paddings ENABLED
[2016.03.28-19.37.05:118][558]LogStaticLightingSystem: Running Lightmass w/ Mapping debug paddings DISABLED
[2016.03.28-19.37.05:582][558]LogEditorBuildUtils: Build time 0:00:23
[2016.03.28-19.37.09:930][702]LogSlate:Warning: Prevented a slow task dialog from being summoned while a context menu was open
[2016.03.28-19.37.32:450][823]LogEditorViewport: Clicking on Actor (LMB): StaticMeshActor (Wall1)
[2016.03.28-19.37.32:951][859]LogEditorViewport: Clicking on Actor (LMB): StaticMeshActor (Floor)
[2016.03.28-19.37.36:747][121]LogEditorViewport: Clicking on Actor (LMB): Game1_C (Game1)
[2016.03.28-19.37.37:231][148]LogEditorViewport: Clicking on Actor (LMB): Game2_C (Game2)
[2016.03.28-19.37.37:603][159]LogEditorViewport: Clicking on Actor (LMB): Game3_C (Game3)
[2016.03.28-19.37.45:978][394]LogEditorViewport: Clicking on Actor (LMB): Game1_C (Game1)
[2016.03.28-19.38.11:889][ 68]Job is a success!
[2016.03.28-19.38.13:945][ 69]LogTexture:Display: Building textures: SkyOcclusion0_1 (AutoDXT)
[2016.03.28-19.38.15:060][ 69]LogTexture:Display: Building textures: LQ_Lightmap_0_4 (DXT1)
[2016.03.28-19.38.15:065][ 69]LogTexture:Display: Building textures: HQ_Lightmap0_4 (AutoDXT)
[2016.03.28-19.38.15:065][ 69]LogTexture:Display: Building textures: SkyOcclusion0_4 (AutoDXT)
[2016.03.28-19.38.15:082][ 69]LogTexture:Display: Building textures: LQ_Lightmap_0_3 (DXT1)
[2016.03.28-19.38.15:640][ 69]LogTexture:Display: Building textures: HQ_Lightmap0_3 (AutoDXT)
[2016.03.28-19.38.17:497][ 69]LogTexture:Display: Building textures: SkyOcclusion0_3 (AutoDXT)
[2016.03.28-19.38.18:473][ 69]LogTexture:Display: Building textures: LQ_Lightmap_0_2 (DXT1)
[2016.03.28-19.38.18:953][ 69]LogTexture:Display: Building textures: HQ_Lightmap0_2 (AutoDXT)
[2016.03.28-19.38.20:962][ 69]LogTexture:Display: Building textures: SkyOcclusion0_2 (AutoDXT)
[2016.03.28-19.38.21:700][ 69]LogTexture:Display: Building textures: LQ_Lightmap_0_1 (DXT1)
[2016.03.28-19.38.22:311][ 69]LogTexture:Display: Building textures: HQ_Lightmap0_1 (AutoDXT)
[2016.03.28-19.38.25:750][ 69]LogTexture:Display: Building textures: ShadowMapTexture2D_0 (G8)
[2016.03.28-19.38.26:607][ 69]LogTexture:Display: Building textures: ShadowMapTexture2D_1 (G8)
[2016.03.28-19.38.27:423][ 69]LogTexture:Display: Building textures: ShadowMapTexture2D_2 (G8)
[2016.03.28-19.38.28:247][ 69]LogTexture:Display: Building textures: ShadowMapTexture2D_3 (G8)
[2016.03.28-19.38.29:049][ 69]LogTexture:Display: Building textures: ShadowMapTexture2D_4 (G8)
[2016.03.28-19.38.29:237][ 69]LogTexture:Display: Building textures: ShadowMapTexture2D_5 (G8)
[2016.03.28-19.38.39:139][ 69]Lightmass on ZAIN-PC: 1:24 min total, 250 ms importing, 0 ms setup, 4.39 sec photons, 1:19 min processing, 0 ms extra exporting [6/6 mappings]. Threads: 5:18 min total, 2:39 min processing.
[2016.03.28-19.38.39:147][ 69]LogActorComponent: UnregisterComponent: (/Engine/Transient.ProjectileMovementComponent_40__A6522401) Not registered. Aborting.
[2016.03.28-19.38.39:193][ 69]LogParticles: Destroying 0 GPU particle simulations for FXSystem 0x000000003904AFC0
[2016.03.28-19.38.39:212][ 69]LogStaticLightingSystem: Illumination: 2:00 min (16.5 sec encoding lightmaps)
[2016.03.28-19.38.39:212][ 69]LogStaticLightingSystem: Lightmap texture memory:  16.0 MB (16.0 MB streaming, 0.0 MB non-streaming), 8 textures
[2016.03.28-19.38.39:212][ 69]LogStaticLightingSystem: Shadowmap texture memory: 13.3 MB (13.3 MB streaming, 0.0 MB non-streaming), 6 textures
[2016.03.28-19.38.39:459][ 70]Cmd: MAP CHECK NOTIFYRESULTS
[2016.03.28-19.38.39:459][ 70]MapCheck: New page: FirstPersonExampleMap - 28 Mar 2016 21:38:39
[2016.03.28-19.38.39:551][ 70]MapCheck: Info Map check complete: 0 Error(s), 0 Warning(s), took 92.208ms to complete.
[2016.03.28-19.40.51:016][ 44]LogBlueprintUserMessages: Early PlayInEditor Detection: Level '/Game/FirstPersonBP/Maps/FirstPersonExampleMap.FirstPersonExampleMap:PersistentLevel' has LevelScriptBlueprint '/Game/FirstPersonBP/Maps/FirstPersonExampleMap.FirstPersonExampleMap:PersistentLevel.FirstPersonExampleMap' with GeneratedClass '/Game/FirstPersonBP/Maps/FirstPersonExampleMap.FirstPersonExampleMap_C' with ClassGeneratedBy '/Game/FirstPersonBP/Maps/FirstPersonExampleMap.FirstPersonExampleMap:PersistentLevel.FirstPersonExampleMap'
[2016.03.28-19.40.51:028][ 44]LogPlayLevel: PlayLevel: No blueprints needed recompiling
[2016.03.28-19.40.51:029][ 44]OCULUS: Info: 03/28/16 19:40:51: [IPC] Call Stats for Hmd_Create : x1: C2S=504.724, S2C=4.47318, Runtime=16.1531 (microseconds) C2Ssize=19, S2Csize=171 (bytes)

[2016.03.28-19.40.51:029][ 44]OCULUS: Info: 03/28/16 19:40:51: [IPC] Call Stats for Hmd_GetHmdInfo : x1: C2S=21.6204, S2C=6.95828, Runtime=7.95232 (microseconds) C2Ssize=23, S2Csize=803 (bytes)

[2016.03.28-19.40.51:029][ 44]OCULUS: Info: 03/28/16 19:40:51: [IPC] Call Stats for SetNumberValue : x1: C2S=21.3719, S2C=2.73361, Runtime=7.4553 (microseconds) C2Ssize=55, S2Csize=25 (bytes)

[2016.03.28-19.40.51:029][ 44]OCULUS: Info: 03/28/16 19:40:51: [IPC] Call Stats for SetNumberValues : x1: C2S=21.3719, S2C=3.23063, Runtime=4.47318 (microseconds) C2Ssize=81, S2Csize=25 (bytes)

[2016.03.28-19.40.51:029][ 44]OCULUS: Info: 03/28/16 19:40:51: [IPC] Call Stats for Hmd_SetEnabledCaps : x1: C2S=21.1233, S2C=2.98212, Runtime=82.2568 (microseconds) C2Ssize=35, S2Csize=33 (bytes)

[2016.03.28-19.40.51:029][ 44]OCULUS: Info: 03/28/16 19:40:51: [IPC] Call Stats for Hmd_ConfigureTracking : x1: C2S=27.3361, S2C=2.23659, Runtime=60.8849 (microseconds) C2Ssize=46, S2Csize=25 (bytes)

[2016.03.28-19.40.51:050][ 44]LogHMD:Warning: HMD Oculus Rift DK1, res = 1280 x 800
[2016.03.28-19.40.51:082][ 44]PIE: New page: PIE session: FirstPersonExampleMap (28 Mar 2016 21:40:51)
[2016.03.28-19.40.51:083][ 44]LogPlayLevel: Creating play world package: /Game/FirstPersonBP/Maps/UEDPIE_0_FirstPersonExampleMap
[2016.03.28-19.40.51:176][ 44]LogPlayLevel: PIE: StaticDuplicateObject took: (0.092745s)
[2016.03.28-19.40.51:177][ 44]LogAIModule: Creating AISystem for world FirstPersonExampleMap
[2016.03.28-19.40.51:177][ 44]LogPlayLevel: PIE: World Init took: (0.001304s)
[2016.03.28-19.40.51:190][ 44]LogPlayLevel: PIE: Created PIE world by copying editor world from /Game/FirstPersonBP/Maps/FirstPersonExampleMap.FirstPersonExampleMap to /Game/FirstPersonBP/Maps/UEDPIE_0_FirstPersonExampleMap.FirstPersonExampleMap (0.107091s)
[2016.03.28-19.40.51:270][ 44]LogInit: XAudio2 using 'Speakers (Realtek High Definition Audio)' : 2 channels at 48 kHz using 32 bits per sample (channel mask 0x3)
[2016.03.28-19.40.51:285][ 44]LogInit: FAudioDevice initialized.
[2016.03.28-19.40.51:431][ 44]LogWorld: Game class is 'FirstPersonGameMode_C'
[2016.03.28-19.40.51:685][ 44]LogWorld: Bringing World /Game/FirstPersonBP/Maps/UEDPIE_0_FirstPersonExampleMap.FirstPersonExampleMap up for play (max tick rate 0) at 2016.03.28-20.40.51
[2016.03.28-19.40.51:685][ 44]LogActor:Warning: GameSession /Game/FirstPersonBP/Maps/UEDPIE_0_FirstPersonExampleMap.FirstPersonExampleMap:PersistentLevel.GameSession_0 has natively added scene component(s), but none of them were set as the actor's RootComponent - picking one arbitrarily
[2016.03.28-19.40.51:686][ 44]LogActor:Warning: GameNetworkManager /Game/FirstPersonBP/Maps/UEDPIE_0_FirstPersonExampleMap.FirstPersonExampleMap:PersistentLevel.GameNetworkManager_0 has natively added scene component(s), but none of them were set as the actor's RootComponent - picking one arbitrarily
[2016.03.28-19.40.51:708][ 44]LogWorld: Bringing up level for play took: 0.058730
[2016.03.28-19.40.52:090][ 44]PIE: Info Play in editor start time for /Game/FirstPersonBP/Maps/UEDPIE_0_FirstPersonExampleMap 1.86
[2016.03.28-19.40.52:091][ 44]LogBlueprintUserMessages: Late PlayInEditor Detection: Level '/Game/FirstPersonBP/Maps/FirstPersonExampleMap.FirstPersonExampleMap:PersistentLevel' has LevelScriptBlueprint '/Game/FirstPersonBP/Maps/FirstPersonExampleMap.FirstPersonExampleMap:PersistentLevel.FirstPersonExampleMap' with GeneratedClass '/Game/FirstPersonBP/Maps/FirstPersonExampleMap.FirstPersonExampleMap_C' with ClassGeneratedBy '/Game/FirstPersonBP/Maps/FirstPersonExampleMap.FirstPersonExampleMap:PersistentLevel.FirstPersonExampleMap'
[2016.03.28-19.40.56:773][ 44]OCULUS: Info: 03/28/16 19:40:56: [From Service] 03/28/16 19:40:56: [SwapChain] Created swapchain of type 'DirectDisplaySwapChain' provided by 'AMD'

[2016.03.28-19.40.56:773][ 44]OCULUS: Info: 03/28/16 19:40:56: [From Service] 03/28/16 19:40:56: [DirectDisplaySwapChain] Initialize

[2016.03.28-19.40.56:773][ 44]OCULUS: Info: 03/28/16 19:40:56: [IPC] Call Stats for Compositor_Create : x1: C2S=66.1036, S2C=17.3957, Runtime=4.19765e+006 (microseconds) C2Ssize=100, S2Csize=52 (bytes)

[2016.03.28-19.40.56:777][ 44]OCULUS: Info: 03/28/16 19:40:56: [From Service] 03/28/16 19:40:56: [HMD] WARNING: Unable to change dynamic prediction mode setting

[2016.03.28-19.40.56:777][ 44]OCULUS: Info: 03/28/16 19:40:56: [From Service] 03/28/16 19:40:56: [HMD] WARNING: Unable to change low persistence mode setting

[2016.03.28-19.40.56:777][ 44]OCULUS: Info: 03/28/16 19:40:56: [IPC] Call Stats for Compositor_TextureSet_Create : x1: C2S=43.2407, S2C=6.46126, Runtime=967.201 (microseconds) C2Ssize=69, S2Csize=33 (bytes)

[2016.03.28-19.40.56:777][ 44]LogHMD: Allocated a new swap texture set (size 1892 x 1160)
[2016.03.28-19.40.56:845][ 45]OCULUS: Info: 03/28/16 19:40:56: [IPC] Call Stats for Compositor_CreateMirror : x1: C2S=42.7437, S2C=4.22467, Runtime=110.09 (microseconds) C2Ssize=48, S2Csize=25 (bytes)

[2016.03.28-19.40.56:845][ 45]LogHMD: Allocated a new mirror texture (size 1280 x 720)
[2016.03.28-19.40.56:845][ 45]LogRenderer: Reallocating scene render targets to support 1892x1160 (Frame:20816).
[2016.03.28-19.40.57:628][ 46]OCULUS: Info: 03/28/16 19:40:57: [IPC] Call Stats for Compositor_EndFrame : x1: C2S=52.1871, S2C=27.5846, Runtime=745291 (microseconds) C2Ssize=995, S2Csize=89 (bytes)

[2016.03.28-19.41.00:672][ 56]OCULUS: Error: 03/28/16 19:41:00: WARNING: QueueAheadWaitTimer slept too long/short (i.e. 1.416470 ms)

[2016.03.28-19.41.04:009][ 66]OCULUS: Error: 03/28/16 19:41:03: WARNING: QueueAheadWaitTimer slept too long/short (i.e. 2.292420 ms)

[2016.03.28-19.41.08:009][ 78]OCULUS: Error: 03/28/16 19:41:07: [IPC] WARNING: Overhead alert threshold exceeded for Compositor_EndFrame : x32: C2S=321.277 (41.0041-4915.53), S2C=100.608 (6.70977-1435.14), RTT=1251.18 (260.687-12469), Runtime=829.293 (204.275-12377.5), IPC=421.884 (48.2109-6350.67) (microseconds) C2Ssize=995 (995-995), S2Csize=89 (89-89) (bytes)
[2016.03.28-19.41.17:684][593]OCULUS: Error: 03/28/16 19:41:17: [IPC] WARNING: Overhead alert threshold exceeded for Compositor_EndFrame : x515: C2S=147.969 (36.0339-3358.11), S2C=21.8829 (4.72169-1215.46), RTT=813.118 (217.943-16388.5), Runtime=643.266 (172.963-16289.6), IPC=169.852 (41.9982-3383.46) (microseconds) C2Ssize=995 (995-995), S2Csize=89 (89-89) (bytes)
[2016.03.28-19.41.27:698][194]OCULUS: Error: 03/28/16 19:41:27: [IPC] WARNING: Overhead alert threshold exceeded for Compositor_EndFrame : x601: C2S=139.476 (35.7854-4110.85), S2C=14.3048 (4.72169-703.035), RTT=589.105 (219.434-5154.59), Runtime=435.324 (176.691-2767.16), IPC=153.781 (42.7437-4133.47) (microseconds) C2Ssize=995 (995-995), S2Csize=89 (89-89) (bytes)
[2016.03.28-19.41.37:715][795]OCULUS: Error: 03/28/16 19:41:37: [IPC] WARNING: Overhead alert threshold exceeded for Compositor_EndFrame : x601: C2S=128.691 (33.5488-3434.9), S2C=11.472 (4.22467-280.816), RTT=568.472 (213.47-4104.39), Runtime=428.309 (169.484-3292.51), IPC=140.163 (39.2646-3451.06) (microseconds) C2Ssize=995 (995-995), S2Csize=89 (89-89) (bytes)
[2016.03.28-19.41.47:733][396]OCULUS: Error: 03/28/16 19:41:47: [IPC] WARNING: Overhead alert threshold exceeded for Compositor_EndFrame : x601: C2S=223.781 (34.7914-3834.76), S2C=13.7032 (4.22467-464.962), RTT=706.738 (207.257-4594.2), Runtime=469.253 (168.241-3866.07), IPC=237.485 (39.0161-3975.66) (microseconds) C2Ssize=995 (995-995), S2Csize=89 (89-89) (bytes)
[2016.03.28-19.41.53:078][716]OCULUS: Error: 03/28/16 19:41:53: WARNING: QueueAheadWaitTimer slept too long/short (i.e. 1.298498 ms)

[2016.03.28-19.41.57:752][994]OCULUS: Error: 03/28/16 19:41:57: [IPC] WARNING: Overhead alert threshold exceeded for Compositor_EndFrame : x598: C2S=255.548 (29.3242-3885.95), S2C=23.9941 (4.47318-2105.87), RTT=812.905 (228.132-16517), Runtime=533.363 (175.697-16426.3), IPC=279.542 (43.2407-3903.1) (microseconds) C2Ssize=995 (995-995), S2Csize=89 (89-89) (bytes)
[2016.03.28-19.42.06:827][538]OCULUS: Error: 03/28/16 19:42:06: WARNING: QueueAheadWaitTimer slept too long/short (i.e. 1.254263 ms)

[2016.03.28-19.42.07:767][595]OCULUS: Error: 03/28/16 19:42:07: [IPC] WARNING: Overhead alert threshold exceeded for Compositor_EndFrame : x601: C2S=243.781 (32.8033-3983.12), S2C=14.3817 (4.22467-429.922), RTT=742.785 (223.162-4807.92), Runtime=484.622 (181.164-3831.28), IPC=258.163 (40.0101-4002) (microseconds) C2Ssize=995 (995-995), S2Csize=89 (89-89) (bytes)
[2016.03.28-19.42.08:966][666]LogBlueprintUserMessages: Early EndPlayMap Detection: Level '/Game/FirstPersonBP/Maps/FirstPersonExampleMap.FirstPersonExampleMap:PersistentLevel' has LevelScriptBlueprint '/Game/FirstPersonBP/Maps/FirstPersonExampleMap.FirstPersonExampleMap:PersistentLevel.FirstPersonExampleMap' with GeneratedClass '/Game/FirstPersonBP/Maps/FirstPersonExampleMap.FirstPersonExampleMap_C' with ClassGeneratedBy '/Game/FirstPersonBP/Maps/FirstPersonExampleMap.FirstPersonExampleMap:PersistentLevel.FirstPersonExampleMap'
[2016.03.28-19.42.08:978][666]OCULUS: Info: 03/28/16 19:42:08: [IPC] Call Stats for Compositor_DestroyMirror : x1: C2S=32.8033, S2C=13.171, Runtime=11.4315 (microseconds) C2Ssize=33, S2Csize=25 (bytes)

[2016.03.28-19.42.08:979][666]LogHMD: Freeing textureSet 0x000000003DC79700
[2016.03.28-19.42.08:979][666]OCULUS: Info: 03/28/16 19:42:08: [IPC] Call Stats for Compositor_TextureSet_Destroy : x1: C2S=29.8212, S2C=5.96424, Runtime=15.1591 (microseconds) C2Ssize=46, S2Csize=25 (bytes)

[2016.03.28-19.42.09:072][666]OCULUS: Info: 03/28/16 19:42:08: [IPC] Call Stats for Compositor_Destroy : x1: C2S=17.6442, S2C=9.69189, Runtime=2711.24 (microseconds) C2Ssize=27, S2Csize=25 (bytes)

[2016.03.28-19.42.09:072][666]OCULUS: Info: 03/28/16 19:42:09: [IPC] Call Stats for Hmd_Release : x1: C2S=21.1233, S2C=9.44338, Runtime=91094.1 (microseconds) C2Ssize=20, S2Csize=25 (bytes)

[2016.03.28-19.42.09:261][666]LogBlueprintUserMessages: Late EndPlayMap Detection: Level '/Game/FirstPersonBP/Maps/FirstPersonExampleMap.FirstPersonExampleMap:PersistentLevel' has LevelScriptBlueprint '/Game/FirstPersonBP/Maps/FirstPersonExampleMap.FirstPersonExampleMap:PersistentLevel.FirstPersonExampleMap' with GeneratedClass '/Game/FirstPersonBP/Maps/FirstPersonExampleMap.FirstPersonExampleMap_C' with ClassGeneratedBy '/Game/FirstPersonBP/Maps/FirstPersonExampleMap.FirstPersonExampleMap:PersistentLevel.FirstPersonExampleMap'
[2016.03.28-19.42.09:481][667]LogParticles: Destroying 0 GPU particle simulations for FXSystem 0x00000000401AF600
[2016.03.28-19.44.25:710][572]LogEditorViewport: Clicking on Actor (context menu): StaticMeshActor (Floor)
[2016.03.28-19.44.34:413][440]LogEditorViewport: Clicking on Actor (LMB): StaticMeshActor (Floor)
[2016.03.28-19.44.34:900][486]LogEditorViewport: Clicking on Actor (LMB): FirstPersonCharacter_C (FirstPersonCharacter)
[2016.03.28-19.44.44:267][365]LogActorComponent: UnregisterComponent: (/Engine/Transient.ProjectileMovementComponent_40__A6522401) Not registered. Aborting.
[2016.03.28-19.44.44:347][365]LogParticles: Destroying 0 GPU particle simulations for FXSystem 0x0000000039048720
[2016.03.28-19.44.46:232][366]Cmd: QUIT_EDITOR
[2016.03.28-19.44.46:516][366]LogExit: Preparing to exit.
[2016.03.28-19.44.47:110][366]LogExit: Editor shut down
[2016.03.28-19.44.47:111][366]LogExit: Transaction tracking system shut down
[2016.03.28-19.44.47:160][366]LogParticles: Destroying 0 GPU particle simulations for FXSystem 0x0000000025247F60
[2016.03.28-19.44.47:160][366]LogParticles: Destroying 0 GPU particle simulations for FXSystem 0x0000000026A259E0
[2016.03.28-19.44.47:160][366]LogParticles: Destroying 0 GPU particle simulations for FXSystem 0x0000000026BEBEC0
[2016.03.28-19.44.47:160][366]LogParticles: Destroying 0 GPU particle simulations for FXSystem 0x000000002998DBC0
[2016.03.28-19.44.47:160][366]LogParticles: Destroying 0 GPU particle simulations for FXSystem 0x000000002998DDA0
[2016.03.28-19.44.47:972][366]LogExit: Object subsystem successfully closed.
[2016.03.28-19.44.48:318][366]LogD3D11RHI: Shutdown
[2016.03.28-19.44.48:325][366]LogD3D11RHI: CleanupD3DDevice
[2016.03.28-19.44.48:546][366]LogD3D11RHI: ~FD3D11DynamicRHI
[2016.03.28-19.44.48:673][366]LogModuleManager: Shutting down and abandoning module BlueprintGraph (199)
[2016.03.28-19.44.48:673][366]LogModuleManager: Shutting down and abandoning module CrashTracker (198)
[2016.03.28-19.44.48:673][366]LogModuleManager: Shutting down and abandoning module SceneOutliner (197)
[2016.03.28-19.44.48:673][366]LogModuleManager: Shutting down and abandoning module SuperSearch (196)
[2016.03.28-19.44.48:673][366]LogModuleManager: Shutting down and abandoning module WidgetCarousel (195)
[2016.03.28-19.44.48:673][366]LogModuleManager: Shutting down and abandoning module AddContentDialog (194)
[2016.03.28-19.44.48:691][366]LogModuleManager: Shutting down and abandoning module EditorWidgets (193)
[2016.03.28-19.44.48:691][366]LogModuleManager: Shutting down and abandoning module CollectionManager (192)
[2016.03.28-19.44.48:691][366]LogModuleManager: Shutting down and abandoning module StatsViewer (191)
[2016.03.28-19.44.48:711][366]LogModuleManager: Shutting down and abandoning module FoliageEdit (190)
[2016.03.28-19.44.48:711][366]LogModuleManager: Shutting down and abandoning module LandscapeEditor (189)
[2016.03.28-19.44.48:712][366]LogModuleManager: Shutting down and abandoning module ActorPickerMode (188)
[2016.03.28-19.44.48:712][366]LogModuleManager: Shutting down and abandoning module GeometryMode (187)
[2016.03.28-19.44.48:712][366]LogModuleManager: Shutting down and abandoning module TextureAlignMode (186)
[2016.03.28-19.44.48:712][366]LogModuleManager: Shutting down and abandoning module BspMode (185)
[2016.03.28-19.44.48:712][366]LogModuleManager: Shutting down and abandoning module PlacementMode (184)
[2016.03.28-19.44.48:712][366]LogModuleManager: Shutting down and abandoning module AutomationWorker (183)
[2016.03.28-19.44.48:712][366]LogModuleManager: Shutting down and abandoning module CharacterAI (182)
[2016.03.28-19.44.48:712][366]LogModuleManager: Shutting down and abandoning module SmartSnapping (181)
[2016.03.28-19.44.48:712][366]LogModuleManager: Shutting down and abandoning module ViewportSnapping (180)
[2016.03.28-19.44.48:712][366]LogModuleManager: Shutting down and abandoning module LogVisualizer (179)
[2016.03.28-19.44.48:712][366]LogModuleManager: Shutting down and abandoning module GameProjectGeneration (178)
[2016.03.28-19.44.48:761][366]LogModuleManager: Shutting down and abandoning module IntroTutorials (177)
[2016.03.28-19.44.48:762][366]LogModuleManager: Shutting down and abandoning module EditorLiveStreaming (176)
[2016.03.28-19.44.48:762][366]LogModuleManager: Shutting down and abandoning module IOSPlatformEditor (175)
[2016.03.28-19.44.48:762][366]LogModuleManager: Shutting down and abandoning module HTML5PlatformEditor (174)
[2016.03.28-19.44.48:762][366]LogModuleManager: Shutting down and abandoning module AndroidDeviceDetection (173)
[2016.03.28-19.44.49:734][366]LogModuleManager: Shutting down and abandoning module AndroidPlatformEditor (172)
[2016.03.28-19.44.49:734][366]LogModuleManager: Shutting down and abandoning module IOSRuntimeSettings (171)
[2016.03.28-19.44.49:735][366]LogModuleManager: Shutting down and abandoning module AndroidRuntimeSettings (170)
[2016.03.28-19.44.49:735][366]LogModuleManager: Shutting down and abandoning module MergeActors (169)
[2016.03.28-19.44.49:735][366]LogModuleManager: Shutting down and abandoning module SizeMap (168)
[2016.03.28-19.44.49:735][366]LogModuleManager: Shutting down and abandoning module TreeMap (167)
[2016.03.28-19.44.49:735][366]LogModuleManager: Shutting down and abandoning module ReferenceViewer (166)
[2016.03.28-19.44.49:735][366]LogModuleManager: Shutting down and abandoning module LocalizationService (165)
[2016.03.28-19.44.49:735][366]LogModuleManager: Shutting down and abandoning module LocalizationDashboard (164)
[2016.03.28-19.44.49:735][366]LogModuleManager: Shutting down and abandoning module HardwareTargeting (163)
[2016.03.28-19.44.49:735][366]LogModuleManager: Shutting down and abandoning module DeviceProfileEditor (162)
[2016.03.28-19.44.49:735][366]LogModuleManager: Shutting down and abandoning module UndoHistory (161)
[2016.03.28-19.44.49:735][366]LogModuleManager: Shutting down and abandoning module GameplayTagsEditor (160)
[2016.03.28-19.44.49:735][366]LogModuleManager: Shutting down and abandoning module UserFeedback (159)
[2016.03.28-19.44.49:735][366]LogModuleManager: Shutting down and abandoning module XmlParser (158)
[2016.03.28-19.44.49:735][366]LogModuleManager: Shutting down and abandoning module Blutility (157)
[2016.03.28-19.44.49:735][366]LogModuleManager: Shutting down and abandoning module ProjectTargetPlatformEditor (156)
[2016.03.28-19.44.49:735][366]LogModuleManager: Shutting down and abandoning module ProjectSettingsViewer (155)
[2016.03.28-19.44.49:735][366]LogModuleManager: Shutting down and abandoning module InputBindingEditor (154)
[2016.03.28-19.44.49:735][366]LogModuleManager: Shutting down and abandoning module EditorSettingsViewer (153)
[2016.03.28-19.44.49:735][366]LogModuleManager: Shutting down and abandoning module SettingsEditor (152)
[2016.03.28-19.44.49:735][366]LogModuleManager: Shutting down and abandoning module ProjectLauncher (151)
[2016.03.28-19.44.49:735][366]LogModuleManager: Shutting down and abandoning module SessionFrontend (150)
[2016.03.28-19.44.49:735][366]LogModuleManager: Shutting down and abandoning module ProfilerClient (149)
[2016.03.28-19.44.49:735][366]LogModuleManager: Shutting down and abandoning module TargetDeviceServices (148)
[2016.03.28-19.44.49:735][366]LogModuleManager: Shutting down and abandoning module DeviceManager (147)
[2016.03.28-19.44.49:735][366]LogModuleManager: Shutting down and abandoning module AutomationController (146)
[2016.03.28-19.44.49:735][366]LogModuleManager: Shutting down and abandoning module AutomationWindow (145)
[2016.03.28-19.44.49:735][366]LogModuleManager: Shutting down and abandoning module Layers (144)
[2016.03.28-19.44.49:735][366]LogModuleManager: Shutting down and abandoning module ComponentVisualizers (143)
[2016.03.28-19.44.49:735][366]LogModuleManager: Shutting down and abandoning module DetailCustomizations (142)
[2016.03.28-19.44.49:735][366]LogModuleManager: Shutting down and abandoning module PackagesDialog (141)
[2016.03.28-19.44.49:736][366]LogModuleManager: Shutting down and abandoning module Persona (140)
[2016.03.28-19.44.49:736][366]LogModuleManager: Shutting down and abandoning module Kismet (139)
[2016.03.28-19.44.49:736][366]LogModuleManager: Shutting down and abandoning module GraphEditor (138)
[2016.03.28-19.44.49:736][366]LogModuleManager: Shutting down and abandoning module ClassViewer (137)
[2016.03.28-19.44.49:737][366]LogModuleManager: Shutting down and abandoning module Toolbox (136)
[2016.03.28-19.44.49:737][366]LogModuleManager: Shutting down and abandoning module ModuleUI (135)
[2016.03.28-19.44.49:737][366]LogModuleManager: Shutting down and abandoning module MovieSceneTools (134)
[2016.03.28-19.44.49:737][366]LogModuleManager: Shutting down and abandoning module OutputLog (133)
[2016.03.28-19.44.49:737][366]LogModuleManager: Shutting down and abandoning module GammaUI (132)
[2016.03.28-19.44.49:737][366]LogModuleManager: Shutting down and abandoning module Documentation (131)
[2016.03.28-19.44.49:737][366]LogModuleManager: Shutting down and abandoning module GameLiveStreaming (130)
[2016.03.28-19.44.49:737][366]LogModuleManager: Shutting down and abandoning module StreamingPauseRendering (129)
[2016.03.28-19.44.49:737][366]LogModuleManager: Shutting down and abandoning module AnalyticsET (128)
[2016.03.28-19.44.49:737][366]LogModuleManager: Shutting down and abandoning module Analytics (127)
[2016.03.28-19.44.49:737][366]LogModuleManager: Shutting down and abandoning module AITestSuite (126)
[2016.03.28-19.44.49:738][366]LogModuleManager: Shutting down and abandoning module GameplayDebugger (125)
[2016.03.28-19.44.49:738][366]LogModuleManager: Shutting down and abandoning module AIModule (124)
[2016.03.28-19.44.49:738][366]LogModuleManager: Shutting down and abandoning module ProfilerService (123)
[2016.03.28-19.44.49:933][366]LogModuleManager: Shutting down and abandoning module TaskGraph (122)
[2016.03.28-19.44.49:933][366]LogModuleManager: Shutting down and abandoning module SlateRemote (121)
[2016.03.28-19.44.49:933][366]LogModuleManager: Shutting down and abandoning module SteamVRController (120)
[2016.03.28-19.44.49:933][366]LogModuleManager: Shutting down and abandoning module SteamVR (119)
[2016.03.28-19.44.49:933][366]LogModuleManager: Shutting down and abandoning module ProceduralMeshComponent (118)
[2016.03.28-19.44.49:933][366]LogModuleManager: Shutting down and abandoning module OculusLibrary (117)
[2016.03.28-19.44.49:933][366]LogModuleManager: Shutting down and abandoning module OculusInput (116)
[2016.03.28-19.44.49:933][366]LogModuleManager: Shutting down and abandoning module LeapMotionController (115)
[2016.03.28-19.44.49:942][366]LogModuleManager: Shutting down and abandoning module CustomMeshComponent (114)
[2016.03.28-19.44.49:942][366]LogModuleManager: Shutting down and abandoning module CableComponent (113)
[2016.03.28-19.44.49:942][366]LogModuleManager: Shutting down and abandoning module ArchVisCharacter (112)
[2016.03.28-19.44.49:943][366]LogModuleManager: Shutting down and abandoning module MessagingDebugger (111)
[2016.03.28-19.44.49:943][366]LogModuleManager: Shutting down and abandoning module MediaPlayerEditor (110)
[2016.03.28-19.44.49:943][366]LogModuleManager: Shutting down and abandoning module HTML5Networking (109)
[2016.03.28-19.44.49:943][366]LogModuleManager: Shutting down and abandoning module SpeedTreeImporter (108)
[2016.03.28-19.44.49:943][366]LogModuleManager: Shutting down and abandoning module PluginBrowser (107)
[2016.03.28-19.44.49:943][366]LogModuleManager: Shutting down and abandoning module EpicSurvey (106)
[2016.03.28-19.44.49:943][366]LogModuleManager: Shutting down and abandoning module DesktopPlatform (105)
[2016.03.28-19.44.49:943][366]LogModuleManager: Shutting down and abandoning module VisualStudioSourceCodeAccess (104)
[2016.03.28-19.44.49:943][366]LogModuleManager: Shutting down and abandoning module UObjectPlugin (103)
[2016.03.28-19.44.49:943][366]LogModuleManager: Shutting down and abandoning module SubversionSourceControl (102)
[2016.03.28-19.44.49:943][366]LogModuleManager: Shutting down and abandoning module PerforceSourceControl (101)
[2016.03.28-19.44.49:943][366]LogModuleManager: Shutting down and abandoning module SourceControl (100)
[2016.03.28-19.44.49:943][366]LogModuleManager: Shutting down and abandoning module GitSourceControl (99)
[2016.03.28-19.44.49:943][366]LogModuleManager: Shutting down and abandoning module LightPropagationVolumeEditor (98)
[2016.03.28-19.44.49:943][366]LogModuleManager: Shutting down and abandoning module PaperTiledImporter (97)
[2016.03.28-19.44.49:943][366]LogModuleManager: Shutting down and abandoning module PaperSpriteSheetImporter (96)
[2016.03.28-19.44.49:943][366]LogModuleManager: Shutting down and abandoning module MeshPaint (95)
[2016.03.28-19.44.49:943][366]LogModuleManager: Shutting down and abandoning module SlateReflector (94)
[2016.03.28-19.44.49:943][366]LogModuleManager: Shutting down and abandoning module HotReload (93)
[2016.03.28-19.44.49:943][366]LogModuleManager: Shutting down and abandoning module MainFrame (92)
[2016.03.28-19.44.49:943][366]LogModuleManager: Shutting down and abandoning module LevelEditor (91)
[2016.03.28-19.44.49:944][366]LogModuleManager: Shutting down and abandoning module DirectoryWatcher (90)
[2016.03.28-19.44.49:945][366]LogModuleManager: Shutting down and abandoning module AssetRegistry (89)
[2016.03.28-19.44.50:080][366]LogModuleManager: Shutting down and abandoning module ContentBrowser (88)
[2016.03.28-19.44.50:081][366]LogModuleManager: Shutting down and abandoning module Paper2DEditor (87)
[2016.03.28-19.44.50:081][366]LogModuleManager: Shutting down and abandoning module UdpMessaging (86)
[2016.03.28-19.44.50:181][366]LogModuleManager: Shutting down and abandoning module LightPropagationVolumeRuntime (85)
[2016.03.28-19.44.50:181][366]LogModuleManager: Shutting down and abandoning module Paper2D (84)
[2016.03.28-19.44.50:181][366]LogModuleManager: Shutting down and abandoning module WindowsMoviePlayer (83)
[2016.03.28-19.44.50:186][366]LogModuleManager: Shutting down and abandoning module Media (82)
[2016.03.28-19.44.50:186][366]LogModuleManager: Shutting down and abandoning module WmfMedia (81)
[2016.03.28-19.44.50:187][366]LogModuleManager: Shutting down and abandoning module OnlineBlueprintSupport (80)
[2016.03.28-19.44.50:187][366]LogModuleManager: Shutting down and abandoning module GameplayTasksEditor (79)
[2016.03.28-19.44.50:187][366]LogModuleManager: Shutting down and abandoning module PropertyEditor (78)
[2016.03.28-19.44.50:187][366]LogModuleManager: Shutting down and abandoning module BehaviorTreeEditor (77)
[2016.03.28-19.44.50:187][366]LogModuleManager: Shutting down and abandoning module FunctionalTesting (76)
[2016.03.28-19.44.50:187][366]LogModuleManager: Shutting down and abandoning module CollisionAnalyzer (75)
[2016.03.28-19.44.50:187][366]LogModuleManager: Shutting down and abandoning module WorkspaceMenuStructure (74)
[2016.03.28-19.44.50:187][366]LogModuleManager: Shutting down and abandoning module MessageLog (73)
[2016.03.28-19.44.50:187][366]LogModuleManager: Shutting down and abandoning module Sequencer (72)
[2016.03.28-19.44.50:187][366]LogModuleManager: Shutting down and abandoning module AssetTools (71)
[2016.03.28-19.44.50:187][366]LogModuleManager: Shutting down and abandoning module UMGEditor (70)
[2016.03.28-19.44.50:187][366]LogModuleManager: Shutting down and abandoning module UMG (69)
[2016.03.28-19.44.50:187][366]LogModuleManager: Shutting down and abandoning module Slate (68)
[2016.03.28-19.44.50:187][366]LogModuleManager: Shutting down and abandoning module EditorStyle (67)
[2016.03.28-19.44.50:189][366]LogModuleManager: Shutting down and abandoning module SessionServices (66)
[2016.03.28-19.44.50:190][366]LogModuleManager: Shutting down and abandoning module SourceCodeAccess (65)
[2016.03.28-19.44.50:190][366]LogModuleManager: Shutting down and abandoning module HeadMountedDisplay (64)
[2016.03.28-19.44.50:190][366]LogModuleManager: Shutting down and abandoning module XAudio2 (63)
[2016.03.28-19.44.50:190][366]LogModuleManager: Shutting down and abandoning module Networking (61)
[2016.03.28-19.44.50:190][366]LogModuleManager: Shutting down and abandoning module Core (60)
[2016.03.28-19.44.50:190][366]LogModuleManager: Shutting down and abandoning module KismetCompiler (59)
[2016.03.28-19.44.50:190][366]LogModuleManager: Shutting down and abandoning module PhysXFormats (58)
[2016.03.28-19.44.50:190][366]LogModuleManager: Shutting down and abandoning module MeshUtilities (57)
[2016.03.28-19.44.50:190][366]LogModuleManager: Shutting down and abandoning module DerivedDataCache (56)
[2016.03.28-19.44.50:225][366]LogDerivedDataCache: Shutdown
[2016.03.28-19.44.50:225][366]LogModuleManager: Shutting down and abandoning module ShaderFormatOpenGL (55)
[2016.03.28-19.44.50:225][366]LogModuleManager: Shutting down and abandoning module ShaderFormatD3D (54)
[2016.03.28-19.44.50:225][366]LogModuleManager: Shutting down and abandoning module MetalShaderFormat (53)
[2016.03.28-19.44.50:225][366]LogModuleManager: Shutting down and abandoning module TextureFormatUncompressed (52)
[2016.03.28-19.44.50:225][366]LogModuleManager: Shutting down and abandoning module TextureFormatPVR (51)
[2016.03.28-19.44.50:226][366]LogModuleManager: Shutting down and abandoning module TextureFormatIntelISPCTexComp (50)
[2016.03.28-19.44.50:226][366]LogModuleManager: Shutting down and abandoning module TextureFormatDXT (49)
[2016.03.28-19.44.50:226][366]LogModuleManager: Shutting down and abandoning module ImageWrapper (48)
[2016.03.28-19.44.50:226][366]LogModuleManager: Shutting down and abandoning module TextureFormatASTC (47)
[2016.03.28-19.44.50:226][366]LogModuleManager: Shutting down and abandoning module TextureFormatAndroid (46)
[2016.03.28-19.44.50:226][366]LogModuleManager: Shutting down and abandoning module AudioFormatOpus (45)
[2016.03.28-19.44.50:226][366]LogModuleManager: Shutting down and abandoning module AudioFormatOgg (44)
[2016.03.28-19.44.50:226][366]LogModuleManager: Shutting down and abandoning module AudioFormatADPCM (43)
[2016.03.28-19.44.50:226][366]LogModuleManager: Shutting down and abandoning module LinuxTargetPlatform (42)
[2016.03.28-19.44.50:226][366]LogModuleManager: Shutting down and abandoning module LinuxServerTargetPlatform (41)
[2016.03.28-19.44.50:226][366]LogModuleManager: Shutting down and abandoning module LinuxNoEditorTargetPlatform (40)
[2016.03.28-19.44.50:226][366]LogModuleManager: Shutting down and abandoning module Messaging (39)
[2016.03.28-19.44.50:226][366]LogModuleManager: Shutting down and abandoning module IOSTargetPlatform (38)
[2016.03.28-19.44.50:226][366]LogModuleManager: Shutting down and abandoning module HTML5TargetPlatform (37)
[2016.03.28-19.44.50:226][366]LogModuleManager: Shutting down and abandoning module Android_PVRTCTargetPlatform (36)
[2016.03.28-19.44.50:226][366]LogModuleManager: Shutting down and abandoning module Android_MultiTargetPlatform (35)
[2016.03.28-19.44.50:226][366]LogModuleManager: Shutting down and abandoning module Android_ETC2TargetPlatform (34)
[2016.03.28-19.44.50:226][366]LogModuleManager: Shutting down and abandoning module Android_ETC1TargetPlatform (33)
[2016.03.28-19.44.50:226][366]LogModuleManager: Shutting down and abandoning module Android_DXTTargetPlatform (32)
[2016.03.28-19.44.50:226][366]LogModuleManager: Shutting down and abandoning module Android_ATCTargetPlatform (31)
[2016.03.28-19.44.50:226][366]LogModuleManager: Shutting down and abandoning module Android_ASTCTargetPlatform (30)
[2016.03.28-19.44.50:226][366]LogModuleManager: Shutting down and abandoning module AndroidTargetPlatform (29)
[2016.03.28-19.44.50:226][366]LogModuleManager: Shutting down and abandoning module WindowsTargetPlatform (28)
[2016.03.28-19.44.50:226][366]LogModuleManager: Shutting down and abandoning module WindowsServerTargetPlatform (27)
[2016.03.28-19.44.50:226][366]LogModuleManager: Shutting down and abandoning module WindowsNoEditorTargetPlatform (26)
[2016.03.28-19.44.50:226][366]LogModuleManager: Shutting down and abandoning module WindowsClientTargetPlatform (25)
[2016.03.28-19.44.50:226][366]LogModuleManager: Shutting down and abandoning module AllDesktopTargetPlatform (24)
[2016.03.28-19.44.50:226][366]LogModuleManager: Shutting down and abandoning module TargetPlatform (23)
[2016.03.28-19.44.50:226][366]LogModuleManager: Shutting down and abandoning module InputCore (22)
[2016.03.28-19.44.50:226][366]LogModuleManager: Shutting down and abandoning module Settings (21)
[2016.03.28-19.44.50:226][366]LogModuleManager: Shutting down and abandoning module OnlineSubsystem (19)
[2016.03.28-19.44.50:226][366]LogModuleManager: Shutting down and abandoning module HTTP (18)
[2016.03.28-19.44.52:226][366]LogModuleManager: Shutting down and abandoning module XMPP (17)
[2016.03.28-19.44.52:226][366]LogModuleManager: Shutting down and abandoning module OculusRift (16)
[2016.03.28-19.44.52:226][366]LogHMD: Oculus shutdown.
[2016.03.28-19.44.52:226][366]LogModuleManager: Shutting down and abandoning module ExampleDeviceProfileSelector (15)
[2016.03.28-19.44.52:226][366]LogModuleManager: Shutting down and abandoning module TextureCompressor (14)
[2016.03.28-19.44.52:226][366]LogModuleManager: Shutting down and abandoning module ShaderCore (13)
[2016.03.28-19.44.52:226][366]LogModuleManager: Shutting down and abandoning module Landscape (12)
[2016.03.28-19.44.52:226][366]LogModuleManager: Shutting down and abandoning module SlateRHIRenderer (11)
[2016.03.28-19.44.52:230][366]LogModuleManager: Shutting down and abandoning module OpenGLDrv (10)
[2016.03.28-19.44.52:230][366]LogModuleManager: Shutting down and abandoning module D3D11RHI (9)
[2016.03.28-19.44.52:230][366]LogModuleManager: Shutting down and abandoning module AnimGraphRuntime (8)
[2016.03.28-19.44.52:230][366]LogModuleManager: Shutting down and abandoning module Renderer (7)
[2016.03.28-19.44.52:230][366]LogModuleManager: Shutting down and abandoning module Engine (6)
[2016.03.28-19.44.52:230][366]LogModuleManager: Shutting down and abandoning module CoreUObject (5)
[2016.03.28-19.44.52:230][366]LogModuleManager: Shutting down and abandoning module NetworkFile (4)
[2016.03.28-19.44.52:230][366]LogModuleManager: Shutting down and abandoning module StreamingFile (3)
[2016.03.28-19.44.52:230][366]LogModuleManager: Shutting down and abandoning module SandboxFile (2)
[2016.03.28-19.44.52:230][366]LogModuleManager: Shutting down and abandoning module PakFile (1)
[2016.03.28-19.44.52:231][366]LogExit: Exiting.
[2016.03.28-19.44.52:232][366]Log file closed, 03/28/16 20:44:52
