[2016.03.23-02.54.30:431][  0]Log file open, 03/23/16 02:54:30
[2016.03.23-02.54.30:431][  0]LogInit:Display: Running engine for game: VRGameDatabase
[2016.03.23-02.54.30:431][  0]LogPlatformFile: Not using cached read wrapper
[2016.03.23-02.54.30:431][  0]LogInit:Display: RandInit(946192563) SRandInit(946192566).
[2016.03.23-02.54.30:431][  0]LogTaskGraph: Started task graph with 4 named threads and 5 total threads.
[2016.03.23-02.54.30:431][  0]LogStats: Stats thread started at 0.087467
[2016.03.23-02.54.30:431][  0]LogInit: Version: 4.10.4-2872498+++depot+UE4-Releases+4.10
[2016.03.23-02.54.30:431][  0]LogInit: API Version: 2758231
[2016.03.23-02.54.30:431][  0]LogInit: Compiled (64-bit): Feb 18 2016 15:47:04
[2016.03.23-02.54.30:431][  0]LogInit: Compiled with Visual C++: 19.00.23026.00
[2016.03.23-02.54.30:431][  0]LogInit: Build Configuration: Development
[2016.03.23-02.54.30:431][  0]LogInit: Branch Name: ++depot+UE4-Releases+4.10
[2016.03.23-02.54.30:431][  0]LogInit: Command line:  
[2016.03.23-02.54.30:431][  0]LogInit: Base directory: C:/Program Files (x86)/Epic Games/4.10/Engine/Binaries/Win64/
[2016.03.23-02.54.30:431][  0]LogInit: Rocket: 1
[2016.03.23-02.54.30:447][  0]LogInit: Using libcurl 7.41.0
[2016.03.23-02.54.30:447][  0]LogInit:  - built for x86_64-pc-win32
[2016.03.23-02.54.30:447][  0]LogInit:  - supports SSL with WinSSL
[2016.03.23-02.54.30:447][  0]LogInit:  - other features:
[2016.03.23-02.54.30:447][  0]LogInit:      CURL_VERSION_SSL
[2016.03.23-02.54.30:447][  0]LogInit:      CURL_VERSION_IPV6
[2016.03.23-02.54.30:447][  0]LogInit:      CURL_VERSION_ASYNCHDNS
[2016.03.23-02.54.30:447][  0]LogInit:      CURL_VERSION_LARGEFILE
[2016.03.23-02.54.30:447][  0]LogInit:      CURL_VERSION_IDN
[2016.03.23-02.54.30:447][  0]LogInit:  CurlRequestOptions (configurable via config and command line):
[2016.03.23-02.54.30:447][  0]LogInit:  - bVerifyPeer = true  - Libcurl will verify peer certificate
[2016.03.23-02.54.30:447][  0]LogInit:  - bUseHttpProxy = false  - Libcurl will NOT use HTTP proxy
[2016.03.23-02.54.30:447][  0]LogInit:  - bDontReuseConnections = false  - Libcurl will reuse connections
[2016.03.23-02.54.30:447][  0]LogInit:  - CertBundlePath = nullptr  - Libcurl will use whatever was configured at build time.
[2016.03.23-02.54.30:463][  0]LogInit: Presizing for 0 objects not considered by GC, pre-allocating 0 bytes.
[2016.03.23-02.54.30:472][  0]LogInit: Object subsystem initialized
[2016.03.23-02.54.30:473][  0]LogInit: Selected Device Profile: [Windows]
[2016.03.23-02.54.30:473][  0]LogInit: Applying CVar settings loaded from the selected device profile: [Windows]
[2016.03.23-02.54.30:483][  0]LogInit: Computer: ZAIN-PC
[2016.03.23-02.54.30:483][  0]LogInit: User: Zain
[2016.03.23-02.54.30:483][  0]LogInit: CPU Page size=4096, Cores=2
[2016.03.23-02.54.30:483][  0]LogInit: High frequency timer resolution =4.023974 MHz
[2016.03.23-02.54.30:483][  0]LogMemory: Memory total: Physical=7.9GB (8GB approx)
[2016.03.23-02.54.30:483][  0]LogMemory: Platform Memory Stats for Windows
[2016.03.23-02.54.30:483][  0]LogMemory: Process Physical Memory: 56.45 MB used, 56.45 MB peak
[2016.03.23-02.54.30:483][  0]LogMemory: Process Virtual Memory: 59.53 MB used, 59.53 MB peak
[2016.03.23-02.54.30:483][  0]LogMemory: Physical Memory: 2575.51 MB used, 8128.26 MB total
[2016.03.23-02.54.30:483][  0]LogMemory: Virtual Memory: 352.88 MB used, 8388608.00 MB total
[2016.03.23-02.54.30:557][  0]LogTextLocalizationManager: No specific translations for ('en-GB') exist, so ('en') translations will be used.
[2016.03.23-02.54.31:034][  0]LogD3D11RHI: Found D3D11 adapter 0: AMD Radeon (TM) R9 380 Series (Feature Level 11_0)
[2016.03.23-02.54.31:034][  0]LogD3D11RHI: Adapter has 4072MB of dedicated video memory, 0MB of dedicated system memory, and 3808MB of shared system memory, 1 output[s]
[2016.03.23-02.54.31:034][  0]LogD3D11RHI: Chosen D3D11 Adapter Id = 0
[2016.03.23-02.54.31:042][  0]LogD3D11RHI: !Direct3DDevice
[2016.03.23-02.54.31:042][  0]LogRHI: Texture pool is 1361 MB (70% of 1945 MB)
[2016.03.23-02.54.31:052][  0]LogD3D11RHI: Async texture creation disabled: no driver support
[2016.03.23-02.54.31:064][  0]LogShaderCompilers: Guid format shader working directory is -15 characters bigger than the processId version (../../../../../../Users/Zain/Documents/GitHub/VRGameDatabase/Intermediate/Shaders/WorkingDirectory/5248/).
[2016.03.23-02.54.31:064][  0]LogShaderCompilers: Cleaned the shader compiler working directory 'C:/Users/Zain/AppData/Local/Temp/UnrealShaderWorkingDir/331C95A84A02E111328346AA9CB36030/'.
[2016.03.23-02.54.31:064][  0]LogShaderCompilers:Display: Using Local Shader Compiler.
[2016.03.23-02.54.32:158][  0]LogTemp:Display: Loaded TP AllDesktopTargetPlatform
[2016.03.23-02.54.32:167][  0]LogTemp:Display: Loaded TP WindowsClientTargetPlatform
[2016.03.23-02.54.32:175][  0]LogTemp:Display: Loaded TP WindowsNoEditorTargetPlatform
[2016.03.23-02.54.32:183][  0]LogTemp:Display: Loaded TP WindowsServerTargetPlatform
[2016.03.23-02.54.32:191][  0]LogTemp:Display: Loaded TP WindowsTargetPlatform
[2016.03.23-02.54.32:197][  0]LogTemp:Display: Loaded TP AndroidTargetPlatform
[2016.03.23-02.54.32:204][  0]LogTemp:Display: Loaded TP Android_ASTCTargetPlatform
[2016.03.23-02.54.32:210][  0]LogTemp:Display: Loaded TP Android_ATCTargetPlatform
[2016.03.23-02.54.32:216][  0]LogTemp:Display: Loaded TP Android_DXTTargetPlatform
[2016.03.23-02.54.32:223][  0]LogTemp:Display: Loaded TP Android_ETC1TargetPlatform
[2016.03.23-02.54.32:229][  0]LogTemp:Display: Loaded TP Android_ETC2TargetPlatform
[2016.03.23-02.54.32:243][  0]LogTemp:Display: Loaded TP Android_MultiTargetPlatform
[2016.03.23-02.54.32:243][  0]LogTemp:Display: Loaded TP Android_PVRTCTargetPlatform
[2016.03.23-02.54.32:245][  0]LogTemp:Display: Loaded TP HTML5TargetPlatform
[2016.03.23-02.54.32:269][  0]LogTemp:Display: Loaded TP IOSTargetPlatform
[2016.03.23-02.54.32:275][  0]LogTemp:Display: Loaded TP LinuxNoEditorTargetPlatform
[2016.03.23-02.54.32:282][  0]LogTemp:Display: Loaded TP LinuxServerTargetPlatform
[2016.03.23-02.54.32:288][  0]LogTemp:Display: Loaded TP LinuxTargetPlatform
[2016.03.23-02.54.32:288][  0]LogTargetPlatformManager:Display: Building Assets For Windows
[2016.03.23-02.54.32:437][  0]LogDerivedDataCache:Display: Max Cache Size: 512 MB
[2016.03.23-02.54.32:533][  0]LogDerivedDataCache: Loaded boot cache 0.10s 41MB C:/Users/Zain/AppData/Local/UnrealEngine/4.10/DerivedDataCache/Boot.ddc.
[2016.03.23-02.54.32:533][  0]LogDerivedDataCache:Display: Loaded Boot cache: C:/Users/Zain/AppData/Local/UnrealEngine/4.10/DerivedDataCache/Boot.ddc
[2016.03.23-02.54.32:533][  0]LogDerivedDataCache: FDerivedDataBackendGraph:  Pak pak cache file ../../../../../../Users/Zain/Documents/GitHub/VRGameDatabase/DerivedDataCache/DDC.ddp not found, will not use a pak cache.
[2016.03.23-02.54.32:533][  0]LogDerivedDataCache: Unable to find inner node Pak for hierarchical cache Hierarchy.
[2016.03.23-02.54.32:533][  0]LogDerivedDataCache: FDerivedDataBackendGraph:  CompressedPak pak cache file ../../../../../../Users/Zain/Documents/GitHub/VRGameDatabase/DerivedDataCache/Compressed.ddp not found, will not use a pak cache.
[2016.03.23-02.54.32:533][  0]LogDerivedDataCache: Unable to find inner node CompressedPak for hierarchical cache Hierarchy.
[2016.03.23-02.54.32:601][  0]LogDerivedDataCache:Display: Pak cache opened for reading ../../../Engine/DerivedDataCache/Compressed.ddp.
[2016.03.23-02.54.32:626][  0]LogDerivedDataCache: Using Local data cache path C:/Users/Zain/AppData/Local/UnrealEngine/Common/DerivedDataCache: Writable
[2016.03.23-02.54.32:830][  0]LogInit: Selected Device Profile: [Windows]
[2016.03.23-02.54.32:831][  0]LogContentStreaming: Texture pool size is 0.000000MB
[2016.03.23-02.54.32:879][  0]LogMeshUtilities: No automatic mesh reduction module available
[2016.03.23-02.54.32:879][  0]LogMeshUtilities: No automatic mesh merging module available
[2016.03.23-02.54.33:301][  0]LogInit: WinSock: version 1.1 (2.2), MaxSocks=32767, MaxUdp=65467
[2016.03.23-02.54.34:171][  0]UdpMessaging: Initializing bridge on interface 0.0.0.0:0 to multicast group 230.0.0.1:6666.
[2016.03.23-02.54.34:281][  0]LogAssetRegistry: FAssetRegistry took 0.0106 seconds to start up
[2016.03.23-02.54.34:521][  0]SourceControl: Info Source control is disabled
[2016.03.23-02.54.34:522][  0]SourceControl: Info Source control is disabled
[2016.03.23-02.54.34:538][  0]SourceControl: Info Source control is disabled
[2016.03.23-02.54.34:556][  0]SourceControl: Info Source control is disabled
[2016.03.23-02.54.34:872][  0]LogObj: 28633 objects as part of root set at end of initial load.
[2016.03.23-02.54.34:872][  0]LogUObjectAllocator: 6099744 out of 0 bytes used by permanent object pool.
[2016.03.23-02.54.34:943][  0]LogEngine: Initializing Engine...
[2016.03.23-02.54.34:945][  0]OCULUS: Info: 03/23/16 02:54:34: [CAPI] LibOVR module is located at C:\Windows\system32\LibOVRRT64_0_8.dll

[2016.03.23-02.54.34:946][  0]OCULUS: Info: 03/23/16 02:54:34: [IPC] Call Stats for SetInitialState : x1: C2S=32.3064, S2C=8.94638, Runtime=58.897 (microseconds) C2Ssize=80, S2Csize=81 (bytes)

[2016.03.23-02.54.34:946][  0]OCULUS: Info: 03/23/16 02:54:34: [IPC] Call Stats for IsLatencyTesterAvailable : x1: C2S=26.8391, S2C=6.70978, Runtime=1.49106 (microseconds) C2Ssize=33, S2Csize=18 (bytes)

[2016.03.23-02.54.34:946][  0]OCULUS: Info: 03/23/16 02:54:34: [IPC] Call Stats for Hmd_Create : x1: C2S=16.6502, S2C=6.70978, Runtime=12.177 (microseconds) C2Ssize=19, S2Csize=171 (bytes)

[2016.03.23-02.54.34:946][  0]OCULUS: Info: 03/23/16 02:54:34: [IPC] Call Stats for Hmd_GetHmdInfo : x1: C2S=17.6442, S2C=11.183, Runtime=12.4255 (microseconds) C2Ssize=23, S2Csize=803 (bytes)

[2016.03.23-02.54.34:947][  0]OCULUS: Info: 03/23/16 02:54:34: [IPC] Call Stats for SetNumberValue : x1: C2S=18.8868, S2C=7.20681, Runtime=7.95234 (microseconds) C2Ssize=55, S2Csize=25 (bytes)

[2016.03.23-02.54.34:947][  0]OCULUS: Info: 03/23/16 02:54:34: [IPC] Call Stats for SetNumberValues : x1: C2S=19.8808, S2C=7.70383, Runtime=8.94638 (microseconds) C2Ssize=81, S2Csize=25 (bytes)

[2016.03.23-02.54.34:947][  0]OCULUS: Info: 03/23/16 02:54:34: [IPC] Call Stats for Hmd_SetEnabledCaps : x1: C2S=15.4077, S2C=6.70978, Runtime=64.8613 (microseconds) C2Ssize=35, S2Csize=33 (bytes)

[2016.03.23-02.54.34:947][  0]OCULUS: Info: 03/23/16 02:54:34: [IPC] Call Stats for Hmd_ConfigureTracking : x1: C2S=16.1532, S2C=4.7217, Runtime=50.4476 (microseconds) C2Ssize=46, S2Csize=25 (bytes)

[2016.03.23-02.54.34:947][  0]OCULUS: Info: 03/23/16 02:54:34: [IPC] Call Stats for Hmd_Release : x1: C2S=35.7855, S2C=4.97021, Runtime=54.4238 (microseconds) C2Ssize=20, S2Csize=25 (bytes)

[2016.03.23-02.54.34:958][  0]LogHMD: Oculus plugin initialized. Version: 4.10.4-2872498+++depot+UE4-Releases+4.10, LibOVR: 0.8.0.0, built Feb 18 2016, 15:47:50
[2016.03.23-02.54.35:112][  0]LogAIModule: Creating AISystem for world NewWorld
[2016.03.23-02.54.35:130][  0]LogInit: XAudio2 using 'Speakers (Realtek High Definition Audio)' : 2 channels at 48 kHz using 32 bits per sample (channel mask 0x3)
[2016.03.23-02.54.35:192][  0]LogInit: FAudioDevice initialized.
[2016.03.23-02.54.35:250][  0]LogDerivedDataCache: Saved boot cache 0.06s 41MB C:/Users/Zain/AppData/Local/UnrealEngine/4.10/DerivedDataCache/Boot.ddc.
[2016.03.23-02.54.35:261][  0]LogInit: Texture streaming: Enabled
[2016.03.23-02.54.35:273][  0]LogAnalytics: Creating configured Analytics provider AnalyticsET
[2016.03.23-02.54.35:273][  0]LogAnalytics: [UEEditor.Rocket.Release] APIServer = http://et2.epicgames.com/ET2/. AppVersion = 4.10.4-2872498+++depot+UE4-Releases+4.10
[2016.03.23-02.54.35:273][  0]LogAnalytics: [UEEditor.Rocket.Release] SetUserId 7c60df0a447c9ef6199d21b6819f259e|80baa8e3b74d44a3815fddd4e7187f5b|252caeb6-b0e8-405f-a22e-4edf38a6839b
[2016.03.23-02.54.35:273][  0]LogAnalytics: [UEEditor.Rocket.Release] AnalyticsET::StartSession
[2016.03.23-02.54.35:286][  0]LogInit: Transaction tracking system initialized
[2016.03.23-02.54.35:343][  0]BlueprintLog: New page: Editor Load
[2016.03.23-02.54.35:498][  0]LocalizationService: Info Localization service is disabled
[2016.03.23-02.54.35:609][  0]LogConsoleResponse:Display: 
[2016.03.23-02.54.35:730][  0]LogCook:Display: Done creating registry. It took  0.00s.
[2016.03.23-02.54.35:820][  0]LogFileCache: Scanning file cache for directory 'C:/Users/Zain/Documents/GitHub/VRGameDatabase/Content/' took 0.02s
[2016.03.23-02.54.35:820][  0]SourceControl: Info Source control is disabled
[2016.03.23-02.54.35:820][  0]Cmd: MAP LOAD FILE="../../../../../../Users/Zain/Documents/GitHub/VRGameDatabase/Content/FirstPersonBP/Maps/FirstPersonExampleMap.umap" TEMPLATE=0 SHOWPROGRESS=1 FEATURELEVEL=3
[2016.03.23-02.54.35:821][  0]LightingResults: New page: Lighting Build
[2016.03.23-02.54.35:827][  0]MapCheck: New page: Map Check
[2016.03.23-02.54.35:827][  0]LightingResults: New page: Lighting Build
[2016.03.23-02.54.35:850][  0]LogParticles: Destroying 0 GPU particle simulations for FXSystem 0x0000000022DE2AC0
[2016.03.23-02.54.36:004][  0]LogLinker:Warning: Asset '../../../../../../Users/Zain/Documents/GitHub/VRGameDatabase/Content/FirstPerson/Meshes/FirstPersonProjectileMesh.uasset' has been saved with empty engine version. The asset will be loaded but may be incompatible.
[2016.03.23-02.54.36:863][  0]LogAIModule: Creating AISystem for world FirstPersonExampleMap
[2016.03.23-02.54.36:923][  0]LogEditorServer: Finished looking for orphan Actors (0.000 secs)
[2016.03.23-02.54.36:924][  0]Cmd: MAP CHECKDEP NOCLEARLOG
[2016.03.23-02.54.36:978][  0]MapCheck: Info Map check complete: 0 Error(s), 0 Warning(s), took 54.082ms to complete.
[2016.03.23-02.54.36:978][  0]LogFileHelpers: Loading map 'FirstPersonExampleMap' took 1.158
[2016.03.23-02.54.37:098][  0]LogCollectionManager: Loaded 0 collections in 0.002693 seconds
[2016.03.23-02.54.37:143][  0]LogFileCache: Scanning file cache for directory 'C:/Users/Zain/Documents/GitHub/VRGameDatabase/Saved/Collections/' took 0.01s
[2016.03.23-02.54.37:143][  0]LogFileCache: Scanning file cache for directory 'C:/Users/Zain/Documents/GitHub/VRGameDatabase/Content/Developers/Zain/Collections/' took 0.01s
[2016.03.23-02.54.37:143][  0]LogFileCache: Scanning file cache for directory 'C:/Users/Zain/Documents/GitHub/VRGameDatabase/Content/Collections/' took 0.01s
[2016.03.23-02.54.37:143][  0]LogCollectionManager: Rebuilt the GUID cache for 0 collections in 0.000002 seconds
[2016.03.23-02.54.37:153][  0]LogContentBrowser: Native class hierarchy populated in 0.0103 seconds. Added 1893 classes and 338 folders.
[2016.03.23-02.54.37:166][  0]LogContentBrowser: Native class hierarchy updated for 'WidgetCarousel' in 0.0005 seconds. Added 0 classes and 0 folders.
[2016.03.23-02.54.37:217][  0]LogContentBrowser: Native class hierarchy updated for 'AddContentDialog' in 0.0004 seconds. Added 0 classes and 0 folders.
[2016.03.23-02.54.37:224][  0]LogContentBrowser: Native class hierarchy updated for 'SceneOutliner' in 0.0004 seconds. Added 1 classes and 2 folders.
[2016.03.23-02.54.37:251][  0]LogCrashTracker: Crashtracker disabled due to settings.
[2016.03.23-02.54.37:255][  0]LogUObjectGlobals:Warning: Failed to find object 'Class None.'
[2016.03.23-02.54.37:276][  0]LogLoad: Full Startup: 7.33 seconds (BP compile: 0.29 seconds)
[2016.03.23-02.54.37:285][  0]LogOcInput: OculusInput is initialized. Init status 0. Runtime version: 0.8.0.0
[2016.03.23-02.54.37:334][  0]LogContentStreaming: Texture pool size now 1000 MB
[2016.03.23-02.54.37:501][  1]LogRenderer: Reallocating scene render targets to support 836x392 (Frame:2).
[2016.03.23-02.54.38:148][  7]LogAssetRegistry: Asset discovery search completed in 3.8776 seconds
[2016.03.23-02.54.38:148][  7]LogCollectionManager: Rebuilt the object cache for 0 collections in 0.000002 seconds (found 0 objects)
[2016.03.23-02.54.38:148][  7]LogCollectionManager: Fixed up redirectors for 0 collections in 0.000032 seconds (updated 0 objects)
[2016.03.23-02.54.52:686][711]LogEditorViewport: Clicking on Actor (LMB): StaticMeshActor (Floor)
[2016.03.23-02.55.12:620][847]LogRenderer: Reallocating scene render targets to support 836x392 (Frame:486).
[2016.03.23-02.55.12:701][851]LogContentStreaming: Texture pool size now 400 MB
[2016.03.23-02.55.29:169][680]LogEditorViewport: Clicking on Actor (LMB): StaticMeshActor (Floor)
[2016.03.23-02.55.29:865][761]LogEditorViewport: Clicking on Actor (LMB): Game1_C (Game1)
[2016.03.23-02.55.31:639][969]LogEditorViewport: Clicking on Actor (CTRL LMB): Game2_C (Game2)
[2016.03.23-02.55.32:362][ 50]LogEditorViewport: Clicking on Actor (CTRL LMB): Game3_C (Game3)
[2016.03.23-02.55.33:146][140]LogEditorViewport: Clicking on Actor (CTRL LMB): Game4_C (Game4)
[2016.03.23-02.55.34:245][265]LogEditorViewport: Clicking on Actor (CTRL LMB): Game5_C (Game5)
[2016.03.23-02.55.35:880][454]LogEditorViewport: Clicking on Actor (CTRL LMB): Game6_C (Game6)
[2016.03.23-02.55.36:808][561]LogEditorViewport: Clicking on Actor (CTRL LMB): Game7_C (Game7)
[2016.03.23-02.55.37:587][650]LogEditorViewport: Clicking on Actor (CTRL LMB): Game8_C (Game8)
[2016.03.23-02.55.41:028][ 51]LogEditorViewport: Clicking on Actor (CTRL LMB): StartButton_C (StartButton)
[2016.03.23-02.55.45:107][523]LogEditorViewport: Clicking on Actor (CTRL LMB): Game10_C (Game10)
[2016.03.23-02.55.46:307][661]LogEditorViewport: Clicking on Actor (CTRL LMB): Game9_C (Game9)
[2016.03.23-02.55.56:380][787]LogEditorViewport: Clicking on Actor (LMB): StartButton_C (StartButton)
[2016.03.23-02.56.06:384][510]LogSavePackage: Save=3679.766602ms
[2016.03.23-02.56.06:384][510]LogSavePackage: Moving '../../../../../../Users/Zain/Documents/GitHub/VRGameDatabase/Saved/FirstPersonExampleMap80C206F946E89C1D1FCD32B06C6F93ED.tmp' to '../../../../../../Users/Zain/Documents/GitHub/VRGameDatabase/Content/FirstPersonBP/Maps/FirstPersonExampleMap.umap'
[2016.03.23-02.56.06:392][510]LogSavePackage: Total save time: 3727.191579ms
[2016.03.23-02.56.06:392][510]LogSavePackage:Display: Finished SavePackage ../../../../../../Users/Zain/Documents/GitHub/VRGameDatabase/Content/FirstPersonBP/Maps/FirstPersonExampleMap.umap
[2016.03.23-02.56.10:958][ 43]LogBlueprintUserMessages: Early PlayInEditor Detection: Level '/Game/FirstPersonBP/Maps/FirstPersonExampleMap.FirstPersonExampleMap:PersistentLevel' has LevelScriptBlueprint '/Game/FirstPersonBP/Maps/FirstPersonExampleMap.FirstPersonExampleMap:PersistentLevel.FirstPersonExampleMap' with GeneratedClass '/Game/FirstPersonBP/Maps/FirstPersonExampleMap.FirstPersonExampleMap_C' with ClassGeneratedBy '/Game/FirstPersonBP/Maps/FirstPersonExampleMap.FirstPersonExampleMap:PersistentLevel.FirstPersonExampleMap'
[2016.03.23-02.56.10:958][ 43]LogPlayLevel: PlayLevel: No blueprints needed recompiling
[2016.03.23-02.56.10:959][ 43]OCULUS: Info: 03/23/16 02:56:10: [IPC] Call Stats for Hmd_Create : x1: C2S=401.593, S2C=11.183, Runtime=17.8928 (microseconds) C2Ssize=19, S2Csize=171 (bytes)

[2016.03.23-02.56.10:959][ 43]OCULUS: Info: 03/23/16 02:56:10: [IPC] Call Stats for Hmd_GetHmdInfo : x1: C2S=172.466, S2C=6.70978, Runtime=7.45532 (microseconds) C2Ssize=23, S2Csize=803 (bytes)

[2016.03.23-02.56.10:959][ 43]OCULUS: Info: 03/23/16 02:56:10: [IPC] Call Stats for SetNumberValue : x1: C2S=15.4077, S2C=2.48511, Runtime=8.20085 (microseconds) C2Ssize=55, S2Csize=25 (bytes)

[2016.03.23-02.56.10:959][ 43]OCULUS: Info: 03/23/16 02:56:10: [IPC] Call Stats for SetNumberValues : x1: C2S=15.1591, S2C=2.48511, Runtime=3.97617 (microseconds) C2Ssize=81, S2Csize=25 (bytes)

[2016.03.23-02.56.10:960][ 43]OCULUS: Info: 03/23/16 02:56:10: [IPC] Call Stats for Hmd_SetEnabledCaps : x1: C2S=15.1591, S2C=2.23659, Runtime=162.277 (microseconds) C2Ssize=35, S2Csize=33 (bytes)

[2016.03.23-02.56.10:960][ 43]OCULUS: Info: 03/23/16 02:56:10: [IPC] Call Stats for Hmd_ConfigureTracking : x1: C2S=15.4077, S2C=1.98808, Runtime=37.5251 (microseconds) C2Ssize=46, S2Csize=25 (bytes)

[2016.03.23-02.56.10:960][ 43]LogHMD:Warning: HMD Oculus Rift DK1, res = 1280 x 800
[2016.03.23-02.56.10:961][ 43]PIE: New page: PIE session: FirstPersonExampleMap (23 Mar 2016 02:56:10)
[2016.03.23-02.56.10:961][ 43]LogPlayLevel: Creating play world package: /Game/FirstPersonBP/Maps/UEDPIE_0_FirstPersonExampleMap
[2016.03.23-02.56.11:050][ 43]LogPlayLevel: PIE: StaticDuplicateObject took: (0.088272s)
[2016.03.23-02.56.11:052][ 43]LogAIModule: Creating AISystem for world FirstPersonExampleMap
[2016.03.23-02.56.11:052][ 43]LogPlayLevel: PIE: World Init took: (0.001287s)
[2016.03.23-02.56.11:052][ 43]LogPlayLevel: PIE: Created PIE world by copying editor world from /Game/FirstPersonBP/Maps/FirstPersonExampleMap.FirstPersonExampleMap to /Game/FirstPersonBP/Maps/UEDPIE_0_FirstPersonExampleMap.FirstPersonExampleMap (0.090951s)
[2016.03.23-02.56.11:097][ 43]LogInit: XAudio2 using 'Speakers (Realtek High Definition Audio)' : 2 channels at 48 kHz using 32 bits per sample (channel mask 0x3)
[2016.03.23-02.56.11:136][ 43]LogInit: FAudioDevice initialized.
[2016.03.23-02.56.11:276][ 43]LogWorld: Game class is 'FirstPersonGameMode_C'
[2016.03.23-02.56.11:283][ 43]LogWorld: Bringing World /Game/FirstPersonBP/Maps/UEDPIE_0_FirstPersonExampleMap.FirstPersonExampleMap up for play (max tick rate 0) at 2016.03.23-02.56.11
[2016.03.23-02.56.11:283][ 43]LogActor:Warning: GameSession /Game/FirstPersonBP/Maps/UEDPIE_0_FirstPersonExampleMap.FirstPersonExampleMap:PersistentLevel.GameSession_0 has natively added scene component(s), but none of them were set as the actor's RootComponent - picking one arbitrarily
[2016.03.23-02.56.11:283][ 43]LogActor:Warning: GameNetworkManager /Game/FirstPersonBP/Maps/UEDPIE_0_FirstPersonExampleMap.FirstPersonExampleMap:PersistentLevel.GameNetworkManager_0 has natively added scene component(s), but none of them were set as the actor's RootComponent - picking one arbitrarily
[2016.03.23-02.56.11:284][ 43]LogWorld: Bringing up level for play took: 0.006814
[2016.03.23-02.56.11:286][ 43]PIE: Info Play in editor start time for /Game/FirstPersonBP/Maps/UEDPIE_0_FirstPersonExampleMap 0.686
[2016.03.23-02.56.11:286][ 43]LogBlueprintUserMessages: Late PlayInEditor Detection: Level '/Game/FirstPersonBP/Maps/FirstPersonExampleMap.FirstPersonExampleMap:PersistentLevel' has LevelScriptBlueprint '/Game/FirstPersonBP/Maps/FirstPersonExampleMap.FirstPersonExampleMap:PersistentLevel.FirstPersonExampleMap' with GeneratedClass '/Game/FirstPersonBP/Maps/FirstPersonExampleMap.FirstPersonExampleMap_C' with ClassGeneratedBy '/Game/FirstPersonBP/Maps/FirstPersonExampleMap.FirstPersonExampleMap:PersistentLevel.FirstPersonExampleMap'
[2016.03.23-02.56.31:361][425]LogBlueprintUserMessages: Early EndPlayMap Detection: Level '/Game/FirstPersonBP/Maps/FirstPersonExampleMap.FirstPersonExampleMap:PersistentLevel' has LevelScriptBlueprint '/Game/FirstPersonBP/Maps/FirstPersonExampleMap.FirstPersonExampleMap:PersistentLevel.FirstPersonExampleMap' with GeneratedClass '/Game/FirstPersonBP/Maps/FirstPersonExampleMap.FirstPersonExampleMap_C' with ClassGeneratedBy '/Game/FirstPersonBP/Maps/FirstPersonExampleMap.FirstPersonExampleMap:PersistentLevel.FirstPersonExampleMap'
[2016.03.23-02.56.31:361][425]OCULUS: Info: 03/23/16 02:56:31: [IPC] Call Stats for Hmd_Release : x1: C2S=36.2825, S2C=4.7217, Runtime=84.7421 (microseconds) C2Ssize=20, S2Csize=25 (bytes)

[2016.03.23-02.56.31:434][425]LogBlueprintUserMessages: Late EndPlayMap Detection: Level '/Game/FirstPersonBP/Maps/FirstPersonExampleMap.FirstPersonExampleMap:PersistentLevel' has LevelScriptBlueprint '/Game/FirstPersonBP/Maps/FirstPersonExampleMap.FirstPersonExampleMap:PersistentLevel.FirstPersonExampleMap' with GeneratedClass '/Game/FirstPersonBP/Maps/FirstPersonExampleMap.FirstPersonExampleMap_C' with ClassGeneratedBy '/Game/FirstPersonBP/Maps/FirstPersonExampleMap.FirstPersonExampleMap:PersistentLevel.FirstPersonExampleMap'
[2016.03.23-02.56.31:464][425]LogParticles: Destroying 0 GPU particle simulations for FXSystem 0x0000000011D2D9E0
[2016.03.23-02.56.53:038][346]LogSavePackage: Save=3212.196045ms
[2016.03.23-02.56.53:038][346]LogSavePackage: Moving '../../../../../../Users/Zain/Documents/GitHub/VRGameDatabase/Saved/FirstPersonExampleMap4265464949B5F70DDCEBEA84EE9EFA6B.tmp' to '../../../../../../Users/Zain/Documents/GitHub/VRGameDatabase/Content/FirstPersonBP/Maps/FirstPersonExampleMap.umap'
[2016.03.23-02.56.53:044][346]LogSavePackage: Total save time: 3219.937306ms
[2016.03.23-02.56.53:044][346]LogSavePackage:Display: Finished SavePackage ../../../../../../Users/Zain/Documents/GitHub/VRGameDatabase/Content/FirstPersonBP/Maps/FirstPersonExampleMap.umap
[2016.03.23-02.56.57:660][869]LogBlueprintUserMessages: Early PlayInEditor Detection: Level '/Game/FirstPersonBP/Maps/FirstPersonExampleMap.FirstPersonExampleMap:PersistentLevel' has LevelScriptBlueprint '/Game/FirstPersonBP/Maps/FirstPersonExampleMap.FirstPersonExampleMap:PersistentLevel.FirstPersonExampleMap' with GeneratedClass '/Game/FirstPersonBP/Maps/FirstPersonExampleMap.FirstPersonExampleMap_C' with ClassGeneratedBy '/Game/FirstPersonBP/Maps/FirstPersonExampleMap.FirstPersonExampleMap:PersistentLevel.FirstPersonExampleMap'
[2016.03.23-02.56.57:660][869]LogPlayLevel: PlayLevel: No blueprints needed recompiling
[2016.03.23-02.56.57:661][869]OCULUS: Info: 03/23/16 02:56:57: [IPC] Call Stats for Hmd_Create : x1: C2S=356.613, S2C=12.177, Runtime=15.9047 (microseconds) C2Ssize=19, S2Csize=171 (bytes)

[2016.03.23-02.56.57:661][869]OCULUS: Info: 03/23/16 02:56:57: [IPC] Call Stats for Hmd_GetHmdInfo : x1: C2S=21.6204, S2C=20.6264, Runtime=24.1055 (microseconds) C2Ssize=23, S2Csize=803 (bytes)

[2016.03.23-02.56.57:661][869]OCULUS: Info: 03/23/16 02:56:57: [IPC] Call Stats for SetNumberValue : x1: C2S=91.4519, S2C=4.47319, Runtime=7.45532 (microseconds) C2Ssize=55, S2Csize=25 (bytes)

[2016.03.23-02.56.57:661][869]OCULUS: Info: 03/23/16 02:56:57: [IPC] Call Stats for SetNumberValues : x1: C2S=16.8987, S2C=4.97021, Runtime=3.72766 (microseconds) C2Ssize=81, S2Csize=25 (bytes)

[2016.03.23-02.56.57:661][869]OCULUS: Info: 03/23/16 02:56:57: [IPC] Call Stats for Hmd_SetEnabledCaps : x1: C2S=18.3898, S2C=22.1174, Runtime=64.3642 (microseconds) C2Ssize=35, S2Csize=33 (bytes)

[2016.03.23-02.56.57:662][869]OCULUS: Info: 03/23/16 02:56:57: [IPC] Call Stats for Hmd_ConfigureTracking : x2: C2S=323.685, S2C=2.48511, Runtime=63.743 (microseconds) C2Ssize=46, S2Csize=25 (bytes)

[2016.03.23-02.56.57:662][869]LogHMD:Warning: HMD Oculus Rift DK1, res = 1280 x 800
[2016.03.23-02.56.57:662][869]PIE: New page: PIE session: FirstPersonExampleMap (23 Mar 2016 02:56:57)
[2016.03.23-02.56.57:662][869]LogPlayLevel: Creating play world package: /Game/FirstPersonBP/Maps/UEDPIE_0_FirstPersonExampleMap
[2016.03.23-02.56.57:747][869]LogPlayLevel: PIE: StaticDuplicateObject took: (0.084594s)
[2016.03.23-02.56.57:749][869]LogAIModule: Creating AISystem for world FirstPersonExampleMap
[2016.03.23-02.56.57:749][869]LogPlayLevel: PIE: World Init took: (0.002170s)
[2016.03.23-02.56.57:749][869]LogPlayLevel: PIE: Created PIE world by copying editor world from /Game/FirstPersonBP/Maps/FirstPersonExampleMap.FirstPersonExampleMap to /Game/FirstPersonBP/Maps/UEDPIE_0_FirstPersonExampleMap.FirstPersonExampleMap (0.087068s)
[2016.03.23-02.56.57:791][869]LogInit: XAudio2 using 'Speakers (Realtek High Definition Audio)' : 2 channels at 48 kHz using 32 bits per sample (channel mask 0x3)
[2016.03.23-02.56.57:804][869]LogInit: FAudioDevice initialized.
[2016.03.23-02.56.57:841][869]LogWorld: Game class is 'FirstPersonGameMode_C'
[2016.03.23-02.56.57:847][869]LogWorld: Bringing World /Game/FirstPersonBP/Maps/UEDPIE_0_FirstPersonExampleMap.FirstPersonExampleMap up for play (max tick rate 0) at 2016.03.23-02.56.57
[2016.03.23-02.56.57:847][869]LogActor:Warning: GameSession /Game/FirstPersonBP/Maps/UEDPIE_0_FirstPersonExampleMap.FirstPersonExampleMap:PersistentLevel.GameSession_1 has natively added scene component(s), but none of them were set as the actor's RootComponent - picking one arbitrarily
[2016.03.23-02.56.57:848][869]LogActor:Warning: GameNetworkManager /Game/FirstPersonBP/Maps/UEDPIE_0_FirstPersonExampleMap.FirstPersonExampleMap:PersistentLevel.GameNetworkManager_1 has natively added scene component(s), but none of them were set as the actor's RootComponent - picking one arbitrarily
[2016.03.23-02.56.57:848][869]LogWorld: Bringing up level for play took: 0.006852
[2016.03.23-02.56.57:850][869]PIE: Info Play in editor start time for /Game/FirstPersonBP/Maps/UEDPIE_0_FirstPersonExampleMap -0.751
[2016.03.23-02.56.57:850][869]LogBlueprintUserMessages: Late PlayInEditor Detection: Level '/Game/FirstPersonBP/Maps/FirstPersonExampleMap.FirstPersonExampleMap:PersistentLevel' has LevelScriptBlueprint '/Game/FirstPersonBP/Maps/FirstPersonExampleMap.FirstPersonExampleMap:PersistentLevel.FirstPersonExampleMap' with GeneratedClass '/Game/FirstPersonBP/Maps/FirstPersonExampleMap.FirstPersonExampleMap_C' with ClassGeneratedBy '/Game/FirstPersonBP/Maps/FirstPersonExampleMap.FirstPersonExampleMap:PersistentLevel.FirstPersonExampleMap'
[2016.03.23-02.57.10:813][405]LogBlueprintUserMessages: Early EndPlayMap Detection: Level '/Game/FirstPersonBP/Maps/FirstPersonExampleMap.FirstPersonExampleMap:PersistentLevel' has LevelScriptBlueprint '/Game/FirstPersonBP/Maps/FirstPersonExampleMap.FirstPersonExampleMap:PersistentLevel.FirstPersonExampleMap' with GeneratedClass '/Game/FirstPersonBP/Maps/FirstPersonExampleMap.FirstPersonExampleMap_C' with ClassGeneratedBy '/Game/FirstPersonBP/Maps/FirstPersonExampleMap.FirstPersonExampleMap:PersistentLevel.FirstPersonExampleMap'
[2016.03.23-02.57.10:813][405]OCULUS: Info: 03/23/16 02:57:10: [IPC] Call Stats for Hmd_Release : x1: C2S=32.3064, S2C=7.45532, Runtime=58.4 (microseconds) C2Ssize=20, S2Csize=25 (bytes)

[2016.03.23-02.57.10:851][405]LogBlueprintUserMessages: Late EndPlayMap Detection: Level '/Game/FirstPersonBP/Maps/FirstPersonExampleMap.FirstPersonExampleMap:PersistentLevel' has LevelScriptBlueprint '/Game/FirstPersonBP/Maps/FirstPersonExampleMap.FirstPersonExampleMap:PersistentLevel.FirstPersonExampleMap' with GeneratedClass '/Game/FirstPersonBP/Maps/FirstPersonExampleMap.FirstPersonExampleMap_C' with ClassGeneratedBy '/Game/FirstPersonBP/Maps/FirstPersonExampleMap.FirstPersonExampleMap:PersistentLevel.FirstPersonExampleMap'
[2016.03.23-02.57.10:893][405]LogParticles: Destroying 0 GPU particle simulations for FXSystem 0x0000000041886480
[2016.03.23-02.57.13:849][714]LogLinker:Warning: Asset '../../../Engine/Content/ArtTools/RenderToTexture/Macros/RenderToTextureMacros.uasset' has been saved with empty engine version. The asset will be loaded but may be incompatible.
[2016.03.23-02.57.14:365][714]LogContentBrowser: Native class hierarchy updated for 'BlueprintGraph' in 0.0014 seconds. Added 107 classes and 0 folders.
[2016.03.23-02.57.17:578][860]BlueprintLog: New page: Compile FirstPersonExampleMap
[2016.03.23-02.57.17:708][860]LogActorComponent: UnregisterComponent: (/Engine/Transient.ProjectileMovementComponent_40__A6522401) Not registered. Aborting.
[2016.03.23-02.57.17:763][860]BlueprintEditorCompileResults: Info [0167.82] Compile of FirstPersonExampleMap successful! [in 184 ms]
[2016.03.23-02.57.23:590][994]LogSavePackage: Save=3229.607910ms
[2016.03.23-02.57.23:590][994]LogSavePackage: Moving '../../../../../../Users/Zain/Documents/GitHub/VRGameDatabase/Saved/FirstPersonExampleMap7288C1DA4BCFC0164D3F378D81D84BF6.tmp' to '../../../../../../Users/Zain/Documents/GitHub/VRGameDatabase/Content/FirstPersonBP/Maps/FirstPersonExampleMap.umap'
[2016.03.23-02.57.23:596][994]LogSavePackage: Total save time: 3237.384986ms
[2016.03.23-02.57.23:596][994]LogSavePackage:Display: Finished SavePackage ../../../../../../Users/Zain/Documents/GitHub/VRGameDatabase/Content/FirstPersonBP/Maps/FirstPersonExampleMap.umap
[2016.03.23-02.57.23:629][994]LogFileHelpers: Saving map 'FirstPersonExampleMap' took 3.390
[2016.03.23-02.57.34:658][635]LogBlueprintUserMessages: Early PlayInEditor Detection: Level '/Game/FirstPersonBP/Maps/FirstPersonExampleMap.FirstPersonExampleMap:PersistentLevel' has LevelScriptBlueprint '/Game/FirstPersonBP/Maps/FirstPersonExampleMap.FirstPersonExampleMap:PersistentLevel.FirstPersonExampleMap' with GeneratedClass '/Game/FirstPersonBP/Maps/FirstPersonExampleMap.FirstPersonExampleMap_C' with ClassGeneratedBy '/Game/FirstPersonBP/Maps/FirstPersonExampleMap.FirstPersonExampleMap:PersistentLevel.FirstPersonExampleMap'
[2016.03.23-02.57.34:658][635]LogPlayLevel: PlayLevel: No blueprints needed recompiling
[2016.03.23-02.57.34:658][635]OCULUS: Info: 03/23/16 02:57:34: [IPC] Call Stats for Hmd_Create : x1: C2S=36.2825, S2C=11.68, Runtime=15.9047 (microseconds) C2Ssize=19, S2Csize=171 (bytes)

[2016.03.23-02.57.34:658][635]OCULUS: Info: 03/23/16 02:57:34: [IPC] Call Stats for Hmd_GetHmdInfo : x1: C2S=26.5906, S2C=14.1651, Runtime=12.9225 (microseconds) C2Ssize=23, S2Csize=803 (bytes)

[2016.03.23-02.57.34:658][635]OCULUS: Info: 03/23/16 02:57:34: [IPC] Call Stats for SetNumberValue : x1: C2S=16.6502, S2C=6.46127, Runtime=7.95234 (microseconds) C2Ssize=55, S2Csize=25 (bytes)

[2016.03.23-02.57.34:658][635]OCULUS: Info: 03/23/16 02:57:34: [IPC] Call Stats for SetNumberValues : x1: C2S=17.1472, S2C=7.20681, Runtime=11.183 (microseconds) C2Ssize=81, S2Csize=25 (bytes)

[2016.03.23-02.57.34:658][635]OCULUS: Info: 03/23/16 02:57:34: [IPC] Call Stats for Hmd_SetEnabledCaps : x1: C2S=16.6502, S2C=2.73362, Runtime=138.42 (microseconds) C2Ssize=35, S2Csize=33 (bytes)

[2016.03.23-02.57.34:659][635]OCULUS: Info: 03/23/16 02:57:34: [IPC] Call Stats for Hmd_ConfigureTracking : x2: C2S=23.36, S2C=2.48511, Runtime=60.8851 (microseconds) C2Ssize=46, S2Csize=25 (bytes)

[2016.03.23-02.57.34:659][635]LogHMD:Warning: HMD Oculus Rift DK1, res = 1280 x 800
[2016.03.23-02.57.34:659][635]PIE: New page: PIE session: FirstPersonExampleMap (23 Mar 2016 02:57:34)
[2016.03.23-02.57.34:659][635]LogPlayLevel: Creating play world package: /Game/FirstPersonBP/Maps/UEDPIE_0_FirstPersonExampleMap
[2016.03.23-02.57.34:744][635]LogPlayLevel: PIE: StaticDuplicateObject took: (0.085069s)
[2016.03.23-02.57.34:747][635]LogAIModule: Creating AISystem for world FirstPersonExampleMap
[2016.03.23-02.57.34:747][635]LogPlayLevel: PIE: World Init took: (0.002624s)
[2016.03.23-02.57.34:747][635]LogPlayLevel: PIE: Created PIE world by copying editor world from /Game/FirstPersonBP/Maps/FirstPersonExampleMap.FirstPersonExampleMap to /Game/FirstPersonBP/Maps/UEDPIE_0_FirstPersonExampleMap.FirstPersonExampleMap (0.088010s)
[2016.03.23-02.57.34:815][635]LogInit: XAudio2 using 'Speakers (Realtek High Definition Audio)' : 2 channels at 48 kHz using 32 bits per sample (channel mask 0x3)
[2016.03.23-02.57.34:827][635]LogInit: FAudioDevice initialized.
[2016.03.23-02.57.34:865][635]LogWorld: Game class is 'FirstPersonGameMode_C'
[2016.03.23-02.57.34:873][635]LogWorld: Bringing World /Game/FirstPersonBP/Maps/UEDPIE_0_FirstPersonExampleMap.FirstPersonExampleMap up for play (max tick rate 0) at 2016.03.23-02.57.34
[2016.03.23-02.57.34:873][635]LogActor:Warning: GameSession /Game/FirstPersonBP/Maps/UEDPIE_0_FirstPersonExampleMap.FirstPersonExampleMap:PersistentLevel.GameSession_2 has natively added scene component(s), but none of them were set as the actor's RootComponent - picking one arbitrarily
[2016.03.23-02.57.34:873][635]LogActor:Warning: GameNetworkManager /Game/FirstPersonBP/Maps/UEDPIE_0_FirstPersonExampleMap.FirstPersonExampleMap:PersistentLevel.GameNetworkManager_2 has natively added scene component(s), but none of them were set as the actor's RootComponent - picking one arbitrarily
[2016.03.23-02.57.34:874][635]LogWorld: Bringing up level for play took: 0.008286
[2016.03.23-02.57.34:875][635]PIE: Info Play in editor start time for /Game/FirstPersonBP/Maps/UEDPIE_0_FirstPersonExampleMap 0.275
[2016.03.23-02.57.34:875][635]LogBlueprintUserMessages: Late PlayInEditor Detection: Level '/Game/FirstPersonBP/Maps/FirstPersonExampleMap.FirstPersonExampleMap:PersistentLevel' has LevelScriptBlueprint '/Game/FirstPersonBP/Maps/FirstPersonExampleMap.FirstPersonExampleMap:PersistentLevel.FirstPersonExampleMap' with GeneratedClass '/Game/FirstPersonBP/Maps/FirstPersonExampleMap.FirstPersonExampleMap_C' with ClassGeneratedBy '/Game/FirstPersonBP/Maps/FirstPersonExampleMap.FirstPersonExampleMap:PersistentLevel.FirstPersonExampleMap'
[2016.03.23-02.58.51:599][281]LogBlueprintUserMessages: Early EndPlayMap Detection: Level '/Game/FirstPersonBP/Maps/FirstPersonExampleMap.FirstPersonExampleMap:PersistentLevel' has LevelScriptBlueprint '/Game/FirstPersonBP/Maps/FirstPersonExampleMap.FirstPersonExampleMap:PersistentLevel.FirstPersonExampleMap' with GeneratedClass '/Game/FirstPersonBP/Maps/FirstPersonExampleMap.FirstPersonExampleMap_C' with ClassGeneratedBy '/Game/FirstPersonBP/Maps/FirstPersonExampleMap.FirstPersonExampleMap:PersistentLevel.FirstPersonExampleMap'
[2016.03.23-02.58.51:599][281]OCULUS: Info: 03/23/16 02:58:51: [IPC] Call Stats for Hmd_Release : x1: C2S=51.9387, S2C=7.20681, Runtime=152.834 (microseconds) C2Ssize=20, S2Csize=25 (bytes)

[2016.03.23-02.58.51:637][281]LogBlueprintUserMessages: Late EndPlayMap Detection: Level '/Game/FirstPersonBP/Maps/FirstPersonExampleMap.FirstPersonExampleMap:PersistentLevel' has LevelScriptBlueprint '/Game/FirstPersonBP/Maps/FirstPersonExampleMap.FirstPersonExampleMap:PersistentLevel.FirstPersonExampleMap' with GeneratedClass '/Game/FirstPersonBP/Maps/FirstPersonExampleMap.FirstPersonExampleMap_C' with ClassGeneratedBy '/Game/FirstPersonBP/Maps/FirstPersonExampleMap.FirstPersonExampleMap:PersistentLevel.FirstPersonExampleMap'
[2016.03.23-02.58.51:695][281]LogParticles: Destroying 0 GPU particle simulations for FXSystem 0x000000003F2FB880
[2016.03.23-02.58.56:170][487]LogActor:Warning: GameNetworkManager /Engine/Transient.World_5:PersistentLevel.GameNetworkManager_3 has natively added scene component(s), but none of them were set as the actor's RootComponent - picking one arbitrarily
[2016.03.23-02.59.34:575][997]BlueprintLog: New page: Compile FirstPersonExampleMap
[2016.03.23-02.59.34:719][997]LogActorComponent: UnregisterComponent: (/Engine/Transient.ProjectileMovementComponent_40__A6522401) Not registered. Aborting.
[2016.03.23-02.59.34:777][997]BlueprintEditorCompileResults: Info [0304.83] Compile of FirstPersonExampleMap successful! [in 202 ms]
[2016.03.23-02.59.36:170][ 85]BlueprintLog: New page: Compile FirstPersonExampleMap
[2016.03.23-02.59.36:380][ 85]BlueprintEditorCompileResults: Info [0306.43] Compile of FirstPersonExampleMap successful! [in 208 ms]
[2016.03.23-02.59.38:267][172]LogBlueprintUserMessages: Early PlayInEditor Detection: Level '/Game/FirstPersonBP/Maps/FirstPersonExampleMap.FirstPersonExampleMap:PersistentLevel' has LevelScriptBlueprint '/Game/FirstPersonBP/Maps/FirstPersonExampleMap.FirstPersonExampleMap:PersistentLevel.FirstPersonExampleMap' with GeneratedClass '/Game/FirstPersonBP/Maps/FirstPersonExampleMap.FirstPersonExampleMap_C' with ClassGeneratedBy '/Game/FirstPersonBP/Maps/FirstPersonExampleMap.FirstPersonExampleMap:PersistentLevel.FirstPersonExampleMap'
[2016.03.23-02.59.38:267][172]LogPlayLevel: PlayLevel: No blueprints needed recompiling
[2016.03.23-02.59.38:267][172]OCULUS: Info: 03/23/16 02:59:38: [IPC] Call Stats for Hmd_Create : x1: C2S=45.4774, S2C=15.6562, Runtime=21.8689 (microseconds) C2Ssize=19, S2Csize=171 (bytes)

[2016.03.23-02.59.38:268][172]OCULUS: Info: 03/23/16 02:59:38: [IPC] Call Stats for Hmd_GetHmdInfo : x1: C2S=25.3481, S2C=13.1711, Runtime=15.1591 (microseconds) C2Ssize=23, S2Csize=803 (bytes)

[2016.03.23-02.59.38:268][172]OCULUS: Info: 03/23/16 02:59:38: [IPC] Call Stats for SetNumberValue : x1: C2S=10.686, S2C=4.7217, Runtime=10.9345 (microseconds) C2Ssize=55, S2Csize=25 (bytes)

[2016.03.23-02.59.38:268][172]OCULUS: Info: 03/23/16 02:59:38: [IPC] Call Stats for SetNumberValues : x1: C2S=14.1651, S2C=4.47319, Runtime=5.71574 (microseconds) C2Ssize=81, S2Csize=25 (bytes)

[2016.03.23-02.59.38:268][172]OCULUS: Info: 03/23/16 02:59:38: [IPC] Call Stats for Hmd_SetEnabledCaps : x1: C2S=19.1353, S2C=2.48511, Runtime=96.4221 (microseconds) C2Ssize=35, S2Csize=33 (bytes)

[2016.03.23-02.59.38:268][172]OCULUS: Info: 03/23/16 02:59:38: [IPC] Call Stats for Hmd_ConfigureTracking : x2: C2S=19.5081, S2C=2.23659, Runtime=45.8502 (microseconds) C2Ssize=46, S2Csize=25 (bytes)

[2016.03.23-02.59.38:268][172]LogHMD:Warning: HMD Oculus Rift DK1, res = 1280 x 800
[2016.03.23-02.59.38:268][172]PIE: New page: PIE session: FirstPersonExampleMap (23 Mar 2016 02:59:38)
[2016.03.23-02.59.38:269][172]LogPlayLevel: Creating play world package: /Game/FirstPersonBP/Maps/UEDPIE_0_FirstPersonExampleMap
[2016.03.23-02.59.38:359][172]LogPlayLevel: PIE: StaticDuplicateObject took: (0.089966s)
[2016.03.23-02.59.38:361][172]LogAIModule: Creating AISystem for world FirstPersonExampleMap
[2016.03.23-02.59.38:362][172]LogPlayLevel: PIE: World Init took: (0.002837s)
[2016.03.23-02.59.38:362][172]LogPlayLevel: PIE: Created PIE world by copying editor world from /Game/FirstPersonBP/Maps/FirstPersonExampleMap.FirstPersonExampleMap to /Game/FirstPersonBP/Maps/UEDPIE_0_FirstPersonExampleMap.FirstPersonExampleMap (0.093080s)
[2016.03.23-02.59.38:428][172]LogInit: XAudio2 using 'Speakers (Realtek High Definition Audio)' : 2 channels at 48 kHz using 32 bits per sample (channel mask 0x3)
[2016.03.23-02.59.38:442][172]LogInit: FAudioDevice initialized.
[2016.03.23-02.59.38:478][172]LogWorld: Game class is 'FirstPersonGameMode_C'
[2016.03.23-02.59.38:484][172]LogWorld: Bringing World /Game/FirstPersonBP/Maps/UEDPIE_0_FirstPersonExampleMap.FirstPersonExampleMap up for play (max tick rate 0) at 2016.03.23-02.59.38
[2016.03.23-02.59.38:484][172]LogActor:Warning: GameSession /Game/FirstPersonBP/Maps/UEDPIE_0_FirstPersonExampleMap.FirstPersonExampleMap:PersistentLevel.GameSession_3 has natively added scene component(s), but none of them were set as the actor's RootComponent - picking one arbitrarily
[2016.03.23-02.59.38:485][172]LogActor:Warning: GameNetworkManager /Game/FirstPersonBP/Maps/UEDPIE_0_FirstPersonExampleMap.FirstPersonExampleMap:PersistentLevel.GameNetworkManager_4 has natively added scene component(s), but none of them were set as the actor's RootComponent - picking one arbitrarily
[2016.03.23-02.59.38:485][172]LogWorld: Bringing up level for play took: 0.006841
[2016.03.23-02.59.38:486][172]PIE: Info Play in editor start time for /Game/FirstPersonBP/Maps/UEDPIE_0_FirstPersonExampleMap -0.115
[2016.03.23-02.59.38:487][172]LogBlueprintUserMessages: Late PlayInEditor Detection: Level '/Game/FirstPersonBP/Maps/FirstPersonExampleMap.FirstPersonExampleMap:PersistentLevel' has LevelScriptBlueprint '/Game/FirstPersonBP/Maps/FirstPersonExampleMap.FirstPersonExampleMap:PersistentLevel.FirstPersonExampleMap' with GeneratedClass '/Game/FirstPersonBP/Maps/FirstPersonExampleMap.FirstPersonExampleMap_C' with ClassGeneratedBy '/Game/FirstPersonBP/Maps/FirstPersonExampleMap.FirstPersonExampleMap:PersistentLevel.FirstPersonExampleMap'
[2016.03.23-02.59.50:875][ 19]LogBlueprintUserMessages: Early EndPlayMap Detection: Level '/Game/FirstPersonBP/Maps/FirstPersonExampleMap.FirstPersonExampleMap:PersistentLevel' has LevelScriptBlueprint '/Game/FirstPersonBP/Maps/FirstPersonExampleMap.FirstPersonExampleMap:PersistentLevel.FirstPersonExampleMap' with GeneratedClass '/Game/FirstPersonBP/Maps/FirstPersonExampleMap.FirstPersonExampleMap_C' with ClassGeneratedBy '/Game/FirstPersonBP/Maps/FirstPersonExampleMap.FirstPersonExampleMap:PersistentLevel.FirstPersonExampleMap'
[2016.03.23-02.59.50:876][ 19]OCULUS: Info: 03/23/16 02:59:50: [IPC] Call Stats for Hmd_Release : x1: C2S=31.8094, S2C=6.46127, Runtime=77.2868 (microseconds) C2Ssize=20, S2Csize=25 (bytes)

[2016.03.23-02.59.50:913][ 19]LogBlueprintUserMessages: Late EndPlayMap Detection: Level '/Game/FirstPersonBP/Maps/FirstPersonExampleMap.FirstPersonExampleMap:PersistentLevel' has LevelScriptBlueprint '/Game/FirstPersonBP/Maps/FirstPersonExampleMap.FirstPersonExampleMap:PersistentLevel.FirstPersonExampleMap' with GeneratedClass '/Game/FirstPersonBP/Maps/FirstPersonExampleMap.FirstPersonExampleMap_C' with ClassGeneratedBy '/Game/FirstPersonBP/Maps/FirstPersonExampleMap.FirstPersonExampleMap:PersistentLevel.FirstPersonExampleMap'
[2016.03.23-02.59.50:966][ 19]LogParticles: Destroying 0 GPU particle simulations for FXSystem 0x0000000054AF3880
[2016.03.23-03.00.08:473][146]BlueprintLog: New page: Compile FirstPersonExampleMap
[2016.03.23-03.00.08:674][146]BlueprintEditorCompileResults: Info [0338.73] Compile of FirstPersonExampleMap successful! [in 200 ms]
[2016.03.23-03.00.09:927][233]BlueprintLog: New page: Compile FirstPersonExampleMap
[2016.03.23-03.00.10:121][233]BlueprintEditorCompileResults: Info [0340.17] Compile of FirstPersonExampleMap successful! [in 193 ms]
[2016.03.23-03.00.15:619][547]LogBlueprintUserMessages: Early PlayInEditor Detection: Level '/Game/FirstPersonBP/Maps/FirstPersonExampleMap.FirstPersonExampleMap:PersistentLevel' has LevelScriptBlueprint '/Game/FirstPersonBP/Maps/FirstPersonExampleMap.FirstPersonExampleMap:PersistentLevel.FirstPersonExampleMap' with GeneratedClass '/Game/FirstPersonBP/Maps/FirstPersonExampleMap.FirstPersonExampleMap_C' with ClassGeneratedBy '/Game/FirstPersonBP/Maps/FirstPersonExampleMap.FirstPersonExampleMap:PersistentLevel.FirstPersonExampleMap'
[2016.03.23-03.00.15:619][547]LogPlayLevel: PlayLevel: No blueprints needed recompiling
[2016.03.23-03.00.15:619][547]OCULUS: Info: 03/23/16 03:00:15: [IPC] Call Stats for Hmd_Create : x1: C2S=39.2647, S2C=12.177, Runtime=17.8928 (microseconds) C2Ssize=19, S2Csize=171 (bytes)

[2016.03.23-03.00.15:620][547]OCULUS: Info: 03/23/16 03:00:15: [IPC] Call Stats for Hmd_GetHmdInfo : x1: C2S=26.5906, S2C=14.4136, Runtime=10.1889 (microseconds) C2Ssize=23, S2Csize=803 (bytes)

[2016.03.23-03.00.15:620][547]OCULUS: Info: 03/23/16 03:00:15: [IPC] Call Stats for SetNumberValue : x1: C2S=19.1353, S2C=6.9583, Runtime=8.44936 (microseconds) C2Ssize=55, S2Csize=25 (bytes)

[2016.03.23-03.00.15:620][547]OCULUS: Info: 03/23/16 03:00:15: [IPC] Call Stats for SetNumberValues : x1: C2S=17.6442, S2C=5.46723, Runtime=4.97021 (microseconds) C2Ssize=81, S2Csize=25 (bytes)

[2016.03.23-03.00.15:620][547]OCULUS: Info: 03/23/16 03:00:15: [IPC] Call Stats for Hmd_SetEnabledCaps : x1: C2S=16.4017, S2C=5.71574, Runtime=147.367 (microseconds) C2Ssize=35, S2Csize=33 (bytes)

[2016.03.23-03.00.15:621][547]OCULUS: Error: 03/23/16 03:00:15: [IPC] WARNING: Overhead alert threshold exceeded for Hmd_ConfigureTracking : x2: C2S=535.789 (15.9047-1055.67), S2C=3.10638 (2.98213-3.23064), RTT=596.798 (53.4298-1140.17), Runtime=57.903 (34.2945-81.5115), IPC=538.895 (19.1353-1058.65) (microseconds) C2Ssize=46 (46-46), S2Csize=25 (25-25) (bytes)
[2016.03.23-03.00.15:621][547]LogHMD:Warning: HMD Oculus Rift DK1, res = 1280 x 800
[2016.03.23-03.00.15:622][547]PIE: New page: PIE session: FirstPersonExampleMap (23 Mar 2016 03:00:15)
[2016.03.23-03.00.15:622][547]LogPlayLevel: Creating play world package: /Game/FirstPersonBP/Maps/UEDPIE_0_FirstPersonExampleMap
[2016.03.23-03.00.15:707][547]LogPlayLevel: PIE: StaticDuplicateObject took: (0.085155s)
[2016.03.23-03.00.15:708][547]LogAIModule: Creating AISystem for world FirstPersonExampleMap
[2016.03.23-03.00.15:709][547]LogPlayLevel: PIE: World Init took: (0.001453s)
[2016.03.23-03.00.15:709][547]LogPlayLevel: PIE: Created PIE world by copying editor world from /Game/FirstPersonBP/Maps/FirstPersonExampleMap.FirstPersonExampleMap to /Game/FirstPersonBP/Maps/UEDPIE_0_FirstPersonExampleMap.FirstPersonExampleMap (0.086977s)
[2016.03.23-03.00.15:777][547]LogInit: XAudio2 using 'Speakers (Realtek High Definition Audio)' : 2 channels at 48 kHz using 32 bits per sample (channel mask 0x3)
[2016.03.23-03.00.15:790][547]LogInit: FAudioDevice initialized.
[2016.03.23-03.00.15:825][547]LogWorld: Game class is 'FirstPersonGameMode_C'
[2016.03.23-03.00.15:831][547]LogWorld: Bringing World /Game/FirstPersonBP/Maps/UEDPIE_0_FirstPersonExampleMap.FirstPersonExampleMap up for play (max tick rate 0) at 2016.03.23-03.00.15
[2016.03.23-03.00.15:832][547]LogActor:Warning: GameSession /Game/FirstPersonBP/Maps/UEDPIE_0_FirstPersonExampleMap.FirstPersonExampleMap:PersistentLevel.GameSession_4 has natively added scene component(s), but none of them were set as the actor's RootComponent - picking one arbitrarily
[2016.03.23-03.00.15:832][547]LogActor:Warning: GameNetworkManager /Game/FirstPersonBP/Maps/UEDPIE_0_FirstPersonExampleMap.FirstPersonExampleMap:PersistentLevel.GameNetworkManager_5 has natively added scene component(s), but none of them were set as the actor's RootComponent - picking one arbitrarily
[2016.03.23-03.00.15:832][547]LogWorld: Bringing up level for play took: 0.006975
[2016.03.23-03.00.15:834][547]PIE: Info Play in editor start time for /Game/FirstPersonBP/Maps/UEDPIE_0_FirstPersonExampleMap -0.768
[2016.03.23-03.00.15:834][547]LogBlueprintUserMessages: Late PlayInEditor Detection: Level '/Game/FirstPersonBP/Maps/FirstPersonExampleMap.FirstPersonExampleMap:PersistentLevel' has LevelScriptBlueprint '/Game/FirstPersonBP/Maps/FirstPersonExampleMap.FirstPersonExampleMap:PersistentLevel.FirstPersonExampleMap' with GeneratedClass '/Game/FirstPersonBP/Maps/FirstPersonExampleMap.FirstPersonExampleMap_C' with ClassGeneratedBy '/Game/FirstPersonBP/Maps/FirstPersonExampleMap.FirstPersonExampleMap:PersistentLevel.FirstPersonExampleMap'
[2016.03.23-03.00.40:353][278]LogBlueprintUserMessages: Early EndPlayMap Detection: Level '/Game/FirstPersonBP/Maps/FirstPersonExampleMap.FirstPersonExampleMap:PersistentLevel' has LevelScriptBlueprint '/Game/FirstPersonBP/Maps/FirstPersonExampleMap.FirstPersonExampleMap:PersistentLevel.FirstPersonExampleMap' with GeneratedClass '/Game/FirstPersonBP/Maps/FirstPersonExampleMap.FirstPersonExampleMap_C' with ClassGeneratedBy '/Game/FirstPersonBP/Maps/FirstPersonExampleMap.FirstPersonExampleMap:PersistentLevel.FirstPersonExampleMap'
[2016.03.23-03.00.40:354][278]OCULUS: Info: 03/23/16 03:00:40: [IPC] Call Stats for Hmd_Release : x1: C2S=30.8153, S2C=6.46127, Runtime=94.1855 (microseconds) C2Ssize=20, S2Csize=25 (bytes)

[2016.03.23-03.00.40:396][278]LogBlueprintUserMessages: Late EndPlayMap Detection: Level '/Game/FirstPersonBP/Maps/FirstPersonExampleMap.FirstPersonExampleMap:PersistentLevel' has LevelScriptBlueprint '/Game/FirstPersonBP/Maps/FirstPersonExampleMap.FirstPersonExampleMap:PersistentLevel.FirstPersonExampleMap' with GeneratedClass '/Game/FirstPersonBP/Maps/FirstPersonExampleMap.FirstPersonExampleMap_C' with ClassGeneratedBy '/Game/FirstPersonBP/Maps/FirstPersonExampleMap.FirstPersonExampleMap:PersistentLevel.FirstPersonExampleMap'
[2016.03.23-03.00.40:463][278]LogParticles: Destroying 0 GPU particle simulations for FXSystem 0x000000003F2F9620
[2016.03.23-03.00.48:935][833]BlueprintLog: New page: Compile FirstPersonExampleMap
[2016.03.23-03.00.49:139][833]BlueprintEditorCompileResults: Info [0379.19] Compile of FirstPersonExampleMap successful! [in 203 ms]
[2016.03.23-03.00.49:848][886]BlueprintLog: New page: Compile FirstPersonExampleMap
[2016.03.23-03.00.50:054][886]BlueprintEditorCompileResults: Info [0380.11] Compile of FirstPersonExampleMap successful! [in 206 ms]
[2016.03.23-03.00.52:743][983]LogBlueprintUserMessages: Early PlayInEditor Detection: Level '/Game/FirstPersonBP/Maps/FirstPersonExampleMap.FirstPersonExampleMap:PersistentLevel' has LevelScriptBlueprint '/Game/FirstPersonBP/Maps/FirstPersonExampleMap.FirstPersonExampleMap:PersistentLevel.FirstPersonExampleMap' with GeneratedClass '/Game/FirstPersonBP/Maps/FirstPersonExampleMap.FirstPersonExampleMap_C' with ClassGeneratedBy '/Game/FirstPersonBP/Maps/FirstPersonExampleMap.FirstPersonExampleMap:PersistentLevel.FirstPersonExampleMap'
[2016.03.23-03.00.52:743][983]LogPlayLevel: PlayLevel: No blueprints needed recompiling
[2016.03.23-03.00.52:744][983]OCULUS: Info: 03/23/16 03:00:52: [IPC] Call Stats for Hmd_Create : x1: C2S=66.1038, S2C=5.21872, Runtime=16.6502 (microseconds) C2Ssize=19, S2Csize=171 (bytes)

[2016.03.23-03.00.52:744][983]OCULUS: Info: 03/23/16 03:00:52: [IPC] Call Stats for Hmd_GetHmdInfo : x1: C2S=19.8808, S2C=6.70978, Runtime=6.9583 (microseconds) C2Ssize=23, S2Csize=803 (bytes)

[2016.03.23-03.00.52:744][983]OCULUS: Info: 03/23/16 03:00:52: [IPC] Call Stats for SetNumberValue : x1: C2S=15.9047, S2C=2.23659, Runtime=7.20681 (microseconds) C2Ssize=55, S2Csize=25 (bytes)

[2016.03.23-03.00.52:744][983]OCULUS: Info: 03/23/16 03:00:52: [IPC] Call Stats for SetNumberValues : x1: C2S=14.6621, S2C=2.73362, Runtime=3.72766 (microseconds) C2Ssize=81, S2Csize=25 (bytes)

[2016.03.23-03.00.52:744][983]OCULUS: Info: 03/23/16 03:00:52: [IPC] Call Stats for Hmd_SetEnabledCaps : x1: C2S=14.6621, S2C=2.23659, Runtime=88.2212 (microseconds) C2Ssize=35, S2Csize=33 (bytes)

[2016.03.23-03.00.52:744][983]OCULUS: Info: 03/23/16 03:00:52: [IPC] Call Stats for Hmd_ConfigureTracking : x2: C2S=20.9991, S2C=2.98213, Runtime=38.2706 (microseconds) C2Ssize=46, S2Csize=25 (bytes)

[2016.03.23-03.00.52:744][983]LogHMD:Warning: HMD Oculus Rift DK1, res = 1280 x 800
[2016.03.23-03.00.52:745][983]PIE: New page: PIE session: FirstPersonExampleMap (23 Mar 2016 03:00:52)
[2016.03.23-03.00.52:745][983]LogPlayLevel: Creating play world package: /Game/FirstPersonBP/Maps/UEDPIE_0_FirstPersonExampleMap
[2016.03.23-03.00.52:838][983]LogPlayLevel: PIE: StaticDuplicateObject took: (0.093017s)
[2016.03.23-03.00.52:840][983]LogAIModule: Creating AISystem for world FirstPersonExampleMap
[2016.03.23-03.00.52:840][983]LogPlayLevel: PIE: World Init took: (0.002017s)
[2016.03.23-03.00.52:840][983]LogPlayLevel: PIE: Created PIE world by copying editor world from /Game/FirstPersonBP/Maps/FirstPersonExampleMap.FirstPersonExampleMap to /Game/FirstPersonBP/Maps/UEDPIE_0_FirstPersonExampleMap.FirstPersonExampleMap (0.095341s)
[2016.03.23-03.00.52:906][983]LogInit: XAudio2 using 'Speakers (Realtek High Definition Audio)' : 2 channels at 48 kHz using 32 bits per sample (channel mask 0x3)
[2016.03.23-03.00.52:919][983]LogInit: FAudioDevice initialized.
[2016.03.23-03.00.52:957][983]LogWorld: Game class is 'FirstPersonGameMode_C'
[2016.03.23-03.00.52:964][983]LogWorld: Bringing World /Game/FirstPersonBP/Maps/UEDPIE_0_FirstPersonExampleMap.FirstPersonExampleMap up for play (max tick rate 0) at 2016.03.23-03.00.52
[2016.03.23-03.00.52:964][983]LogActor:Warning: GameSession /Game/FirstPersonBP/Maps/UEDPIE_0_FirstPersonExampleMap.FirstPersonExampleMap:PersistentLevel.GameSession_5 has natively added scene component(s), but none of them were set as the actor's RootComponent - picking one arbitrarily
[2016.03.23-03.00.52:964][983]LogActor:Warning: GameNetworkManager /Game/FirstPersonBP/Maps/UEDPIE_0_FirstPersonExampleMap.FirstPersonExampleMap:PersistentLevel.GameNetworkManager_6 has natively added scene component(s), but none of them were set as the actor's RootComponent - picking one arbitrarily
[2016.03.23-03.00.52:965][983]LogWorld: Bringing up level for play took: 0.007203
[2016.03.23-03.00.52:966][983]PIE: Info Play in editor start time for /Game/FirstPersonBP/Maps/UEDPIE_0_FirstPersonExampleMap 0.363
[2016.03.23-03.00.52:966][983]LogBlueprintUserMessages: Late PlayInEditor Detection: Level '/Game/FirstPersonBP/Maps/FirstPersonExampleMap.FirstPersonExampleMap:PersistentLevel' has LevelScriptBlueprint '/Game/FirstPersonBP/Maps/FirstPersonExampleMap.FirstPersonExampleMap:PersistentLevel.FirstPersonExampleMap' with GeneratedClass '/Game/FirstPersonBP/Maps/FirstPersonExampleMap.FirstPersonExampleMap_C' with ClassGeneratedBy '/Game/FirstPersonBP/Maps/FirstPersonExampleMap.FirstPersonExampleMap:PersistentLevel.FirstPersonExampleMap'
[2016.03.23-03.01.04:613][836]LogBlueprintUserMessages: Early EndPlayMap Detection: Level '/Game/FirstPersonBP/Maps/FirstPersonExampleMap.FirstPersonExampleMap:PersistentLevel' has LevelScriptBlueprint '/Game/FirstPersonBP/Maps/FirstPersonExampleMap.FirstPersonExampleMap:PersistentLevel.FirstPersonExampleMap' with GeneratedClass '/Game/FirstPersonBP/Maps/FirstPersonExampleMap.FirstPersonExampleMap_C' with ClassGeneratedBy '/Game/FirstPersonBP/Maps/FirstPersonExampleMap.FirstPersonExampleMap:PersistentLevel.FirstPersonExampleMap'
[2016.03.23-03.01.04:614][836]OCULUS: Info: 03/23/16 03:01:04: [IPC] Call Stats for Hmd_Release : x1: C2S=33.3004, S2C=8.20085, Runtime=74.8017 (microseconds) C2Ssize=20, S2Csize=25 (bytes)

[2016.03.23-03.01.04:655][836]LogBlueprintUserMessages: Late EndPlayMap Detection: Level '/Game/FirstPersonBP/Maps/FirstPersonExampleMap.FirstPersonExampleMap:PersistentLevel' has LevelScriptBlueprint '/Game/FirstPersonBP/Maps/FirstPersonExampleMap.FirstPersonExampleMap:PersistentLevel.FirstPersonExampleMap' with GeneratedClass '/Game/FirstPersonBP/Maps/FirstPersonExampleMap.FirstPersonExampleMap_C' with ClassGeneratedBy '/Game/FirstPersonBP/Maps/FirstPersonExampleMap.FirstPersonExampleMap:PersistentLevel.FirstPersonExampleMap'
[2016.03.23-03.01.04:722][836]LogParticles: Destroying 0 GPU particle simulations for FXSystem 0x000000005625EE80
[2016.03.23-03.01.13:159][400]BlueprintLog: New page: Compile FirstPersonExampleMap
[2016.03.23-03.01.13:355][400]BlueprintEditorCompileResults: Info [0403.41] Compile of FirstPersonExampleMap successful! [in 195 ms]
[2016.03.23-03.01.15:218][509]LogBlueprintUserMessages: Early PlayInEditor Detection: Level '/Game/FirstPersonBP/Maps/FirstPersonExampleMap.FirstPersonExampleMap:PersistentLevel' has LevelScriptBlueprint '/Game/FirstPersonBP/Maps/FirstPersonExampleMap.FirstPersonExampleMap:PersistentLevel.FirstPersonExampleMap' with GeneratedClass '/Game/FirstPersonBP/Maps/FirstPersonExampleMap.FirstPersonExampleMap_C' with ClassGeneratedBy '/Game/FirstPersonBP/Maps/FirstPersonExampleMap.FirstPersonExampleMap:PersistentLevel.FirstPersonExampleMap'
[2016.03.23-03.01.15:218][509]LogPlayLevel: PlayLevel: No blueprints needed recompiling
[2016.03.23-03.01.15:218][509]OCULUS: Info: 03/23/16 03:01:15: [IPC] Call Stats for Hmd_Create : x1: C2S=45.9745, S2C=5.46723, Runtime=17.1472 (microseconds) C2Ssize=19, S2Csize=171 (bytes)

[2016.03.23-03.01.15:218][509]OCULUS: Info: 03/23/16 03:01:15: [IPC] Call Stats for Hmd_GetHmdInfo : x1: C2S=20.6264, S2C=7.70383, Runtime=7.45532 (microseconds) C2Ssize=23, S2Csize=803 (bytes)

[2016.03.23-03.01.15:218][509]OCULUS: Info: 03/23/16 03:01:15: [IPC] Call Stats for SetNumberValue : x1: C2S=18.6383, S2C=2.73362, Runtime=7.70383 (microseconds) C2Ssize=55, S2Csize=25 (bytes)

[2016.03.23-03.01.15:219][509]OCULUS: Info: 03/23/16 03:01:15: [IPC] Call Stats for SetNumberValues : x1: C2S=349.157, S2C=13.4196, Runtime=544.238 (microseconds) C2Ssize=81, S2Csize=25 (bytes)

[2016.03.23-03.01.15:219][509]OCULUS: Info: 03/23/16 03:01:15: [IPC] Call Stats for Hmd_SetEnabledCaps : x1: C2S=34.0459, S2C=2.73362, Runtime=97.4161 (microseconds) C2Ssize=35, S2Csize=33 (bytes)

[2016.03.23-03.01.15:219][509]OCULUS: Info: 03/23/16 03:01:15: [IPC] Call Stats for Hmd_ConfigureTracking : x2: C2S=16.2774, S2C=6.46127, Runtime=43.4893 (microseconds) C2Ssize=46, S2Csize=25 (bytes)

[2016.03.23-03.01.15:220][509]LogHMD:Warning: HMD Oculus Rift DK1, res = 1280 x 800
[2016.03.23-03.01.15:220][509]PIE: New page: PIE session: FirstPersonExampleMap (23 Mar 2016 03:01:15)
[2016.03.23-03.01.15:220][509]LogPlayLevel: Creating play world package: /Game/FirstPersonBP/Maps/UEDPIE_0_FirstPersonExampleMap
[2016.03.23-03.01.15:320][509]LogPlayLevel: PIE: StaticDuplicateObject took: (0.099551s)
[2016.03.23-03.01.15:322][509]LogAIModule: Creating AISystem for world FirstPersonExampleMap
[2016.03.23-03.01.15:322][509]LogPlayLevel: PIE: World Init took: (0.002310s)
[2016.03.23-03.01.15:322][509]LogPlayLevel: PIE: Created PIE world by copying editor world from /Game/FirstPersonBP/Maps/FirstPersonExampleMap.FirstPersonExampleMap to /Game/FirstPersonBP/Maps/UEDPIE_0_FirstPersonExampleMap.FirstPersonExampleMap (0.102159s)
[2016.03.23-03.01.15:389][509]LogInit: XAudio2 using 'Speakers (Realtek High Definition Audio)' : 2 channels at 48 kHz using 32 bits per sample (channel mask 0x3)
[2016.03.23-03.01.15:424][509]LogInit: FAudioDevice initialized.
[2016.03.23-03.01.15:457][509]LogWorld: Game class is 'FirstPersonGameMode_C'
[2016.03.23-03.01.15:463][509]LogWorld: Bringing World /Game/FirstPersonBP/Maps/UEDPIE_0_FirstPersonExampleMap.FirstPersonExampleMap up for play (max tick rate 0) at 2016.03.23-03.01.15
[2016.03.23-03.01.15:463][509]LogActor:Warning: GameSession /Game/FirstPersonBP/Maps/UEDPIE_0_FirstPersonExampleMap.FirstPersonExampleMap:PersistentLevel.GameSession_6 has natively added scene component(s), but none of them were set as the actor's RootComponent - picking one arbitrarily
[2016.03.23-03.01.15:464][509]LogActor:Warning: GameNetworkManager /Game/FirstPersonBP/Maps/UEDPIE_0_FirstPersonExampleMap.FirstPersonExampleMap:PersistentLevel.GameNetworkManager_7 has natively added scene component(s), but none of them were set as the actor's RootComponent - picking one arbitrarily
[2016.03.23-03.01.15:464][509]LogWorld: Bringing up level for play took: 0.006647
[2016.03.23-03.01.15:466][509]PIE: Info Play in editor start time for /Game/FirstPersonBP/Maps/UEDPIE_0_FirstPersonExampleMap 0.863
[2016.03.23-03.01.15:466][509]LogBlueprintUserMessages: Late PlayInEditor Detection: Level '/Game/FirstPersonBP/Maps/FirstPersonExampleMap.FirstPersonExampleMap:PersistentLevel' has LevelScriptBlueprint '/Game/FirstPersonBP/Maps/FirstPersonExampleMap.FirstPersonExampleMap:PersistentLevel.FirstPersonExampleMap' with GeneratedClass '/Game/FirstPersonBP/Maps/FirstPersonExampleMap.FirstPersonExampleMap_C' with ClassGeneratedBy '/Game/FirstPersonBP/Maps/FirstPersonExampleMap.FirstPersonExampleMap:PersistentLevel.FirstPersonExampleMap'
[2016.03.23-03.02.16:550][486]LogBlueprintUserMessages: Early EndPlayMap Detection: Level '/Game/FirstPersonBP/Maps/FirstPersonExampleMap.FirstPersonExampleMap:PersistentLevel' has LevelScriptBlueprint '/Game/FirstPersonBP/Maps/FirstPersonExampleMap.FirstPersonExampleMap:PersistentLevel.FirstPersonExampleMap' with GeneratedClass '/Game/FirstPersonBP/Maps/FirstPersonExampleMap.FirstPersonExampleMap_C' with ClassGeneratedBy '/Game/FirstPersonBP/Maps/FirstPersonExampleMap.FirstPersonExampleMap:PersistentLevel.FirstPersonExampleMap'
[2016.03.23-03.02.16:551][486]OCULUS: Info: 03/23/16 03:02:16: [IPC] Call Stats for Hmd_Release : x1: C2S=33.0519, S2C=11.4315, Runtime=75.0502 (microseconds) C2Ssize=20, S2Csize=25 (bytes)

[2016.03.23-03.02.16:589][486]LogBlueprintUserMessages: Late EndPlayMap Detection: Level '/Game/FirstPersonBP/Maps/FirstPersonExampleMap.FirstPersonExampleMap:PersistentLevel' has LevelScriptBlueprint '/Game/FirstPersonBP/Maps/FirstPersonExampleMap.FirstPersonExampleMap:PersistentLevel.FirstPersonExampleMap' with GeneratedClass '/Game/FirstPersonBP/Maps/FirstPersonExampleMap.FirstPersonExampleMap_C' with ClassGeneratedBy '/Game/FirstPersonBP/Maps/FirstPersonExampleMap.FirstPersonExampleMap:PersistentLevel.FirstPersonExampleMap'
[2016.03.23-03.02.16:642][486]LogParticles: Destroying 0 GPU particle simulations for FXSystem 0x00000000554C05E0
[2016.03.23-03.03.51:004][205]LogEditorTransaction: Undo Rename Node
[2016.03.23-03.03.53:415][352]LogEditorTransaction: Undo Collapses selected nodes into a single node
[2016.03.23-03.03.53:746][362]LogEditorTransaction: Undo Delete current selection
[2016.03.23-03.03.54:298][391]LogEditorTransaction: Undo Move Node
[2016.03.23-03.04.57:129][ 35]BlueprintLog: New page: Compile FirstPersonExampleMap
[2016.03.23-03.04.57:354][ 35]BlueprintEditorCompileResults: Info [0627.40] Compile of FirstPersonExampleMap successful! [in 224 ms]
[2016.03.23-03.04.59:079][140]BlueprintLog: New page: Compile FirstPersonExampleMap
[2016.03.23-03.04.59:282][140]BlueprintEditorCompileResults: Info [0629.33] Compile of FirstPersonExampleMap successful! [in 202 ms]
[2016.03.23-03.05.00:326][202]LogBlueprintUserMessages: Early PlayInEditor Detection: Level '/Game/FirstPersonBP/Maps/FirstPersonExampleMap.FirstPersonExampleMap:PersistentLevel' has LevelScriptBlueprint '/Game/FirstPersonBP/Maps/FirstPersonExampleMap.FirstPersonExampleMap:PersistentLevel.FirstPersonExampleMap' with GeneratedClass '/Game/FirstPersonBP/Maps/FirstPersonExampleMap.FirstPersonExampleMap_C' with ClassGeneratedBy '/Game/FirstPersonBP/Maps/FirstPersonExampleMap.FirstPersonExampleMap:PersistentLevel.FirstPersonExampleMap'
[2016.03.23-03.05.00:326][202]LogPlayLevel: PlayLevel: No blueprints needed recompiling
[2016.03.23-03.05.00:326][202]OCULUS: Info: 03/23/16 03:05:00: [IPC] Call Stats for Hmd_Create : x1: C2S=205.27, S2C=12.4255, Runtime=18.1413 (microseconds) C2Ssize=19, S2Csize=171 (bytes)

[2016.03.23-03.05.00:326][202]OCULUS: Info: 03/23/16 03:05:00: [IPC] Call Stats for Hmd_GetHmdInfo : x1: C2S=66.8493, S2C=10.4374, Runtime=13.6681 (microseconds) C2Ssize=23, S2Csize=803 (bytes)

[2016.03.23-03.05.00:326][202]OCULUS: Info: 03/23/16 03:05:00: [IPC] Call Stats for SetNumberValue : x1: C2S=14.1651, S2C=4.97021, Runtime=9.69191 (microseconds) C2Ssize=55, S2Csize=25 (bytes)

[2016.03.23-03.05.00:327][202]OCULUS: Info: 03/23/16 03:05:00: [IPC] Call Stats for SetNumberValues : x1: C2S=84.7421, S2C=5.71574, Runtime=4.47319 (microseconds) C2Ssize=81, S2Csize=25 (bytes)

[2016.03.23-03.05.00:327][202]OCULUS: Info: 03/23/16 03:05:00: [IPC] Call Stats for Hmd_SetEnabledCaps : x1: C2S=322.07, S2C=3.97617, Runtime=80.2689 (microseconds) C2Ssize=35, S2Csize=33 (bytes)

[2016.03.23-03.05.00:327][202]OCULUS: Info: 03/23/16 03:05:00: [IPC] Call Stats for Hmd_ConfigureTracking : x2: C2S=20.8749, S2C=2.36085, Runtime=44.8562 (microseconds) C2Ssize=46, S2Csize=25 (bytes)

[2016.03.23-03.05.00:327][202]LogHMD:Warning: HMD Oculus Rift DK1, res = 1280 x 800
[2016.03.23-03.05.00:328][202]PIE: New page: PIE session: FirstPersonExampleMap (23 Mar 2016 03:05:00)
[2016.03.23-03.05.00:328][202]LogPlayLevel: Creating play world package: /Game/FirstPersonBP/Maps/UEDPIE_0_FirstPersonExampleMap
[2016.03.23-03.05.00:435][202]LogPlayLevel: PIE: StaticDuplicateObject took: (0.106776s)
[2016.03.23-03.05.00:436][202]LogAIModule: Creating AISystem for world FirstPersonExampleMap
[2016.03.23-03.05.00:436][202]LogPlayLevel: PIE: World Init took: (0.001406s)
[2016.03.23-03.05.00:437][202]LogPlayLevel: PIE: Created PIE world by copying editor world from /Game/FirstPersonBP/Maps/FirstPersonExampleMap.FirstPersonExampleMap to /Game/FirstPersonBP/Maps/UEDPIE_0_FirstPersonExampleMap.FirstPersonExampleMap (0.108479s)
[2016.03.23-03.05.00:511][202]LogInit: XAudio2 using 'Speakers (Realtek High Definition Audio)' : 2 channels at 48 kHz using 32 bits per sample (channel mask 0x3)
[2016.03.23-03.05.00:528][202]LogInit: FAudioDevice initialized.
[2016.03.23-03.05.00:563][202]LogWorld: Game class is 'FirstPersonGameMode_C'
[2016.03.23-03.05.00:569][202]LogWorld: Bringing World /Game/FirstPersonBP/Maps/UEDPIE_0_FirstPersonExampleMap.FirstPersonExampleMap up for play (max tick rate 0) at 2016.03.23-03.05.00
[2016.03.23-03.05.00:569][202]LogActor:Warning: GameSession /Game/FirstPersonBP/Maps/UEDPIE_0_FirstPersonExampleMap.FirstPersonExampleMap:PersistentLevel.GameSession_7 has natively added scene component(s), but none of them were set as the actor's RootComponent - picking one arbitrarily
[2016.03.23-03.05.00:569][202]LogActor:Warning: GameNetworkManager /Game/FirstPersonBP/Maps/UEDPIE_0_FirstPersonExampleMap.FirstPersonExampleMap:PersistentLevel.GameNetworkManager_8 has natively added scene component(s), but none of them were set as the actor's RootComponent - picking one arbitrarily
[2016.03.23-03.05.00:570][202]LogWorld: Bringing up level for play took: 0.006392
[2016.03.23-03.05.00:571][202]PIE: Info Play in editor start time for /Game/FirstPersonBP/Maps/UEDPIE_0_FirstPersonExampleMap -0.034
[2016.03.23-03.05.00:571][202]LogBlueprintUserMessages: Late PlayInEditor Detection: Level '/Game/FirstPersonBP/Maps/FirstPersonExampleMap.FirstPersonExampleMap:PersistentLevel' has LevelScriptBlueprint '/Game/FirstPersonBP/Maps/FirstPersonExampleMap.FirstPersonExampleMap:PersistentLevel.FirstPersonExampleMap' with GeneratedClass '/Game/FirstPersonBP/Maps/FirstPersonExampleMap.FirstPersonExampleMap_C' with ClassGeneratedBy '/Game/FirstPersonBP/Maps/FirstPersonExampleMap.FirstPersonExampleMap:PersistentLevel.FirstPersonExampleMap'
[2016.03.23-03.05.29:878][996]LogBlueprintUserMessages: Early EndPlayMap Detection: Level '/Game/FirstPersonBP/Maps/FirstPersonExampleMap.FirstPersonExampleMap:PersistentLevel' has LevelScriptBlueprint '/Game/FirstPersonBP/Maps/FirstPersonExampleMap.FirstPersonExampleMap:PersistentLevel.FirstPersonExampleMap' with GeneratedClass '/Game/FirstPersonBP/Maps/FirstPersonExampleMap.FirstPersonExampleMap_C' with ClassGeneratedBy '/Game/FirstPersonBP/Maps/FirstPersonExampleMap.FirstPersonExampleMap:PersistentLevel.FirstPersonExampleMap'
[2016.03.23-03.05.29:881][996]OCULUS: Info: 03/23/16 03:05:29: [IPC] Call Stats for Hmd_Release : x1: C2S=96.9191, S2C=5.96425, Runtime=207.755 (microseconds) C2Ssize=20, S2Csize=25 (bytes)

[2016.03.23-03.05.29:925][996]LogBlueprintUserMessages: Late EndPlayMap Detection: Level '/Game/FirstPersonBP/Maps/FirstPersonExampleMap.FirstPersonExampleMap:PersistentLevel' has LevelScriptBlueprint '/Game/FirstPersonBP/Maps/FirstPersonExampleMap.FirstPersonExampleMap:PersistentLevel.FirstPersonExampleMap' with GeneratedClass '/Game/FirstPersonBP/Maps/FirstPersonExampleMap.FirstPersonExampleMap_C' with ClassGeneratedBy '/Game/FirstPersonBP/Maps/FirstPersonExampleMap.FirstPersonExampleMap:PersistentLevel.FirstPersonExampleMap'
[2016.03.23-03.05.29:993][996]LogParticles: Destroying 0 GPU particle simulations for FXSystem 0x0000000062F251C0
[2016.03.23-03.06.31:165][735]BlueprintLog: New page: Compile FirstPersonExampleMap
[2016.03.23-03.06.31:366][735]BlueprintEditorCompileResults: Info [0721.41] Compile of FirstPersonExampleMap successful! [in 200 ms]
[2016.03.23-03.06.32:185][785]BlueprintLog: New page: Compile FirstPersonExampleMap
[2016.03.23-03.06.32:389][785]BlueprintEditorCompileResults: Info [0722.44] Compile of FirstPersonExampleMap successful! [in 204 ms]
[2016.03.23-03.06.40:414][998]LogSavePackage: Save=3301.240234ms
[2016.03.23-03.06.40:414][998]LogSavePackage: Moving '../../../../../../Users/Zain/Documents/GitHub/VRGameDatabase/Saved/FirstPersonExampleMapD0E5A0E440A54AFDCF1C1B8D289F11E4.tmp' to '../../../../../../Users/Zain/Documents/GitHub/VRGameDatabase/Content/FirstPersonBP/Maps/FirstPersonExampleMap.umap'
[2016.03.23-03.06.40:422][998]LogSavePackage: Total save time: 3370.040663ms
[2016.03.23-03.06.40:422][998]LogSavePackage:Display: Finished SavePackage ../../../../../../Users/Zain/Documents/GitHub/VRGameDatabase/Content/FirstPersonBP/Maps/FirstPersonExampleMap.umap
[2016.03.23-03.06.40:456][998]LogFileHelpers: Saving map 'FirstPersonExampleMap' took 3.637
[2016.03.23-03.06.42:517][128]LogBlueprintUserMessages: Early PlayInEditor Detection: Level '/Game/FirstPersonBP/Maps/FirstPersonExampleMap.FirstPersonExampleMap:PersistentLevel' has LevelScriptBlueprint '/Game/FirstPersonBP/Maps/FirstPersonExampleMap.FirstPersonExampleMap:PersistentLevel.FirstPersonExampleMap' with GeneratedClass '/Game/FirstPersonBP/Maps/FirstPersonExampleMap.FirstPersonExampleMap_C' with ClassGeneratedBy '/Game/FirstPersonBP/Maps/FirstPersonExampleMap.FirstPersonExampleMap:PersistentLevel.FirstPersonExampleMap'
[2016.03.23-03.06.42:517][128]LogPlayLevel: PlayLevel: No blueprints needed recompiling
[2016.03.23-03.06.42:517][128]OCULUS: Info: 03/23/16 03:06:42: [IPC] Call Stats for Hmd_Create : x1: C2S=40.0102, S2C=11.4315, Runtime=17.8928 (microseconds) C2Ssize=19, S2Csize=171 (bytes)

[2016.03.23-03.06.42:517][128]OCULUS: Info: 03/23/16 03:06:42: [IPC] Call Stats for Hmd_GetHmdInfo : x1: C2S=23.6085, S2C=6.46127, Runtime=6.70978 (microseconds) C2Ssize=23, S2Csize=803 (bytes)

[2016.03.23-03.06.42:517][128]OCULUS: Info: 03/23/16 03:06:42: [IPC] Call Stats for SetNumberValue : x1: C2S=17.8928, S2C=2.23659, Runtime=7.45532 (microseconds) C2Ssize=55, S2Csize=25 (bytes)

[2016.03.23-03.06.42:517][128]OCULUS: Info: 03/23/16 03:06:42: [IPC] Call Stats for SetNumberValues : x1: C2S=14.9106, S2C=2.73362, Runtime=3.97617 (microseconds) C2Ssize=81, S2Csize=25 (bytes)

[2016.03.23-03.06.42:518][128]OCULUS: Info: 03/23/16 03:06:42: [IPC] Call Stats for Hmd_SetEnabledCaps : x1: C2S=14.6621, S2C=1.98808, Runtime=156.81 (microseconds) C2Ssize=35, S2Csize=33 (bytes)

[2016.03.23-03.06.42:518][128]OCULUS: Info: 03/23/16 03:06:42: [IPC] Call Stats for Hmd_ConfigureTracking : x2: C2S=167.123, S2C=3.23064, Runtime=46.223 (microseconds) C2Ssize=46, S2Csize=25 (bytes)

[2016.03.23-03.06.42:518][128]LogHMD:Warning: HMD Oculus Rift DK1, res = 1280 x 800
[2016.03.23-03.06.42:518][128]PIE: New page: PIE session: FirstPersonExampleMap (23 Mar 2016 03:06:42)
[2016.03.23-03.06.42:518][128]LogPlayLevel: Creating play world package: /Game/FirstPersonBP/Maps/UEDPIE_0_FirstPersonExampleMap
[2016.03.23-03.06.42:608][128]LogPlayLevel: PIE: StaticDuplicateObject took: (0.090282s)
[2016.03.23-03.06.42:611][128]LogAIModule: Creating AISystem for world FirstPersonExampleMap
[2016.03.23-03.06.42:611][128]LogPlayLevel: PIE: World Init took: (0.002589s)
[2016.03.23-03.06.42:611][128]LogPlayLevel: PIE: Created PIE world by copying editor world from /Game/FirstPersonBP/Maps/FirstPersonExampleMap.FirstPersonExampleMap to /Game/FirstPersonBP/Maps/UEDPIE_0_FirstPersonExampleMap.FirstPersonExampleMap (0.093202s)
[2016.03.23-03.06.42:699][128]LogInit: XAudio2 using 'Speakers (Realtek High Definition Audio)' : 2 channels at 48 kHz using 32 bits per sample (channel mask 0x3)
[2016.03.23-03.06.42:712][128]LogInit: FAudioDevice initialized.
[2016.03.23-03.06.42:751][128]LogWorld: Game class is 'FirstPersonGameMode_C'
[2016.03.23-03.06.42:758][128]LogWorld: Bringing World /Game/FirstPersonBP/Maps/UEDPIE_0_FirstPersonExampleMap.FirstPersonExampleMap up for play (max tick rate 0) at 2016.03.23-03.06.42
[2016.03.23-03.06.42:758][128]LogActor:Warning: GameSession /Game/FirstPersonBP/Maps/UEDPIE_0_FirstPersonExampleMap.FirstPersonExampleMap:PersistentLevel.GameSession_8 has natively added scene component(s), but none of them were set as the actor's RootComponent - picking one arbitrarily
[2016.03.23-03.06.42:759][128]LogActor:Warning: GameNetworkManager /Game/FirstPersonBP/Maps/UEDPIE_0_FirstPersonExampleMap.FirstPersonExampleMap:PersistentLevel.GameNetworkManager_9 has natively added scene component(s), but none of them were set as the actor's RootComponent - picking one arbitrarily
[2016.03.23-03.06.42:760][128]LogWorld: Bringing up level for play took: 0.007575
[2016.03.23-03.06.42:761][128]PIE: Info Play in editor start time for /Game/FirstPersonBP/Maps/UEDPIE_0_FirstPersonExampleMap 0.154
[2016.03.23-03.06.42:761][128]LogBlueprintUserMessages: Late PlayInEditor Detection: Level '/Game/FirstPersonBP/Maps/FirstPersonExampleMap.FirstPersonExampleMap:PersistentLevel' has LevelScriptBlueprint '/Game/FirstPersonBP/Maps/FirstPersonExampleMap.FirstPersonExampleMap:PersistentLevel.FirstPersonExampleMap' with GeneratedClass '/Game/FirstPersonBP/Maps/FirstPersonExampleMap.FirstPersonExampleMap_C' with ClassGeneratedBy '/Game/FirstPersonBP/Maps/FirstPersonExampleMap.FirstPersonExampleMap:PersistentLevel.FirstPersonExampleMap'
[2016.03.23-03.07.26:669][892]LogBlueprintUserMessages: Early EndPlayMap Detection: Level '/Game/FirstPersonBP/Maps/FirstPersonExampleMap.FirstPersonExampleMap:PersistentLevel' has LevelScriptBlueprint '/Game/FirstPersonBP/Maps/FirstPersonExampleMap.FirstPersonExampleMap:PersistentLevel.FirstPersonExampleMap' with GeneratedClass '/Game/FirstPersonBP/Maps/FirstPersonExampleMap.FirstPersonExampleMap_C' with ClassGeneratedBy '/Game/FirstPersonBP/Maps/FirstPersonExampleMap.FirstPersonExampleMap:PersistentLevel.FirstPersonExampleMap'
[2016.03.23-03.07.26:670][892]OCULUS: Info: 03/23/16 03:07:26: [IPC] Call Stats for Hmd_Release : x1: C2S=32.8034, S2C=6.46127, Runtime=75.0502 (microseconds) C2Ssize=20, S2Csize=25 (bytes)

[2016.03.23-03.07.26:708][892]LogBlueprintUserMessages: Late EndPlayMap Detection: Level '/Game/FirstPersonBP/Maps/FirstPersonExampleMap.FirstPersonExampleMap:PersistentLevel' has LevelScriptBlueprint '/Game/FirstPersonBP/Maps/FirstPersonExampleMap.FirstPersonExampleMap:PersistentLevel.FirstPersonExampleMap' with GeneratedClass '/Game/FirstPersonBP/Maps/FirstPersonExampleMap.FirstPersonExampleMap_C' with ClassGeneratedBy '/Game/FirstPersonBP/Maps/FirstPersonExampleMap.FirstPersonExampleMap:PersistentLevel.FirstPersonExampleMap'
[2016.03.23-03.07.26:763][892]LogParticles: Destroying 0 GPU particle simulations for FXSystem 0x000000006A377880
[2016.03.23-03.08.07:607][466]LogEditorViewport: Clicking on Actor (LMB): StartButton_C (StartButton)
[2016.03.23-03.08.30:097][ 23]BlueprintLog: New page: Compile FirstPersonExampleMap
[2016.03.23-03.08.30:304][ 23]BlueprintEditorCompileResults: Info [0840.35] Compile of FirstPersonExampleMap successful! [in 207 ms]
[2016.03.23-03.08.30:392][ 29]BlueprintLog: New page: Compile FirstPersonExampleMap
[2016.03.23-03.08.30:600][ 29]BlueprintEditorCompileResults: Info [0840.65] Compile of FirstPersonExampleMap successful! [in 208 ms]
[2016.03.23-03.08.36:531][198]LogSavePackage: Save=3394.982666ms
[2016.03.23-03.08.36:531][198]LogSavePackage: Moving '../../../../../../Users/Zain/Documents/GitHub/VRGameDatabase/Saved/FirstPersonExampleMapAAAB2470416B5BA9ACAC9A88D86986E2.tmp' to '../../../../../../Users/Zain/Documents/GitHub/VRGameDatabase/Content/FirstPersonBP/Maps/FirstPersonExampleMap.umap'
[2016.03.23-03.08.36:572][198]LogSavePackage: Total save time: 3437.405411ms
[2016.03.23-03.08.36:572][198]LogSavePackage:Display: Finished SavePackage ../../../../../../Users/Zain/Documents/GitHub/VRGameDatabase/Content/FirstPersonBP/Maps/FirstPersonExampleMap.umap
[2016.03.23-03.08.36:607][198]LogFileHelpers: Saving map 'FirstPersonExampleMap' took 3.602
[2016.03.23-03.08.39:041][322]LogBlueprintUserMessages: Early PlayInEditor Detection: Level '/Game/FirstPersonBP/Maps/FirstPersonExampleMap.FirstPersonExampleMap:PersistentLevel' has LevelScriptBlueprint '/Game/FirstPersonBP/Maps/FirstPersonExampleMap.FirstPersonExampleMap:PersistentLevel.FirstPersonExampleMap' with GeneratedClass '/Game/FirstPersonBP/Maps/FirstPersonExampleMap.FirstPersonExampleMap_C' with ClassGeneratedBy '/Game/FirstPersonBP/Maps/FirstPersonExampleMap.FirstPersonExampleMap:PersistentLevel.FirstPersonExampleMap'
[2016.03.23-03.08.39:041][322]LogPlayLevel: PlayLevel: No blueprints needed recompiling
[2016.03.23-03.08.39:042][322]OCULUS: Info: 03/23/16 03:08:39: [IPC] Call Stats for Hmd_Create : x1: C2S=41.0042, S2C=12.4255, Runtime=18.1413 (microseconds) C2Ssize=19, S2Csize=171 (bytes)

[2016.03.23-03.08.39:042][322]OCULUS: Info: 03/23/16 03:08:39: [IPC] Call Stats for Hmd_GetHmdInfo : x1: C2S=29.0757, S2C=7.20681, Runtime=12.674 (microseconds) C2Ssize=23, S2Csize=803 (bytes)

[2016.03.23-03.08.39:042][322]OCULUS: Info: 03/23/16 03:08:39: [IPC] Call Stats for SetNumberValue : x1: C2S=18.3898, S2C=6.9583, Runtime=8.20085 (microseconds) C2Ssize=55, S2Csize=25 (bytes)

[2016.03.23-03.08.39:042][322]OCULUS: Info: 03/23/16 03:08:39: [IPC] Call Stats for SetNumberValues : x1: C2S=17.3957, S2C=8.44936, Runtime=10.9345 (microseconds) C2Ssize=81, S2Csize=25 (bytes)

[2016.03.23-03.08.39:042][322]OCULUS: Info: 03/23/16 03:08:39: [IPC] Call Stats for Hmd_SetEnabledCaps : x1: C2S=16.8987, S2C=4.7217, Runtime=80.5174 (microseconds) C2Ssize=35, S2Csize=33 (bytes)

[2016.03.23-03.08.39:042][322]OCULUS: Info: 03/23/16 03:08:39: [IPC] Call Stats for Hmd_ConfigureTracking : x2: C2S=17.52, S2C=1.98808, Runtime=39.7617 (microseconds) C2Ssize=46, S2Csize=25 (bytes)

[2016.03.23-03.08.39:043][322]LogHMD:Warning: HMD Oculus Rift DK1, res = 1280 x 800
[2016.03.23-03.08.39:043][322]PIE: New page: PIE session: FirstPersonExampleMap (23 Mar 2016 03:08:39)
[2016.03.23-03.08.39:043][322]LogPlayLevel: Creating play world package: /Game/FirstPersonBP/Maps/UEDPIE_0_FirstPersonExampleMap
[2016.03.23-03.08.39:130][322]LogPlayLevel: PIE: StaticDuplicateObject took: (0.086603s)
[2016.03.23-03.08.39:132][322]LogAIModule: Creating AISystem for world FirstPersonExampleMap
[2016.03.23-03.08.39:132][322]LogPlayLevel: PIE: World Init took: (0.002300s)
[2016.03.23-03.08.39:132][322]LogPlayLevel: PIE: Created PIE world by copying editor world from /Game/FirstPersonBP/Maps/FirstPersonExampleMap.FirstPersonExampleMap to /Game/FirstPersonBP/Maps/UEDPIE_0_FirstPersonExampleMap.FirstPersonExampleMap (0.089223s)
[2016.03.23-03.08.39:210][322]LogInit: XAudio2 using 'Speakers (Realtek High Definition Audio)' : 2 channels at 48 kHz using 32 bits per sample (channel mask 0x3)
[2016.03.23-03.08.39:239][322]LogInit: FAudioDevice initialized.
[2016.03.23-03.08.39:276][322]LogWorld: Game class is 'FirstPersonGameMode_C'
[2016.03.23-03.08.39:283][322]LogWorld: Bringing World /Game/FirstPersonBP/Maps/UEDPIE_0_FirstPersonExampleMap.FirstPersonExampleMap up for play (max tick rate 0) at 2016.03.23-03.08.39
[2016.03.23-03.08.39:283][322]LogActor:Warning: GameSession /Game/FirstPersonBP/Maps/UEDPIE_0_FirstPersonExampleMap.FirstPersonExampleMap:PersistentLevel.GameSession_9 has natively added scene component(s), but none of them were set as the actor's RootComponent - picking one arbitrarily
[2016.03.23-03.08.39:283][322]LogActor:Warning: GameNetworkManager /Game/FirstPersonBP/Maps/UEDPIE_0_FirstPersonExampleMap.FirstPersonExampleMap:PersistentLevel.GameNetworkManager_10 has natively added scene component(s), but none of them were set as the actor's RootComponent - picking one arbitrarily
[2016.03.23-03.08.39:284][322]LogWorld: Bringing up level for play took: 0.007040
[2016.03.23-03.08.39:286][322]PIE: Info Play in editor start time for /Game/FirstPersonBP/Maps/UEDPIE_0_FirstPersonExampleMap 0.677
[2016.03.23-03.08.39:286][322]LogBlueprintUserMessages: Late PlayInEditor Detection: Level '/Game/FirstPersonBP/Maps/FirstPersonExampleMap.FirstPersonExampleMap:PersistentLevel' has LevelScriptBlueprint '/Game/FirstPersonBP/Maps/FirstPersonExampleMap.FirstPersonExampleMap:PersistentLevel.FirstPersonExampleMap' with GeneratedClass '/Game/FirstPersonBP/Maps/FirstPersonExampleMap.FirstPersonExampleMap_C' with ClassGeneratedBy '/Game/FirstPersonBP/Maps/FirstPersonExampleMap.FirstPersonExampleMap:PersistentLevel.FirstPersonExampleMap'
[2016.03.23-03.09.25:131][717]LogBlueprintUserMessages: Early EndPlayMap Detection: Level '/Game/FirstPersonBP/Maps/FirstPersonExampleMap.FirstPersonExampleMap:PersistentLevel' has LevelScriptBlueprint '/Game/FirstPersonBP/Maps/FirstPersonExampleMap.FirstPersonExampleMap:PersistentLevel.FirstPersonExampleMap' with GeneratedClass '/Game/FirstPersonBP/Maps/FirstPersonExampleMap.FirstPersonExampleMap_C' with ClassGeneratedBy '/Game/FirstPersonBP/Maps/FirstPersonExampleMap.FirstPersonExampleMap:PersistentLevel.FirstPersonExampleMap'
[2016.03.23-03.09.25:132][717]OCULUS: Info: 03/23/16 03:09:25: [IPC] Call Stats for Hmd_Release : x1: C2S=33.5489, S2C=5.96425, Runtime=79.2749 (microseconds) C2Ssize=20, S2Csize=25 (bytes)

[2016.03.23-03.09.25:173][717]LogBlueprintUserMessages: Late EndPlayMap Detection: Level '/Game/FirstPersonBP/Maps/FirstPersonExampleMap.FirstPersonExampleMap:PersistentLevel' has LevelScriptBlueprint '/Game/FirstPersonBP/Maps/FirstPersonExampleMap.FirstPersonExampleMap:PersistentLevel.FirstPersonExampleMap' with GeneratedClass '/Game/FirstPersonBP/Maps/FirstPersonExampleMap.FirstPersonExampleMap_C' with ClassGeneratedBy '/Game/FirstPersonBP/Maps/FirstPersonExampleMap.FirstPersonExampleMap:PersistentLevel.FirstPersonExampleMap'
[2016.03.23-03.09.25:227][717]LogParticles: Destroying 0 GPU particle simulations for FXSystem 0x0000000031BD3240
[2016.03.23-03.10.51:626][494]LogSlate:Warning: Prevented a slow task dialog from being summoned while a context menu was open
[2016.03.23-03.12.08:669][115]LogBlueprintUserMessages: Early PlayInEditor Detection: Level '/Game/FirstPersonBP/Maps/FirstPersonExampleMap.FirstPersonExampleMap:PersistentLevel' has LevelScriptBlueprint '/Game/FirstPersonBP/Maps/FirstPersonExampleMap.FirstPersonExampleMap:PersistentLevel.FirstPersonExampleMap' with GeneratedClass '/Game/FirstPersonBP/Maps/FirstPersonExampleMap.FirstPersonExampleMap_C' with ClassGeneratedBy '/Game/FirstPersonBP/Maps/FirstPersonExampleMap.FirstPersonExampleMap:PersistentLevel.FirstPersonExampleMap'
[2016.03.23-03.12.08:669][115]LogPlayLevel: PlayLevel: No blueprints needed recompiling
[2016.03.23-03.12.08:669][115]OCULUS: Info: 03/23/16 03:12:08: [IPC] Call Stats for Hmd_Create : x1: C2S=36.5311, S2C=6.21276, Runtime=18.3898 (microseconds) C2Ssize=19, S2Csize=171 (bytes)

[2016.03.23-03.12.08:669][115]OCULUS: Info: 03/23/16 03:12:08: [IPC] Call Stats for Hmd_GetHmdInfo : x1: C2S=15.1591, S2C=8.20085, Runtime=8.44936 (microseconds) C2Ssize=23, S2Csize=803 (bytes)

[2016.03.23-03.12.08:669][115]OCULUS: Info: 03/23/16 03:12:08: [IPC] Call Stats for SetNumberValue : x1: C2S=16.1532, S2C=60.1396, Runtime=8.44936 (microseconds) C2Ssize=55, S2Csize=25 (bytes)

[2016.03.23-03.12.08:669][115]OCULUS: Info: 03/23/16 03:12:08: [IPC] Call Stats for SetNumberValues : x1: C2S=11.9285, S2C=3.97617, Runtime=4.47319 (microseconds) C2Ssize=81, S2Csize=25 (bytes)

[2016.03.23-03.12.08:670][115]OCULUS: Info: 03/23/16 03:12:08: [IPC] Call Stats for Hmd_SetEnabledCaps : x1: C2S=11.68, S2C=108.599, Runtime=130.22 (microseconds) C2Ssize=35, S2Csize=33 (bytes)

[2016.03.23-03.12.08:670][115]OCULUS: Info: 03/23/16 03:12:08: [IPC] Call Stats for Hmd_ConfigureTracking : x2: C2S=137.675, S2C=4.10042, Runtime=50.5719 (microseconds) C2Ssize=46, S2Csize=25 (bytes)

[2016.03.23-03.12.08:670][115]LogHMD:Warning: HMD Oculus Rift DK1, res = 1280 x 800
[2016.03.23-03.12.08:670][115]PIE: New page: PIE session: FirstPersonExampleMap (23 Mar 2016 03:12:08)
[2016.03.23-03.12.08:670][115]LogPlayLevel: Creating play world package: /Game/FirstPersonBP/Maps/UEDPIE_0_FirstPersonExampleMap
[2016.03.23-03.12.08:761][115]LogPlayLevel: PIE: StaticDuplicateObject took: (0.090114s)
[2016.03.23-03.12.08:763][115]LogAIModule: Creating AISystem for world FirstPersonExampleMap
[2016.03.23-03.12.08:763][115]LogPlayLevel: PIE: World Init took: (0.002409s)
[2016.03.23-03.12.08:763][115]LogPlayLevel: PIE: Created PIE world by copying editor world from /Game/FirstPersonBP/Maps/FirstPersonExampleMap.FirstPersonExampleMap to /Game/FirstPersonBP/Maps/UEDPIE_0_FirstPersonExampleMap.FirstPersonExampleMap (0.092823s)
[2016.03.23-03.12.08:763][115]LogActorComponent: UnregisterComponent: (/Engine/Transient.ProjectileMovementComponent_40__A6522401) Not registered. Aborting.
[2016.03.23-03.12.08:829][115]LogInit: XAudio2 using 'Speakers (Realtek High Definition Audio)' : 2 channels at 48 kHz using 32 bits per sample (channel mask 0x3)
[2016.03.23-03.12.08:843][115]LogInit: FAudioDevice initialized.
[2016.03.23-03.12.08:881][115]LogWorld: Game class is 'FirstPersonGameMode_C'
[2016.03.23-03.12.08:887][115]LogWorld: Bringing World /Game/FirstPersonBP/Maps/UEDPIE_0_FirstPersonExampleMap.FirstPersonExampleMap up for play (max tick rate 0) at 2016.03.23-03.12.08
[2016.03.23-03.12.08:887][115]LogActor:Warning: GameSession /Game/FirstPersonBP/Maps/UEDPIE_0_FirstPersonExampleMap.FirstPersonExampleMap:PersistentLevel.GameSession_10 has natively added scene component(s), but none of them were set as the actor's RootComponent - picking one arbitrarily
[2016.03.23-03.12.08:887][115]LogActor:Warning: GameNetworkManager /Game/FirstPersonBP/Maps/UEDPIE_0_FirstPersonExampleMap.FirstPersonExampleMap:PersistentLevel.GameNetworkManager_11 has natively added scene component(s), but none of them were set as the actor's RootComponent - picking one arbitrarily
[2016.03.23-03.12.08:888][115]LogWorld: Bringing up level for play took: 0.006402
[2016.03.23-03.12.09:020][115]PIE: Info Play in editor start time for /Game/FirstPersonBP/Maps/UEDPIE_0_FirstPersonExampleMap 0.409
[2016.03.23-03.12.09:020][115]LogBlueprintUserMessages: Late PlayInEditor Detection: Level '/Game/FirstPersonBP/Maps/FirstPersonExampleMap.FirstPersonExampleMap:PersistentLevel' has LevelScriptBlueprint '/Game/FirstPersonBP/Maps/FirstPersonExampleMap.FirstPersonExampleMap:PersistentLevel.FirstPersonExampleMap' with GeneratedClass '/Game/FirstPersonBP/Maps/FirstPersonExampleMap.FirstPersonExampleMap_C' with ClassGeneratedBy '/Game/FirstPersonBP/Maps/FirstPersonExampleMap.FirstPersonExampleMap:PersistentLevel.FirstPersonExampleMap'
[2016.03.23-03.12.21:881][367]LogD3D11RHI: Timed out while waiting for GPU to catch up. (0.5 s)
[2016.03.23-03.12.25:795][367]LogD3D11RHI:Error: Direct3DDevice->CreateBuffer(&Desc,pInitData,VertexBufferResource.GetInitReference()) failed 
 at D:\BuildFarm\buildmachine_++depot+UE4-Releases+4.10\Engine\Source\Runtime\Windows\D3D11RHI\Private\D3D11VertexBuffer.cpp:75 
 with error DXGI_ERROR_DEVICE_REMOVED
[2016.03.23-03.12.28:142][367]LogWindows: FPlatformMisc::RequestExit(1)
[2016.03.23-03.12.28:142][367]Log file closed, 03/23/16 03:12:28
