[2016.03.23-00.34.38:524][  0]Log file open, 03/23/16 00:34:38
[2016.03.23-00.34.38:524][  0]LogInit:Display: Running engine for game: VRGameDatabase
[2016.03.23-00.34.38:524][  0]LogPlatformFile: Not using cached read wrapper
[2016.03.23-00.34.38:524][  0]LogInit:Display: RandInit(1537326550) SRandInit(1537326556).
[2016.03.23-00.34.38:524][  0]LogTaskGraph: Started task graph with 4 named threads and 5 total threads.
[2016.03.23-00.34.38:524][  0]LogStats: Stats thread started at 0.071937
[2016.03.23-00.34.38:524][  0]LogInit: Version: 4.10.4-2872498+++depot+UE4-Releases+4.10
[2016.03.23-00.34.38:524][  0]LogInit: API Version: 2758231
[2016.03.23-00.34.38:524][  0]LogInit: Compiled (64-bit): Feb 18 2016 15:47:04
[2016.03.23-00.34.38:524][  0]LogInit: Compiled with Visual C++: 19.00.23026.00
[2016.03.23-00.34.38:524][  0]LogInit: Build Configuration: Development
[2016.03.23-00.34.38:524][  0]LogInit: Branch Name: ++depot+UE4-Releases+4.10
[2016.03.23-00.34.38:524][  0]LogInit: Command line:  
[2016.03.23-00.34.38:524][  0]LogInit: Base directory: C:/Program Files (x86)/Epic Games/4.10/Engine/Binaries/Win64/
[2016.03.23-00.34.38:524][  0]LogInit: Rocket: 1
[2016.03.23-00.34.38:539][  0]LogInit: Using libcurl 7.41.0
[2016.03.23-00.34.38:539][  0]LogInit:  - built for x86_64-pc-win32
[2016.03.23-00.34.38:539][  0]LogInit:  - supports SSL with WinSSL
[2016.03.23-00.34.38:539][  0]LogInit:  - other features:
[2016.03.23-00.34.38:539][  0]LogInit:      CURL_VERSION_SSL
[2016.03.23-00.34.38:539][  0]LogInit:      CURL_VERSION_IPV6
[2016.03.23-00.34.38:539][  0]LogInit:      CURL_VERSION_ASYNCHDNS
[2016.03.23-00.34.38:539][  0]LogInit:      CURL_VERSION_LARGEFILE
[2016.03.23-00.34.38:539][  0]LogInit:      CURL_VERSION_IDN
[2016.03.23-00.34.38:540][  0]LogInit:  CurlRequestOptions (configurable via config and command line):
[2016.03.23-00.34.38:540][  0]LogInit:  - bVerifyPeer = true  - Libcurl will verify peer certificate
[2016.03.23-00.34.38:540][  0]LogInit:  - bUseHttpProxy = false  - Libcurl will NOT use HTTP proxy
[2016.03.23-00.34.38:540][  0]LogInit:  - bDontReuseConnections = false  - Libcurl will reuse connections
[2016.03.23-00.34.38:540][  0]LogInit:  - CertBundlePath = nullptr  - Libcurl will use whatever was configured at build time.
[2016.03.23-00.34.38:555][  0]LogInit: Presizing for 0 objects not considered by GC, pre-allocating 0 bytes.
[2016.03.23-00.34.38:563][  0]LogInit: Object subsystem initialized
[2016.03.23-00.34.38:564][  0]LogInit: Selected Device Profile: [Windows]
[2016.03.23-00.34.38:564][  0]LogInit: Applying CVar settings loaded from the selected device profile: [Windows]
[2016.03.23-00.34.38:573][  0]LogInit: Computer: ZAIN-PC
[2016.03.23-00.34.38:573][  0]LogInit: User: Zain
[2016.03.23-00.34.38:573][  0]LogInit: CPU Page size=4096, Cores=2
[2016.03.23-00.34.38:573][  0]LogInit: High frequency timer resolution =4.023974 MHz
[2016.03.23-00.34.38:573][  0]LogMemory: Memory total: Physical=7.9GB (8GB approx)
[2016.03.23-00.34.38:573][  0]LogMemory: Platform Memory Stats for Windows
[2016.03.23-00.34.38:573][  0]LogMemory: Process Physical Memory: 56.20 MB used, 56.20 MB peak
[2016.03.23-00.34.38:573][  0]LogMemory: Process Virtual Memory: 59.51 MB used, 59.51 MB peak
[2016.03.23-00.34.38:573][  0]LogMemory: Physical Memory: 3702.95 MB used, 8128.26 MB total
[2016.03.23-00.34.38:573][  0]LogMemory: Virtual Memory: 352.88 MB used, 8388608.00 MB total
[2016.03.23-00.34.38:677][  0]LogTextLocalizationManager: No specific translations for ('en-GB') exist, so ('en') translations will be used.
[2016.03.23-00.34.39:164][  0]LogD3D11RHI: Found D3D11 adapter 0: AMD Radeon (TM) R9 380 Series (Feature Level 11_0)
[2016.03.23-00.34.39:164][  0]LogD3D11RHI: Adapter has 4072MB of dedicated video memory, 0MB of dedicated system memory, and 3808MB of shared system memory, 1 output[s]
[2016.03.23-00.34.39:164][  0]LogD3D11RHI: Chosen D3D11 Adapter Id = 0
[2016.03.23-00.34.39:170][  0]LogD3D11RHI: !Direct3DDevice
[2016.03.23-00.34.39:171][  0]LogRHI: Texture pool is 1361 MB (70% of 1945 MB)
[2016.03.23-00.34.39:180][  0]LogD3D11RHI: Async texture creation disabled: no driver support
[2016.03.23-00.34.39:190][  0]LogShaderCompilers: Guid format shader working directory is -15 characters bigger than the processId version (../../../../../../Users/Zain/Documents/GitHub/VRGameDatabase/Intermediate/Shaders/WorkingDirectory/3944/).
[2016.03.23-00.34.39:190][  0]LogShaderCompilers: Cleaned the shader compiler working directory 'C:/Users/Zain/AppData/Local/Temp/UnrealShaderWorkingDir/7230A5364CCA0091FF280486E993D310/'.
[2016.03.23-00.34.39:190][  0]LogShaderCompilers:Display: Using Local Shader Compiler.
[2016.03.23-00.34.41:164][  0]LogTemp:Display: Loaded TP AllDesktopTargetPlatform
[2016.03.23-00.34.41:193][  0]LogTemp:Display: Loaded TP WindowsClientTargetPlatform
[2016.03.23-00.34.41:222][  0]LogTemp:Display: Loaded TP WindowsNoEditorTargetPlatform
[2016.03.23-00.34.41:252][  0]LogTemp:Display: Loaded TP WindowsServerTargetPlatform
[2016.03.23-00.34.41:283][  0]LogTemp:Display: Loaded TP WindowsTargetPlatform
[2016.03.23-00.34.41:312][  0]LogTemp:Display: Loaded TP AndroidTargetPlatform
[2016.03.23-00.34.41:341][  0]LogTemp:Display: Loaded TP Android_ASTCTargetPlatform
[2016.03.23-00.34.41:371][  0]LogTemp:Display: Loaded TP Android_ATCTargetPlatform
[2016.03.23-00.34.41:399][  0]LogTemp:Display: Loaded TP Android_DXTTargetPlatform
[2016.03.23-00.34.41:428][  0]LogTemp:Display: Loaded TP Android_ETC1TargetPlatform
[2016.03.23-00.34.41:457][  0]LogTemp:Display: Loaded TP Android_ETC2TargetPlatform
[2016.03.23-00.34.41:513][  0]LogTemp:Display: Loaded TP Android_MultiTargetPlatform
[2016.03.23-00.34.41:513][  0]LogTemp:Display: Loaded TP Android_PVRTCTargetPlatform
[2016.03.23-00.34.41:538][  0]LogTemp:Display: Loaded TP HTML5TargetPlatform
[2016.03.23-00.34.41:634][  0]LogTemp:Display: Loaded TP IOSTargetPlatform
[2016.03.23-00.34.41:661][  0]LogTemp:Display: Loaded TP LinuxNoEditorTargetPlatform
[2016.03.23-00.34.41:688][  0]LogTemp:Display: Loaded TP LinuxServerTargetPlatform
[2016.03.23-00.34.41:719][  0]LogTemp:Display: Loaded TP LinuxTargetPlatform
[2016.03.23-00.34.41:719][  0]LogTargetPlatformManager:Display: Building Assets For Windows
[2016.03.23-00.34.42:433][  0]LogDerivedDataCache:Display: Max Cache Size: 512 MB
[2016.03.23-00.34.42:874][  0]LogDerivedDataCache: Loaded boot cache 0.44s 41MB C:/Users/Zain/AppData/Local/UnrealEngine/4.10/DerivedDataCache/Boot.ddc.
[2016.03.23-00.34.42:874][  0]LogDerivedDataCache:Display: Loaded Boot cache: C:/Users/Zain/AppData/Local/UnrealEngine/4.10/DerivedDataCache/Boot.ddc
[2016.03.23-00.34.42:875][  0]LogDerivedDataCache: FDerivedDataBackendGraph:  Pak pak cache file ../../../../../../Users/Zain/Documents/GitHub/VRGameDatabase/DerivedDataCache/DDC.ddp not found, will not use a pak cache.
[2016.03.23-00.34.42:875][  0]LogDerivedDataCache: Unable to find inner node Pak for hierarchical cache Hierarchy.
[2016.03.23-00.34.42:875][  0]LogDerivedDataCache: FDerivedDataBackendGraph:  CompressedPak pak cache file ../../../../../../Users/Zain/Documents/GitHub/VRGameDatabase/DerivedDataCache/Compressed.ddp not found, will not use a pak cache.
[2016.03.23-00.34.42:875][  0]LogDerivedDataCache: Unable to find inner node CompressedPak for hierarchical cache Hierarchy.
[2016.03.23-00.34.42:971][  0]LogDerivedDataCache:Display: Pak cache opened for reading ../../../Engine/DerivedDataCache/Compressed.ddp.
[2016.03.23-00.34.42:983][  0]LogDerivedDataCache: Using Local data cache path C:/Users/Zain/AppData/Local/UnrealEngine/Common/DerivedDataCache: Writable
[2016.03.23-00.34.43:284][  0]LogInit: Selected Device Profile: [Windows]
[2016.03.23-00.34.43:285][  0]LogContentStreaming: Texture pool size is 0.000000MB
[2016.03.23-00.34.43:361][  0]LogMeshUtilities: No automatic mesh reduction module available
[2016.03.23-00.34.43:361][  0]LogMeshUtilities: No automatic mesh merging module available
[2016.03.23-00.34.43:836][  0]LogInit: WinSock: version 1.1 (2.2), MaxSocks=32767, MaxUdp=65467
[2016.03.23-00.34.45:821][  0]UdpMessaging: Initializing bridge on interface 0.0.0.0:0 to multicast group 230.0.0.1:6666.
[2016.03.23-00.34.46:155][  0]LogAssetRegistry: FAssetRegistry took 0.0108 seconds to start up
[2016.03.23-00.34.46:879][  0]SourceControl: Info Source control is disabled
[2016.03.23-00.34.46:880][  0]SourceControl: Info Source control is disabled
[2016.03.23-00.34.46:936][  0]SourceControl: Info Source control is disabled
[2016.03.23-00.34.47:000][  0]SourceControl: Info Source control is disabled
[2016.03.23-00.34.47:850][  0]LogObj: 28633 objects as part of root set at end of initial load.
[2016.03.23-00.34.47:850][  0]LogUObjectAllocator: 6099744 out of 0 bytes used by permanent object pool.
[2016.03.23-00.34.47:996][  0]LogEngine: Initializing Engine...
[2016.03.23-00.34.48:027][  0]OCULUS: Info: 03/23/16 00:34:48: [CAPI] LibOVR module is located at C:\Windows\system32\LibOVRRT64_0_8.dll

[2016.03.23-00.34.48:058][  0]OCULUS: Info: 03/23/16 00:34:48: [IPC] Call Stats for SetInitialState : x1: C2S=37.2766, S2C=11.68, Runtime=67.8434 (microseconds) C2Ssize=80, S2Csize=81 (bytes)

[2016.03.23-00.34.48:058][  0]OCULUS: Info: 03/23/16 00:34:48: [IPC] Call Stats for IsLatencyTesterAvailable : x1: C2S=24.8511, S2C=5.71574, Runtime=1.49106 (microseconds) C2Ssize=33, S2Csize=18 (bytes)

[2016.03.23-00.34.48:058][  0]OCULUS: Info: 03/23/16 00:34:48: [IPC] Call Stats for Hmd_Create : x1: C2S=18.1413, S2C=7.45532, Runtime=13.4196 (microseconds) C2Ssize=19, S2Csize=171 (bytes)

[2016.03.23-00.34.48:058][  0]OCULUS: Info: 03/23/16 00:34:48: [IPC] Call Stats for Hmd_GetHmdInfo : x1: C2S=15.1591, S2C=17.3957, Runtime=11.68 (microseconds) C2Ssize=23, S2Csize=803 (bytes)

[2016.03.23-00.34.48:059][  0]OCULUS: Info: 03/23/16 00:34:48: [IPC] Call Stats for SetNumberValue : x1: C2S=18.8868, S2C=7.20681, Runtime=9.4434 (microseconds) C2Ssize=55, S2Csize=25 (bytes)

[2016.03.23-00.34.48:059][  0]OCULUS: Info: 03/23/16 00:34:48: [IPC] Call Stats for SetNumberValues : x1: C2S=16.6502, S2C=7.70383, Runtime=7.95234 (microseconds) C2Ssize=81, S2Csize=25 (bytes)

[2016.03.23-00.34.48:059][  0]OCULUS: Info: 03/23/16 00:34:48: [IPC] Call Stats for Hmd_SetEnabledCaps : x1: C2S=15.6562, S2C=5.21872, Runtime=55.6664 (microseconds) C2Ssize=35, S2Csize=33 (bytes)

[2016.03.23-00.34.48:059][  0]OCULUS: Info: 03/23/16 00:34:48: [IPC] Call Stats for Hmd_ConfigureTracking : x1: C2S=11.183, S2C=4.97021, Runtime=32.8034 (microseconds) C2Ssize=46, S2Csize=25 (bytes)

[2016.03.23-00.34.48:059][  0]OCULUS: Info: 03/23/16 00:34:48: [IPC] Call Stats for Hmd_Release : x1: C2S=18.8868, S2C=4.22468, Runtime=51.4417 (microseconds) C2Ssize=20, S2Csize=25 (bytes)

[2016.03.23-00.34.48:070][  0]LogHMD: Oculus plugin initialized. Version: 4.10.4-2872498+++depot+UE4-Releases+4.10, LibOVR: 0.8.0.0, built Feb 18 2016, 15:47:50
[2016.03.23-00.34.48:246][  0]LogAIModule: Creating AISystem for world NewWorld
[2016.03.23-00.34.48:292][  0]LogInit: XAudio2 using 'Speakers (Realtek High Definition Audio)' : 2 channels at 48 kHz using 32 bits per sample (channel mask 0x3)
[2016.03.23-00.34.48:351][  0]LogInit: FAudioDevice initialized.
[2016.03.23-00.34.48:390][  0]LogDerivedDataCache: Saved boot cache 0.04s 41MB C:/Users/Zain/AppData/Local/UnrealEngine/4.10/DerivedDataCache/Boot.ddc.
[2016.03.23-00.34.48:404][  0]LogInit: Texture streaming: Enabled
[2016.03.23-00.34.48:464][  0]LogAnalytics: Creating configured Analytics provider AnalyticsET
[2016.03.23-00.34.48:464][  0]LogAnalytics: [UEEditor.Rocket.Release] APIServer = http://et2.epicgames.com/ET2/. AppVersion = 4.10.4-2872498+++depot+UE4-Releases+4.10
[2016.03.23-00.34.48:464][  0]LogAnalytics: [UEEditor.Rocket.Release] SetUserId 7c60df0a447c9ef6199d21b6819f259e|80baa8e3b74d44a3815fddd4e7187f5b|252caeb6-b0e8-405f-a22e-4edf38a6839b
[2016.03.23-00.34.48:464][  0]LogAnalytics: [UEEditor.Rocket.Release] AnalyticsET::StartSession
[2016.03.23-00.34.48:501][  0]LogInit: Transaction tracking system initialized
[2016.03.23-00.34.48:717][  0]BlueprintLog: New page: Editor Load
[2016.03.23-00.34.49:599][  0]LocalizationService: Info Localization service is disabled
[2016.03.23-00.34.50:100][  0]LogConsoleResponse:Display: 
[2016.03.23-00.34.50:310][  0]LogCook:Display: Done creating registry. It took  0.00s.
[2016.03.23-00.34.50:662][  0]LogFileCache: Scanning file cache for directory 'C:/Users/Zain/Documents/GitHub/VRGameDatabase/Content/' took 0.02s
[2016.03.23-00.34.50:662][  0]SourceControl: Info Source control is disabled
[2016.03.23-00.35.30:951][  0]LogWindowsTextInputMethodSystem:Display: IME system now deactivated.
[2016.03.23-00.35.32:443][  0]LogWindowsTextInputMethodSystem:Display: IME system now deactivated.
[2016.03.23-00.35.32:445][  0]Cmd: MAP LOAD FILE="../../../../../../Users/Zain/Documents/GitHub/VRGameDatabase/Content/FirstPersonBP/Maps/FirstPersonExampleMap.umap" TEMPLATE=0 SHOWPROGRESS=1 FEATURELEVEL=3
[2016.03.23-00.35.32:446][  0]LightingResults: New page: Lighting Build
[2016.03.23-00.35.32:456][  0]MapCheck: New page: Map Check
[2016.03.23-00.35.32:456][  0]LightingResults: New page: Lighting Build
[2016.03.23-00.35.32:480][  0]LogParticles: Destroying 0 GPU particle simulations for FXSystem 0x000000001EF5AAC0
[2016.03.23-00.35.32:635][  0]LogLinker:Warning: Asset '../../../../../../Users/Zain/Documents/GitHub/VRGameDatabase/Content/FirstPerson/Meshes/FirstPersonProjectileMesh.uasset' has been saved with empty engine version. The asset will be loaded but may be incompatible.
[2016.03.23-00.35.33:779][  0]LogAIModule: Creating AISystem for world FirstPersonExampleMap
[2016.03.23-00.35.33:817][  0]LogEditorServer: Finished looking for orphan Actors (0.000 secs)
[2016.03.23-00.35.33:818][  0]Cmd: MAP CHECKDEP NOCLEARLOG
[2016.03.23-00.35.33:875][  0]MapCheck: Info Map check complete: 0 Error(s), 0 Warning(s), took 56.949ms to complete.
[2016.03.23-00.35.33:875][  0]LogFileHelpers: Loading map 'FirstPersonExampleMap' took 1.431
[2016.03.23-00.35.33:975][  0]LogCollectionManager: Loaded 0 collections in 0.002475 seconds
[2016.03.23-00.35.34:019][  0]LogFileCache: Scanning file cache for directory 'C:/Users/Zain/Documents/GitHub/VRGameDatabase/Saved/Collections/' took 0.01s
[2016.03.23-00.35.34:019][  0]LogFileCache: Scanning file cache for directory 'C:/Users/Zain/Documents/GitHub/VRGameDatabase/Content/Developers/Zain/Collections/' took 0.01s
[2016.03.23-00.35.34:019][  0]LogFileCache: Scanning file cache for directory 'C:/Users/Zain/Documents/GitHub/VRGameDatabase/Content/Collections/' took 0.01s
[2016.03.23-00.35.34:019][  0]LogCollectionManager: Rebuilt the GUID cache for 0 collections in 0.000002 seconds
[2016.03.23-00.35.34:028][  0]LogContentBrowser: Native class hierarchy populated in 0.0098 seconds. Added 1893 classes and 338 folders.
[2016.03.23-00.35.34:040][  0]LogContentBrowser: Native class hierarchy updated for 'WidgetCarousel' in 0.0005 seconds. Added 0 classes and 0 folders.
[2016.03.23-00.35.34:124][  0]LogContentBrowser: Native class hierarchy updated for 'AddContentDialog' in 0.0004 seconds. Added 0 classes and 0 folders.
[2016.03.23-00.35.34:170][  0]LogContentBrowser: Native class hierarchy updated for 'SceneOutliner' in 0.0004 seconds. Added 1 classes and 2 folders.
[2016.03.23-00.35.34:291][  0]LogCrashTracker: Crashtracker disabled due to settings.
[2016.03.23-00.35.34:297][  0]LogUObjectGlobals:Warning: Failed to find object 'Class None.'
[2016.03.23-00.35.34:318][  0]LogStats:Warning: MetaData mismatch. Did you assign a stat to two groups? New //STATGROUP_Threads//SplashScreenThread///Thread_15d8_0///####STATCAT_Advanced#### old //STATGROUP_Threads//SplashScreenThread///Thread_1370_0///####STATCAT_Advanced####
[2016.03.23-00.35.34:318][  0]LogLoad: Full Startup: 56.32 seconds (BP compile: 0.22 seconds)
[2016.03.23-00.35.34:327][  0]LogOcInput: OculusInput is initialized. Init status 0. Runtime version: 0.8.0.0
[2016.03.23-00.35.34:375][  0]LogContentStreaming: Texture pool size now 1000 MB
[2016.03.23-00.35.34:533][  1]LogRenderer: Reallocating scene render targets to support 836x392 (Frame:2).
[2016.03.23-00.35.35:409][  7]LogAssetRegistry: Asset discovery search completed in 49.2644 seconds
[2016.03.23-00.35.35:409][  7]LogCollectionManager: Rebuilt the object cache for 0 collections in 0.000001 seconds (found 0 objects)
[2016.03.23-00.35.35:409][  7]LogCollectionManager: Fixed up redirectors for 0 collections in 0.000029 seconds (updated 0 objects)
[2016.03.23-00.35.37:614][240]LogLinker:Warning: Can't resolve asset name
[2016.03.23-00.35.42:507][790]LogLinker:Warning: Asset '../../../Engine/Content/ArtTools/RenderToTexture/Macros/RenderToTextureMacros.uasset' has been saved with empty engine version. The asset will be loaded but may be incompatible.
[2016.03.23-00.35.42:974][790]LogContentBrowser: Native class hierarchy updated for 'BlueprintGraph' in 0.0010 seconds. Added 107 classes and 0 folders.
[2016.03.23-00.36.30:857][479]BlueprintLog: New page: Compile FirstPersonExampleMap
[2016.03.23-00.36.31:334][479]LogActorComponent: UnregisterComponent: (/Engine/Transient.ProjectileMovementComponent_40__A6522401) Not registered. Aborting.
[2016.03.23-00.36.31:414][479]BlueprintEditorCompileResults: Info [0113.41] Compile of FirstPersonExampleMap successful! [in 557 ms]
[2016.03.23-00.36.36:094][733]LogBlueprintUserMessages: Early PlayInEditor Detection: Level '/Game/FirstPersonBP/Maps/FirstPersonExampleMap.FirstPersonExampleMap:PersistentLevel' has LevelScriptBlueprint '/Game/FirstPersonBP/Maps/FirstPersonExampleMap.FirstPersonExampleMap:PersistentLevel.FirstPersonExampleMap' with GeneratedClass '/Game/FirstPersonBP/Maps/FirstPersonExampleMap.FirstPersonExampleMap_C' with ClassGeneratedBy '/Game/FirstPersonBP/Maps/FirstPersonExampleMap.FirstPersonExampleMap:PersistentLevel.FirstPersonExampleMap'
[2016.03.23-00.36.36:094][733]LogPlayLevel: PlayLevel: No blueprints needed recompiling
[2016.03.23-00.36.36:094][733]OCULUS: Info: 03/23/16 00:36:36: [IPC] Call Stats for Hmd_Create : x1: C2S=35.7855, S2C=12.4255, Runtime=16.4017 (microseconds) C2Ssize=19, S2Csize=171 (bytes)

[2016.03.23-00.36.36:094][733]OCULUS: Info: 03/23/16 00:36:36: [IPC] Call Stats for Hmd_GetHmdInfo : x1: C2S=25.0996, S2C=8.94638, Runtime=13.1711 (microseconds) C2Ssize=23, S2Csize=803 (bytes)

[2016.03.23-00.36.36:095][733]OCULUS: Info: 03/23/16 00:36:36: [IPC] Call Stats for SetNumberValue : x1: C2S=17.6442, S2C=5.21872, Runtime=8.69787 (microseconds) C2Ssize=55, S2Csize=25 (bytes)

[2016.03.23-00.36.36:095][733]OCULUS: Info: 03/23/16 00:36:36: [IPC] Call Stats for SetNumberValues : x1: C2S=17.3957, S2C=5.21872, Runtime=4.47319 (microseconds) C2Ssize=81, S2Csize=25 (bytes)

[2016.03.23-00.36.36:095][733]OCULUS: Info: 03/23/16 00:36:36: [IPC] Call Stats for Hmd_SetEnabledCaps : x1: C2S=16.4017, S2C=19.8808, Runtime=57.4059 (microseconds) C2Ssize=35, S2Csize=33 (bytes)

[2016.03.23-00.36.36:095][733]OCULUS: Info: 03/23/16 00:36:36: [IPC] Call Stats for Hmd_ConfigureTracking : x1: C2S=23.6085, S2C=17.1472, Runtime=23.36 (microseconds) C2Ssize=46, S2Csize=25 (bytes)

[2016.03.23-00.36.36:095][733]LogHMD:Warning: HMD Oculus Rift DK1, res = 1280 x 800
[2016.03.23-00.36.36:096][733]PIE: New page: PIE session: FirstPersonExampleMap (23 Mar 2016 00:36:36)
[2016.03.23-00.36.36:096][733]LogPlayLevel: Creating play world package: /Game/FirstPersonBP/Maps/UEDPIE_0_FirstPersonExampleMap
[2016.03.23-00.36.36:135][733]LogPlayLevel: PIE: StaticDuplicateObject took: (0.038688s)
[2016.03.23-00.36.36:137][733]LogAIModule: Creating AISystem for world FirstPersonExampleMap
[2016.03.23-00.36.36:138][733]LogPlayLevel: PIE: World Init took: (0.002722s)
[2016.03.23-00.36.36:138][733]LogPlayLevel: PIE: Created PIE world by copying editor world from /Game/FirstPersonBP/Maps/FirstPersonExampleMap.FirstPersonExampleMap to /Game/FirstPersonBP/Maps/UEDPIE_0_FirstPersonExampleMap.FirstPersonExampleMap (0.041878s)
[2016.03.23-00.36.36:200][733]LogInit: XAudio2 using 'Speakers (Realtek High Definition Audio)' : 2 channels at 48 kHz using 32 bits per sample (channel mask 0x3)
[2016.03.23-00.36.36:212][733]LogInit: FAudioDevice initialized.
[2016.03.23-00.36.36:268][733]LogWorld: Game class is 'FirstPersonGameMode_C'
[2016.03.23-00.36.36:275][733]LogWorld: Bringing World /Game/FirstPersonBP/Maps/UEDPIE_0_FirstPersonExampleMap.FirstPersonExampleMap up for play (max tick rate 0) at 2016.03.23-00.36.36
[2016.03.23-00.36.36:275][733]LogActor:Warning: GameSession /Game/FirstPersonBP/Maps/UEDPIE_0_FirstPersonExampleMap.FirstPersonExampleMap:PersistentLevel.GameSession_0 has natively added scene component(s), but none of them were set as the actor's RootComponent - picking one arbitrarily
[2016.03.23-00.36.36:275][733]LogActor:Warning: GameNetworkManager /Game/FirstPersonBP/Maps/UEDPIE_0_FirstPersonExampleMap.FirstPersonExampleMap:PersistentLevel.GameNetworkManager_0 has natively added scene component(s), but none of them were set as the actor's RootComponent - picking one arbitrarily
[2016.03.23-00.36.36:276][733]LogWorld: Bringing up level for play took: 0.006502
[2016.03.23-00.36.36:277][733]PIE: Info Play in editor start time for /Game/FirstPersonBP/Maps/UEDPIE_0_FirstPersonExampleMap -0.22
[2016.03.23-00.36.36:277][733]LogBlueprintUserMessages: Late PlayInEditor Detection: Level '/Game/FirstPersonBP/Maps/FirstPersonExampleMap.FirstPersonExampleMap:PersistentLevel' has LevelScriptBlueprint '/Game/FirstPersonBP/Maps/FirstPersonExampleMap.FirstPersonExampleMap:PersistentLevel.FirstPersonExampleMap' with GeneratedClass '/Game/FirstPersonBP/Maps/FirstPersonExampleMap.FirstPersonExampleMap_C' with ClassGeneratedBy '/Game/FirstPersonBP/Maps/FirstPersonExampleMap.FirstPersonExampleMap:PersistentLevel.FirstPersonExampleMap'
[2016.03.23-00.36.55:020][496]LogBlueprintUserMessages: Early EndPlayMap Detection: Level '/Game/FirstPersonBP/Maps/FirstPersonExampleMap.FirstPersonExampleMap:PersistentLevel' has LevelScriptBlueprint '/Game/FirstPersonBP/Maps/FirstPersonExampleMap.FirstPersonExampleMap:PersistentLevel.FirstPersonExampleMap' with GeneratedClass '/Game/FirstPersonBP/Maps/FirstPersonExampleMap.FirstPersonExampleMap_C' with ClassGeneratedBy '/Game/FirstPersonBP/Maps/FirstPersonExampleMap.FirstPersonExampleMap:PersistentLevel.FirstPersonExampleMap'
[2016.03.23-00.36.55:021][496]OCULUS: Info: 03/23/16 00:36:55: [IPC] Call Stats for Hmd_Release : x1: C2S=32.8034, S2C=6.46127, Runtime=82.754 (microseconds) C2Ssize=20, S2Csize=25 (bytes)

[2016.03.23-00.36.55:057][496]LogBlueprintUserMessages: Late EndPlayMap Detection: Level '/Game/FirstPersonBP/Maps/FirstPersonExampleMap.FirstPersonExampleMap:PersistentLevel' has LevelScriptBlueprint '/Game/FirstPersonBP/Maps/FirstPersonExampleMap.FirstPersonExampleMap:PersistentLevel.FirstPersonExampleMap' with GeneratedClass '/Game/FirstPersonBP/Maps/FirstPersonExampleMap.FirstPersonExampleMap_C' with ClassGeneratedBy '/Game/FirstPersonBP/Maps/FirstPersonExampleMap.FirstPersonExampleMap:PersistentLevel.FirstPersonExampleMap'
[2016.03.23-00.36.55:137][497]LogParticles: Destroying 0 GPU particle simulations for FXSystem 0x0000000022CCAC00
[2016.03.23-00.37.06:966][540]LogEditorViewport: Clicking on Actor (LMB): StaticMeshActor (Wall1)
[2016.03.23-00.37.07:886][614]LogEditorViewport: Clicking on Actor (LMB): StartButton_C (StartButton)
[2016.03.23-00.37.19:491][515]BlueprintLog: New page: Compile FirstPersonExampleMap
[2016.03.23-00.37.19:603][515]BlueprintEditorCompileResults: Info [0161.60] Compile of FirstPersonExampleMap successful! [in 112 ms]
[2016.03.23-00.37.20:663][596]LogBlueprintUserMessages: Early PlayInEditor Detection: Level '/Game/FirstPersonBP/Maps/FirstPersonExampleMap.FirstPersonExampleMap:PersistentLevel' has LevelScriptBlueprint '/Game/FirstPersonBP/Maps/FirstPersonExampleMap.FirstPersonExampleMap:PersistentLevel.FirstPersonExampleMap' with GeneratedClass '/Game/FirstPersonBP/Maps/FirstPersonExampleMap.FirstPersonExampleMap_C' with ClassGeneratedBy '/Game/FirstPersonBP/Maps/FirstPersonExampleMap.FirstPersonExampleMap:PersistentLevel.FirstPersonExampleMap'
[2016.03.23-00.37.20:663][596]LogPlayLevel: PlayLevel: No blueprints needed recompiling
[2016.03.23-00.37.20:663][596]OCULUS: Info: 03/23/16 00:37:20: [IPC] Call Stats for Hmd_Create : x1: C2S=34.7915, S2C=7.20681, Runtime=15.6562 (microseconds) C2Ssize=19, S2Csize=171 (bytes)

[2016.03.23-00.37.20:663][596]OCULUS: Info: 03/23/16 00:37:20: [IPC] Call Stats for Hmd_GetHmdInfo : x1: C2S=14.6621, S2C=8.20085, Runtime=6.70978 (microseconds) C2Ssize=23, S2Csize=803 (bytes)

[2016.03.23-00.37.20:663][596]OCULUS: Info: 03/23/16 00:37:20: [IPC] Call Stats for SetNumberValue : x1: C2S=14.6621, S2C=4.22468, Runtime=7.20681 (microseconds) C2Ssize=55, S2Csize=25 (bytes)

[2016.03.23-00.37.20:663][596]OCULUS: Info: 03/23/16 00:37:20: [IPC] Call Stats for SetNumberValues : x1: C2S=14.4136, S2C=4.47319, Runtime=3.72766 (microseconds) C2Ssize=81, S2Csize=25 (bytes)

[2016.03.23-00.37.20:663][596]OCULUS: Info: 03/23/16 00:37:20: [IPC] Call Stats for Hmd_SetEnabledCaps : x1: C2S=14.9106, S2C=4.47319, Runtime=49.7021 (microseconds) C2Ssize=35, S2Csize=33 (bytes)

[2016.03.23-00.37.20:663][596]OCULUS: Info: 03/23/16 00:37:20: [IPC] Call Stats for Hmd_ConfigureTracking : x2: C2S=57.0332, S2C=2.85787, Runtime=58.7727 (microseconds) C2Ssize=46, S2Csize=25 (bytes)

[2016.03.23-00.37.20:663][596]LogHMD:Warning: HMD Oculus Rift DK1, res = 1280 x 800
[2016.03.23-00.37.20:664][596]PIE: New page: PIE session: FirstPersonExampleMap (23 Mar 2016 00:37:20)
[2016.03.23-00.37.20:664][596]LogPlayLevel: Creating play world package: /Game/FirstPersonBP/Maps/UEDPIE_0_FirstPersonExampleMap
[2016.03.23-00.37.20:703][596]LogPlayLevel: PIE: StaticDuplicateObject took: (0.038970s)
[2016.03.23-00.37.20:705][596]LogAIModule: Creating AISystem for world FirstPersonExampleMap
[2016.03.23-00.37.20:705][596]LogPlayLevel: PIE: World Init took: (0.002070s)
[2016.03.23-00.37.20:705][596]LogPlayLevel: PIE: Created PIE world by copying editor world from /Game/FirstPersonBP/Maps/FirstPersonExampleMap.FirstPersonExampleMap to /Game/FirstPersonBP/Maps/UEDPIE_0_FirstPersonExampleMap.FirstPersonExampleMap (0.041563s)
[2016.03.23-00.37.20:769][596]LogInit: XAudio2 using 'Speakers (Realtek High Definition Audio)' : 2 channels at 48 kHz using 32 bits per sample (channel mask 0x3)
[2016.03.23-00.37.20:780][596]LogInit: FAudioDevice initialized.
[2016.03.23-00.37.20:816][596]LogWorld: Game class is 'FirstPersonGameMode_C'
[2016.03.23-00.37.20:823][596]LogWorld: Bringing World /Game/FirstPersonBP/Maps/UEDPIE_0_FirstPersonExampleMap.FirstPersonExampleMap up for play (max tick rate 0) at 2016.03.23-00.37.20
[2016.03.23-00.37.20:823][596]LogActor:Warning: GameSession /Game/FirstPersonBP/Maps/UEDPIE_0_FirstPersonExampleMap.FirstPersonExampleMap:PersistentLevel.GameSession_1 has natively added scene component(s), but none of them were set as the actor's RootComponent - picking one arbitrarily
[2016.03.23-00.37.20:823][596]LogActor:Warning: GameNetworkManager /Game/FirstPersonBP/Maps/UEDPIE_0_FirstPersonExampleMap.FirstPersonExampleMap:PersistentLevel.GameNetworkManager_1 has natively added scene component(s), but none of them were set as the actor's RootComponent - picking one arbitrarily
[2016.03.23-00.37.20:823][596]LogWorld: Bringing up level for play took: 0.006286
[2016.03.23-00.37.20:824][596]PIE: Info Play in editor start time for /Game/FirstPersonBP/Maps/UEDPIE_0_FirstPersonExampleMap 0.327
[2016.03.23-00.37.20:825][596]LogBlueprintUserMessages: Late PlayInEditor Detection: Level '/Game/FirstPersonBP/Maps/FirstPersonExampleMap.FirstPersonExampleMap:PersistentLevel' has LevelScriptBlueprint '/Game/FirstPersonBP/Maps/FirstPersonExampleMap.FirstPersonExampleMap:PersistentLevel.FirstPersonExampleMap' with GeneratedClass '/Game/FirstPersonBP/Maps/FirstPersonExampleMap.FirstPersonExampleMap_C' with ClassGeneratedBy '/Game/FirstPersonBP/Maps/FirstPersonExampleMap.FirstPersonExampleMap:PersistentLevel.FirstPersonExampleMap'
[2016.03.23-00.37.26:542][ 93]LogBlueprintUserMessages: Early EndPlayMap Detection: Level '/Game/FirstPersonBP/Maps/FirstPersonExampleMap.FirstPersonExampleMap:PersistentLevel' has LevelScriptBlueprint '/Game/FirstPersonBP/Maps/FirstPersonExampleMap.FirstPersonExampleMap:PersistentLevel.FirstPersonExampleMap' with GeneratedClass '/Game/FirstPersonBP/Maps/FirstPersonExampleMap.FirstPersonExampleMap_C' with ClassGeneratedBy '/Game/FirstPersonBP/Maps/FirstPersonExampleMap.FirstPersonExampleMap:PersistentLevel.FirstPersonExampleMap'
[2016.03.23-00.37.26:543][ 93]OCULUS: Info: 03/23/16 00:37:26: [IPC] Call Stats for Hmd_Release : x1: C2S=124.007, S2C=3.72766, Runtime=79.7719 (microseconds) C2Ssize=20, S2Csize=25 (bytes)

[2016.03.23-00.37.26:579][ 93]LogBlueprintUserMessages: Late EndPlayMap Detection: Level '/Game/FirstPersonBP/Maps/FirstPersonExampleMap.FirstPersonExampleMap:PersistentLevel' has LevelScriptBlueprint '/Game/FirstPersonBP/Maps/FirstPersonExampleMap.FirstPersonExampleMap:PersistentLevel.FirstPersonExampleMap' with GeneratedClass '/Game/FirstPersonBP/Maps/FirstPersonExampleMap.FirstPersonExampleMap_C' with ClassGeneratedBy '/Game/FirstPersonBP/Maps/FirstPersonExampleMap.FirstPersonExampleMap:PersistentLevel.FirstPersonExampleMap'
[2016.03.23-00.37.26:662][ 94]LogParticles: Destroying 0 GPU particle simulations for FXSystem 0x0000000016D9A3E0
[2016.03.23-00.37.31:037][428]BlueprintLog: New page: Compile FirstPersonExampleMap
[2016.03.23-00.37.31:138][428]BlueprintEditorCompileResults: Info [0173.13] Compile of FirstPersonExampleMap successful! [in 100 ms]
[2016.03.23-00.37.31:975][492]LogBlueprintUserMessages: Early PlayInEditor Detection: Level '/Game/FirstPersonBP/Maps/FirstPersonExampleMap.FirstPersonExampleMap:PersistentLevel' has LevelScriptBlueprint '/Game/FirstPersonBP/Maps/FirstPersonExampleMap.FirstPersonExampleMap:PersistentLevel.FirstPersonExampleMap' with GeneratedClass '/Game/FirstPersonBP/Maps/FirstPersonExampleMap.FirstPersonExampleMap_C' with ClassGeneratedBy '/Game/FirstPersonBP/Maps/FirstPersonExampleMap.FirstPersonExampleMap:PersistentLevel.FirstPersonExampleMap'
[2016.03.23-00.37.31:975][492]LogPlayLevel: PlayLevel: No blueprints needed recompiling
[2016.03.23-00.37.31:975][492]OCULUS: Info: 03/23/16 00:37:31: [IPC] Call Stats for Hmd_Create : x1: C2S=38.7676, S2C=6.46127, Runtime=17.6442 (microseconds) C2Ssize=19, S2Csize=171 (bytes)

[2016.03.23-00.37.31:975][492]OCULUS: Info: 03/23/16 00:37:31: [IPC] Call Stats for Hmd_GetHmdInfo : x1: C2S=21.8689, S2C=6.9583, Runtime=7.45532 (microseconds) C2Ssize=23, S2Csize=803 (bytes)

[2016.03.23-00.37.31:975][492]OCULUS: Info: 03/23/16 00:37:31: [IPC] Call Stats for SetNumberValue : x1: C2S=19.1353, S2C=3.23064, Runtime=7.20681 (microseconds) C2Ssize=55, S2Csize=25 (bytes)

[2016.03.23-00.37.31:975][492]OCULUS: Info: 03/23/16 00:37:31: [IPC] Call Stats for SetNumberValues : x1: C2S=16.1532, S2C=2.98213, Runtime=4.22468 (microseconds) C2Ssize=81, S2Csize=25 (bytes)

[2016.03.23-00.37.31:975][492]OCULUS: Info: 03/23/16 00:37:31: [IPC] Call Stats for Hmd_SetEnabledCaps : x1: C2S=16.8987, S2C=2.73362, Runtime=83.7481 (microseconds) C2Ssize=35, S2Csize=33 (bytes)

[2016.03.23-00.37.31:975][492]OCULUS: Info: 03/23/16 00:37:31: [IPC] Call Stats for Hmd_ConfigureTracking : x2: C2S=15.0349, S2C=3.6034, Runtime=41.9983 (microseconds) C2Ssize=46, S2Csize=25 (bytes)

[2016.03.23-00.37.31:976][492]LogHMD:Warning: HMD Oculus Rift DK1, res = 1280 x 800
[2016.03.23-00.37.31:976][492]PIE: New page: PIE session: FirstPersonExampleMap (23 Mar 2016 00:37:31)
[2016.03.23-00.37.31:976][492]LogPlayLevel: Creating play world package: /Game/FirstPersonBP/Maps/UEDPIE_0_FirstPersonExampleMap
[2016.03.23-00.37.32:015][492]LogPlayLevel: PIE: StaticDuplicateObject took: (0.039042s)
[2016.03.23-00.37.32:020][492]LogAIModule: Creating AISystem for world FirstPersonExampleMap
[2016.03.23-00.37.32:020][492]LogPlayLevel: PIE: World Init took: (0.005208s)
[2016.03.23-00.37.32:021][492]LogPlayLevel: PIE: Created PIE world by copying editor world from /Game/FirstPersonBP/Maps/FirstPersonExampleMap.FirstPersonExampleMap to /Game/FirstPersonBP/Maps/UEDPIE_0_FirstPersonExampleMap.FirstPersonExampleMap (0.044708s)
[2016.03.23-00.37.32:086][492]LogInit: XAudio2 using 'Speakers (Realtek High Definition Audio)' : 2 channels at 48 kHz using 32 bits per sample (channel mask 0x3)
[2016.03.23-00.37.32:096][492]LogInit: FAudioDevice initialized.
[2016.03.23-00.37.32:131][492]LogWorld: Game class is 'FirstPersonGameMode_C'
[2016.03.23-00.37.32:137][492]LogWorld: Bringing World /Game/FirstPersonBP/Maps/UEDPIE_0_FirstPersonExampleMap.FirstPersonExampleMap up for play (max tick rate 0) at 2016.03.23-00.37.32
[2016.03.23-00.37.32:137][492]LogActor:Warning: GameSession /Game/FirstPersonBP/Maps/UEDPIE_0_FirstPersonExampleMap.FirstPersonExampleMap:PersistentLevel.GameSession_2 has natively added scene component(s), but none of them were set as the actor's RootComponent - picking one arbitrarily
[2016.03.23-00.37.32:137][492]LogActor:Warning: GameNetworkManager /Game/FirstPersonBP/Maps/UEDPIE_0_FirstPersonExampleMap.FirstPersonExampleMap:PersistentLevel.GameNetworkManager_2 has natively added scene component(s), but none of them were set as the actor's RootComponent - picking one arbitrarily
[2016.03.23-00.37.32:138][492]LogWorld: Bringing up level for play took: 0.006322
[2016.03.23-00.37.32:139][492]PIE: Info Play in editor start time for /Game/FirstPersonBP/Maps/UEDPIE_0_FirstPersonExampleMap -0.359
[2016.03.23-00.37.32:139][492]LogBlueprintUserMessages: Late PlayInEditor Detection: Level '/Game/FirstPersonBP/Maps/FirstPersonExampleMap.FirstPersonExampleMap:PersistentLevel' has LevelScriptBlueprint '/Game/FirstPersonBP/Maps/FirstPersonExampleMap.FirstPersonExampleMap:PersistentLevel.FirstPersonExampleMap' with GeneratedClass '/Game/FirstPersonBP/Maps/FirstPersonExampleMap.FirstPersonExampleMap_C' with ClassGeneratedBy '/Game/FirstPersonBP/Maps/FirstPersonExampleMap.FirstPersonExampleMap:PersistentLevel.FirstPersonExampleMap'
[2016.03.23-00.37.42:629][426]LogBlueprintUserMessages: Early EndPlayMap Detection: Level '/Game/FirstPersonBP/Maps/FirstPersonExampleMap.FirstPersonExampleMap:PersistentLevel' has LevelScriptBlueprint '/Game/FirstPersonBP/Maps/FirstPersonExampleMap.FirstPersonExampleMap:PersistentLevel.FirstPersonExampleMap' with GeneratedClass '/Game/FirstPersonBP/Maps/FirstPersonExampleMap.FirstPersonExampleMap_C' with ClassGeneratedBy '/Game/FirstPersonBP/Maps/FirstPersonExampleMap.FirstPersonExampleMap:PersistentLevel.FirstPersonExampleMap'
[2016.03.23-00.37.42:630][426]OCULUS: Info: 03/23/16 00:37:42: [IPC] Call Stats for Hmd_Release : x1: C2S=31.8094, S2C=4.7217, Runtime=70.8255 (microseconds) C2Ssize=20, S2Csize=25 (bytes)

[2016.03.23-00.37.42:670][426]LogBlueprintUserMessages: Late EndPlayMap Detection: Level '/Game/FirstPersonBP/Maps/FirstPersonExampleMap.FirstPersonExampleMap:PersistentLevel' has LevelScriptBlueprint '/Game/FirstPersonBP/Maps/FirstPersonExampleMap.FirstPersonExampleMap:PersistentLevel.FirstPersonExampleMap' with GeneratedClass '/Game/FirstPersonBP/Maps/FirstPersonExampleMap.FirstPersonExampleMap_C' with ClassGeneratedBy '/Game/FirstPersonBP/Maps/FirstPersonExampleMap.FirstPersonExampleMap:PersistentLevel.FirstPersonExampleMap'
[2016.03.23-00.37.42:719][426]LogParticles: Destroying 0 GPU particle simulations for FXSystem 0x0000000018F46A20
[2016.03.23-00.39.08:361][923]BlueprintLog: New page: Compile FirstPersonExampleMap
[2016.03.23-00.39.08:463][923]BlueprintEditorCompileResults: Info [0270.46] Compile of FirstPersonExampleMap successful! [in 101 ms]
[2016.03.23-00.39.09:283][989]LogBlueprintUserMessages: Early PlayInEditor Detection: Level '/Game/FirstPersonBP/Maps/FirstPersonExampleMap.FirstPersonExampleMap:PersistentLevel' has LevelScriptBlueprint '/Game/FirstPersonBP/Maps/FirstPersonExampleMap.FirstPersonExampleMap:PersistentLevel.FirstPersonExampleMap' with GeneratedClass '/Game/FirstPersonBP/Maps/FirstPersonExampleMap.FirstPersonExampleMap_C' with ClassGeneratedBy '/Game/FirstPersonBP/Maps/FirstPersonExampleMap.FirstPersonExampleMap:PersistentLevel.FirstPersonExampleMap'
[2016.03.23-00.39.09:283][989]LogPlayLevel: PlayLevel: No blueprints needed recompiling
[2016.03.23-00.39.09:283][989]OCULUS: Info: 03/23/16 00:39:09: [IPC] Call Stats for Hmd_Create : x1: C2S=42.2468, S2C=12.674, Runtime=16.8987 (microseconds) C2Ssize=19, S2Csize=171 (bytes)

[2016.03.23-00.39.09:283][989]OCULUS: Info: 03/23/16 00:39:09: [IPC] Call Stats for Hmd_GetHmdInfo : x1: C2S=18.1413, S2C=8.69787, Runtime=8.94638 (microseconds) C2Ssize=23, S2Csize=803 (bytes)

[2016.03.23-00.39.09:283][989]OCULUS: Info: 03/23/16 00:39:09: [IPC] Call Stats for SetNumberValue : x1: C2S=18.3898, S2C=10.1889, Runtime=8.20085 (microseconds) C2Ssize=55, S2Csize=25 (bytes)

[2016.03.23-00.39.09:283][989]OCULUS: Info: 03/23/16 00:39:09: [IPC] Call Stats for SetNumberValues : x1: C2S=12.177, S2C=6.70978, Runtime=4.97021 (microseconds) C2Ssize=81, S2Csize=25 (bytes)

[2016.03.23-00.39.09:284][989]OCULUS: Info: 03/23/16 00:39:09: [IPC] Call Stats for Hmd_SetEnabledCaps : x1: C2S=12.674, S2C=4.97021, Runtime=100.895 (microseconds) C2Ssize=35, S2Csize=33 (bytes)

[2016.03.23-00.39.09:284][989]OCULUS: Info: 03/23/16 00:39:09: [IPC] Call Stats for Hmd_ConfigureTracking : x2: C2S=19.6323, S2C=2.98213, Runtime=31.5608 (microseconds) C2Ssize=46, S2Csize=25 (bytes)

[2016.03.23-00.39.09:284][989]LogHMD:Warning: HMD Oculus Rift DK1, res = 1280 x 800
[2016.03.23-00.39.09:285][989]PIE: New page: PIE session: FirstPersonExampleMap (23 Mar 2016 00:39:09)
[2016.03.23-00.39.09:285][989]LogPlayLevel: Creating play world package: /Game/FirstPersonBP/Maps/UEDPIE_0_FirstPersonExampleMap
[2016.03.23-00.39.09:324][989]LogPlayLevel: PIE: StaticDuplicateObject took: (0.039213s)
[2016.03.23-00.39.09:326][989]LogAIModule: Creating AISystem for world FirstPersonExampleMap
[2016.03.23-00.39.09:326][989]LogPlayLevel: PIE: World Init took: (0.002312s)
[2016.03.23-00.39.09:326][989]LogPlayLevel: PIE: Created PIE world by copying editor world from /Game/FirstPersonBP/Maps/FirstPersonExampleMap.FirstPersonExampleMap to /Game/FirstPersonBP/Maps/UEDPIE_0_FirstPersonExampleMap.FirstPersonExampleMap (0.041821s)
[2016.03.23-00.39.09:394][989]LogInit: XAudio2 using 'Speakers (Realtek High Definition Audio)' : 2 channels at 48 kHz using 32 bits per sample (channel mask 0x3)
[2016.03.23-00.39.09:407][989]LogInit: FAudioDevice initialized.
[2016.03.23-00.39.09:442][989]LogWorld: Game class is 'FirstPersonGameMode_C'
[2016.03.23-00.39.09:448][989]LogWorld: Bringing World /Game/FirstPersonBP/Maps/UEDPIE_0_FirstPersonExampleMap.FirstPersonExampleMap up for play (max tick rate 0) at 2016.03.23-00.39.09
[2016.03.23-00.39.09:448][989]LogActor:Warning: GameSession /Game/FirstPersonBP/Maps/UEDPIE_0_FirstPersonExampleMap.FirstPersonExampleMap:PersistentLevel.GameSession_3 has natively added scene component(s), but none of them were set as the actor's RootComponent - picking one arbitrarily
[2016.03.23-00.39.09:448][989]LogActor:Warning: GameNetworkManager /Game/FirstPersonBP/Maps/UEDPIE_0_FirstPersonExampleMap.FirstPersonExampleMap:PersistentLevel.GameNetworkManager_3 has natively added scene component(s), but none of them were set as the actor's RootComponent - picking one arbitrarily
[2016.03.23-00.39.09:449][989]LogWorld: Bringing up level for play took: 0.006309
[2016.03.23-00.39.09:450][989]PIE: Info Play in editor start time for /Game/FirstPersonBP/Maps/UEDPIE_0_FirstPersonExampleMap 0.951
[2016.03.23-00.39.09:450][989]LogBlueprintUserMessages: Late PlayInEditor Detection: Level '/Game/FirstPersonBP/Maps/FirstPersonExampleMap.FirstPersonExampleMap:PersistentLevel' has LevelScriptBlueprint '/Game/FirstPersonBP/Maps/FirstPersonExampleMap.FirstPersonExampleMap:PersistentLevel.FirstPersonExampleMap' with GeneratedClass '/Game/FirstPersonBP/Maps/FirstPersonExampleMap.FirstPersonExampleMap_C' with ClassGeneratedBy '/Game/FirstPersonBP/Maps/FirstPersonExampleMap.FirstPersonExampleMap:PersistentLevel.FirstPersonExampleMap'
[2016.03.23-00.39.13:586][383]LogBlueprintUserMessages: Early EndPlayMap Detection: Level '/Game/FirstPersonBP/Maps/FirstPersonExampleMap.FirstPersonExampleMap:PersistentLevel' has LevelScriptBlueprint '/Game/FirstPersonBP/Maps/FirstPersonExampleMap.FirstPersonExampleMap:PersistentLevel.FirstPersonExampleMap' with GeneratedClass '/Game/FirstPersonBP/Maps/FirstPersonExampleMap.FirstPersonExampleMap_C' with ClassGeneratedBy '/Game/FirstPersonBP/Maps/FirstPersonExampleMap.FirstPersonExampleMap:PersistentLevel.FirstPersonExampleMap'
[2016.03.23-00.39.13:587][383]OCULUS: Info: 03/23/16 00:39:13: [IPC] Call Stats for Hmd_Release : x1: C2S=30.0698, S2C=5.71574, Runtime=88.9668 (microseconds) C2Ssize=20, S2Csize=25 (bytes)

[2016.03.23-00.39.13:623][383]LogBlueprintUserMessages: Late EndPlayMap Detection: Level '/Game/FirstPersonBP/Maps/FirstPersonExampleMap.FirstPersonExampleMap:PersistentLevel' has LevelScriptBlueprint '/Game/FirstPersonBP/Maps/FirstPersonExampleMap.FirstPersonExampleMap:PersistentLevel.FirstPersonExampleMap' with GeneratedClass '/Game/FirstPersonBP/Maps/FirstPersonExampleMap.FirstPersonExampleMap_C' with ClassGeneratedBy '/Game/FirstPersonBP/Maps/FirstPersonExampleMap.FirstPersonExampleMap:PersistentLevel.FirstPersonExampleMap'
[2016.03.23-00.39.13:711][384]LogParticles: Destroying 0 GPU particle simulations for FXSystem 0x000000000F893560
[2016.03.23-00.39.46:332][870]LogEditorViewport: Clicking on Actor (LMB): Game5_C (Game5)
[2016.03.23-00.39.51:759][251]LogEditorViewport: Clicking on Actor (LMB): Game5_C (Game5)
[2016.03.23-00.39.52:689][328]LogEditorViewport: Clicking on Actor (LMB): Game5_C (Game5)
[2016.03.23-00.40.24:669][662]BlueprintLog: New page: Compile FirstPersonExampleMap
[2016.03.23-00.40.24:775][662]BlueprintEditorCompileResults: Info [0346.77] Compile of FirstPersonExampleMap successful! [in 105 ms]
[2016.03.23-00.40.25:582][723]LogBlueprintUserMessages: Early PlayInEditor Detection: Level '/Game/FirstPersonBP/Maps/FirstPersonExampleMap.FirstPersonExampleMap:PersistentLevel' has LevelScriptBlueprint '/Game/FirstPersonBP/Maps/FirstPersonExampleMap.FirstPersonExampleMap:PersistentLevel.FirstPersonExampleMap' with GeneratedClass '/Game/FirstPersonBP/Maps/FirstPersonExampleMap.FirstPersonExampleMap_C' with ClassGeneratedBy '/Game/FirstPersonBP/Maps/FirstPersonExampleMap.FirstPersonExampleMap:PersistentLevel.FirstPersonExampleMap'
[2016.03.23-00.40.25:582][723]LogPlayLevel: PlayLevel: No blueprints needed recompiling
[2016.03.23-00.40.25:583][723]OCULUS: Info: 03/23/16 00:40:25: [IPC] Call Stats for Hmd_Create : x1: C2S=42.2468, S2C=7.95234, Runtime=17.6442 (microseconds) C2Ssize=19, S2Csize=171 (bytes)

[2016.03.23-00.40.25:583][723]OCULUS: Info: 03/23/16 00:40:25: [IPC] Call Stats for Hmd_GetHmdInfo : x1: C2S=15.9047, S2C=23.857, Runtime=6.70978 (microseconds) C2Ssize=23, S2Csize=803 (bytes)

[2016.03.23-00.40.25:583][723]OCULUS: Info: 03/23/16 00:40:25: [IPC] Call Stats for SetNumberValue : x1: C2S=13.1711, S2C=6.46127, Runtime=7.95234 (microseconds) C2Ssize=55, S2Csize=25 (bytes)

[2016.03.23-00.40.25:583][723]OCULUS: Info: 03/23/16 00:40:25: [IPC] Call Stats for SetNumberValues : x1: C2S=27.8332, S2C=5.71574, Runtime=13.6681 (microseconds) C2Ssize=81, S2Csize=25 (bytes)

[2016.03.23-00.40.25:583][723]OCULUS: Info: 03/23/16 00:40:25: [IPC] Call Stats for Hmd_SetEnabledCaps : x1: C2S=15.9047, S2C=4.7217, Runtime=120.528 (microseconds) C2Ssize=35, S2Csize=33 (bytes)

[2016.03.23-00.40.25:584][723]OCULUS: Info: 03/23/16 00:40:25: [IPC] Call Stats for Hmd_ConfigureTracking : x2: C2S=430.296, S2C=5.09447, Runtime=40.7557 (microseconds) C2Ssize=46, S2Csize=25 (bytes)

[2016.03.23-00.40.25:584][723]LogHMD:Warning: HMD Oculus Rift DK1, res = 1280 x 800
[2016.03.23-00.40.25:584][723]PIE: New page: PIE session: FirstPersonExampleMap (23 Mar 2016 00:40:25)
[2016.03.23-00.40.25:584][723]LogPlayLevel: Creating play world package: /Game/FirstPersonBP/Maps/UEDPIE_0_FirstPersonExampleMap
[2016.03.23-00.40.25:628][723]LogPlayLevel: PIE: StaticDuplicateObject took: (0.043121s)
[2016.03.23-00.40.25:630][723]LogAIModule: Creating AISystem for world FirstPersonExampleMap
[2016.03.23-00.40.25:630][723]LogPlayLevel: PIE: World Init took: (0.002766s)
[2016.03.23-00.40.25:631][723]LogPlayLevel: PIE: Created PIE world by copying editor world from /Game/FirstPersonBP/Maps/FirstPersonExampleMap.FirstPersonExampleMap to /Game/FirstPersonBP/Maps/UEDPIE_0_FirstPersonExampleMap.FirstPersonExampleMap (0.046187s)
[2016.03.23-00.40.25:698][723]LogInit: XAudio2 using 'Speakers (Realtek High Definition Audio)' : 2 channels at 48 kHz using 32 bits per sample (channel mask 0x3)
[2016.03.23-00.40.25:712][723]LogInit: FAudioDevice initialized.
[2016.03.23-00.40.25:751][723]LogWorld: Game class is 'FirstPersonGameMode_C'
[2016.03.23-00.40.25:758][723]LogWorld: Bringing World /Game/FirstPersonBP/Maps/UEDPIE_0_FirstPersonExampleMap.FirstPersonExampleMap up for play (max tick rate 0) at 2016.03.23-00.40.25
[2016.03.23-00.40.25:758][723]LogActor:Warning: GameSession /Game/FirstPersonBP/Maps/UEDPIE_0_FirstPersonExampleMap.FirstPersonExampleMap:PersistentLevel.GameSession_4 has natively added scene component(s), but none of them were set as the actor's RootComponent - picking one arbitrarily
[2016.03.23-00.40.25:758][723]LogActor:Warning: GameNetworkManager /Game/FirstPersonBP/Maps/UEDPIE_0_FirstPersonExampleMap.FirstPersonExampleMap:PersistentLevel.GameNetworkManager_4 has natively added scene component(s), but none of them were set as the actor's RootComponent - picking one arbitrarily
[2016.03.23-00.40.25:759][723]LogWorld: Bringing up level for play took: 0.007128
[2016.03.23-00.40.25:760][723]PIE: Info Play in editor start time for /Game/FirstPersonBP/Maps/UEDPIE_0_FirstPersonExampleMap -0.739
[2016.03.23-00.40.25:760][723]LogBlueprintUserMessages: Late PlayInEditor Detection: Level '/Game/FirstPersonBP/Maps/FirstPersonExampleMap.FirstPersonExampleMap:PersistentLevel' has LevelScriptBlueprint '/Game/FirstPersonBP/Maps/FirstPersonExampleMap.FirstPersonExampleMap:PersistentLevel.FirstPersonExampleMap' with GeneratedClass '/Game/FirstPersonBP/Maps/FirstPersonExampleMap.FirstPersonExampleMap_C' with ClassGeneratedBy '/Game/FirstPersonBP/Maps/FirstPersonExampleMap.FirstPersonExampleMap:PersistentLevel.FirstPersonExampleMap'
[2016.03.23-00.40.36:666][714]LogBlueprintUserMessages: Early EndPlayMap Detection: Level '/Game/FirstPersonBP/Maps/FirstPersonExampleMap.FirstPersonExampleMap:PersistentLevel' has LevelScriptBlueprint '/Game/FirstPersonBP/Maps/FirstPersonExampleMap.FirstPersonExampleMap:PersistentLevel.FirstPersonExampleMap' with GeneratedClass '/Game/FirstPersonBP/Maps/FirstPersonExampleMap.FirstPersonExampleMap_C' with ClassGeneratedBy '/Game/FirstPersonBP/Maps/FirstPersonExampleMap.FirstPersonExampleMap:PersistentLevel.FirstPersonExampleMap'
[2016.03.23-00.40.36:667][714]OCULUS: Info: 03/23/16 00:40:36: [IPC] Call Stats for Hmd_Release : x1: C2S=30.3183, S2C=6.70978, Runtime=75.2987 (microseconds) C2Ssize=20, S2Csize=25 (bytes)

[2016.03.23-00.40.36:702][714]LogBlueprintUserMessages: Late EndPlayMap Detection: Level '/Game/FirstPersonBP/Maps/FirstPersonExampleMap.FirstPersonExampleMap:PersistentLevel' has LevelScriptBlueprint '/Game/FirstPersonBP/Maps/FirstPersonExampleMap.FirstPersonExampleMap:PersistentLevel.FirstPersonExampleMap' with GeneratedClass '/Game/FirstPersonBP/Maps/FirstPersonExampleMap.FirstPersonExampleMap_C' with ClassGeneratedBy '/Game/FirstPersonBP/Maps/FirstPersonExampleMap.FirstPersonExampleMap:PersistentLevel.FirstPersonExampleMap'
[2016.03.23-00.40.36:798][715]LogParticles: Destroying 0 GPU particle simulations for FXSystem 0x0000000052F0F880
[2016.03.23-00.41.14:707][581]LogEditorViewport: Clicking on Actor (context menu): Game1_C (Game1)
[2016.03.23-00.41.22:387][ 75]Cmd: ACTOR MIRROR X=-1
[2016.03.23-00.41.30:055][670]LogBlueprintUserMessages: Early PlayInEditor Detection: Level '/Game/FirstPersonBP/Maps/FirstPersonExampleMap.FirstPersonExampleMap:PersistentLevel' has LevelScriptBlueprint '/Game/FirstPersonBP/Maps/FirstPersonExampleMap.FirstPersonExampleMap:PersistentLevel.FirstPersonExampleMap' with GeneratedClass '/Game/FirstPersonBP/Maps/FirstPersonExampleMap.FirstPersonExampleMap_C' with ClassGeneratedBy '/Game/FirstPersonBP/Maps/FirstPersonExampleMap.FirstPersonExampleMap:PersistentLevel.FirstPersonExampleMap'
[2016.03.23-00.41.30:055][670]LogPlayLevel: PlayLevel: No blueprints needed recompiling
[2016.03.23-00.41.30:055][670]OCULUS: Info: 03/23/16 00:41:30: [IPC] Call Stats for Hmd_Create : x1: C2S=44.2349, S2C=5.21872, Runtime=17.1472 (microseconds) C2Ssize=19, S2Csize=171 (bytes)

[2016.03.23-00.41.30:055][670]OCULUS: Info: 03/23/16 00:41:30: [IPC] Call Stats for Hmd_GetHmdInfo : x1: C2S=22.6145, S2C=91.4519, Runtime=8.20085 (microseconds) C2Ssize=23, S2Csize=803 (bytes)

[2016.03.23-00.41.30:055][670]OCULUS: Info: 03/23/16 00:41:30: [IPC] Call Stats for SetNumberValue : x1: C2S=17.8928, S2C=2.98213, Runtime=8.20085 (microseconds) C2Ssize=55, S2Csize=25 (bytes)

[2016.03.23-00.41.30:056][670]OCULUS: Info: 03/23/16 00:41:30: [IPC] Call Stats for SetNumberValues : x1: C2S=17.1472, S2C=3.23064, Runtime=4.22468 (microseconds) C2Ssize=81, S2Csize=25 (bytes)

[2016.03.23-00.41.30:056][670]OCULUS: Info: 03/23/16 00:41:30: [IPC] Call Stats for Hmd_SetEnabledCaps : x1: C2S=18.1413, S2C=2.48511, Runtime=82.754 (microseconds) C2Ssize=35, S2Csize=33 (bytes)

[2016.03.23-00.41.30:056][670]OCULUS: Info: 03/23/16 00:41:30: [IPC] Call Stats for Hmd_ConfigureTracking : x2: C2S=26.3421, S2C=2.36085, Runtime=48.211 (microseconds) C2Ssize=46, S2Csize=25 (bytes)

[2016.03.23-00.41.30:056][670]LogHMD:Warning: HMD Oculus Rift DK1, res = 1280 x 800
[2016.03.23-00.41.30:056][670]PIE: New page: PIE session: FirstPersonExampleMap (23 Mar 2016 00:41:30)
[2016.03.23-00.41.30:056][670]LogPlayLevel: Creating play world package: /Game/FirstPersonBP/Maps/UEDPIE_0_FirstPersonExampleMap
[2016.03.23-00.41.30:102][670]LogPlayLevel: PIE: StaticDuplicateObject took: (0.045940s)
[2016.03.23-00.41.30:105][670]LogAIModule: Creating AISystem for world FirstPersonExampleMap
[2016.03.23-00.41.30:105][670]LogPlayLevel: PIE: World Init took: (0.002549s)
[2016.03.23-00.41.30:105][670]LogPlayLevel: PIE: Created PIE world by copying editor world from /Game/FirstPersonBP/Maps/FirstPersonExampleMap.FirstPersonExampleMap to /Game/FirstPersonBP/Maps/UEDPIE_0_FirstPersonExampleMap.FirstPersonExampleMap (0.048774s)
[2016.03.23-00.41.30:169][670]LogInit: XAudio2 using 'Speakers (Realtek High Definition Audio)' : 2 channels at 48 kHz using 32 bits per sample (channel mask 0x3)
[2016.03.23-00.41.30:182][670]LogInit: FAudioDevice initialized.
[2016.03.23-00.41.30:215][670]LogWorld: Game class is 'FirstPersonGameMode_C'
[2016.03.23-00.41.30:222][670]LogWorld: Bringing World /Game/FirstPersonBP/Maps/UEDPIE_0_FirstPersonExampleMap.FirstPersonExampleMap up for play (max tick rate 0) at 2016.03.23-00.41.30
[2016.03.23-00.41.30:222][670]LogActor:Warning: GameSession /Game/FirstPersonBP/Maps/UEDPIE_0_FirstPersonExampleMap.FirstPersonExampleMap:PersistentLevel.GameSession_5 has natively added scene component(s), but none of them were set as the actor's RootComponent - picking one arbitrarily
[2016.03.23-00.41.30:222][670]LogActor:Warning: GameNetworkManager /Game/FirstPersonBP/Maps/UEDPIE_0_FirstPersonExampleMap.FirstPersonExampleMap:PersistentLevel.GameNetworkManager_5 has natively added scene component(s), but none of them were set as the actor's RootComponent - picking one arbitrarily
[2016.03.23-00.41.30:222][670]LogWorld: Bringing up level for play took: 0.006641
[2016.03.23-00.41.30:224][670]PIE: Info Play in editor start time for /Game/FirstPersonBP/Maps/UEDPIE_0_FirstPersonExampleMap -0.277
[2016.03.23-00.41.30:224][670]LogBlueprintUserMessages: Late PlayInEditor Detection: Level '/Game/FirstPersonBP/Maps/FirstPersonExampleMap.FirstPersonExampleMap:PersistentLevel' has LevelScriptBlueprint '/Game/FirstPersonBP/Maps/FirstPersonExampleMap.FirstPersonExampleMap:PersistentLevel.FirstPersonExampleMap' with GeneratedClass '/Game/FirstPersonBP/Maps/FirstPersonExampleMap.FirstPersonExampleMap_C' with ClassGeneratedBy '/Game/FirstPersonBP/Maps/FirstPersonExampleMap.FirstPersonExampleMap:PersistentLevel.FirstPersonExampleMap'
[2016.03.23-00.41.43:119][853]LogBlueprintUserMessages: Early EndPlayMap Detection: Level '/Game/FirstPersonBP/Maps/FirstPersonExampleMap.FirstPersonExampleMap:PersistentLevel' has LevelScriptBlueprint '/Game/FirstPersonBP/Maps/FirstPersonExampleMap.FirstPersonExampleMap:PersistentLevel.FirstPersonExampleMap' with GeneratedClass '/Game/FirstPersonBP/Maps/FirstPersonExampleMap.FirstPersonExampleMap_C' with ClassGeneratedBy '/Game/FirstPersonBP/Maps/FirstPersonExampleMap.FirstPersonExampleMap:PersistentLevel.FirstPersonExampleMap'
[2016.03.23-00.41.43:120][853]OCULUS: Info: 03/23/16 00:41:43: [IPC] Call Stats for Hmd_Release : x1: C2S=32.3064, S2C=10.1889, Runtime=86.7302 (microseconds) C2Ssize=20, S2Csize=25 (bytes)

[2016.03.23-00.41.43:160][853]LogBlueprintUserMessages: Late EndPlayMap Detection: Level '/Game/FirstPersonBP/Maps/FirstPersonExampleMap.FirstPersonExampleMap:PersistentLevel' has LevelScriptBlueprint '/Game/FirstPersonBP/Maps/FirstPersonExampleMap.FirstPersonExampleMap:PersistentLevel.FirstPersonExampleMap' with GeneratedClass '/Game/FirstPersonBP/Maps/FirstPersonExampleMap.FirstPersonExampleMap_C' with ClassGeneratedBy '/Game/FirstPersonBP/Maps/FirstPersonExampleMap.FirstPersonExampleMap:PersistentLevel.FirstPersonExampleMap'
[2016.03.23-00.41.43:261][854]LogParticles: Destroying 0 GPU particle simulations for FXSystem 0x0000000052F88EA0
[2016.03.23-00.41.45:844][ 58]Cmd: TRANSACTION UNDO
[2016.03.23-00.41.45:844][ 58]LogEditorTransaction: Undo Mirroring Actors
[2016.03.23-00.45.34:172][424]BlueprintLog: New page: Compile FirstPersonExampleMap
[2016.03.23-00.45.34:283][424]BlueprintEditorCompileResults: Info [0656.27] Compile of FirstPersonExampleMap successful! [in 110 ms]
[2016.03.23-00.45.35:129][488]LogBlueprintUserMessages: Early PlayInEditor Detection: Level '/Game/FirstPersonBP/Maps/FirstPersonExampleMap.FirstPersonExampleMap:PersistentLevel' has LevelScriptBlueprint '/Game/FirstPersonBP/Maps/FirstPersonExampleMap.FirstPersonExampleMap:PersistentLevel.FirstPersonExampleMap' with GeneratedClass '/Game/FirstPersonBP/Maps/FirstPersonExampleMap.FirstPersonExampleMap_C' with ClassGeneratedBy '/Game/FirstPersonBP/Maps/FirstPersonExampleMap.FirstPersonExampleMap:PersistentLevel.FirstPersonExampleMap'
[2016.03.23-00.45.35:130][488]LogPlayLevel: PlayLevel: No blueprints needed recompiling
[2016.03.23-00.45.35:130][488]OCULUS: Info: 03/23/16 00:45:35: [IPC] Call Stats for Hmd_Create : x1: C2S=210.737, S2C=4.97021, Runtime=16.8987 (microseconds) C2Ssize=19, S2Csize=171 (bytes)

[2016.03.23-00.45.35:130][488]OCULUS: Info: 03/23/16 00:45:35: [IPC] Call Stats for Hmd_GetHmdInfo : x1: C2S=25.3481, S2C=8.20085, Runtime=7.95234 (microseconds) C2Ssize=23, S2Csize=803 (bytes)

[2016.03.23-00.45.35:130][488]OCULUS: Info: 03/23/16 00:45:35: [IPC] Call Stats for SetNumberValue : x1: C2S=17.6442, S2C=13.6681, Runtime=7.95234 (microseconds) C2Ssize=55, S2Csize=25 (bytes)

[2016.03.23-00.45.35:130][488]OCULUS: Info: 03/23/16 00:45:35: [IPC] Call Stats for SetNumberValues : x1: C2S=16.1532, S2C=7.45532, Runtime=4.47319 (microseconds) C2Ssize=81, S2Csize=25 (bytes)

[2016.03.23-00.45.35:131][488]OCULUS: Info: 03/23/16 00:45:35: [IPC] Call Stats for Hmd_SetEnabledCaps : x1: C2S=13.1711, S2C=2.48511, Runtime=121.273 (microseconds) C2Ssize=35, S2Csize=33 (bytes)

[2016.03.23-00.45.35:131][488]OCULUS: Info: 03/23/16 00:45:35: [IPC] Call Stats for Hmd_ConfigureTracking : x2: C2S=17.023, S2C=3.85191, Runtime=66.6008 (microseconds) C2Ssize=46, S2Csize=25 (bytes)

[2016.03.23-00.45.35:131][488]LogHMD:Warning: HMD Oculus Rift DK1, res = 1280 x 800
[2016.03.23-00.45.35:132][488]PIE: New page: PIE session: FirstPersonExampleMap (23 Mar 2016 00:45:35)
[2016.03.23-00.45.35:132][488]LogPlayLevel: Creating play world package: /Game/FirstPersonBP/Maps/UEDPIE_0_FirstPersonExampleMap
[2016.03.23-00.45.35:171][488]LogPlayLevel: PIE: StaticDuplicateObject took: (0.039126s)
[2016.03.23-00.45.35:174][488]LogAIModule: Creating AISystem for world FirstPersonExampleMap
[2016.03.23-00.45.35:175][488]LogPlayLevel: PIE: World Init took: (0.003776s)
[2016.03.23-00.45.35:175][488]LogPlayLevel: PIE: Created PIE world by copying editor world from /Game/FirstPersonBP/Maps/FirstPersonExampleMap.FirstPersonExampleMap to /Game/FirstPersonBP/Maps/UEDPIE_0_FirstPersonExampleMap.FirstPersonExampleMap (0.043241s)
[2016.03.23-00.45.35:245][488]LogInit: XAudio2 using 'Speakers (Realtek High Definition Audio)' : 2 channels at 48 kHz using 32 bits per sample (channel mask 0x3)
[2016.03.23-00.45.35:257][488]LogInit: FAudioDevice initialized.
[2016.03.23-00.45.35:299][488]LogWorld: Game class is 'FirstPersonGameMode_C'
[2016.03.23-00.45.35:305][488]LogWorld: Bringing World /Game/FirstPersonBP/Maps/UEDPIE_0_FirstPersonExampleMap.FirstPersonExampleMap up for play (max tick rate 0) at 2016.03.23-00.45.35
[2016.03.23-00.45.35:305][488]LogActor:Warning: GameSession /Game/FirstPersonBP/Maps/UEDPIE_0_FirstPersonExampleMap.FirstPersonExampleMap:PersistentLevel.GameSession_6 has natively added scene component(s), but none of them were set as the actor's RootComponent - picking one arbitrarily
[2016.03.23-00.45.35:305][488]LogActor:Warning: GameNetworkManager /Game/FirstPersonBP/Maps/UEDPIE_0_FirstPersonExampleMap.FirstPersonExampleMap:PersistentLevel.GameNetworkManager_6 has natively added scene component(s), but none of them were set as the actor's RootComponent - picking one arbitrarily
[2016.03.23-00.45.35:306][488]LogWorld: Bringing up level for play took: 0.006226
[2016.03.23-00.45.35:307][488]PIE: Info Play in editor start time for /Game/FirstPersonBP/Maps/UEDPIE_0_FirstPersonExampleMap 0.804
[2016.03.23-00.45.35:307][488]LogBlueprintUserMessages: Late PlayInEditor Detection: Level '/Game/FirstPersonBP/Maps/FirstPersonExampleMap.FirstPersonExampleMap:PersistentLevel' has LevelScriptBlueprint '/Game/FirstPersonBP/Maps/FirstPersonExampleMap.FirstPersonExampleMap:PersistentLevel.FirstPersonExampleMap' with GeneratedClass '/Game/FirstPersonBP/Maps/FirstPersonExampleMap.FirstPersonExampleMap_C' with ClassGeneratedBy '/Game/FirstPersonBP/Maps/FirstPersonExampleMap.FirstPersonExampleMap:PersistentLevel.FirstPersonExampleMap'
[2016.03.23-00.45.44:502][318]LogBlueprintUserMessages: Early EndPlayMap Detection: Level '/Game/FirstPersonBP/Maps/FirstPersonExampleMap.FirstPersonExampleMap:PersistentLevel' has LevelScriptBlueprint '/Game/FirstPersonBP/Maps/FirstPersonExampleMap.FirstPersonExampleMap:PersistentLevel.FirstPersonExampleMap' with GeneratedClass '/Game/FirstPersonBP/Maps/FirstPersonExampleMap.FirstPersonExampleMap_C' with ClassGeneratedBy '/Game/FirstPersonBP/Maps/FirstPersonExampleMap.FirstPersonExampleMap:PersistentLevel.FirstPersonExampleMap'
[2016.03.23-00.45.44:503][318]OCULUS: Info: 03/23/16 00:45:44: [IPC] Call Stats for Hmd_Release : x1: C2S=32.8034, S2C=5.21872, Runtime=74.3047 (microseconds) C2Ssize=20, S2Csize=25 (bytes)

[2016.03.23-00.45.44:542][318]LogBlueprintUserMessages: Late EndPlayMap Detection: Level '/Game/FirstPersonBP/Maps/FirstPersonExampleMap.FirstPersonExampleMap:PersistentLevel' has LevelScriptBlueprint '/Game/FirstPersonBP/Maps/FirstPersonExampleMap.FirstPersonExampleMap:PersistentLevel.FirstPersonExampleMap' with GeneratedClass '/Game/FirstPersonBP/Maps/FirstPersonExampleMap.FirstPersonExampleMap_C' with ClassGeneratedBy '/Game/FirstPersonBP/Maps/FirstPersonExampleMap.FirstPersonExampleMap:PersistentLevel.FirstPersonExampleMap'
[2016.03.23-00.45.44:635][319]LogParticles: Destroying 0 GPU particle simulations for FXSystem 0x0000000018E25300
[2016.03.23-00.47.03:698][652]LogSavePackage: Save=3039.084717ms
[2016.03.23-00.47.03:698][652]LogSavePackage: Moving '../../../../../../Users/Zain/Documents/GitHub/VRGameDatabase/Saved/FirstPersonExampleMap_Auto1DA622FF846B4A2CC3799D5BB2C8DD3C5.tmp' to '../../../../../../Users/Zain/Documents/GitHub/VRGameDatabase/Saved/Autosaves/Game/FirstPersonBP/Maps/FirstPersonExampleMap_Auto1.umap'
[2016.03.23-00.47.03:706][652]LogSavePackage: Total save time: 3239.888232ms
[2016.03.23-00.47.03:706][652]LogSavePackage:Display: Finished SavePackage ../../../../../../Users/Zain/Documents/GitHub/VRGameDatabase/Saved/Autosaves/Game/FirstPersonBP/Maps/FirstPersonExampleMap_Auto1.umap
[2016.03.23-00.47.03:709][652]LogFileHelpers: Editor autosave (incl. sublevels) for '/Game/FirstPersonBP/Maps/FirstPersonExampleMap' took 3.319
[2016.03.23-00.47.03:709][652]LogFileHelpers: Editor autosave (incl. sublevels) for all levels took 3.319
[2016.03.23-00.47.12:818][685]LogEditorViewport: Clicking on Actor (LMB): StaticMeshActor (Wall1)
[2016.03.23-00.47.13:413][728]LogEditorViewport: Clicking on Actor (LMB): StaticMeshActor (Wall1)
[2016.03.23-00.47.13:464][730]LogEditorViewport: Clicking on Component (LMB): StaticMeshComponent (StaticMeshComponent0)
[2016.03.23-00.47.14:575][813]LogEditorViewport: Clicking on Actor (LMB): StartButton_C (StartButton)
[2016.03.23-00.47.15:513][888]LogEditorViewport: Clicking on Actor (LMB): StartButton_C (StartButton)
[2016.03.23-00.47.15:574][891]LogEditorViewport: Clicking on Component (LMB): WidgetComponent (Start)
[2016.03.23-00.47.16:477][962]LogEditorViewport: Clicking on Component (LMB): WidgetComponent (Start)
[2016.03.23-00.47.16:524][964]LogEditorViewport: Clicking on Actor (double click): StartButton_C (StartButton)
[2016.03.23-00.47.17:331][ 29]LogEditorViewport: Clicking on Actor (LMB): StartButton_C (StartButton)
[2016.03.23-00.47.17:386][ 32]LogEditorViewport: Clicking on Component (LMB): WidgetComponent (Start)
[2016.03.23-00.47.56:947][881]LogRenderer: Reallocating scene render targets to support 1452x692 (Frame:43945).
[2016.03.23-00.48.05:673][466]BlueprintLog: New page: Compile Game1
[2016.03.23-00.48.05:676][466]LogBlueprint:Warning: [FirstPersonExampleMap] CreatePinForVariable: 'DefaultSceneRoot' variable not found. Base class was probably changed.
[2016.03.23-00.48.05:680][466]LogBlueprint:Warning: [compiler FirstPersonExampleMap] Warning Could not find a variable named "DefaultSceneRoot" in 'Game1_C'.
Make sure 'Game1_C' has been compiled for  Get DefaultSceneRoot 
[2016.03.23-00.48.05:829][466]BlueprintEditorCompileResults: Info [0807.82] Compile of Game1 successful! [in 156 ms]
[2016.03.23-00.48.10:235][757]BlueprintLog: New page: Compile Game1
[2016.03.23-00.48.10:240][757]LogBlueprint:Warning: [FirstPersonExampleMap] CreatePinForVariable: 'DefaultSceneRoot' variable not found. Base class was probably changed.
[2016.03.23-00.48.10:381][757]BlueprintEditorCompileResults: Info [0812.37] Compile of Game1 successful! [in 145 ms]
[2016.03.23-00.48.12:016][879]Cmd: OBJ SAVEPACKAGE PACKAGE="/Game/FirstPersonBP/UMG/Game_Actors/Game1" FILE="../../../../../../Users/Zain/Documents/GitHub/VRGameDatabase/Content/FirstPersonBP/UMG/Game_Actors/Game1.uasset" SILENT=true
[2016.03.23-00.48.12:034][879]LogSavePackage: Save=12.517974ms
[2016.03.23-00.48.12:035][879]LogSavePackage: Moving '../../../../../../Users/Zain/Documents/GitHub/VRGameDatabase/Saved/Game1B5E6DD144B85BED910D7C3B6A59D8FC6.tmp' to '../../../../../../Users/Zain/Documents/GitHub/VRGameDatabase/Content/FirstPersonBP/UMG/Game_Actors/Game1.uasset'
[2016.03.23-00.48.12:039][879]LogSavePackage: Total save time: 20.219564ms
[2016.03.23-00.48.12:039][879]LogSavePackage:Display: Finished SavePackage ../../../../../../Users/Zain/Documents/GitHub/VRGameDatabase/Content/FirstPersonBP/UMG/Game_Actors/Game1.uasset
[2016.03.23-00.48.12:245][893]Cmd: OBJ SAVEPACKAGE PACKAGE="/Game/FirstPersonBP/UMG/Game_Actors/Game1" FILE="../../../../../../Users/Zain/Documents/GitHub/VRGameDatabase/Content/FirstPersonBP/UMG/Game_Actors/Game1.uasset" SILENT=true
[2016.03.23-00.48.12:262][893]LogSavePackage: Save=12.598988ms
[2016.03.23-00.48.12:262][893]LogSavePackage: Moving '../../../../../../Users/Zain/Documents/GitHub/VRGameDatabase/Saved/Game18E9EFDD5410A5CBC6CF63985089E0F58.tmp' to '../../../../../../Users/Zain/Documents/GitHub/VRGameDatabase/Content/FirstPersonBP/UMG/Game_Actors/Game1.uasset'
[2016.03.23-00.48.12:265][893]LogSavePackage: Total save time: 17.860454ms
[2016.03.23-00.48.12:265][893]LogSavePackage:Display: Finished SavePackage ../../../../../../Users/Zain/Documents/GitHub/VRGameDatabase/Content/FirstPersonBP/UMG/Game_Actors/Game1.uasset
[2016.03.23-00.48.40:594][282]LogEditorViewport: Clicking on Actor (LMB): StartButton_C (StartButton)
[2016.03.23-00.48.42:973][551]LogEditorViewport: Clicking on Actor (LMB): Game1_C (Game1)
[2016.03.23-00.49.05:418][403]LogEditorViewport: Clicking on Actor (LMB): Game1_C (Game1)
[2016.03.23-00.49.17:960][323]BlueprintLog: New page: Compile FirstPersonExampleMap
[2016.03.23-00.49.18:017][323]LogActorComponent: UnregisterComponent: (/Engine/Transient.ProjectileMovementComponent_40__A6522401) Not registered. Aborting.
[2016.03.23-00.49.18:066][323]LogParticles: Destroying 0 GPU particle simulations for FXSystem 0x0000000035BC0180
[2016.03.23-00.49.18:074][323]BlueprintEditorCompileResults: Info [0880.06] Compile of FirstPersonExampleMap successful! [in 113 ms]
[2016.03.23-00.49.18:973][392]LogBlueprintUserMessages: Early PlayInEditor Detection: Level '/Game/FirstPersonBP/Maps/FirstPersonExampleMap.FirstPersonExampleMap:PersistentLevel' has LevelScriptBlueprint '/Game/FirstPersonBP/Maps/FirstPersonExampleMap.FirstPersonExampleMap:PersistentLevel.FirstPersonExampleMap' with GeneratedClass '/Game/FirstPersonBP/Maps/FirstPersonExampleMap.FirstPersonExampleMap_C' with ClassGeneratedBy '/Game/FirstPersonBP/Maps/FirstPersonExampleMap.FirstPersonExampleMap:PersistentLevel.FirstPersonExampleMap'
[2016.03.23-00.49.18:973][392]LogPlayLevel: PlayLevel: No blueprints needed recompiling
[2016.03.23-00.49.18:973][392]OCULUS: Info: 03/23/16 00:49:18: [IPC] Call Stats for Hmd_Create : x1: C2S=31.5608, S2C=11.183, Runtime=17.3957 (microseconds) C2Ssize=19, S2Csize=171 (bytes)

[2016.03.23-00.49.18:973][392]OCULUS: Info: 03/23/16 00:49:18: [IPC] Call Stats for Hmd_GetHmdInfo : x1: C2S=26.0936, S2C=9.4434, Runtime=13.4196 (microseconds) C2Ssize=23, S2Csize=803 (bytes)

[2016.03.23-00.49.18:974][392]OCULUS: Info: 03/23/16 00:49:18: [IPC] Call Stats for SetNumberValue : x1: C2S=88.9668, S2C=4.7217, Runtime=8.94638 (microseconds) C2Ssize=55, S2Csize=25 (bytes)

[2016.03.23-00.49.18:974][392]OCULUS: Info: 03/23/16 00:49:18: [IPC] Call Stats for SetNumberValues : x1: C2S=15.6562, S2C=4.7217, Runtime=4.22468 (microseconds) C2Ssize=81, S2Csize=25 (bytes)

[2016.03.23-00.49.18:974][392]OCULUS: Info: 03/23/16 00:49:18: [IPC] Call Stats for Hmd_SetEnabledCaps : x1: C2S=14.4136, S2C=3.23064, Runtime=60.8851 (microseconds) C2Ssize=35, S2Csize=33 (bytes)

[2016.03.23-00.49.18:974][392]OCULUS: Info: 03/23/16 00:49:18: [IPC] Call Stats for Hmd_ConfigureTracking : x2: C2S=43.8621, S2C=3.47915, Runtime=35.9098 (microseconds) C2Ssize=46, S2Csize=25 (bytes)

[2016.03.23-00.49.18:974][392]LogHMD:Warning: HMD Oculus Rift DK1, res = 1280 x 800
[2016.03.23-00.49.18:974][392]PIE: New page: PIE session: FirstPersonExampleMap (23 Mar 2016 00:49:18)
[2016.03.23-00.49.18:974][392]LogPlayLevel: Creating play world package: /Game/FirstPersonBP/Maps/UEDPIE_0_FirstPersonExampleMap
[2016.03.23-00.49.19:013][392]LogPlayLevel: PIE: StaticDuplicateObject took: (0.038606s)
[2016.03.23-00.49.19:015][392]LogAIModule: Creating AISystem for world FirstPersonExampleMap
[2016.03.23-00.49.19:015][392]LogPlayLevel: PIE: World Init took: (0.002107s)
[2016.03.23-00.49.19:015][392]LogPlayLevel: PIE: Created PIE world by copying editor world from /Game/FirstPersonBP/Maps/FirstPersonExampleMap.FirstPersonExampleMap to /Game/FirstPersonBP/Maps/UEDPIE_0_FirstPersonExampleMap.FirstPersonExampleMap (0.041023s)
[2016.03.23-00.49.19:082][392]LogInit: XAudio2 using 'Speakers (Realtek High Definition Audio)' : 2 channels at 48 kHz using 32 bits per sample (channel mask 0x3)
[2016.03.23-00.49.19:093][392]LogInit: FAudioDevice initialized.
[2016.03.23-00.49.19:131][392]LogWorld: Game class is 'FirstPersonGameMode_C'
[2016.03.23-00.49.19:137][392]LogWorld: Bringing World /Game/FirstPersonBP/Maps/UEDPIE_0_FirstPersonExampleMap.FirstPersonExampleMap up for play (max tick rate 0) at 2016.03.23-00.49.19
[2016.03.23-00.49.19:137][392]LogActor:Warning: GameSession /Game/FirstPersonBP/Maps/UEDPIE_0_FirstPersonExampleMap.FirstPersonExampleMap:PersistentLevel.GameSession_7 has natively added scene component(s), but none of them were set as the actor's RootComponent - picking one arbitrarily
[2016.03.23-00.49.19:138][392]LogActor:Warning: GameNetworkManager /Game/FirstPersonBP/Maps/UEDPIE_0_FirstPersonExampleMap.FirstPersonExampleMap:PersistentLevel.GameNetworkManager_7 has natively added scene component(s), but none of them were set as the actor's RootComponent - picking one arbitrarily
[2016.03.23-00.49.19:138][392]LogWorld: Bringing up level for play took: 0.006466
[2016.03.23-00.49.19:139][392]PIE: Info Play in editor start time for /Game/FirstPersonBP/Maps/UEDPIE_0_FirstPersonExampleMap 0.633
[2016.03.23-00.49.19:140][392]LogBlueprintUserMessages: Late PlayInEditor Detection: Level '/Game/FirstPersonBP/Maps/FirstPersonExampleMap.FirstPersonExampleMap:PersistentLevel' has LevelScriptBlueprint '/Game/FirstPersonBP/Maps/FirstPersonExampleMap.FirstPersonExampleMap:PersistentLevel.FirstPersonExampleMap' with GeneratedClass '/Game/FirstPersonBP/Maps/FirstPersonExampleMap.FirstPersonExampleMap_C' with ClassGeneratedBy '/Game/FirstPersonBP/Maps/FirstPersonExampleMap.FirstPersonExampleMap:PersistentLevel.FirstPersonExampleMap'
[2016.03.23-00.49.39:371][252]LogBlueprintUserMessages: Early EndPlayMap Detection: Level '/Game/FirstPersonBP/Maps/FirstPersonExampleMap.FirstPersonExampleMap:PersistentLevel' has LevelScriptBlueprint '/Game/FirstPersonBP/Maps/FirstPersonExampleMap.FirstPersonExampleMap:PersistentLevel.FirstPersonExampleMap' with GeneratedClass '/Game/FirstPersonBP/Maps/FirstPersonExampleMap.FirstPersonExampleMap_C' with ClassGeneratedBy '/Game/FirstPersonBP/Maps/FirstPersonExampleMap.FirstPersonExampleMap:PersistentLevel.FirstPersonExampleMap'
[2016.03.23-00.49.39:372][252]OCULUS: Info: 03/23/16 00:49:39: [IPC] Call Stats for Hmd_Release : x1: C2S=118.54, S2C=18.8868, Runtime=150.597 (microseconds) C2Ssize=20, S2Csize=25 (bytes)

[2016.03.23-00.49.39:410][252]LogBlueprintUserMessages: Late EndPlayMap Detection: Level '/Game/FirstPersonBP/Maps/FirstPersonExampleMap.FirstPersonExampleMap:PersistentLevel' has LevelScriptBlueprint '/Game/FirstPersonBP/Maps/FirstPersonExampleMap.FirstPersonExampleMap:PersistentLevel.FirstPersonExampleMap' with GeneratedClass '/Game/FirstPersonBP/Maps/FirstPersonExampleMap.FirstPersonExampleMap_C' with ClassGeneratedBy '/Game/FirstPersonBP/Maps/FirstPersonExampleMap.FirstPersonExampleMap:PersistentLevel.FirstPersonExampleMap'
[2016.03.23-00.49.39:503][253]LogParticles: Destroying 0 GPU particle simulations for FXSystem 0x0000000055B14720
[2016.03.23-00.50.05:745][154]LogEditorViewport: Clicking on Actor (LMB): StaticMeshActor (Floor)
[2016.03.23-00.51.25:580][864]BlueprintLog: New page: Compile FirstPersonExampleMap
[2016.03.23-00.51.25:690][864]BlueprintEditorCompileResults: Info [1007.68] Compile of FirstPersonExampleMap successful! [in 110 ms]
[2016.03.23-00.51.27:135][978]LogEditorViewport: Clicking on Actor (LMB): Game1_C (Game1)
[2016.03.23-00.51.31:909][185]LogBlueprintUserMessages: Early PlayInEditor Detection: Level '/Game/FirstPersonBP/Maps/FirstPersonExampleMap.FirstPersonExampleMap:PersistentLevel' has LevelScriptBlueprint '/Game/FirstPersonBP/Maps/FirstPersonExampleMap.FirstPersonExampleMap:PersistentLevel.FirstPersonExampleMap' with GeneratedClass '/Game/FirstPersonBP/Maps/FirstPersonExampleMap.FirstPersonExampleMap_C' with ClassGeneratedBy '/Game/FirstPersonBP/Maps/FirstPersonExampleMap.FirstPersonExampleMap:PersistentLevel.FirstPersonExampleMap'
[2016.03.23-00.51.31:909][185]LogPlayLevel: PlayLevel: No blueprints needed recompiling
[2016.03.23-00.51.31:909][185]OCULUS: Info: 03/23/16 00:51:31: [IPC] Call Stats for Hmd_Create : x1: C2S=42.7438, S2C=12.4255, Runtime=18.8868 (microseconds) C2Ssize=19, S2Csize=171 (bytes)

[2016.03.23-00.51.31:909][185]OCULUS: Info: 03/23/16 00:51:31: [IPC] Call Stats for Hmd_GetHmdInfo : x1: C2S=38.5191, S2C=9.4434, Runtime=14.6621 (microseconds) C2Ssize=23, S2Csize=803 (bytes)

[2016.03.23-00.51.31:910][185]OCULUS: Info: 03/23/16 00:51:31: [IPC] Call Stats for SetNumberValue : x1: C2S=21.3719, S2C=3.97617, Runtime=9.19489 (microseconds) C2Ssize=55, S2Csize=25 (bytes)

[2016.03.23-00.51.31:910][185]OCULUS: Info: 03/23/16 00:51:31: [IPC] Call Stats for SetNumberValues : x1: C2S=10.1889, S2C=4.47319, Runtime=4.22468 (microseconds) C2Ssize=81, S2Csize=25 (bytes)

[2016.03.23-00.51.31:910][185]OCULUS: Info: 03/23/16 00:51:31: [IPC] Call Stats for Hmd_SetEnabledCaps : x1: C2S=19.1353, S2C=7.20681, Runtime=61.8791 (microseconds) C2Ssize=35, S2Csize=33 (bytes)

[2016.03.23-00.51.31:910][185]OCULUS: Info: 03/23/16 00:51:31: [IPC] Call Stats for Hmd_ConfigureTracking : x2: C2S=17.7685, S2C=3.23064, Runtime=51.6902 (microseconds) C2Ssize=46, S2Csize=25 (bytes)

[2016.03.23-00.51.31:910][185]LogHMD:Warning: HMD Oculus Rift DK1, res = 1280 x 800
[2016.03.23-00.51.31:911][185]PIE: New page: PIE session: FirstPersonExampleMap (23 Mar 2016 00:51:31)
[2016.03.23-00.51.31:911][185]LogPlayLevel: Creating play world package: /Game/FirstPersonBP/Maps/UEDPIE_0_FirstPersonExampleMap
[2016.03.23-00.51.31:954][185]LogPlayLevel: PIE: StaticDuplicateObject took: (0.043553s)
[2016.03.23-00.51.31:956][185]LogAIModule: Creating AISystem for world FirstPersonExampleMap
[2016.03.23-00.51.31:957][185]LogPlayLevel: PIE: World Init took: (0.002297s)
[2016.03.23-00.51.31:957][185]LogPlayLevel: PIE: Created PIE world by copying editor world from /Game/FirstPersonBP/Maps/FirstPersonExampleMap.FirstPersonExampleMap to /Game/FirstPersonBP/Maps/UEDPIE_0_FirstPersonExampleMap.FirstPersonExampleMap (0.046170s)
[2016.03.23-00.51.32:029][185]LogInit: XAudio2 using 'Speakers (Realtek High Definition Audio)' : 2 channels at 48 kHz using 32 bits per sample (channel mask 0x3)
[2016.03.23-00.51.32:042][185]LogInit: FAudioDevice initialized.
[2016.03.23-00.51.32:078][185]LogWorld: Game class is 'FirstPersonGameMode_C'
[2016.03.23-00.51.32:085][185]LogWorld: Bringing World /Game/FirstPersonBP/Maps/UEDPIE_0_FirstPersonExampleMap.FirstPersonExampleMap up for play (max tick rate 0) at 2016.03.23-00.51.32
[2016.03.23-00.51.32:086][185]LogActor:Warning: GameSession /Game/FirstPersonBP/Maps/UEDPIE_0_FirstPersonExampleMap.FirstPersonExampleMap:PersistentLevel.GameSession_8 has natively added scene component(s), but none of them were set as the actor's RootComponent - picking one arbitrarily
[2016.03.23-00.51.32:086][185]LogActor:Warning: GameNetworkManager /Game/FirstPersonBP/Maps/UEDPIE_0_FirstPersonExampleMap.FirstPersonExampleMap:PersistentLevel.GameNetworkManager_8 has natively added scene component(s), but none of them were set as the actor's RootComponent - picking one arbitrarily
[2016.03.23-00.51.32:086][185]LogWorld: Bringing up level for play took: 0.006719
[2016.03.23-00.51.32:087][185]PIE: Info Play in editor start time for /Game/FirstPersonBP/Maps/UEDPIE_0_FirstPersonExampleMap -0.42
[2016.03.23-00.51.32:087][185]LogBlueprintUserMessages: Late PlayInEditor Detection: Level '/Game/FirstPersonBP/Maps/FirstPersonExampleMap.FirstPersonExampleMap:PersistentLevel' has LevelScriptBlueprint '/Game/FirstPersonBP/Maps/FirstPersonExampleMap.FirstPersonExampleMap:PersistentLevel.FirstPersonExampleMap' with GeneratedClass '/Game/FirstPersonBP/Maps/FirstPersonExampleMap.FirstPersonExampleMap_C' with ClassGeneratedBy '/Game/FirstPersonBP/Maps/FirstPersonExampleMap.FirstPersonExampleMap:PersistentLevel.FirstPersonExampleMap'
[2016.03.23-00.51.33:251][244]LogD3D11RHI: Timed out while waiting for GPU to catch up. (0.5 s)
[2016.03.23-00.51.36:911][244]LogD3D11RHI:Error: Direct3DDevice->CreateBuffer(&Desc,pInitData,VertexBufferResource.GetInitReference()) failed 
 at D:\BuildFarm\buildmachine_++depot+UE4-Releases+4.10\Engine\Source\Runtime\Windows\D3D11RHI\Private\D3D11VertexBuffer.cpp:75 
 with error DXGI_ERROR_DEVICE_REMOVED
[2016.03.23-00.51.39:794][244]LogWindows: FPlatformMisc::RequestExit(1)
[2016.03.23-00.51.39:794][244]Log file closed, 03/23/16 00:51:39
