[2016.03.22-04.19.19:244][  0]Log file open, 03/22/16 04:19:19
[2016.03.22-04.19.19:244][  0]LogInit:Display: Running engine for game: VRGameDatabase
[2016.03.22-04.19.19:244][  0]LogPlatformFile: Not using cached read wrapper
[2016.03.22-04.19.19:244][  0]LogInit:Display: RandInit(573370843) SRandInit(573370848).
[2016.03.22-04.19.19:244][  0]LogTaskGraph: Started task graph with 4 named threads and 5 total threads.
[2016.03.22-04.19.19:244][  0]LogStats: Stats thread started at 0.074418
[2016.03.22-04.19.19:244][  0]LogInit: Version: 4.10.4-2872498+++depot+UE4-Releases+4.10
[2016.03.22-04.19.19:244][  0]LogInit: API Version: 2758231
[2016.03.22-04.19.19:244][  0]LogInit: Compiled (64-bit): Feb 18 2016 15:47:04
[2016.03.22-04.19.19:244][  0]LogInit: Compiled with Visual C++: 19.00.23026.00
[2016.03.22-04.19.19:244][  0]LogInit: Build Configuration: Development
[2016.03.22-04.19.19:244][  0]LogInit: Branch Name: ++depot+UE4-Releases+4.10
[2016.03.22-04.19.19:244][  0]LogInit: Command line:  
[2016.03.22-04.19.19:244][  0]LogInit: Base directory: C:/Program Files (x86)/Epic Games/4.10/Engine/Binaries/Win64/
[2016.03.22-04.19.19:244][  0]LogInit: Rocket: 1
[2016.03.22-04.19.19:259][  0]LogInit: Using libcurl 7.41.0
[2016.03.22-04.19.19:259][  0]LogInit:  - built for x86_64-pc-win32
[2016.03.22-04.19.19:259][  0]LogInit:  - supports SSL with WinSSL
[2016.03.22-04.19.19:259][  0]LogInit:  - other features:
[2016.03.22-04.19.19:259][  0]LogInit:      CURL_VERSION_SSL
[2016.03.22-04.19.19:259][  0]LogInit:      CURL_VERSION_IPV6
[2016.03.22-04.19.19:259][  0]LogInit:      CURL_VERSION_ASYNCHDNS
[2016.03.22-04.19.19:259][  0]LogInit:      CURL_VERSION_LARGEFILE
[2016.03.22-04.19.19:259][  0]LogInit:      CURL_VERSION_IDN
[2016.03.22-04.19.19:259][  0]LogInit:  CurlRequestOptions (configurable via config and command line):
[2016.03.22-04.19.19:259][  0]LogInit:  - bVerifyPeer = true  - Libcurl will verify peer certificate
[2016.03.22-04.19.19:259][  0]LogInit:  - bUseHttpProxy = false  - Libcurl will NOT use HTTP proxy
[2016.03.22-04.19.19:259][  0]LogInit:  - bDontReuseConnections = false  - Libcurl will reuse connections
[2016.03.22-04.19.19:259][  0]LogInit:  - CertBundlePath = nullptr  - Libcurl will use whatever was configured at build time.
[2016.03.22-04.19.19:275][  0]LogInit: Presizing for 0 objects not considered by GC, pre-allocating 0 bytes.
[2016.03.22-04.19.19:283][  0]LogInit: Object subsystem initialized
[2016.03.22-04.19.19:284][  0]LogInit: Selected Device Profile: [Windows]
[2016.03.22-04.19.19:284][  0]LogInit: Applying CVar settings loaded from the selected device profile: [Windows]
[2016.03.22-04.19.19:312][  0]LogInit: Computer: ZAIN-PC
[2016.03.22-04.19.19:312][  0]LogInit: User: Zain
[2016.03.22-04.19.19:312][  0]LogInit: CPU Page size=4096, Cores=2
[2016.03.22-04.19.19:312][  0]LogInit: High frequency timer resolution =4.023994 MHz
[2016.03.22-04.19.19:312][  0]LogMemory: Memory total: Physical=7.9GB (8GB approx)
[2016.03.22-04.19.19:312][  0]LogMemory: Platform Memory Stats for Windows
[2016.03.22-04.19.19:312][  0]LogMemory: Process Physical Memory: 55.79 MB used, 55.79 MB peak
[2016.03.22-04.19.19:312][  0]LogMemory: Process Virtual Memory: 59.50 MB used, 59.50 MB peak
[2016.03.22-04.19.19:312][  0]LogMemory: Physical Memory: 3840.45 MB used, 8128.26 MB total
[2016.03.22-04.19.19:312][  0]LogMemory: Virtual Memory: 352.88 MB used, 8388608.00 MB total
[2016.03.22-04.19.19:392][  0]LogTextLocalizationManager: No specific translations for ('en-GB') exist, so ('en') translations will be used.
[2016.03.22-04.19.19:957][  0]LogD3D11RHI: Found D3D11 adapter 0: AMD Radeon (TM) R9 380 Series (Feature Level 11_0)
[2016.03.22-04.19.19:957][  0]LogD3D11RHI: Adapter has 4072MB of dedicated video memory, 0MB of dedicated system memory, and 3808MB of shared system memory, 1 output[s]
[2016.03.22-04.19.19:957][  0]LogD3D11RHI: Chosen D3D11 Adapter Id = 0
[2016.03.22-04.19.19:965][  0]LogD3D11RHI: !Direct3DDevice
[2016.03.22-04.19.19:965][  0]LogRHI: Texture pool is 1361 MB (70% of 1945 MB)
[2016.03.22-04.19.19:975][  0]LogD3D11RHI: Async texture creation disabled: no driver support
[2016.03.22-04.19.19:986][  0]LogShaderCompilers: Guid format shader working directory is -15 characters bigger than the processId version (../../../../../../Users/Zain/Documents/GitHub/VRGameDatabase/Intermediate/Shaders/WorkingDirectory/6932/).
[2016.03.22-04.19.19:987][  0]LogShaderCompilers: Cleaned the shader compiler working directory 'C:/Users/Zain/AppData/Local/Temp/UnrealShaderWorkingDir/79CDB1874D7B2ACAAB2CEA88AC3362D0/'.
[2016.03.22-04.19.19:987][  0]LogShaderCompilers:Display: Using Local Shader Compiler.
[2016.03.22-04.19.21:678][  0]LogTemp:Display: Loaded TP AllDesktopTargetPlatform
[2016.03.22-04.19.21:708][  0]LogTemp:Display: Loaded TP WindowsClientTargetPlatform
[2016.03.22-04.19.21:740][  0]LogTemp:Display: Loaded TP WindowsNoEditorTargetPlatform
[2016.03.22-04.19.21:770][  0]LogTemp:Display: Loaded TP WindowsServerTargetPlatform
[2016.03.22-04.19.21:802][  0]LogTemp:Display: Loaded TP WindowsTargetPlatform
[2016.03.22-04.19.21:830][  0]LogTemp:Display: Loaded TP AndroidTargetPlatform
[2016.03.22-04.19.21:859][  0]LogTemp:Display: Loaded TP Android_ASTCTargetPlatform
[2016.03.22-04.19.21:888][  0]LogTemp:Display: Loaded TP Android_ATCTargetPlatform
[2016.03.22-04.19.21:918][  0]LogTemp:Display: Loaded TP Android_DXTTargetPlatform
[2016.03.22-04.19.21:947][  0]LogTemp:Display: Loaded TP Android_ETC1TargetPlatform
[2016.03.22-04.19.21:975][  0]LogTemp:Display: Loaded TP Android_ETC2TargetPlatform
[2016.03.22-04.19.22:032][  0]LogTemp:Display: Loaded TP Android_MultiTargetPlatform
[2016.03.22-04.19.22:032][  0]LogTemp:Display: Loaded TP Android_PVRTCTargetPlatform
[2016.03.22-04.19.22:057][  0]LogTemp:Display: Loaded TP HTML5TargetPlatform
[2016.03.22-04.19.22:152][  0]LogTemp:Display: Loaded TP IOSTargetPlatform
[2016.03.22-04.19.22:179][  0]LogTemp:Display: Loaded TP LinuxNoEditorTargetPlatform
[2016.03.22-04.19.22:206][  0]LogTemp:Display: Loaded TP LinuxServerTargetPlatform
[2016.03.22-04.19.22:237][  0]LogTemp:Display: Loaded TP LinuxTargetPlatform
[2016.03.22-04.19.22:237][  0]LogTargetPlatformManager:Display: Building Assets For Windows
[2016.03.22-04.19.22:942][  0]LogDerivedDataCache:Display: Max Cache Size: 512 MB
[2016.03.22-04.19.23:027][  0]LogDerivedDataCache: Loaded boot cache 0.08s 41MB C:/Users/Zain/AppData/Local/UnrealEngine/4.10/DerivedDataCache/Boot.ddc.
[2016.03.22-04.19.23:027][  0]LogDerivedDataCache:Display: Loaded Boot cache: C:/Users/Zain/AppData/Local/UnrealEngine/4.10/DerivedDataCache/Boot.ddc
[2016.03.22-04.19.23:027][  0]LogDerivedDataCache: FDerivedDataBackendGraph:  Pak pak cache file ../../../../../../Users/Zain/Documents/GitHub/VRGameDatabase/DerivedDataCache/DDC.ddp not found, will not use a pak cache.
[2016.03.22-04.19.23:027][  0]LogDerivedDataCache: Unable to find inner node Pak for hierarchical cache Hierarchy.
[2016.03.22-04.19.23:027][  0]LogDerivedDataCache: FDerivedDataBackendGraph:  CompressedPak pak cache file ../../../../../../Users/Zain/Documents/GitHub/VRGameDatabase/DerivedDataCache/Compressed.ddp not found, will not use a pak cache.
[2016.03.22-04.19.23:027][  0]LogDerivedDataCache: Unable to find inner node CompressedPak for hierarchical cache Hierarchy.
[2016.03.22-04.19.23:096][  0]LogDerivedDataCache:Display: Pak cache opened for reading ../../../Engine/DerivedDataCache/Compressed.ddp.
[2016.03.22-04.19.23:110][  0]LogDerivedDataCache: Using Local data cache path C:/Users/Zain/AppData/Local/UnrealEngine/Common/DerivedDataCache: Writable
[2016.03.22-04.19.23:386][  0]LogInit: Selected Device Profile: [Windows]
[2016.03.22-04.19.23:387][  0]LogContentStreaming: Texture pool size is 0.000000MB
[2016.03.22-04.19.23:465][  0]LogMeshUtilities: No automatic mesh reduction module available
[2016.03.22-04.19.23:465][  0]LogMeshUtilities: No automatic mesh merging module available
[2016.03.22-04.19.23:972][  0]LogInit: WinSock: version 1.1 (2.2), MaxSocks=32767, MaxUdp=65467
[2016.03.22-04.19.26:063][  0]UdpMessaging: Initializing bridge on interface 0.0.0.0:0 to multicast group 230.0.0.1:6666.
[2016.03.22-04.19.26:411][  0]LogAssetRegistry: FAssetRegistry took 0.0105 seconds to start up
[2016.03.22-04.19.27:220][  0]SourceControl: Info Source control is disabled
[2016.03.22-04.19.27:221][  0]SourceControl: Info Source control is disabled
[2016.03.22-04.19.27:294][  0]SourceControl: Info Source control is disabled
[2016.03.22-04.19.27:366][  0]SourceControl: Info Source control is disabled
[2016.03.22-04.19.28:264][  0]LogObj: 28633 objects as part of root set at end of initial load.
[2016.03.22-04.19.28:264][  0]LogUObjectAllocator: 6099752 out of 0 bytes used by permanent object pool.
[2016.03.22-04.19.28:417][  0]LogEngine: Initializing Engine...
[2016.03.22-04.19.28:420][  0]OCULUS: Info: 03/22/16 04:19:28: [CAPI] LibOVR module is located at C:\Windows\system32\LibOVRRT64_0_8.dll

[2016.03.22-04.19.28:421][  0]OCULUS: Info: 03/22/16 04:19:28: [IPC] Call Stats for SetInitialState : x1: C2S=35.5368, S2C=7.9523, Runtime=55.4176 (microseconds) C2Ssize=80, S2Csize=81 (bytes)

[2016.03.22-04.19.28:421][  0]OCULUS: Info: 03/22/16 04:19:28: [IPC] Call Stats for IsLatencyTesterAvailable : x1: C2S=25.348, S2C=5.71571, Runtime=1.49106 (microseconds) C2Ssize=33, S2Csize=18 (bytes)

[2016.03.22-04.19.28:421][  0]OCULUS: Info: 03/22/16 04:19:28: [IPC] Call Stats for Hmd_Create : x1: C2S=14.4135, S2C=5.96422, Runtime=11.1829 (microseconds) C2Ssize=19, S2Csize=171 (bytes)

[2016.03.22-04.19.28:421][  0]OCULUS: Info: 03/22/16 04:19:28: [IPC] Call Stats for Hmd_GetHmdInfo : x1: C2S=14.4135, S2C=10.4374, Runtime=11.6799 (microseconds) C2Ssize=23, S2Csize=803 (bytes)

[2016.03.22-04.19.28:421][  0]OCULUS: Info: 03/22/16 04:19:28: [IPC] Call Stats for SetNumberValue : x1: C2S=15.1591, S2C=6.21273, Runtime=6.21273 (microseconds) C2Ssize=55, S2Csize=25 (bytes)

[2016.03.22-04.19.28:422][  0]OCULUS: Info: 03/22/16 04:19:28: [IPC] Call Stats for SetNumberValues : x1: C2S=24.6024, S2C=6.70975, Runtime=8.44932 (microseconds) C2Ssize=81, S2Csize=25 (bytes)

[2016.03.22-04.19.28:422][  0]OCULUS: Info: 03/22/16 04:19:28: [IPC] Call Stats for Hmd_SetEnabledCaps : x1: C2S=15.4076, S2C=4.72168, Runtime=99.1552 (microseconds) C2Ssize=35, S2Csize=33 (bytes)

[2016.03.22-04.19.28:422][  0]OCULUS: Info: 03/22/16 04:19:28: [IPC] Call Stats for Hmd_ConfigureTracking : x1: C2S=15.1591, S2C=5.2187, Runtime=62.8729 (microseconds) C2Ssize=46, S2Csize=25 (bytes)

[2016.03.22-04.19.28:422][  0]OCULUS: Info: 03/22/16 04:19:28: [IPC] Call Stats for Hmd_Release : x1: C2S=13.171, S2C=5.71571, Runtime=76.5409 (microseconds) C2Ssize=20, S2Csize=25 (bytes)

[2016.03.22-04.19.28:432][  0]LogHMD: Oculus plugin initialized. Version: 4.10.4-2872498+++depot+UE4-Releases+4.10, LibOVR: 0.8.0.0, built Feb 18 2016, 15:47:50
[2016.03.22-04.19.28:615][  0]LogAIModule: Creating AISystem for world NewWorld
[2016.03.22-04.19.28:657][  0]LogInit: XAudio2 using 'Speakers (Realtek High Definition Audio)' : 2 channels at 48 kHz using 32 bits per sample (channel mask 0x3)
[2016.03.22-04.19.28:712][  0]LogInit: FAudioDevice initialized.
[2016.03.22-04.19.28:747][  0]LogDerivedDataCache: Saved boot cache 0.03s 41MB C:/Users/Zain/AppData/Local/UnrealEngine/4.10/DerivedDataCache/Boot.ddc.
[2016.03.22-04.19.28:758][  0]LogInit: Texture streaming: Enabled
[2016.03.22-04.19.28:811][  0]LogAnalytics: Creating configured Analytics provider AnalyticsET
[2016.03.22-04.19.28:811][  0]LogAnalytics: [UEEditor.Rocket.Release] APIServer = http://et2.epicgames.com/ET2/. AppVersion = 4.10.4-2872498+++depot+UE4-Releases+4.10
[2016.03.22-04.19.28:812][  0]LogAnalytics: [UEEditor.Rocket.Release] SetUserId 7c60df0a447c9ef6199d21b6819f259e|80baa8e3b74d44a3815fddd4e7187f5b|252caeb6-b0e8-405f-a22e-4edf38a6839b
[2016.03.22-04.19.28:812][  0]LogAnalytics: [UEEditor.Rocket.Release] AnalyticsET::StartSession
[2016.03.22-04.19.28:850][  0]LogInit: Transaction tracking system initialized
[2016.03.22-04.19.29:072][  0]BlueprintLog: New page: Editor Load
[2016.03.22-04.19.29:954][  0]LocalizationService: Info Localization service is disabled
[2016.03.22-04.19.30:458][  0]LogConsoleResponse:Display: 
[2016.03.22-04.19.30:602][  0]LogCook:Display: Done creating registry. It took  0.00s.
[2016.03.22-04.19.30:984][  0]LogFileCache: Scanning file cache for directory 'C:/Users/Zain/Documents/GitHub/VRGameDatabase/Content/' took 0.01s
[2016.03.22-04.19.30:984][  0]SourceControl: Info Source control is disabled
[2016.03.22-04.19.30:984][  0]Cmd: MAP LOAD FILE="../../../../../../Users/Zain/Documents/GitHub/VRGameDatabase/Content/FirstPersonBP/Maps/FirstPersonExampleMap.umap" TEMPLATE=0 SHOWPROGRESS=1 FEATURELEVEL=3
[2016.03.22-04.19.30:985][  0]LightingResults: New page: Lighting Build
[2016.03.22-04.19.30:991][  0]MapCheck: New page: Map Check
[2016.03.22-04.19.30:991][  0]LightingResults: New page: Lighting Build
[2016.03.22-04.19.31:013][  0]LogParticles: Destroying 0 GPU particle simulations for FXSystem 0x0000000022A46160
[2016.03.22-04.19.31:162][  0]LogLinker:Warning: Asset '../../../../../../Users/Zain/Documents/GitHub/VRGameDatabase/Content/FirstPerson/Meshes/FirstPersonProjectileMesh.uasset' has been saved with empty engine version. The asset will be loaded but may be incompatible.
[2016.03.22-04.19.31:650][  0]LogAIModule: Creating AISystem for world FirstPersonExampleMap
[2016.03.22-04.19.31:695][  0]LogEditorServer: Finished looking for orphan Actors (0.000 secs)
[2016.03.22-04.19.31:695][  0]Cmd: MAP CHECKDEP NOCLEARLOG
[2016.03.22-04.19.31:750][  0]MapCheck: Info Map check complete: 0 Error(s), 0 Warning(s), took 54.592ms to complete.
[2016.03.22-04.19.31:750][  0]LogFileHelpers: Loading map 'FirstPersonExampleMap' took 0.766
[2016.03.22-04.19.31:892][  0]LogCollectionManager: Loaded 0 collections in 0.002770 seconds
[2016.03.22-04.19.31:936][  0]LogFileCache: Scanning file cache for directory 'C:/Users/Zain/Documents/GitHub/VRGameDatabase/Saved/Collections/' took 0.01s
[2016.03.22-04.19.31:936][  0]LogFileCache: Scanning file cache for directory 'C:/Users/Zain/Documents/GitHub/VRGameDatabase/Content/Developers/Zain/Collections/' took 0.01s
[2016.03.22-04.19.31:936][  0]LogFileCache: Scanning file cache for directory 'C:/Users/Zain/Documents/GitHub/VRGameDatabase/Content/Collections/' took 0.01s
[2016.03.22-04.19.31:936][  0]LogCollectionManager: Rebuilt the GUID cache for 0 collections in 0.000002 seconds
[2016.03.22-04.19.31:946][  0]LogContentBrowser: Native class hierarchy populated in 0.0096 seconds. Added 1893 classes and 338 folders.
[2016.03.22-04.19.31:959][  0]LogContentBrowser: Native class hierarchy updated for 'WidgetCarousel' in 0.0004 seconds. Added 0 classes and 0 folders.
[2016.03.22-04.19.32:052][  0]LogContentBrowser: Native class hierarchy updated for 'AddContentDialog' in 0.0004 seconds. Added 0 classes and 0 folders.
[2016.03.22-04.19.32:099][  0]LogContentBrowser: Native class hierarchy updated for 'SceneOutliner' in 0.0004 seconds. Added 1 classes and 2 folders.
[2016.03.22-04.19.32:147][  0]LogCrashTracker: Crashtracker disabled due to settings.
[2016.03.22-04.19.32:151][  0]LogUObjectGlobals:Warning: Failed to find object 'Class None.'
[2016.03.22-04.19.32:173][  0]LogLoad: Full Startup: 13.59 seconds (BP compile: 0.15 seconds)
[2016.03.22-04.19.32:183][  0]LogOcInput: OculusInput is initialized. Init status 0. Runtime version: 0.8.0.0
[2016.03.22-04.19.32:224][  0]LogContentStreaming: Texture pool size now 1000 MB
[2016.03.22-04.19.32:367][  0]LogRenderer: Reallocating scene render targets to support 1616x572 (Frame:2).
[2016.03.22-04.19.32:920][  5]LogAssetRegistry: Asset discovery search completed in 6.5197 seconds
[2016.03.22-04.19.32:920][  5]LogCollectionManager: Rebuilt the object cache for 0 collections in 0.000001 seconds (found 0 objects)
[2016.03.22-04.19.32:920][  5]LogCollectionManager: Fixed up redirectors for 0 collections in 0.000135 seconds (updated 0 objects)
[2016.03.22-04.19.42:169][ 67]LogLinker:Warning: Can't resolve asset name
[2016.03.22-04.19.45:983][494]LogSlate:Warning: Prevented a slow task dialog from being summoned while a context menu was open
[2016.03.22-04.19.51:742][115]LogLinker:Warning: Asset '../../../Engine/Content/ArtTools/RenderToTexture/Macros/RenderToTextureMacros.uasset' has been saved with empty engine version. The asset will be loaded but may be incompatible.
[2016.03.22-04.19.52:243][115]LogContentBrowser: Native class hierarchy updated for 'BlueprintGraph' in 0.0009 seconds. Added 107 classes and 0 folders.
[2016.03.22-04.20.23:582][957]BlueprintLog: New page: Compile FirstPersonExampleMap
[2016.03.22-04.20.23:634][957]LogActorComponent: UnregisterComponent: (/Engine/Transient.ProjectileMovementComponent_40__A6522401) Not registered. Aborting.
[2016.03.22-04.20.23:699][957]BlueprintEditorCompileResults: Info [0065.11] Compile of FirstPersonExampleMap successful! [in 116 ms]
[2016.03.22-04.20.25:363][124]BlueprintLog: New page: Compile FirstPersonExampleMap
[2016.03.22-04.20.25:458][124]BlueprintEditorCompileResults: Info [0066.87] Compile of FirstPersonExampleMap successful! [in 94 ms]
[2016.03.22-04.20.35:980][308]LogSlate:Warning: Prevented a slow task dialog from being summoned while a context menu was open
[2016.03.22-04.21.18:909][624]LogVSAccessor:Warning: Couldn't goto line number '1' in 'C:/Program Files (x86)/Epic Games/4.10/Engine/Source/Runtime/Engine/Classes/GameFramework/PlayerController.h'
[2016.03.22-04.21.54:000][968]BlueprintLog: New page: Compile FirstPersonExampleMap
[2016.03.22-04.21.54:051][968]LogActorComponent: UnregisterComponent: (/Engine/Transient.ProjectileMovementComponent_40__A6522401) Not registered. Aborting.
[2016.03.22-04.21.54:103][968]BlueprintEditorCompileResults: Info [0155.52] Compile of FirstPersonExampleMap successful! [in 103 ms]
[2016.03.22-04.21.56:593][224]LogBlueprintUserMessages: Early PlayInEditor Detection: Level '/Game/FirstPersonBP/Maps/FirstPersonExampleMap.FirstPersonExampleMap:PersistentLevel' has LevelScriptBlueprint '/Game/FirstPersonBP/Maps/FirstPersonExampleMap.FirstPersonExampleMap:PersistentLevel.FirstPersonExampleMap' with GeneratedClass '/Game/FirstPersonBP/Maps/FirstPersonExampleMap.FirstPersonExampleMap_C' with ClassGeneratedBy '/Game/FirstPersonBP/Maps/FirstPersonExampleMap.FirstPersonExampleMap:PersistentLevel.FirstPersonExampleMap'
[2016.03.22-04.21.56:593][224]LogPlayLevel: PlayLevel: No blueprints needed recompiling
[2016.03.22-04.21.56:593][224]OCULUS: Info: 03/22/16 04:21:56: [IPC] Call Stats for Hmd_Create : x1: C2S=41.2525, S2C=10.4374, Runtime=17.8927 (microseconds) C2Ssize=19, S2Csize=171 (bytes)

[2016.03.22-04.21.56:593][224]OCULUS: Info: 03/22/16 04:21:56: [IPC] Call Stats for Hmd_GetHmdInfo : x1: C2S=17.6442, S2C=14.4135, Runtime=7.20677 (microseconds) C2Ssize=23, S2Csize=803 (bytes)

[2016.03.22-04.21.56:593][224]OCULUS: Info: 03/22/16 04:21:56: [IPC] Call Stats for SetNumberValue : x1: C2S=21.8688, S2C=7.45528, Runtime=12.674 (microseconds) C2Ssize=55, S2Csize=25 (bytes)

[2016.03.22-04.21.56:593][224]OCULUS: Info: 03/22/16 04:21:56: [IPC] Call Stats for SetNumberValues : x1: C2S=17.1471, S2C=7.45528, Runtime=8.94634 (microseconds) C2Ssize=81, S2Csize=25 (bytes)

[2016.03.22-04.21.56:594][224]OCULUS: Info: 03/22/16 04:21:56: [IPC] Call Stats for Hmd_SetEnabledCaps : x1: C2S=17.3957, S2C=4.47317, Runtime=74.0558 (microseconds) C2Ssize=35, S2Csize=33 (bytes)

[2016.03.22-04.21.56:594][224]OCULUS: Info: 03/22/16 04:21:56: [IPC] Call Stats for Hmd_ConfigureTracking : x1: C2S=99.4037, S2C=4.97019, Runtime=63.3699 (microseconds) C2Ssize=46, S2Csize=25 (bytes)

[2016.03.22-04.21.56:594][224]LogHMD:Warning: HMD Oculus Rift DK1, res = 1280 x 800
[2016.03.22-04.21.56:595][224]PIE: New page: PIE session: FirstPersonExampleMap (22 Mar 2016 04:21:56)
[2016.03.22-04.21.56:595][224]LogPlayLevel: Creating play world package: /Game/FirstPersonBP/Maps/UEDPIE_0_FirstPersonExampleMap
[2016.03.22-04.21.56:632][224]LogPlayLevel: PIE: StaticDuplicateObject took: (0.036933s)
[2016.03.22-04.21.56:634][224]LogAIModule: Creating AISystem for world FirstPersonExampleMap
[2016.03.22-04.21.56:634][224]LogPlayLevel: PIE: World Init took: (0.002622s)
[2016.03.22-04.21.56:636][224]LogPlayLevel: PIE: Created PIE world by copying editor world from /Game/FirstPersonBP/Maps/FirstPersonExampleMap.FirstPersonExampleMap to /Game/FirstPersonBP/Maps/UEDPIE_0_FirstPersonExampleMap.FirstPersonExampleMap (0.040972s)
[2016.03.22-04.21.56:704][224]LogInit: XAudio2 using 'Speakers (Realtek High Definition Audio)' : 2 channels at 48 kHz using 32 bits per sample (channel mask 0x3)
[2016.03.22-04.21.56:722][224]LogInit: FAudioDevice initialized.
[2016.03.22-04.21.56:823][224]LogWorld: Game class is 'FirstPersonGameMode_C'
[2016.03.22-04.21.56:828][224]LogWorld: Bringing World /Game/FirstPersonBP/Maps/UEDPIE_0_FirstPersonExampleMap.FirstPersonExampleMap up for play (max tick rate 0) at 2016.03.22-04.21.56
[2016.03.22-04.21.56:828][224]LogActor:Warning: GameSession /Game/FirstPersonBP/Maps/UEDPIE_0_FirstPersonExampleMap.FirstPersonExampleMap:PersistentLevel.GameSession_0 has natively added scene component(s), but none of them were set as the actor's RootComponent - picking one arbitrarily
[2016.03.22-04.21.56:828][224]LogActor:Warning: GameNetworkManager /Game/FirstPersonBP/Maps/UEDPIE_0_FirstPersonExampleMap.FirstPersonExampleMap:PersistentLevel.GameNetworkManager_0 has natively added scene component(s), but none of them were set as the actor's RootComponent - picking one arbitrarily
[2016.03.22-04.21.56:829][224]LogWorld: Bringing up level for play took: 0.004959
[2016.03.22-04.21.56:869][224]PIE: Info Play in editor start time for /Game/FirstPersonBP/Maps/UEDPIE_0_FirstPersonExampleMap 0.916
[2016.03.22-04.21.56:869][224]LogBlueprintUserMessages: Late PlayInEditor Detection: Level '/Game/FirstPersonBP/Maps/FirstPersonExampleMap.FirstPersonExampleMap:PersistentLevel' has LevelScriptBlueprint '/Game/FirstPersonBP/Maps/FirstPersonExampleMap.FirstPersonExampleMap:PersistentLevel.FirstPersonExampleMap' with GeneratedClass '/Game/FirstPersonBP/Maps/FirstPersonExampleMap.FirstPersonExampleMap_C' with ClassGeneratedBy '/Game/FirstPersonBP/Maps/FirstPersonExampleMap.FirstPersonExampleMap:PersistentLevel.FirstPersonExampleMap'
[2016.03.22-04.22.00:191][224]OCULUS: Info: 03/22/16 04:22:00: [From Service] 03/22/16 04:22:00: [SwapChain] Created swapchain of type 'DirectDisplaySwapChain' provided by 'AMD'

[2016.03.22-04.22.00:191][224]OCULUS: Info: 03/22/16 04:22:00: [From Service] 03/22/16 04:22:00: [DirectDisplaySwapChain] Initialize

[2016.03.22-04.22.00:191][224]OCULUS: Info: 03/22/16 04:22:00: [From Service] 03/22/16 04:22:00: OVR Error:
  Code: -3000 -- ovrError_Initialize
  System error: -2147467259 (80004005) -- Unspecified error

  Description: Failed to create direct display surface.
  OVRTime: 35526.227135
  Time: 2016-03-22 04:22:00 [180:850:900]

[2016.03.22-04.22.00:191][224]OCULUS: Info: 03/22/16 04:22:00: [IPC] Call Stats for Compositor_Create : x1: C2S=55.4176, S2C=20.3778, Runtime=3.29672e+006 (microseconds) C2Ssize=100, S2Csize=153 (bytes)

[2016.03.22-04.22.00:191][224]LogHMD:Error: Can't create swap texture set (size 1892 x 1160), error = -3000
[2016.03.22-04.22.04:238][225]OCULUS: Info: 03/22/16 04:22:04: [From Service] 03/22/16 04:22:04: [SwapChain] Created swapchain of type 'DirectDisplaySwapChain' provided by 'AMD'

[2016.03.22-04.22.04:239][225]OCULUS: Info: 03/22/16 04:22:04: [From Service] 03/22/16 04:22:04: [DirectDisplaySwapChain] Initialize

[2016.03.22-04.22.04:239][225]OCULUS: Info: 03/22/16 04:22:04: [From Service] 03/22/16 04:22:04: OVR Error:
  Code: -3000 -- ovrError_Initialize
  System error: -1529741308 (a4d20004) -- (unknown)
  Description: Failed to obtain exclusive access of direct display
  OVRTime: 35530.284301
  Time: 2016-03-22 04:22:04 [238:83:0]

[2016.03.22-04.22.04:239][225]LogHMD:Error: Can't create a mirror texture, error = -3000
[2016.03.22-04.22.04:239][225]LogRenderer: Reallocating scene render targets to support 1892x1160 (Frame:5782).
[2016.03.22-04.22.04:262][225]LogHMD:Warning: Skipping frame: FinishRendering called with no corresponding BeginRendering (was BackBuffer re-allocated?)
[2016.03.22-04.22.04:307][225]OCULUS: Info: 03/22/16 04:22:04: [From Service] 03/22/16 04:22:04: [SwapChain] Created swapchain of type 'DirectDisplaySwapChain' provided by 'AMD'

[2016.03.22-04.22.04:307][225]OCULUS: Info: 03/22/16 04:22:04: [From Service] 03/22/16 04:22:04: [DirectDisplaySwapChain] Initialize

[2016.03.22-04.22.04:307][225]OCULUS: Info: 03/22/16 04:22:04: [From Service] 03/22/16 04:22:04: OVR Error:
  Code: -3000 -- ovrError_Initialize
  System error: -2005270523 (887a0005) -- DXGI_ERROR_DEVICE_REMOVED
  Description: Failed to create direct display surface.
  OVRTime: 35530.346890
  Time: 2016-03-22 04:22:04 [300:86:500]

[2016.03.22-04.22.04:307][225]LogHMD:Error: Can't create swap texture set (size 1892 x 1160), error = -3000
[2016.03.22-04.22.07:844][226]OCULUS: Info: 03/22/16 04:22:07: [From Service] 03/22/16 04:22:07: [SwapChain] Created swapchain of type 'DirectDisplaySwapChain' provided by 'AMD'

[2016.03.22-04.22.07:844][226]OCULUS: Info: 03/22/16 04:22:07: [From Service] 03/22/16 04:22:07: [DirectDisplaySwapChain] Initialize

[2016.03.22-04.22.07:844][226]OCULUS: Info: 03/22/16 04:22:07: [From Service] 03/22/16 04:22:07: OVR Error:
  Code: -3000 -- ovrError_Initialize
  System error: -1529741308 (a4d20004) -- (unknown)
  Description: Failed to obtain exclusive access of direct display
  OVRTime: 35533.890098
  Time: 2016-03-22 04:22:07 [843:289:200]

[2016.03.22-04.22.07:845][226]LogHMD:Error: Can't create a mirror texture, error = -3000
[2016.03.22-04.22.07:849][226]LogRenderTargetPool:Warning: r.RenderTargetPoolMin exceeded 408/400 MB (ok in editor, bad on fixed memory platform)
[2016.03.22-04.22.07:850][226]LogHMD:Warning: Skipping frame: FinishRendering called with no corresponding BeginRendering (was BackBuffer re-allocated?)
[2016.03.22-04.22.07:866][226]OCULUS: Info: 03/22/16 04:22:07: [From Service] 03/22/16 04:22:07: [SwapChain] Created swapchain of type 'DirectDisplaySwapChain' provided by 'AMD'

[2016.03.22-04.22.07:866][226]OCULUS: Info: 03/22/16 04:22:07: [From Service] 03/22/16 04:22:07: [DirectDisplaySwapChain] Initialize

[2016.03.22-04.22.07:866][226]OCULUS: Info: 03/22/16 04:22:07: [From Service] 03/22/16 04:22:07: OVR Error:
  Code: -3000 -- ovrError_Initialize
  System error: -2005270523 (887a0005) -- DXGI_ERROR_DEVICE_REMOVED
  Description: Failed to create direct display surface.
  OVRTime: 35533.909847
  Time: 2016-03-22 04:22:07 [863:290:400]

[2016.03.22-04.22.07:866][226]LogHMD:Error: Can't create swap texture set (size 1892 x 1160), error = -3000
[2016.03.22-04.22.07:908][227]OCULUS: Info: 03/22/16 04:22:07: [From Service] 03/22/16 04:22:07: [SwapChain] Created swapchain of type 'DirectDisplaySwapChain' provided by 'AMD'

[2016.03.22-04.22.07:911][227]OCULUS: Info: 03/22/16 04:22:07: [From Service] 03/22/16 04:22:07: [DirectDisplaySwapChain] Initialize

[2016.03.22-04.22.07:911][227]OCULUS: Info: 03/22/16 04:22:07: [From Service] 03/22/16 04:22:07: OVR Error:
  Code: -3000 -- ovrError_Initialize
  System error: -1529741308 (a4d20004) -- (unknown)
  Description: Failed to obtain exclusive access of direct display
  OVRTime: 35533.954536
  Time: 2016-03-22 04:22:07 [908:292:900]

[2016.03.22-04.22.07:911][227]LogHMD:Error: Can't create a mirror texture, error = -3000
[2016.03.22-04.22.07:911][227]LogHMD:Warning: Skipping frame: FinishRendering called with no corresponding BeginRendering (was BackBuffer re-allocated?)
[2016.03.22-04.22.11:421][227]OCULUS: Info: 03/22/16 04:22:11: [From Service] 03/22/16 04:22:11: [SwapChain] Created swapchain of type 'DirectDisplaySwapChain' provided by 'AMD'

[2016.03.22-04.22.11:421][227]OCULUS: Info: 03/22/16 04:22:11: [From Service] 03/22/16 04:22:11: [DirectDisplaySwapChain] Initialize

[2016.03.22-04.22.11:421][227]OCULUS: Info: 03/22/16 04:22:11: [From Service] 03/22/16 04:22:11: OVR Error:
  Code: -3000 -- ovrError_Initialize
  System error: -2005270523 (887a0005) -- DXGI_ERROR_DEVICE_REMOVED
  Description: Failed to create direct display surface.
  OVRTime: 35537.462125
  Time: 2016-03-22 04:22:11 [415:493:500]

[2016.03.22-04.22.11:421][227]OCULUS: Error: 03/22/16 04:22:11: [IPC] WARNING: Overhead alert threshold exceeded for Compositor_Create : x6: C2S=1913.69 (34.7913-8615.07), S2C=19.1766 (11.6799-25.845), RTT=1.84768e+006 (12608.9-4.01491e+006), Runtime=1.84575e+006 (10129-4.01484e+006), IPC=1932.86 (57.1571-8626.75) (microseconds) C2Ssize=100 (100-100), S2Csize=158 (153-164) (bytes)
[2016.03.22-04.22.11:421][227]LogHMD:Error: Can't create swap texture set (size 1892 x 1160), error = -3000
[2016.03.22-04.22.14:903][228]OCULUS: Info: 03/22/16 04:22:14: [From Service] 03/22/16 04:22:14: [SwapChain] Created swapchain of type 'DirectDisplaySwapChain' provided by 'AMD'

[2016.03.22-04.22.14:903][228]OCULUS: Info: 03/22/16 04:22:14: [From Service] 03/22/16 04:22:14: [DirectDisplaySwapChain] Initialize

[2016.03.22-04.22.14:903][228]OCULUS: Info: 03/22/16 04:22:14: [From Service] 03/22/16 04:22:14: OVR Error:
  Code: -3000 -- ovrError_Initialize
  System error: -1529741308 (a4d20004) -- (unknown)
  Description: Failed to obtain exclusive access of direct display
  OVRTime: 35540.949347
  Time: 2016-03-22 04:22:14 [902:693:0]

[2016.03.22-04.22.14:904][228]LogHMD:Error: Can't create a mirror texture, error = -3000
[2016.03.22-04.22.14:907][228]LogHMD:Warning: Skipping frame: FinishRendering called with no corresponding BeginRendering (was BackBuffer re-allocated?)
[2016.03.22-04.22.18:321][228]OCULUS: Info: 03/22/16 04:22:18: [From Service] 03/22/16 04:22:18: [SwapChain] Created swapchain of type 'DirectDisplaySwapChain' provided by 'AMD'

[2016.03.22-04.22.18:321][228]OCULUS: Info: 03/22/16 04:22:18: [From Service] 03/22/16 04:22:18: [DirectDisplaySwapChain] Initialize

[2016.03.22-04.22.18:321][228]OCULUS: Info: 03/22/16 04:22:18: [From Service] 03/22/16 04:22:18: OVR Error:
  Code: -3000 -- ovrError_Initialize
  System error: -2005270523 (887a0005) -- DXGI_ERROR_DEVICE_REMOVED
  Description: Failed to create direct display surface.
  OVRTime: 35544.363658
  Time: 2016-03-22 04:22:18 [317:888:300]

[2016.03.22-04.22.18:321][228]LogHMD:Error: Can't create swap texture set (size 1892 x 1160), error = -3000
[2016.03.22-04.22.22:052][229]OCULUS: Info: 03/22/16 04:22:22: [From Service] 03/22/16 04:22:22: [SwapChain] Created swapchain of type 'DirectDisplaySwapChain' provided by 'AMD'

[2016.03.22-04.22.22:052][229]OCULUS: Info: 03/22/16 04:22:22: [From Service] 03/22/16 04:22:22: [DirectDisplaySwapChain] Initialize

[2016.03.22-04.22.22:052][229]OCULUS: Info: 03/22/16 04:22:22: [From Service] 03/22/16 04:22:22: OVR Error:
  Code: -3000 -- ovrError_Initialize
  System error: -1529741308 (a4d20004) -- (unknown)
  Description: Failed to obtain exclusive access of direct display
  OVRTime: 35548.097304
  Time: 2016-03-22 04:22:22 [51:101:800]

[2016.03.22-04.22.22:053][229]OCULUS: Error: 03/22/16 04:22:22: [IPC] WARNING: Overhead alert threshold exceeded for Compositor_Create : x3: C2S=1317.51 (38.5189-3866.06), S2C=19.0524 (15.6561-22.8629), RTT=3.5244e+006 (3.41341e+006-3.70324e+006), Runtime=3.52306e+006 (3.41335e+006-3.70317e+006), IPC=1336.57 (61.3818-3884.7) (microseconds) C2Ssize=100 (100-100), S2Csize=160 (153-164) (bytes)
[2016.03.22-04.22.22:053][229]LogHMD:Error: Can't create a mirror texture, error = -3000
[2016.03.22-04.22.22:055][229]LogHMD:Warning: Skipping frame: FinishRendering called with no corresponding BeginRendering (was BackBuffer re-allocated?)
[2016.03.22-04.22.22:071][229]OCULUS: Info: 03/22/16 04:22:22: [From Service] 03/22/16 04:22:22: [SwapChain] Created swapchain of type 'DirectDisplaySwapChain' provided by 'AMD'

[2016.03.22-04.22.22:071][229]OCULUS: Info: 03/22/16 04:22:22: [From Service] 03/22/16 04:22:22: [DirectDisplaySwapChain] Initialize

[2016.03.22-04.22.22:071][229]OCULUS: Info: 03/22/16 04:22:22: [From Service] 03/22/16 04:22:22: OVR Error:
  Code: -3000 -- ovrError_Initialize
  System error: -2005270523 (887a0005) -- DXGI_ERROR_DEVICE_REMOVED
  Description: Failed to create direct display surface.
  OVRTime: 35548.115134
  Time: 2016-03-22 04:22:22 [69:102:900]

[2016.03.22-04.22.22:071][229]LogHMD:Error: Can't create swap texture set (size 1892 x 1160), error = -3000
[2016.03.22-04.22.22:110][230]OCULUS: Info: 03/22/16 04:22:22: [From Service] 03/22/16 04:22:22: [SwapChain] Created swapchain of type 'DirectDisplaySwapChain' provided by 'AMD'

[2016.03.22-04.22.22:111][230]OCULUS: Info: 03/22/16 04:22:22: [From Service] 03/22/16 04:22:22: [DirectDisplaySwapChain] Initialize

[2016.03.22-04.22.22:111][230]OCULUS: Info: 03/22/16 04:22:22: [From Service] 03/22/16 04:22:22: OVR Error:
  Code: -3000 -- ovrError_Initialize
  System error: -1529741308 (a4d20004) -- (unknown)
  Description: Failed to obtain exclusive access of direct display
  OVRTime: 35548.155995
  Time: 2016-03-22 04:22:22 [110:105:200]

[2016.03.22-04.22.22:112][230]LogHMD:Error: Can't create a mirror texture, error = -3000
[2016.03.22-04.22.22:139][230]LogHMD:Warning: Skipping frame: FinishRendering called with no corresponding BeginRendering (was BackBuffer re-allocated?)
[2016.03.22-04.22.25:901][230]OCULUS: Info: 03/22/16 04:22:25: [From Service] 03/22/16 04:22:25: [SwapChain] Created swapchain of type 'DirectDisplaySwapChain' provided by 'AMD'

[2016.03.22-04.22.25:901][230]OCULUS: Info: 03/22/16 04:22:25: [From Service] 03/22/16 04:22:25: [DirectDisplaySwapChain] Initialize

[2016.03.22-04.22.25:901][230]OCULUS: Info: 03/22/16 04:22:25: [From Service] 03/22/16 04:22:25: OVR Error:
  Code: -3000 -- ovrError_Initialize
  System error: -2005270523 (887a0005) -- DXGI_ERROR_DEVICE_REMOVED
  Description: Failed to create direct display surface.
  OVRTime: 35551.942737
  Time: 2016-03-22 04:22:25 [896:321:800]

[2016.03.22-04.22.25:901][230]LogHMD:Error: Can't create swap texture set (size 1892 x 1160), error = -3000
[2016.03.22-04.22.29:295][231]OCULUS: Info: 03/22/16 04:22:29: [From Service] 03/22/16 04:22:29: [SwapChain] Created swapchain of type 'DirectDisplaySwapChain' provided by 'AMD'

[2016.03.22-04.22.29:295][231]OCULUS: Info: 03/22/16 04:22:29: [From Service] 03/22/16 04:22:29: [DirectDisplaySwapChain] Initialize

[2016.03.22-04.22.29:295][231]OCULUS: Info: 03/22/16 04:22:29: [From Service] 03/22/16 04:22:29: OVR Error:
  Code: -3000 -- ovrError_Initialize
  System error: -1529741308 (a4d20004) -- (unknown)
  Description: Failed to obtain exclusive access of direct display
  OVRTime: 35555.340551
  Time: 2016-03-22 04:22:29 [294:516:100]

[2016.03.22-04.22.29:296][231]LogHMD:Error: Can't create a mirror texture, error = -3000
[2016.03.22-04.22.29:298][231]LogHMD:Warning: Skipping frame: FinishRendering called with no corresponding BeginRendering (was BackBuffer re-allocated?)
[2016.03.22-04.22.29:317][231]OCULUS: Info: 03/22/16 04:22:29: [From Service] 03/22/16 04:22:29: [SwapChain] Created swapchain of type 'DirectDisplaySwapChain' provided by 'AMD'

[2016.03.22-04.22.29:317][231]OCULUS: Info: 03/22/16 04:22:29: [From Service] 03/22/16 04:22:29: [DirectDisplaySwapChain] Initialize

[2016.03.22-04.22.29:317][231]OCULUS: Info: 03/22/16 04:22:29: [From Service] 03/22/16 04:22:29: OVR Error:
  Code: -3000 -- ovrError_Initialize
  System error: -2005270523 (887a0005) -- DXGI_ERROR_DEVICE_REMOVED
  Description: Failed to create direct display surface.
  OVRTime: 35555.360115
  Time: 2016-03-22 04:22:29 [314:517:300]

[2016.03.22-04.22.29:317][231]LogHMD:Error: Can't create swap texture set (size 1892 x 1160), error = -3000
[2016.03.22-04.22.29:378][232]OCULUS: Info: 03/22/16 04:22:29: [From Service] 03/22/16 04:22:29: [SwapChain] Created swapchain of type 'DirectDisplaySwapChain' provided by 'AMD'

[2016.03.22-04.22.29:378][232]LogHMD:Error: Can't create a mirror texture, error = -3000
[2016.03.22-04.22.29:378][232]LogRenderTargetPool:Warning: r.RenderTargetPoolMin exceeded 408/400 MB (ok in editor, bad on fixed memory platform)
[2016.03.22-04.22.29:378][232]LogHMD:Warning: Skipping frame: FinishRendering called with no corresponding BeginRendering (was BackBuffer re-allocated?)
[2016.03.22-04.22.29:378][232]OCULUS: Info: 03/22/16 04:22:29: [From Service] 03/22/16 04:22:29: [DirectDisplaySwapChain] Initialize

[2016.03.22-04.22.29:378][232]OCULUS: Info: 03/22/16 04:22:29: [From Service] 03/22/16 04:22:29: OVR Error:
  Code: -3000 -- ovrError_Initialize
  System error: -1529741308 (a4d20004) -- (unknown)
  Description: Failed to obtain exclusive access of direct display
  OVRTime: 35555.401024
  Time: 2016-03-22 04:22:29 [354:519:600]

[2016.03.22-04.22.29:378][232]LogSpawn:Warning: SpawnActor failed because of collision at the spawn location [X=-211.310 Y=22.694 Z=166.140] for [FirstPersonProjectile_C]
[2016.03.22-04.22.29:379][232]LogSpawn:Warning: SpawnActor failed because of collision at the spawn location [X=-211.310 Y=22.694 Z=166.140] for [FirstPersonProjectile_C]
[2016.03.22-04.22.36:796][232]LogHMD:Error: Can't create swap texture set (size 1892 x 1160), error = -3003
[2016.03.22-04.22.36:826][233]OCULUS: Info: 03/22/16 04:22:36: OVR Error:
  Code: -3000 -- ovrError_Initialize
  System error: 5 (5) -- Access is denied.

  Description: DuplicateHandle for server process failed. Is OVRServer running at a privileged level or is the client application running at a de-privileged level?
  OVRTime: 35562.870992
  Time: 2016-03-22 04:22:36 [824:946:900]

[2016.03.22-04.22.36:826][233]LogHMD:Error: Can't create a mirror texture, error = -3000
[2016.03.22-04.22.36:828][233]LogHMD:Warning: Skipping frame: FinishRendering called with no corresponding BeginRendering (was BackBuffer re-allocated?)
[2016.03.22-04.22.36:852][233]LogBlueprintUserMessages: Early EndPlayMap Detection: Level '/Game/FirstPersonBP/Maps/FirstPersonExampleMap.FirstPersonExampleMap:PersistentLevel' has LevelScriptBlueprint '/Game/FirstPersonBP/Maps/FirstPersonExampleMap.FirstPersonExampleMap:PersistentLevel.FirstPersonExampleMap' with GeneratedClass '/Game/FirstPersonBP/Maps/FirstPersonExampleMap.FirstPersonExampleMap_C' with ClassGeneratedBy '/Game/FirstPersonBP/Maps/FirstPersonExampleMap.FirstPersonExampleMap:PersistentLevel.FirstPersonExampleMap'
[2016.03.22-04.22.36:957][233]LogBlueprintUserMessages: Late EndPlayMap Detection: Level '/Game/FirstPersonBP/Maps/FirstPersonExampleMap.FirstPersonExampleMap:PersistentLevel' has LevelScriptBlueprint '/Game/FirstPersonBP/Maps/FirstPersonExampleMap.FirstPersonExampleMap:PersistentLevel.FirstPersonExampleMap' with GeneratedClass '/Game/FirstPersonBP/Maps/FirstPersonExampleMap.FirstPersonExampleMap_C' with ClassGeneratedBy '/Game/FirstPersonBP/Maps/FirstPersonExampleMap.FirstPersonExampleMap:PersistentLevel.FirstPersonExampleMap'
[2016.03.22-04.22.37:007][233]LogParticles: Destroying 0 GPU particle simulations for FXSystem 0x0000000012C394E0
[2016.03.22-04.22.55:445][491]LogRenderTargetPool:Warning: r.RenderTargetPoolMin exceeded 407/400 MB (ok in editor, bad on fixed memory platform)
[2016.03.22-04.22.56:577][590]LogBlueprintUserMessages: Early PlayInEditor Detection: Level '/Game/FirstPersonBP/Maps/FirstPersonExampleMap.FirstPersonExampleMap:PersistentLevel' has LevelScriptBlueprint '/Game/FirstPersonBP/Maps/FirstPersonExampleMap.FirstPersonExampleMap:PersistentLevel.FirstPersonExampleMap' with GeneratedClass '/Game/FirstPersonBP/Maps/FirstPersonExampleMap.FirstPersonExampleMap_C' with ClassGeneratedBy '/Game/FirstPersonBP/Maps/FirstPersonExampleMap.FirstPersonExampleMap:PersistentLevel.FirstPersonExampleMap'
[2016.03.22-04.22.56:577][590]LogPlayLevel: PlayLevel: No blueprints needed recompiling
[2016.03.22-04.22.56:577][590]PIE: New page: PIE session: FirstPersonExampleMap (22 Mar 2016 04:22:56)
[2016.03.22-04.22.56:577][590]LogPlayLevel: Creating play world package: /Game/FirstPersonBP/Maps/UEDPIE_0_FirstPersonExampleMap
[2016.03.22-04.22.56:614][590]LogPlayLevel: PIE: StaticDuplicateObject took: (0.036730s)
[2016.03.22-04.22.56:617][590]LogAIModule: Creating AISystem for world FirstPersonExampleMap
[2016.03.22-04.22.56:617][590]LogPlayLevel: PIE: World Init took: (0.003021s)
[2016.03.22-04.22.56:617][590]LogPlayLevel: PIE: Created PIE world by copying editor world from /Game/FirstPersonBP/Maps/FirstPersonExampleMap.FirstPersonExampleMap to /Game/FirstPersonBP/Maps/UEDPIE_0_FirstPersonExampleMap.FirstPersonExampleMap (0.040023s)
[2016.03.22-04.22.56:680][590]LogInit: XAudio2 using 'Speakers (Realtek High Definition Audio)' : 2 channels at 48 kHz using 32 bits per sample (channel mask 0x3)
[2016.03.22-04.22.56:693][590]LogInit: FAudioDevice initialized.
[2016.03.22-04.22.56:766][590]LogWorld: Game class is 'FirstPersonGameMode_C'
[2016.03.22-04.22.56:772][590]LogWorld: Bringing World /Game/FirstPersonBP/Maps/UEDPIE_0_FirstPersonExampleMap.FirstPersonExampleMap up for play (max tick rate 0) at 2016.03.22-04.22.56
[2016.03.22-04.22.56:772][590]LogActor:Warning: GameSession /Game/FirstPersonBP/Maps/UEDPIE_0_FirstPersonExampleMap.FirstPersonExampleMap:PersistentLevel.GameSession_1 has natively added scene component(s), but none of them were set as the actor's RootComponent - picking one arbitrarily
[2016.03.22-04.22.56:772][590]LogActor:Warning: GameNetworkManager /Game/FirstPersonBP/Maps/UEDPIE_0_FirstPersonExampleMap.FirstPersonExampleMap:PersistentLevel.GameNetworkManager_1 has natively added scene component(s), but none of them were set as the actor's RootComponent - picking one arbitrarily
[2016.03.22-04.22.56:772][590]LogWorld: Bringing up level for play took: 0.005257
[2016.03.22-04.22.56:812][590]PIE: Info Play in editor start time for /Game/FirstPersonBP/Maps/UEDPIE_0_FirstPersonExampleMap 0.858
[2016.03.22-04.22.56:812][590]LogBlueprintUserMessages: Late PlayInEditor Detection: Level '/Game/FirstPersonBP/Maps/FirstPersonExampleMap.FirstPersonExampleMap:PersistentLevel' has LevelScriptBlueprint '/Game/FirstPersonBP/Maps/FirstPersonExampleMap.FirstPersonExampleMap:PersistentLevel.FirstPersonExampleMap' with GeneratedClass '/Game/FirstPersonBP/Maps/FirstPersonExampleMap.FirstPersonExampleMap_C' with ClassGeneratedBy '/Game/FirstPersonBP/Maps/FirstPersonExampleMap.FirstPersonExampleMap:PersistentLevel.FirstPersonExampleMap'
[2016.03.22-04.23.08:791][ 98]LogBlueprintUserMessages: Early EndPlayMap Detection: Level '/Game/FirstPersonBP/Maps/FirstPersonExampleMap.FirstPersonExampleMap:PersistentLevel' has LevelScriptBlueprint '/Game/FirstPersonBP/Maps/FirstPersonExampleMap.FirstPersonExampleMap:PersistentLevel.FirstPersonExampleMap' with GeneratedClass '/Game/FirstPersonBP/Maps/FirstPersonExampleMap.FirstPersonExampleMap_C' with ClassGeneratedBy '/Game/FirstPersonBP/Maps/FirstPersonExampleMap.FirstPersonExampleMap:PersistentLevel.FirstPersonExampleMap'
[2016.03.22-04.23.08:859][ 98]LogBlueprintUserMessages: Late EndPlayMap Detection: Level '/Game/FirstPersonBP/Maps/FirstPersonExampleMap.FirstPersonExampleMap:PersistentLevel' has LevelScriptBlueprint '/Game/FirstPersonBP/Maps/FirstPersonExampleMap.FirstPersonExampleMap:PersistentLevel.FirstPersonExampleMap' with GeneratedClass '/Game/FirstPersonBP/Maps/FirstPersonExampleMap.FirstPersonExampleMap_C' with ClassGeneratedBy '/Game/FirstPersonBP/Maps/FirstPersonExampleMap.FirstPersonExampleMap:PersistentLevel.FirstPersonExampleMap'
[2016.03.22-04.23.08:947][ 99]LogParticles: Destroying 0 GPU particle simulations for FXSystem 0x000000002A09ACA0
[2016.03.22-04.23.08:947][ 99]LogRenderTargetPool:Warning: r.RenderTargetPoolMin exceeded 424/400 MB (ok in editor, bad on fixed memory platform)
[2016.03.22-04.23.12:260][421]LogBlueprintUserMessages: Early PlayInEditor Detection: Level '/Game/FirstPersonBP/Maps/FirstPersonExampleMap.FirstPersonExampleMap:PersistentLevel' has LevelScriptBlueprint '/Game/FirstPersonBP/Maps/FirstPersonExampleMap.FirstPersonExampleMap:PersistentLevel.FirstPersonExampleMap' with GeneratedClass '/Game/FirstPersonBP/Maps/FirstPersonExampleMap.FirstPersonExampleMap_C' with ClassGeneratedBy '/Game/FirstPersonBP/Maps/FirstPersonExampleMap.FirstPersonExampleMap:PersistentLevel.FirstPersonExampleMap'
[2016.03.22-04.23.12:260][421]LogPlayLevel: PlayLevel: No blueprints needed recompiling
[2016.03.22-04.23.12:260][421]PIE: New page: PIE session: FirstPersonExampleMap (22 Mar 2016 04:23:12)
[2016.03.22-04.23.12:260][421]LogPlayLevel: Creating play world package: /Game/FirstPersonBP/Maps/UEDPIE_0_FirstPersonExampleMap
[2016.03.22-04.23.12:294][421]LogPlayLevel: PIE: StaticDuplicateObject took: (0.034293s)
[2016.03.22-04.23.12:296][421]LogAIModule: Creating AISystem for world FirstPersonExampleMap
[2016.03.22-04.23.12:297][421]LogPlayLevel: PIE: World Init took: (0.002238s)
[2016.03.22-04.23.12:297][421]LogPlayLevel: PIE: Created PIE world by copying editor world from /Game/FirstPersonBP/Maps/FirstPersonExampleMap.FirstPersonExampleMap to /Game/FirstPersonBP/Maps/UEDPIE_0_FirstPersonExampleMap.FirstPersonExampleMap (0.036968s)
[2016.03.22-04.23.12:359][421]LogInit: XAudio2 using 'Speakers (Realtek High Definition Audio)' : 2 channels at 48 kHz using 32 bits per sample (channel mask 0x3)
[2016.03.22-04.23.12:372][421]LogInit: FAudioDevice initialized.
[2016.03.22-04.23.12:415][421]LogWorld: Game class is 'FirstPersonGameMode_C'
[2016.03.22-04.23.12:420][421]LogWorld: Bringing World /Game/FirstPersonBP/Maps/UEDPIE_0_FirstPersonExampleMap.FirstPersonExampleMap up for play (max tick rate 0) at 2016.03.22-04.23.12
[2016.03.22-04.23.12:420][421]LogActor:Warning: GameSession /Game/FirstPersonBP/Maps/UEDPIE_0_FirstPersonExampleMap.FirstPersonExampleMap:PersistentLevel.GameSession_2 has natively added scene component(s), but none of them were set as the actor's RootComponent - picking one arbitrarily
[2016.03.22-04.23.12:420][421]LogActor:Warning: GameNetworkManager /Game/FirstPersonBP/Maps/UEDPIE_0_FirstPersonExampleMap.FirstPersonExampleMap:PersistentLevel.GameNetworkManager_2 has natively added scene component(s), but none of them were set as the actor's RootComponent - picking one arbitrarily
[2016.03.22-04.23.12:421][421]LogWorld: Bringing up level for play took: 0.004715
[2016.03.22-04.23.12:422][421]PIE: Info Play in editor start time for /Game/FirstPersonBP/Maps/UEDPIE_0_FirstPersonExampleMap 0.468
[2016.03.22-04.23.12:422][421]LogBlueprintUserMessages: Late PlayInEditor Detection: Level '/Game/FirstPersonBP/Maps/FirstPersonExampleMap.FirstPersonExampleMap:PersistentLevel' has LevelScriptBlueprint '/Game/FirstPersonBP/Maps/FirstPersonExampleMap.FirstPersonExampleMap:PersistentLevel.FirstPersonExampleMap' with GeneratedClass '/Game/FirstPersonBP/Maps/FirstPersonExampleMap.FirstPersonExampleMap_C' with ClassGeneratedBy '/Game/FirstPersonBP/Maps/FirstPersonExampleMap.FirstPersonExampleMap:PersistentLevel.FirstPersonExampleMap'
[2016.03.22-04.23.12:491][422]LogRenderTargetPool:Warning: r.RenderTargetPoolMin exceeded 433/400 MB (ok in editor, bad on fixed memory platform)
[2016.03.22-04.23.26:478][970]LogBlueprintUserMessages: Early EndPlayMap Detection: Level '/Game/FirstPersonBP/Maps/FirstPersonExampleMap.FirstPersonExampleMap:PersistentLevel' has LevelScriptBlueprint '/Game/FirstPersonBP/Maps/FirstPersonExampleMap.FirstPersonExampleMap:PersistentLevel.FirstPersonExampleMap' with GeneratedClass '/Game/FirstPersonBP/Maps/FirstPersonExampleMap.FirstPersonExampleMap_C' with ClassGeneratedBy '/Game/FirstPersonBP/Maps/FirstPersonExampleMap.FirstPersonExampleMap:PersistentLevel.FirstPersonExampleMap'
[2016.03.22-04.23.26:517][970]LogBlueprintUserMessages: Late EndPlayMap Detection: Level '/Game/FirstPersonBP/Maps/FirstPersonExampleMap.FirstPersonExampleMap:PersistentLevel' has LevelScriptBlueprint '/Game/FirstPersonBP/Maps/FirstPersonExampleMap.FirstPersonExampleMap:PersistentLevel.FirstPersonExampleMap' with GeneratedClass '/Game/FirstPersonBP/Maps/FirstPersonExampleMap.FirstPersonExampleMap_C' with ClassGeneratedBy '/Game/FirstPersonBP/Maps/FirstPersonExampleMap.FirstPersonExampleMap:PersistentLevel.FirstPersonExampleMap'
[2016.03.22-04.23.26:596][971]LogParticles: Destroying 0 GPU particle simulations for FXSystem 0x00000000143BCA40
[2016.03.22-04.23.26:609][971]LogRenderTargetPool:Warning: r.RenderTargetPoolMin exceeded 424/400 MB (ok in editor, bad on fixed memory platform)
[2016.03.22-04.23.29:502][303]LogEditorViewport: Clicking on Actor (LMB): FirstPersonCharacter_C (FirstPersonCharacter)
[2016.03.22-04.24.09:436][963]LogBlueprintUserMessages: Early PlayInEditor Detection: Level '/Game/FirstPersonBP/Maps/FirstPersonExampleMap.FirstPersonExampleMap:PersistentLevel' has LevelScriptBlueprint '/Game/FirstPersonBP/Maps/FirstPersonExampleMap.FirstPersonExampleMap:PersistentLevel.FirstPersonExampleMap' with GeneratedClass '/Game/FirstPersonBP/Maps/FirstPersonExampleMap.FirstPersonExampleMap_C' with ClassGeneratedBy '/Game/FirstPersonBP/Maps/FirstPersonExampleMap.FirstPersonExampleMap:PersistentLevel.FirstPersonExampleMap'
[2016.03.22-04.24.09:436][963]LogPlayLevel: PlayLevel: No blueprints needed recompiling
[2016.03.22-04.24.09:436][963]PIE: New page: PIE session: FirstPersonExampleMap (22 Mar 2016 04:24:09)
[2016.03.22-04.24.09:436][963]LogPlayLevel: Creating play world package: /Game/FirstPersonBP/Maps/UEDPIE_0_FirstPersonExampleMap
[2016.03.22-04.24.09:477][963]LogPlayLevel: PIE: StaticDuplicateObject took: (0.041162s)
[2016.03.22-04.24.09:479][963]LogAIModule: Creating AISystem for world FirstPersonExampleMap
[2016.03.22-04.24.09:480][963]LogPlayLevel: PIE: World Init took: (0.002162s)
[2016.03.22-04.24.09:480][963]LogPlayLevel: PIE: Created PIE world by copying editor world from /Game/FirstPersonBP/Maps/FirstPersonExampleMap.FirstPersonExampleMap to /Game/FirstPersonBP/Maps/UEDPIE_0_FirstPersonExampleMap.FirstPersonExampleMap (0.043620s)
[2016.03.22-04.24.09:480][963]LogActorComponent: UnregisterComponent: (/Engine/Transient.ProjectileMovementComponent_40__A6522401) Not registered. Aborting.
[2016.03.22-04.24.09:530][963]LogParticles: Destroying 0 GPU particle simulations for FXSystem 0x0000000029071300
[2016.03.22-04.24.09:572][963]LogInit: XAudio2 using 'Speakers (Realtek High Definition Audio)' : 2 channels at 48 kHz using 32 bits per sample (channel mask 0x3)
[2016.03.22-04.24.09:585][963]LogInit: FAudioDevice initialized.
[2016.03.22-04.24.09:628][963]LogWorld: Game class is 'FirstPersonGameMode_C'
[2016.03.22-04.24.09:632][963]LogWorld: Bringing World /Game/FirstPersonBP/Maps/UEDPIE_0_FirstPersonExampleMap.FirstPersonExampleMap up for play (max tick rate 0) at 2016.03.22-04.24.09
[2016.03.22-04.24.09:632][963]LogActor:Warning: GameSession /Game/FirstPersonBP/Maps/UEDPIE_0_FirstPersonExampleMap.FirstPersonExampleMap:PersistentLevel.GameSession_3 has natively added scene component(s), but none of them were set as the actor's RootComponent - picking one arbitrarily
[2016.03.22-04.24.09:633][963]LogActor:Warning: GameNetworkManager /Game/FirstPersonBP/Maps/UEDPIE_0_FirstPersonExampleMap.FirstPersonExampleMap:PersistentLevel.GameNetworkManager_3 has natively added scene component(s), but none of them were set as the actor's RootComponent - picking one arbitrarily
[2016.03.22-04.24.09:633][963]LogWorld: Bringing up level for play took: 0.004654
[2016.03.22-04.24.09:634][963]PIE: Info Play in editor start time for /Game/FirstPersonBP/Maps/UEDPIE_0_FirstPersonExampleMap -0.321
[2016.03.22-04.24.09:634][963]LogBlueprintUserMessages: Late PlayInEditor Detection: Level '/Game/FirstPersonBP/Maps/FirstPersonExampleMap.FirstPersonExampleMap:PersistentLevel' has LevelScriptBlueprint '/Game/FirstPersonBP/Maps/FirstPersonExampleMap.FirstPersonExampleMap:PersistentLevel.FirstPersonExampleMap' with GeneratedClass '/Game/FirstPersonBP/Maps/FirstPersonExampleMap.FirstPersonExampleMap_C' with ClassGeneratedBy '/Game/FirstPersonBP/Maps/FirstPersonExampleMap.FirstPersonExampleMap:PersistentLevel.FirstPersonExampleMap'
[2016.03.22-04.24.28:908][187]LogBlueprintUserMessages: Early EndPlayMap Detection: Level '/Game/FirstPersonBP/Maps/FirstPersonExampleMap.FirstPersonExampleMap:PersistentLevel' has LevelScriptBlueprint '/Game/FirstPersonBP/Maps/FirstPersonExampleMap.FirstPersonExampleMap:PersistentLevel.FirstPersonExampleMap' with GeneratedClass '/Game/FirstPersonBP/Maps/FirstPersonExampleMap.FirstPersonExampleMap_C' with ClassGeneratedBy '/Game/FirstPersonBP/Maps/FirstPersonExampleMap.FirstPersonExampleMap:PersistentLevel.FirstPersonExampleMap'
[2016.03.22-04.24.28:974][187]LogBlueprintUserMessages: Late EndPlayMap Detection: Level '/Game/FirstPersonBP/Maps/FirstPersonExampleMap.FirstPersonExampleMap:PersistentLevel' has LevelScriptBlueprint '/Game/FirstPersonBP/Maps/FirstPersonExampleMap.FirstPersonExampleMap:PersistentLevel.FirstPersonExampleMap' with GeneratedClass '/Game/FirstPersonBP/Maps/FirstPersonExampleMap.FirstPersonExampleMap_C' with ClassGeneratedBy '/Game/FirstPersonBP/Maps/FirstPersonExampleMap.FirstPersonExampleMap:PersistentLevel.FirstPersonExampleMap'
[2016.03.22-04.24.29:021][187]LogParticles: Destroying 0 GPU particle simulations for FXSystem 0x00000000291E25C0
[2016.03.22-04.24.29:053][187]LogRenderTargetPool:Warning: r.RenderTargetPoolMin exceeded 424/400 MB (ok in editor, bad on fixed memory platform)
[2016.03.22-04.24.51:604][781]LogEditorViewport: Clicking on Actor (LMB): FirstPersonCharacter_C (FirstPersonCharacter)
[2016.03.22-04.24.55:908][ 85]LogEditorViewport: Clicking on Actor (LMB): StartButton_C (StartButton)
[2016.03.22-04.25.35:053][983]BlueprintLog: New page: Compile FirstPersonExampleMap
[2016.03.22-04.25.35:102][983]LogActorComponent: UnregisterComponent: (/Engine/Transient.ProjectileMovementComponent_40__A6522401) Not registered. Aborting.
[2016.03.22-04.25.35:152][983]BlueprintEditorCompileResults: Info [0376.56] Compile of FirstPersonExampleMap successful! [in 99 ms]
[2016.03.22-04.25.40:609][420]BlueprintLog: New page: Compile FirstPersonExampleMap
[2016.03.22-04.25.40:709][420]BlueprintEditorCompileResults: Info [0382.12] Compile of FirstPersonExampleMap successful! [in 99 ms]
[2016.03.22-04.25.46:796][654]LogSavePackage: Save=2879.840576ms
[2016.03.22-04.25.46:796][654]LogSavePackage: Moving '../../../../../../Users/Zain/Documents/GitHub/VRGameDatabase/Saved/FirstPersonExampleMap81DB58A14C39DE68C32750AA9E8B88F5.tmp' to '../../../../../../Users/Zain/Documents/GitHub/VRGameDatabase/Content/FirstPersonBP/Maps/FirstPersonExampleMap.umap'
[2016.03.22-04.25.46:803][654]LogSavePackage: Total save time: 2951.647542ms
[2016.03.22-04.25.46:803][654]LogSavePackage:Display: Finished SavePackage ../../../../../../Users/Zain/Documents/GitHub/VRGameDatabase/Content/FirstPersonBP/Maps/FirstPersonExampleMap.umap
[2016.03.22-04.25.46:825][654]LogFileHelpers: Saving map 'FirstPersonExampleMap' took 3.091
[2016.03.22-04.25.50:615][855]LogBlueprintUserMessages: Early PlayInEditor Detection: Level '/Game/FirstPersonBP/Maps/FirstPersonExampleMap.FirstPersonExampleMap:PersistentLevel' has LevelScriptBlueprint '/Game/FirstPersonBP/Maps/FirstPersonExampleMap.FirstPersonExampleMap:PersistentLevel.FirstPersonExampleMap' with GeneratedClass '/Game/FirstPersonBP/Maps/FirstPersonExampleMap.FirstPersonExampleMap_C' with ClassGeneratedBy '/Game/FirstPersonBP/Maps/FirstPersonExampleMap.FirstPersonExampleMap:PersistentLevel.FirstPersonExampleMap'
[2016.03.22-04.25.50:615][855]LogPlayLevel: PlayLevel: No blueprints needed recompiling
[2016.03.22-04.25.50:615][855]PIE: New page: PIE session: FirstPersonExampleMap (22 Mar 2016 04:25:50)
[2016.03.22-04.25.50:615][855]LogPlayLevel: Creating play world package: /Game/FirstPersonBP/Maps/UEDPIE_0_FirstPersonExampleMap
[2016.03.22-04.25.50:653][855]LogPlayLevel: PIE: StaticDuplicateObject took: (0.037387s)
[2016.03.22-04.25.50:655][855]LogAIModule: Creating AISystem for world FirstPersonExampleMap
[2016.03.22-04.25.50:655][855]LogPlayLevel: PIE: World Init took: (0.002353s)
[2016.03.22-04.25.50:655][855]LogPlayLevel: PIE: Created PIE world by copying editor world from /Game/FirstPersonBP/Maps/FirstPersonExampleMap.FirstPersonExampleMap to /Game/FirstPersonBP/Maps/UEDPIE_0_FirstPersonExampleMap.FirstPersonExampleMap (0.040008s)
[2016.03.22-04.25.50:716][855]LogInit: XAudio2 using 'Speakers (Realtek High Definition Audio)' : 2 channels at 48 kHz using 32 bits per sample (channel mask 0x3)
[2016.03.22-04.25.50:730][855]LogInit: FAudioDevice initialized.
[2016.03.22-04.25.50:771][855]LogWorld: Game class is 'FirstPersonGameMode_C'
[2016.03.22-04.25.50:775][855]LogWorld: Bringing World /Game/FirstPersonBP/Maps/UEDPIE_0_FirstPersonExampleMap.FirstPersonExampleMap up for play (max tick rate 0) at 2016.03.22-04.25.50
[2016.03.22-04.25.50:775][855]LogActor:Warning: GameSession /Game/FirstPersonBP/Maps/UEDPIE_0_FirstPersonExampleMap.FirstPersonExampleMap:PersistentLevel.GameSession_4 has natively added scene component(s), but none of them were set as the actor's RootComponent - picking one arbitrarily
[2016.03.22-04.25.50:775][855]LogActor:Warning: GameNetworkManager /Game/FirstPersonBP/Maps/UEDPIE_0_FirstPersonExampleMap.FirstPersonExampleMap:PersistentLevel.GameNetworkManager_4 has natively added scene component(s), but none of them were set as the actor's RootComponent - picking one arbitrarily
[2016.03.22-04.25.50:776][855]LogWorld: Bringing up level for play took: 0.004273
[2016.03.22-04.25.50:777][855]PIE: Info Play in editor start time for /Game/FirstPersonBP/Maps/UEDPIE_0_FirstPersonExampleMap 0.819
[2016.03.22-04.25.50:777][855]LogBlueprintUserMessages: Late PlayInEditor Detection: Level '/Game/FirstPersonBP/Maps/FirstPersonExampleMap.FirstPersonExampleMap:PersistentLevel' has LevelScriptBlueprint '/Game/FirstPersonBP/Maps/FirstPersonExampleMap.FirstPersonExampleMap:PersistentLevel.FirstPersonExampleMap' with GeneratedClass '/Game/FirstPersonBP/Maps/FirstPersonExampleMap.FirstPersonExampleMap_C' with ClassGeneratedBy '/Game/FirstPersonBP/Maps/FirstPersonExampleMap.FirstPersonExampleMap:PersistentLevel.FirstPersonExampleMap'
[2016.03.22-04.26.02:011][941]LogBlueprintUserMessages: Early EndPlayMap Detection: Level '/Game/FirstPersonBP/Maps/FirstPersonExampleMap.FirstPersonExampleMap:PersistentLevel' has LevelScriptBlueprint '/Game/FirstPersonBP/Maps/FirstPersonExampleMap.FirstPersonExampleMap:PersistentLevel.FirstPersonExampleMap' with GeneratedClass '/Game/FirstPersonBP/Maps/FirstPersonExampleMap.FirstPersonExampleMap_C' with ClassGeneratedBy '/Game/FirstPersonBP/Maps/FirstPersonExampleMap.FirstPersonExampleMap:PersistentLevel.FirstPersonExampleMap'
[2016.03.22-04.26.02:050][941]LogBlueprintUserMessages: Late EndPlayMap Detection: Level '/Game/FirstPersonBP/Maps/FirstPersonExampleMap.FirstPersonExampleMap:PersistentLevel' has LevelScriptBlueprint '/Game/FirstPersonBP/Maps/FirstPersonExampleMap.FirstPersonExampleMap:PersistentLevel.FirstPersonExampleMap' with GeneratedClass '/Game/FirstPersonBP/Maps/FirstPersonExampleMap.FirstPersonExampleMap_C' with ClassGeneratedBy '/Game/FirstPersonBP/Maps/FirstPersonExampleMap.FirstPersonExampleMap:PersistentLevel.FirstPersonExampleMap'
[2016.03.22-04.26.02:096][941]LogParticles: Destroying 0 GPU particle simulations for FXSystem 0x0000000037911760
[2016.03.22-04.26.02:135][942]LogRenderTargetPool:Warning: r.RenderTargetPoolMin exceeded 424/400 MB (ok in editor, bad on fixed memory platform)
[2016.03.22-04.26.05:647][208]LogBlueprintUserMessages: Early PlayInEditor Detection: Level '/Game/FirstPersonBP/Maps/FirstPersonExampleMap.FirstPersonExampleMap:PersistentLevel' has LevelScriptBlueprint '/Game/FirstPersonBP/Maps/FirstPersonExampleMap.FirstPersonExampleMap:PersistentLevel.FirstPersonExampleMap' with GeneratedClass '/Game/FirstPersonBP/Maps/FirstPersonExampleMap.FirstPersonExampleMap_C' with ClassGeneratedBy '/Game/FirstPersonBP/Maps/FirstPersonExampleMap.FirstPersonExampleMap:PersistentLevel.FirstPersonExampleMap'
[2016.03.22-04.26.05:647][208]LogPlayLevel: PlayLevel: No blueprints needed recompiling
[2016.03.22-04.26.05:647][208]PIE: New page: PIE session: FirstPersonExampleMap (22 Mar 2016 04:26:05)
[2016.03.22-04.26.05:647][208]LogPlayLevel: Creating play world package: /Game/FirstPersonBP/Maps/UEDPIE_0_FirstPersonExampleMap
[2016.03.22-04.26.05:694][208]LogPlayLevel: PIE: StaticDuplicateObject took: (0.046596s)
[2016.03.22-04.26.05:695][208]LogAIModule: Creating AISystem for world FirstPersonExampleMap
[2016.03.22-04.26.05:695][208]LogPlayLevel: PIE: World Init took: (0.001309s)
[2016.03.22-04.26.05:695][208]LogPlayLevel: PIE: Created PIE world by copying editor world from /Game/FirstPersonBP/Maps/FirstPersonExampleMap.FirstPersonExampleMap to /Game/FirstPersonBP/Maps/UEDPIE_0_FirstPersonExampleMap.FirstPersonExampleMap (0.048318s)
[2016.03.22-04.26.05:755][208]LogInit: XAudio2 using 'Speakers (Realtek High Definition Audio)' : 2 channels at 48 kHz using 32 bits per sample (channel mask 0x3)
[2016.03.22-04.26.05:767][208]LogInit: FAudioDevice initialized.
[2016.03.22-04.26.05:857][208]LogWorld: Game class is 'FirstPersonGameMode_C'
[2016.03.22-04.26.05:862][208]LogWorld: Bringing World /Game/FirstPersonBP/Maps/UEDPIE_0_FirstPersonExampleMap.FirstPersonExampleMap up for play (max tick rate 0) at 2016.03.22-04.26.05
[2016.03.22-04.26.05:862][208]LogActor:Warning: GameSession /Game/FirstPersonBP/Maps/UEDPIE_0_FirstPersonExampleMap.FirstPersonExampleMap:PersistentLevel.GameSession_5 has natively added scene component(s), but none of them were set as the actor's RootComponent - picking one arbitrarily
[2016.03.22-04.26.05:862][208]LogActor:Warning: GameNetworkManager /Game/FirstPersonBP/Maps/UEDPIE_0_FirstPersonExampleMap.FirstPersonExampleMap:PersistentLevel.GameNetworkManager_5 has natively added scene component(s), but none of them were set as the actor's RootComponent - picking one arbitrarily
[2016.03.22-04.26.05:862][208]LogWorld: Bringing up level for play took: 0.004074
[2016.03.22-04.26.05:907][208]PIE: Info Play in editor start time for /Game/FirstPersonBP/Maps/UEDPIE_0_FirstPersonExampleMap -0.05
[2016.03.22-04.26.05:907][208]LogBlueprintUserMessages: Late PlayInEditor Detection: Level '/Game/FirstPersonBP/Maps/FirstPersonExampleMap.FirstPersonExampleMap:PersistentLevel' has LevelScriptBlueprint '/Game/FirstPersonBP/Maps/FirstPersonExampleMap.FirstPersonExampleMap:PersistentLevel.FirstPersonExampleMap' with GeneratedClass '/Game/FirstPersonBP/Maps/FirstPersonExampleMap.FirstPersonExampleMap_C' with ClassGeneratedBy '/Game/FirstPersonBP/Maps/FirstPersonExampleMap.FirstPersonExampleMap:PersistentLevel.FirstPersonExampleMap'
[2016.03.22-04.26.13:881][853]LogBlueprintUserMessages: Early EndPlayMap Detection: Level '/Game/FirstPersonBP/Maps/FirstPersonExampleMap.FirstPersonExampleMap:PersistentLevel' has LevelScriptBlueprint '/Game/FirstPersonBP/Maps/FirstPersonExampleMap.FirstPersonExampleMap:PersistentLevel.FirstPersonExampleMap' with GeneratedClass '/Game/FirstPersonBP/Maps/FirstPersonExampleMap.FirstPersonExampleMap_C' with ClassGeneratedBy '/Game/FirstPersonBP/Maps/FirstPersonExampleMap.FirstPersonExampleMap:PersistentLevel.FirstPersonExampleMap'
[2016.03.22-04.26.13:949][853]LogBlueprintUserMessages: Late EndPlayMap Detection: Level '/Game/FirstPersonBP/Maps/FirstPersonExampleMap.FirstPersonExampleMap:PersistentLevel' has LevelScriptBlueprint '/Game/FirstPersonBP/Maps/FirstPersonExampleMap.FirstPersonExampleMap:PersistentLevel.FirstPersonExampleMap' with GeneratedClass '/Game/FirstPersonBP/Maps/FirstPersonExampleMap.FirstPersonExampleMap_C' with ClassGeneratedBy '/Game/FirstPersonBP/Maps/FirstPersonExampleMap.FirstPersonExampleMap:PersistentLevel.FirstPersonExampleMap'
[2016.03.22-04.26.14:045][854]LogParticles: Destroying 0 GPU particle simulations for FXSystem 0x0000000011AAAE80
[2016.03.22-04.26.14:045][854]LogRenderTargetPool:Warning: r.RenderTargetPoolMin exceeded 424/400 MB (ok in editor, bad on fixed memory platform)
[2016.03.22-04.26.20:742][349]LogEditorViewport: Clicking on Actor (LMB): StaticMeshActor (Floor)
[2016.03.22-04.26.23:935][499]LogRenderTargetPool:Warning: r.RenderTargetPoolMin exceeded 424/400 MB (ok in editor, bad on fixed memory platform)
[2016.03.22-04.26.39:113][644]LogRenderTargetPool:Warning: r.RenderTargetPoolMin exceeded 424/400 MB (ok in editor, bad on fixed memory platform)
[2016.03.22-04.26.40:029][732]LogBlueprintUserMessages: Early PlayInEditor Detection: Level '/Game/FirstPersonBP/Maps/FirstPersonExampleMap.FirstPersonExampleMap:PersistentLevel' has LevelScriptBlueprint '/Game/FirstPersonBP/Maps/FirstPersonExampleMap.FirstPersonExampleMap:PersistentLevel.FirstPersonExampleMap' with GeneratedClass '/Game/FirstPersonBP/Maps/FirstPersonExampleMap.FirstPersonExampleMap_C' with ClassGeneratedBy '/Game/FirstPersonBP/Maps/FirstPersonExampleMap.FirstPersonExampleMap:PersistentLevel.FirstPersonExampleMap'
[2016.03.22-04.26.40:029][732]LogPlayLevel: PlayLevel: No blueprints needed recompiling
[2016.03.22-04.26.40:029][732]PIE: New page: PIE session: FirstPersonExampleMap (22 Mar 2016 04:26:40)
[2016.03.22-04.26.40:029][732]LogPlayLevel: Creating play world package: /Game/FirstPersonBP/Maps/UEDPIE_0_FirstPersonExampleMap
[2016.03.22-04.26.40:064][732]LogPlayLevel: PIE: StaticDuplicateObject took: (0.035008s)
[2016.03.22-04.26.40:066][732]LogAIModule: Creating AISystem for world FirstPersonExampleMap
[2016.03.22-04.26.40:066][732]LogPlayLevel: PIE: World Init took: (0.002100s)
[2016.03.22-04.26.40:067][732]LogPlayLevel: PIE: Created PIE world by copying editor world from /Game/FirstPersonBP/Maps/FirstPersonExampleMap.FirstPersonExampleMap to /Game/FirstPersonBP/Maps/UEDPIE_0_FirstPersonExampleMap.FirstPersonExampleMap (0.037375s)
[2016.03.22-04.26.40:110][732]LogParticles: Destroying 0 GPU particle simulations for FXSystem 0x00000000289D0AE0
[2016.03.22-04.26.40:129][732]LogInit: XAudio2 using 'Speakers (Realtek High Definition Audio)' : 2 channels at 48 kHz using 32 bits per sample (channel mask 0x3)
[2016.03.22-04.26.40:141][732]LogInit: FAudioDevice initialized.
[2016.03.22-04.26.40:234][732]LogWorld: Game class is 'FirstPersonGameMode_C'
[2016.03.22-04.26.40:239][732]LogWorld: Bringing World /Game/FirstPersonBP/Maps/UEDPIE_0_FirstPersonExampleMap.FirstPersonExampleMap up for play (max tick rate 0) at 2016.03.22-04.26.40
[2016.03.22-04.26.40:239][732]LogActor:Warning: GameSession /Game/FirstPersonBP/Maps/UEDPIE_0_FirstPersonExampleMap.FirstPersonExampleMap:PersistentLevel.GameSession_6 has natively added scene component(s), but none of them were set as the actor's RootComponent - picking one arbitrarily
[2016.03.22-04.26.40:239][732]LogActor:Warning: GameNetworkManager /Game/FirstPersonBP/Maps/UEDPIE_0_FirstPersonExampleMap.FirstPersonExampleMap:PersistentLevel.GameNetworkManager_6 has natively added scene component(s), but none of them were set as the actor's RootComponent - picking one arbitrarily
[2016.03.22-04.26.40:239][732]LogWorld: Bringing up level for play took: 0.004436
[2016.03.22-04.26.40:266][732]PIE: Info Play in editor start time for /Game/FirstPersonBP/Maps/UEDPIE_0_FirstPersonExampleMap 0.308
[2016.03.22-04.26.40:266][732]LogBlueprintUserMessages: Late PlayInEditor Detection: Level '/Game/FirstPersonBP/Maps/FirstPersonExampleMap.FirstPersonExampleMap:PersistentLevel' has LevelScriptBlueprint '/Game/FirstPersonBP/Maps/FirstPersonExampleMap.FirstPersonExampleMap:PersistentLevel.FirstPersonExampleMap' with GeneratedClass '/Game/FirstPersonBP/Maps/FirstPersonExampleMap.FirstPersonExampleMap_C' with ClassGeneratedBy '/Game/FirstPersonBP/Maps/FirstPersonExampleMap.FirstPersonExampleMap:PersistentLevel.FirstPersonExampleMap'
[2016.03.22-04.26.40:360][734]LogRenderTargetPool:Warning: r.RenderTargetPoolMin exceeded 466/400 MB (ok in editor, bad on fixed memory platform)
[2016.03.22-04.26.46:912][494]LogBlueprintUserMessages: Early EndPlayMap Detection: Level '/Game/FirstPersonBP/Maps/FirstPersonExampleMap.FirstPersonExampleMap:PersistentLevel' has LevelScriptBlueprint '/Game/FirstPersonBP/Maps/FirstPersonExampleMap.FirstPersonExampleMap:PersistentLevel.FirstPersonExampleMap' with GeneratedClass '/Game/FirstPersonBP/Maps/FirstPersonExampleMap.FirstPersonExampleMap_C' with ClassGeneratedBy '/Game/FirstPersonBP/Maps/FirstPersonExampleMap.FirstPersonExampleMap:PersistentLevel.FirstPersonExampleMap'
[2016.03.22-04.26.46:971][494]LogBlueprintUserMessages: Late EndPlayMap Detection: Level '/Game/FirstPersonBP/Maps/FirstPersonExampleMap.FirstPersonExampleMap:PersistentLevel' has LevelScriptBlueprint '/Game/FirstPersonBP/Maps/FirstPersonExampleMap.FirstPersonExampleMap:PersistentLevel.FirstPersonExampleMap' with GeneratedClass '/Game/FirstPersonBP/Maps/FirstPersonExampleMap.FirstPersonExampleMap_C' with ClassGeneratedBy '/Game/FirstPersonBP/Maps/FirstPersonExampleMap.FirstPersonExampleMap:PersistentLevel.FirstPersonExampleMap'
[2016.03.22-04.26.47:052][495]LogParticles: Destroying 0 GPU particle simulations for FXSystem 0x00000000333FE020
[2016.03.22-04.26.47:052][495]LogRenderTargetPool:Warning: r.RenderTargetPoolMin exceeded 424/400 MB (ok in editor, bad on fixed memory platform)
[2016.03.22-04.26.49:458][700]Cmd: QUIT_EDITOR
[2016.03.22-04.26.49:633][700]LogExit: Preparing to exit.
[2016.03.22-04.26.50:210][700]LogExit: Editor shut down
[2016.03.22-04.26.50:211][700]LogExit: Transaction tracking system shut down
[2016.03.22-04.26.50:215][700]LogParticles: Destroying 0 GPU particle simulations for FXSystem 0x0000000012437BA0
[2016.03.22-04.26.50:215][700]LogParticles: Destroying 0 GPU particle simulations for FXSystem 0x0000000028C20EA0
[2016.03.22-04.26.50:215][700]LogParticles: Destroying 0 GPU particle simulations for FXSystem 0x000000001C16A340
[2016.03.22-04.26.50:220][700]LogParticles: Destroying 0 GPU particle simulations for FXSystem 0x0000000014C68360
[2016.03.22-04.26.50:523][700]LogParticles: Destroying 0 GPU particle simulations for FXSystem 0x0000000014C685E0
[2016.03.22-04.26.50:523][700]LogExit: Object subsystem successfully closed.
[2016.03.22-04.26.50:542][700]LogD3D11RHI: Shutdown
[2016.03.22-04.26.50:542][700]LogD3D11RHI: CleanupD3DDevice
[2016.03.22-04.26.50:545][700]LogD3D11RHI: ~FD3D11DynamicRHI
[2016.03.22-04.26.50:564][700]LogModuleManager: Shutting down and abandoning module CookingStats (200)
[2016.03.22-04.26.50:564][700]LogModuleManager: Shutting down and abandoning module BlueprintGraph (199)
[2016.03.22-04.26.50:564][700]LogModuleManager: Shutting down and abandoning module CrashTracker (198)
[2016.03.22-04.26.50:564][700]LogModuleManager: Shutting down and abandoning module SceneOutliner (197)
[2016.03.22-04.26.50:564][700]LogModuleManager: Shutting down and abandoning module SuperSearch (196)
[2016.03.22-04.26.50:564][700]LogModuleManager: Shutting down and abandoning module WidgetCarousel (195)
[2016.03.22-04.26.50:564][700]LogModuleManager: Shutting down and abandoning module AddContentDialog (194)
[2016.03.22-04.26.50:566][700]LogModuleManager: Shutting down and abandoning module EditorWidgets (193)
[2016.03.22-04.26.50:566][700]LogModuleManager: Shutting down and abandoning module CollectionManager (192)
[2016.03.22-04.26.50:566][700]LogModuleManager: Shutting down and abandoning module StatsViewer (191)
[2016.03.22-04.26.50:566][700]LogModuleManager: Shutting down and abandoning module FoliageEdit (190)
[2016.03.22-04.26.50:566][700]LogModuleManager: Shutting down and abandoning module LandscapeEditor (189)
[2016.03.22-04.26.50:566][700]LogModuleManager: Shutting down and abandoning module ActorPickerMode (188)
[2016.03.22-04.26.50:566][700]LogModuleManager: Shutting down and abandoning module GeometryMode (187)
[2016.03.22-04.26.50:566][700]LogModuleManager: Shutting down and abandoning module TextureAlignMode (186)
[2016.03.22-04.26.50:566][700]LogModuleManager: Shutting down and abandoning module BspMode (185)
[2016.03.22-04.26.50:566][700]LogModuleManager: Shutting down and abandoning module PlacementMode (184)
[2016.03.22-04.26.50:566][700]LogModuleManager: Shutting down and abandoning module AutomationWorker (183)
[2016.03.22-04.26.50:566][700]LogModuleManager: Shutting down and abandoning module CharacterAI (182)
[2016.03.22-04.26.50:566][700]LogModuleManager: Shutting down and abandoning module SmartSnapping (181)
[2016.03.22-04.26.50:566][700]LogModuleManager: Shutting down and abandoning module ViewportSnapping (180)
[2016.03.22-04.26.50:566][700]LogModuleManager: Shutting down and abandoning module LogVisualizer (179)
[2016.03.22-04.26.50:566][700]LogModuleManager: Shutting down and abandoning module GameProjectGeneration (178)
[2016.03.22-04.26.50:566][700]LogModuleManager: Shutting down and abandoning module IntroTutorials (177)
[2016.03.22-04.26.50:567][700]LogModuleManager: Shutting down and abandoning module EditorLiveStreaming (176)
[2016.03.22-04.26.50:567][700]LogModuleManager: Shutting down and abandoning module IOSPlatformEditor (175)
[2016.03.22-04.26.50:567][700]LogModuleManager: Shutting down and abandoning module HTML5PlatformEditor (174)
[2016.03.22-04.26.50:567][700]LogModuleManager: Shutting down and abandoning module AndroidDeviceDetection (173)
[2016.03.22-04.26.51:280][700]LogModuleManager: Shutting down and abandoning module AndroidPlatformEditor (172)
[2016.03.22-04.26.51:280][700]LogModuleManager: Shutting down and abandoning module IOSRuntimeSettings (171)
[2016.03.22-04.26.51:280][700]LogModuleManager: Shutting down and abandoning module AndroidRuntimeSettings (170)
[2016.03.22-04.26.51:280][700]LogModuleManager: Shutting down and abandoning module MergeActors (169)
[2016.03.22-04.26.51:280][700]LogModuleManager: Shutting down and abandoning module SizeMap (168)
[2016.03.22-04.26.51:280][700]LogModuleManager: Shutting down and abandoning module TreeMap (167)
[2016.03.22-04.26.51:281][700]LogModuleManager: Shutting down and abandoning module ReferenceViewer (166)
[2016.03.22-04.26.51:281][700]LogModuleManager: Shutting down and abandoning module LocalizationService (165)
[2016.03.22-04.26.51:281][700]LogModuleManager: Shutting down and abandoning module LocalizationDashboard (164)
[2016.03.22-04.26.51:281][700]LogModuleManager: Shutting down and abandoning module HardwareTargeting (163)
[2016.03.22-04.26.51:281][700]LogModuleManager: Shutting down and abandoning module DeviceProfileEditor (162)
[2016.03.22-04.26.51:281][700]LogModuleManager: Shutting down and abandoning module UndoHistory (161)
[2016.03.22-04.26.51:281][700]LogModuleManager: Shutting down and abandoning module GameplayTagsEditor (160)
[2016.03.22-04.26.51:281][700]LogModuleManager: Shutting down and abandoning module UserFeedback (159)
[2016.03.22-04.26.51:281][700]LogModuleManager: Shutting down and abandoning module XmlParser (158)
[2016.03.22-04.26.51:281][700]LogModuleManager: Shutting down and abandoning module Blutility (157)
[2016.03.22-04.26.51:281][700]LogModuleManager: Shutting down and abandoning module ProjectTargetPlatformEditor (156)
[2016.03.22-04.26.51:281][700]LogModuleManager: Shutting down and abandoning module ProjectSettingsViewer (155)
[2016.03.22-04.26.51:281][700]LogModuleManager: Shutting down and abandoning module InputBindingEditor (154)
[2016.03.22-04.26.51:281][700]LogModuleManager: Shutting down and abandoning module EditorSettingsViewer (153)
[2016.03.22-04.26.51:281][700]LogModuleManager: Shutting down and abandoning module SettingsEditor (152)
[2016.03.22-04.26.51:281][700]LogModuleManager: Shutting down and abandoning module ProjectLauncher (151)
[2016.03.22-04.26.51:281][700]LogModuleManager: Shutting down and abandoning module SessionFrontend (150)
[2016.03.22-04.26.51:281][700]LogModuleManager: Shutting down and abandoning module ProfilerClient (149)
[2016.03.22-04.26.51:281][700]LogModuleManager: Shutting down and abandoning module TargetDeviceServices (148)
[2016.03.22-04.26.51:281][700]LogModuleManager: Shutting down and abandoning module DeviceManager (147)
[2016.03.22-04.26.51:281][700]LogModuleManager: Shutting down and abandoning module AutomationController (146)
[2016.03.22-04.26.51:281][700]LogModuleManager: Shutting down and abandoning module AutomationWindow (145)
[2016.03.22-04.26.51:281][700]LogModuleManager: Shutting down and abandoning module Layers (144)
[2016.03.22-04.26.51:281][700]LogModuleManager: Shutting down and abandoning module ComponentVisualizers (143)
[2016.03.22-04.26.51:281][700]LogModuleManager: Shutting down and abandoning module DetailCustomizations (142)
[2016.03.22-04.26.51:281][700]LogModuleManager: Shutting down and abandoning module PackagesDialog (141)
[2016.03.22-04.26.51:282][700]LogModuleManager: Shutting down and abandoning module Persona (140)
[2016.03.22-04.26.51:282][700]LogModuleManager: Shutting down and abandoning module Kismet (139)
[2016.03.22-04.26.51:282][700]LogModuleManager: Shutting down and abandoning module GraphEditor (138)
[2016.03.22-04.26.51:282][700]LogModuleManager: Shutting down and abandoning module ClassViewer (137)
[2016.03.22-04.26.51:283][700]LogModuleManager: Shutting down and abandoning module Toolbox (136)
[2016.03.22-04.26.51:283][700]LogModuleManager: Shutting down and abandoning module ModuleUI (135)
[2016.03.22-04.26.51:283][700]LogModuleManager: Shutting down and abandoning module MovieSceneTools (134)
[2016.03.22-04.26.51:283][700]LogModuleManager: Shutting down and abandoning module OutputLog (133)
[2016.03.22-04.26.51:283][700]LogModuleManager: Shutting down and abandoning module GammaUI (132)
[2016.03.22-04.26.51:283][700]LogModuleManager: Shutting down and abandoning module Documentation (131)
[2016.03.22-04.26.51:284][700]LogModuleManager: Shutting down and abandoning module GameLiveStreaming (130)
[2016.03.22-04.26.51:284][700]LogModuleManager: Shutting down and abandoning module StreamingPauseRendering (129)
[2016.03.22-04.26.51:284][700]LogModuleManager: Shutting down and abandoning module AnalyticsET (128)
[2016.03.22-04.26.51:284][700]LogModuleManager: Shutting down and abandoning module Analytics (127)
[2016.03.22-04.26.51:284][700]LogModuleManager: Shutting down and abandoning module AITestSuite (126)
[2016.03.22-04.26.51:284][700]LogModuleManager: Shutting down and abandoning module GameplayDebugger (125)
[2016.03.22-04.26.51:284][700]LogModuleManager: Shutting down and abandoning module AIModule (124)
[2016.03.22-04.26.51:284][700]LogModuleManager: Shutting down and abandoning module ProfilerService (123)
[2016.03.22-04.26.51:504][700]LogModuleManager: Shutting down and abandoning module TaskGraph (122)
[2016.03.22-04.26.51:504][700]LogModuleManager: Shutting down and abandoning module SlateRemote (121)
[2016.03.22-04.26.51:504][700]LogModuleManager: Shutting down and abandoning module SteamVRController (120)
[2016.03.22-04.26.51:504][700]LogModuleManager: Shutting down and abandoning module SteamVR (119)
[2016.03.22-04.26.51:504][700]LogModuleManager: Shutting down and abandoning module ProceduralMeshComponent (118)
[2016.03.22-04.26.51:504][700]LogModuleManager: Shutting down and abandoning module OculusLibrary (117)
[2016.03.22-04.26.51:504][700]LogModuleManager: Shutting down and abandoning module OculusInput (116)
[2016.03.22-04.26.51:504][700]LogModuleManager: Shutting down and abandoning module LeapMotionController (115)
[2016.03.22-04.26.51:569][700]LogModuleManager: Shutting down and abandoning module CustomMeshComponent (114)
[2016.03.22-04.26.51:569][700]LogModuleManager: Shutting down and abandoning module CableComponent (113)
[2016.03.22-04.26.51:569][700]LogModuleManager: Shutting down and abandoning module ArchVisCharacter (112)
[2016.03.22-04.26.51:569][700]LogModuleManager: Shutting down and abandoning module MessagingDebugger (111)
[2016.03.22-04.26.51:569][700]LogModuleManager: Shutting down and abandoning module MediaPlayerEditor (110)
[2016.03.22-04.26.51:569][700]LogModuleManager: Shutting down and abandoning module HTML5Networking (109)
[2016.03.22-04.26.51:569][700]LogModuleManager: Shutting down and abandoning module SpeedTreeImporter (108)
[2016.03.22-04.26.51:569][700]LogModuleManager: Shutting down and abandoning module PluginBrowser (107)
[2016.03.22-04.26.51:569][700]LogModuleManager: Shutting down and abandoning module EpicSurvey (106)
[2016.03.22-04.26.51:569][700]LogModuleManager: Shutting down and abandoning module DesktopPlatform (105)
[2016.03.22-04.26.51:569][700]LogModuleManager: Shutting down and abandoning module VisualStudioSourceCodeAccess (104)
[2016.03.22-04.26.51:569][700]LogModuleManager: Shutting down and abandoning module UObjectPlugin (103)
[2016.03.22-04.26.51:569][700]LogModuleManager: Shutting down and abandoning module SubversionSourceControl (102)
[2016.03.22-04.26.51:569][700]LogModuleManager: Shutting down and abandoning module PerforceSourceControl (101)
[2016.03.22-04.26.51:569][700]LogModuleManager: Shutting down and abandoning module SourceControl (100)
[2016.03.22-04.26.51:570][700]LogModuleManager: Shutting down and abandoning module GitSourceControl (99)
[2016.03.22-04.26.51:570][700]LogModuleManager: Shutting down and abandoning module LightPropagationVolumeEditor (98)
[2016.03.22-04.26.51:570][700]LogModuleManager: Shutting down and abandoning module PaperTiledImporter (97)
[2016.03.22-04.26.51:570][700]LogModuleManager: Shutting down and abandoning module PaperSpriteSheetImporter (96)
[2016.03.22-04.26.51:570][700]LogModuleManager: Shutting down and abandoning module MeshPaint (95)
[2016.03.22-04.26.51:570][700]LogModuleManager: Shutting down and abandoning module SlateReflector (94)
[2016.03.22-04.26.51:570][700]LogModuleManager: Shutting down and abandoning module HotReload (93)
[2016.03.22-04.26.51:570][700]LogModuleManager: Shutting down and abandoning module MainFrame (92)
[2016.03.22-04.26.51:570][700]LogModuleManager: Shutting down and abandoning module LevelEditor (91)
[2016.03.22-04.26.51:571][700]LogModuleManager: Shutting down and abandoning module DirectoryWatcher (90)
[2016.03.22-04.26.51:572][700]LogModuleManager: Shutting down and abandoning module AssetRegistry (89)
[2016.03.22-04.26.51:631][700]LogModuleManager: Shutting down and abandoning module ContentBrowser (88)
[2016.03.22-04.26.51:632][700]LogModuleManager: Shutting down and abandoning module Paper2DEditor (87)
[2016.03.22-04.26.51:632][700]LogModuleManager: Shutting down and abandoning module UdpMessaging (86)
[2016.03.22-04.26.51:732][700]LogModuleManager: Shutting down and abandoning module LightPropagationVolumeRuntime (85)
[2016.03.22-04.26.51:732][700]LogModuleManager: Shutting down and abandoning module Paper2D (84)
[2016.03.22-04.26.51:732][700]LogModuleManager: Shutting down and abandoning module WindowsMoviePlayer (83)
[2016.03.22-04.26.51:739][700]LogModuleManager: Shutting down and abandoning module Media (82)
[2016.03.22-04.26.51:740][700]LogModuleManager: Shutting down and abandoning module WmfMedia (81)
[2016.03.22-04.26.51:740][700]LogModuleManager: Shutting down and abandoning module OnlineBlueprintSupport (80)
[2016.03.22-04.26.51:740][700]LogModuleManager: Shutting down and abandoning module GameplayTasksEditor (79)
[2016.03.22-04.26.51:740][700]LogModuleManager: Shutting down and abandoning module PropertyEditor (78)
[2016.03.22-04.26.51:740][700]LogModuleManager: Shutting down and abandoning module BehaviorTreeEditor (77)
[2016.03.22-04.26.51:740][700]LogModuleManager: Shutting down and abandoning module FunctionalTesting (76)
[2016.03.22-04.26.51:740][700]LogModuleManager: Shutting down and abandoning module CollisionAnalyzer (75)
[2016.03.22-04.26.51:740][700]LogModuleManager: Shutting down and abandoning module WorkspaceMenuStructure (74)
[2016.03.22-04.26.51:740][700]LogModuleManager: Shutting down and abandoning module MessageLog (73)
[2016.03.22-04.26.51:740][700]LogModuleManager: Shutting down and abandoning module Sequencer (72)
[2016.03.22-04.26.51:741][700]LogModuleManager: Shutting down and abandoning module AssetTools (71)
[2016.03.22-04.26.51:741][700]LogModuleManager: Shutting down and abandoning module UMGEditor (70)
[2016.03.22-04.26.51:741][700]LogModuleManager: Shutting down and abandoning module UMG (69)
[2016.03.22-04.26.51:741][700]LogModuleManager: Shutting down and abandoning module Slate (68)
[2016.03.22-04.26.51:741][700]LogModuleManager: Shutting down and abandoning module EditorStyle (67)
[2016.03.22-04.26.51:743][700]LogModuleManager: Shutting down and abandoning module SessionServices (66)
[2016.03.22-04.26.51:743][700]LogModuleManager: Shutting down and abandoning module SourceCodeAccess (65)
[2016.03.22-04.26.51:743][700]LogModuleManager: Shutting down and abandoning module HeadMountedDisplay (64)
[2016.03.22-04.26.51:743][700]LogModuleManager: Shutting down and abandoning module XAudio2 (63)
[2016.03.22-04.26.51:743][700]LogModuleManager: Shutting down and abandoning module Networking (61)
[2016.03.22-04.26.51:743][700]LogModuleManager: Shutting down and abandoning module Core (60)
[2016.03.22-04.26.51:743][700]LogModuleManager: Shutting down and abandoning module KismetCompiler (59)
[2016.03.22-04.26.51:743][700]LogModuleManager: Shutting down and abandoning module PhysXFormats (58)
[2016.03.22-04.26.51:743][700]LogModuleManager: Shutting down and abandoning module MeshUtilities (57)
[2016.03.22-04.26.51:743][700]LogModuleManager: Shutting down and abandoning module DerivedDataCache (56)
[2016.03.22-04.26.51:805][700]LogDerivedDataCache: Shutdown
[2016.03.22-04.26.51:805][700]LogModuleManager: Shutting down and abandoning module ShaderFormatOpenGL (55)
[2016.03.22-04.26.51:805][700]LogModuleManager: Shutting down and abandoning module ShaderFormatD3D (54)
[2016.03.22-04.26.51:805][700]LogModuleManager: Shutting down and abandoning module MetalShaderFormat (53)
[2016.03.22-04.26.51:805][700]LogModuleManager: Shutting down and abandoning module TextureFormatUncompressed (52)
[2016.03.22-04.26.51:805][700]LogModuleManager: Shutting down and abandoning module TextureFormatPVR (51)
[2016.03.22-04.26.51:805][700]LogModuleManager: Shutting down and abandoning module TextureFormatIntelISPCTexComp (50)
[2016.03.22-04.26.51:805][700]LogModuleManager: Shutting down and abandoning module TextureFormatDXT (49)
[2016.03.22-04.26.51:805][700]LogModuleManager: Shutting down and abandoning module ImageWrapper (48)
[2016.03.22-04.26.51:805][700]LogModuleManager: Shutting down and abandoning module TextureFormatASTC (47)
[2016.03.22-04.26.51:805][700]LogModuleManager: Shutting down and abandoning module TextureFormatAndroid (46)
[2016.03.22-04.26.51:805][700]LogModuleManager: Shutting down and abandoning module AudioFormatOpus (45)
[2016.03.22-04.26.51:805][700]LogModuleManager: Shutting down and abandoning module AudioFormatOgg (44)
[2016.03.22-04.26.51:805][700]LogModuleManager: Shutting down and abandoning module AudioFormatADPCM (43)
[2016.03.22-04.26.51:805][700]LogModuleManager: Shutting down and abandoning module LinuxTargetPlatform (42)
[2016.03.22-04.26.51:805][700]LogModuleManager: Shutting down and abandoning module LinuxServerTargetPlatform (41)
[2016.03.22-04.26.51:805][700]LogModuleManager: Shutting down and abandoning module LinuxNoEditorTargetPlatform (40)
[2016.03.22-04.26.51:805][700]LogModuleManager: Shutting down and abandoning module Messaging (39)
[2016.03.22-04.26.51:805][700]LogModuleManager: Shutting down and abandoning module IOSTargetPlatform (38)
[2016.03.22-04.26.51:805][700]LogModuleManager: Shutting down and abandoning module HTML5TargetPlatform (37)
[2016.03.22-04.26.51:805][700]LogModuleManager: Shutting down and abandoning module Android_PVRTCTargetPlatform (36)
[2016.03.22-04.26.51:805][700]LogModuleManager: Shutting down and abandoning module Android_MultiTargetPlatform (35)
[2016.03.22-04.26.51:805][700]LogModuleManager: Shutting down and abandoning module Android_ETC2TargetPlatform (34)
[2016.03.22-04.26.51:805][700]LogModuleManager: Shutting down and abandoning module Android_ETC1TargetPlatform (33)
[2016.03.22-04.26.51:805][700]LogModuleManager: Shutting down and abandoning module Android_DXTTargetPlatform (32)
[2016.03.22-04.26.51:806][700]LogModuleManager: Shutting down and abandoning module Android_ATCTargetPlatform (31)
[2016.03.22-04.26.51:806][700]LogModuleManager: Shutting down and abandoning module Android_ASTCTargetPlatform (30)
[2016.03.22-04.26.51:806][700]LogModuleManager: Shutting down and abandoning module AndroidTargetPlatform (29)
[2016.03.22-04.26.51:806][700]LogModuleManager: Shutting down and abandoning module WindowsTargetPlatform (28)
[2016.03.22-04.26.51:806][700]LogModuleManager: Shutting down and abandoning module WindowsServerTargetPlatform (27)
[2016.03.22-04.26.51:806][700]LogModuleManager: Shutting down and abandoning module WindowsNoEditorTargetPlatform (26)
[2016.03.22-04.26.51:806][700]LogModuleManager: Shutting down and abandoning module WindowsClientTargetPlatform (25)
[2016.03.22-04.26.51:806][700]LogModuleManager: Shutting down and abandoning module AllDesktopTargetPlatform (24)
[2016.03.22-04.26.51:806][700]LogModuleManager: Shutting down and abandoning module TargetPlatform (23)
[2016.03.22-04.26.51:806][700]LogModuleManager: Shutting down and abandoning module InputCore (22)
[2016.03.22-04.26.51:806][700]LogModuleManager: Shutting down and abandoning module Settings (21)
[2016.03.22-04.26.51:806][700]LogModuleManager: Shutting down and abandoning module OnlineSubsystem (19)
[2016.03.22-04.26.51:806][700]LogModuleManager: Shutting down and abandoning module HTTP (18)
[2016.03.22-04.26.52:806][700]LogModuleManager: Shutting down and abandoning module XMPP (17)
[2016.03.22-04.26.52:806][700]LogModuleManager: Shutting down and abandoning module OculusRift (16)
[2016.03.22-04.26.52:806][700]LogHMD: Oculus shutdown.
[2016.03.22-04.26.52:806][700]LogModuleManager: Shutting down and abandoning module ExampleDeviceProfileSelector (15)
[2016.03.22-04.26.52:806][700]LogModuleManager: Shutting down and abandoning module TextureCompressor (14)
[2016.03.22-04.26.52:806][700]LogModuleManager: Shutting down and abandoning module ShaderCore (13)
[2016.03.22-04.26.52:806][700]LogModuleManager: Shutting down and abandoning module Landscape (12)
[2016.03.22-04.26.52:806][700]LogModuleManager: Shutting down and abandoning module SlateRHIRenderer (11)
[2016.03.22-04.26.52:809][700]LogModuleManager: Shutting down and abandoning module OpenGLDrv (10)
[2016.03.22-04.26.52:809][700]LogModuleManager: Shutting down and abandoning module D3D11RHI (9)
[2016.03.22-04.26.52:809][700]LogModuleManager: Shutting down and abandoning module AnimGraphRuntime (8)
[2016.03.22-04.26.52:809][700]LogModuleManager: Shutting down and abandoning module Renderer (7)
[2016.03.22-04.26.52:809][700]LogModuleManager: Shutting down and abandoning module Engine (6)
[2016.03.22-04.26.52:809][700]LogModuleManager: Shutting down and abandoning module CoreUObject (5)
[2016.03.22-04.26.52:809][700]LogModuleManager: Shutting down and abandoning module NetworkFile (4)
[2016.03.22-04.26.52:809][700]LogModuleManager: Shutting down and abandoning module StreamingFile (3)
[2016.03.22-04.26.52:809][700]LogModuleManager: Shutting down and abandoning module SandboxFile (2)
[2016.03.22-04.26.52:809][700]LogModuleManager: Shutting down and abandoning module PakFile (1)
[2016.03.22-04.26.52:811][700]LogExit: Exiting.
[2016.03.22-04.26.52:828][700]Log file closed, 03/22/16 04:26:52
